000 (120864.044.000) 11/25 19:39:36 Job submitted from host: <172.20.12.20:41606>
...
001 (120864.044.000) 11/25 19:39:38 Job executing on host: <172.20.15.187:44599?noUDP>
...
006 (120864.044.000) 11/25 19:39:47 Image size of job updated: 9852
	4  -  MemoryUsage of job (MB)
	3684  -  ResidentSetSize of job (KB)
...
005 (120864.044.000) 11/25 19:39:47 Job terminated.
	(1) Normal termination (return value 0)
		Usr 0 00:00:08, Sys 0 00:00:01  -  Run Remote Usage
		Usr 0 00:00:00, Sys 0 00:00:00  -  Run Local Usage
		Usr 0 00:00:08, Sys 0 00:00:01  -  Total Remote Usage
		Usr 0 00:00:00, Sys 0 00:00:00  -  Total Local Usage
	0  -  Run Bytes Sent By Job
	0  -  Run Bytes Received By Job
	0  -  Total Bytes Sent By Job
	0  -  Total Bytes Received By Job
	Partitionable Resources :    Usage  Request Allocated
	   Cpus                 :                 1         1
	   Disk (KB)            :       15       15   2225000
	   Memory (MB)          :        4     4096      4096
	   Multinode            :                           1
...
