000 (120864.085.000) 11/25 19:39:37 Job submitted from host: <172.20.12.20:41606>
...
001 (120864.085.000) 11/25 19:39:39 Job executing on host: <172.20.15.211:49052?noUDP>
...
006 (120864.085.000) 11/25 19:39:47 Image size of job updated: 30796
	31  -  MemoryUsage of job (MB)
	30768  -  ResidentSetSize of job (KB)
...
005 (120864.085.000) 11/25 19:39:48 Job terminated.
	(1) Normal termination (return value 0)
		Usr 0 00:00:02, Sys 0 00:00:06  -  Run Remote Usage
		Usr 0 00:00:00, Sys 0 00:00:00  -  Run Local Usage
		Usr 0 00:00:02, Sys 0 00:00:06  -  Total Remote Usage
		Usr 0 00:00:00, Sys 0 00:00:00  -  Total Local Usage
	0  -  Run Bytes Sent By Job
	0  -  Run Bytes Received By Job
	0  -  Total Bytes Sent By Job
	0  -  Total Bytes Received By Job
	Partitionable Resources :    Usage  Request Allocated
	   Cpus                 :                 1         1
	   Disk (KB)            :       15       15   2224994
	   Memory (MB)          :       31     4096      4096
	   Multinode            :                           1
...
