000 (120864.082.000) 11/25 19:39:37 Job submitted from host: <172.20.12.20:41606>
...
001 (120864.082.000) 11/25 19:39:39 Job executing on host: <172.20.15.234:41606?noUDP>
...
006 (120864.082.000) 11/25 19:39:47 Image size of job updated: 23276
	23  -  MemoryUsage of job (MB)
	23276  -  ResidentSetSize of job (KB)
...
005 (120864.082.000) 11/25 19:39:59 Job terminated.
	(1) Normal termination (return value 0)
		Usr 0 00:00:02, Sys 0 00:00:18  -  Run Remote Usage
		Usr 0 00:00:00, Sys 0 00:00:00  -  Run Local Usage
		Usr 0 00:00:02, Sys 0 00:00:18  -  Total Remote Usage
		Usr 0 00:00:00, Sys 0 00:00:00  -  Total Local Usage
	0  -  Run Bytes Sent By Job
	0  -  Run Bytes Received By Job
	0  -  Total Bytes Sent By Job
	0  -  Total Bytes Received By Job
	Partitionable Resources :    Usage  Request Allocated
	   Cpus                 :                 1         1
	   Disk (KB)            :       15       15   2154577
	   Memory (MB)          :       23     4096      4096
	   Multinode            :                           1
...
