000 (120864.122.000) 11/25 19:39:37 Job submitted from host: <172.20.12.20:41606>
...
001 (120864.122.000) 11/25 19:40:49 Job executing on host: <172.20.15.178:45913?noUDP>
...
006 (120864.122.000) 11/25 19:40:57 Image size of job updated: 66484
	65  -  MemoryUsage of job (MB)
	66484  -  ResidentSetSize of job (KB)
...
005 (120864.122.000) 11/25 19:40:58 Job terminated.
	(1) Normal termination (return value 0)
		Usr 0 00:00:08, Sys 0 00:00:00  -  Run Remote Usage
		Usr 0 00:00:00, Sys 0 00:00:00  -  Run Local Usage
		Usr 0 00:00:08, Sys 0 00:00:00  -  Total Remote Usage
		Usr 0 00:00:00, Sys 0 00:00:00  -  Total Local Usage
	0  -  Run Bytes Sent By Job
	0  -  Run Bytes Received By Job
	0  -  Total Bytes Sent By Job
	0  -  Total Bytes Received By Job
	Partitionable Resources :    Usage  Request Allocated
	   Cpus                 :                 1         1
	   Disk (KB)            :       15       15   2209195
	   Memory (MB)          :       65     4096      4096
	   Multinode            :                           1
...
