000 (120864.093.000) 11/25 19:39:37 Job submitted from host: <172.20.12.20:41606>
...
001 (120864.093.000) 11/25 19:39:39 Job executing on host: <172.20.15.188:40949?noUDP>
...
006 (120864.093.000) 11/25 19:39:47 Image size of job updated: 23272
	23  -  MemoryUsage of job (MB)
	23272  -  ResidentSetSize of job (KB)
...
006 (120864.093.000) 11/25 19:39:55 Image size of job updated: 30392
	23  -  MemoryUsage of job (MB)
	23272  -  ResidentSetSize of job (KB)
...
005 (120864.093.000) 11/25 19:39:55 Job terminated.
	(1) Normal termination (return value 0)
		Usr 0 00:00:01, Sys 0 00:00:14  -  Run Remote Usage
		Usr 0 00:00:00, Sys 0 00:00:00  -  Run Local Usage
		Usr 0 00:00:01, Sys 0 00:00:14  -  Total Remote Usage
		Usr 0 00:00:00, Sys 0 00:00:00  -  Total Local Usage
	0  -  Run Bytes Sent By Job
	0  -  Run Bytes Received By Job
	0  -  Total Bytes Sent By Job
	0  -  Total Bytes Received By Job
	Partitionable Resources :    Usage  Request Allocated
	   Cpus                 :                 1         1
	   Disk (KB)            :       15       15   2216511
	   Memory (MB)          :       23     4096      4096
	   Multinode            :                           1
...
