000 (125989.007.000) 12/15 13:58:07 Job submitted from host: <172.20.12.20:41606>
...
001 (125989.007.000) 12/15 13:58:10 Job executing on host: <172.20.15.73:43285?noUDP>
...
006 (125989.007.000) 12/15 13:58:19 Image size of job updated: 218432
	204  -  MemoryUsage of job (MB)
	208488  -  ResidentSetSize of job (KB)
...
005 (125989.007.000) 12/15 13:58:43 Job terminated.
	(1) Normal termination (return value 0)
		Usr 0 00:00:28, Sys 0 00:00:02  -  Run Remote Usage
		Usr 0 00:00:00, Sys 0 00:00:00  -  Run Local Usage
		Usr 0 00:00:28, Sys 0 00:00:02  -  Total Remote Usage
		Usr 0 00:00:00, Sys 0 00:00:00  -  Total Local Usage
	0  -  Run Bytes Sent By Job
	0  -  Run Bytes Received By Job
	0  -  Total Bytes Sent By Job
	0  -  Total Bytes Received By Job
	Partitionable Resources :    Usage  Request Allocated
	   Cpus                 :                 1         1
	   Disk (KB)            :       15       15   1307537
	   Memory (MB)          :      204     8192      8192
	   Multinode            :                           1
...
