000 (125989.021.000) 12/15 13:58:07 Job submitted from host: <172.20.12.20:41606>
...
001 (125989.021.000) 12/15 13:58:11 Job executing on host: <172.20.15.131:40876?noUDP>
...
006 (125989.021.000) 12/15 13:58:20 Image size of job updated: 218124
	205  -  MemoryUsage of job (MB)
	209436  -  ResidentSetSize of job (KB)
...
005 (125989.021.000) 12/15 13:58:20 Job terminated.
	(1) Normal termination (return value 0)
		Usr 0 00:00:00, Sys 0 00:00:00  -  Run Remote Usage
		Usr 0 00:00:00, Sys 0 00:00:00  -  Run Local Usage
		Usr 0 00:00:00, Sys 0 00:00:00  -  Total Remote Usage
		Usr 0 00:00:00, Sys 0 00:00:00  -  Total Local Usage
	0  -  Run Bytes Sent By Job
	0  -  Run Bytes Received By Job
	0  -  Total Bytes Sent By Job
	0  -  Total Bytes Received By Job
	Partitionable Resources :    Usage  Request Allocated
	   Cpus                 :                 1         1
	   Disk (KB)            :       15       15   2046111
	   Memory (MB)          :      205     8192      8192
	   Multinode            :                           1
...
