000 (125989.000.000) 12/15 13:58:07 Job submitted from host: <172.20.12.20:41606>
...
001 (125989.000.000) 12/15 13:58:10 Job executing on host: <172.20.15.223:45110?noUDP>
...
006 (125989.000.000) 12/15 13:58:20 Image size of job updated: 224520
	220  -  MemoryUsage of job (MB)
	224520  -  ResidentSetSize of job (KB)
...
006 (125989.000.000) 12/15 13:58:45 Image size of job updated: 947008
	220  -  MemoryUsage of job (MB)
	224520  -  ResidentSetSize of job (KB)
...
005 (125989.000.000) 12/15 13:58:45 Job terminated.
	(1) Normal termination (return value 0)
		Usr 0 00:00:31, Sys 0 00:00:01  -  Run Remote Usage
		Usr 0 00:00:00, Sys 0 00:00:00  -  Run Local Usage
		Usr 0 00:00:31, Sys 0 00:00:01  -  Total Remote Usage
		Usr 0 00:00:00, Sys 0 00:00:00  -  Total Local Usage
	0  -  Run Bytes Sent By Job
	0  -  Run Bytes Received By Job
	0  -  Total Bytes Sent By Job
	0  -  Total Bytes Received By Job
	Partitionable Resources :    Usage  Request Allocated
	   Cpus                 :                 1         1
	   Disk (KB)            :       15       15   1626576
	   Memory (MB)          :      220     8192      8192
	   Multinode            :                           1
...
