000 (125989.033.000) 12/15 13:58:07 Job submitted from host: <172.20.12.20:41606>
...
001 (125989.033.000) 12/15 13:58:11 Job executing on host: <172.20.15.213:42482?noUDP>
...
006 (125989.033.000) 12/15 13:58:20 Image size of job updated: 206668
	201  -  MemoryUsage of job (MB)
	204816  -  ResidentSetSize of job (KB)
...
006 (125989.033.000) 12/15 13:58:50 Image size of job updated: 983080
	201  -  MemoryUsage of job (MB)
	204816  -  ResidentSetSize of job (KB)
...
005 (125989.033.000) 12/15 13:58:50 Job terminated.
	(1) Normal termination (return value 0)
		Usr 0 00:00:31, Sys 0 00:00:02  -  Run Remote Usage
		Usr 0 00:00:00, Sys 0 00:00:00  -  Run Local Usage
		Usr 0 00:00:31, Sys 0 00:00:02  -  Total Remote Usage
		Usr 0 00:00:00, Sys 0 00:00:00  -  Total Local Usage
	0  -  Run Bytes Sent By Job
	0  -  Run Bytes Received By Job
	0  -  Total Bytes Sent By Job
	0  -  Total Bytes Received By Job
	Partitionable Resources :    Usage  Request Allocated
	   Cpus                 :                 1         1
	   Disk (KB)            :       15       15   1319514
	   Memory (MB)          :      201     8192      8192
	   Multinode            :                           1
...
