000 (125989.017.000) 12/15 13:58:07 Job submitted from host: <172.20.12.20:41606>
...
001 (125989.017.000) 12/15 13:58:11 Job executing on host: <172.20.15.200:43212?noUDP>
...
006 (125989.017.000) 12/15 13:58:19 Image size of job updated: 200332
	194  -  MemoryUsage of job (MB)
	198528  -  ResidentSetSize of job (KB)
...
006 (125989.017.000) 12/15 13:59:21 Image size of job updated: 1517944
	194  -  MemoryUsage of job (MB)
	198528  -  ResidentSetSize of job (KB)
...
005 (125989.017.000) 12/15 13:59:21 Job terminated.
	(1) Normal termination (return value 0)
		Usr 0 00:00:47, Sys 0 00:00:02  -  Run Remote Usage
		Usr 0 00:00:00, Sys 0 00:00:00  -  Run Local Usage
		Usr 0 00:00:47, Sys 0 00:00:02  -  Total Remote Usage
		Usr 0 00:00:00, Sys 0 00:00:00  -  Total Local Usage
	0  -  Run Bytes Sent By Job
	0  -  Run Bytes Received By Job
	0  -  Total Bytes Sent By Job
	0  -  Total Bytes Received By Job
	Partitionable Resources :    Usage  Request Allocated
	   Cpus                 :                 1         1
	   Disk (KB)            :       15       15   2213704
	   Memory (MB)          :      194     8192      8192
	   Multinode            :                           1
...
