000 (110990.000.000) 10/26 14:54:42 Job submitted from host: <172.20.12.20:49198>
...
001 (110990.000.000) 10/26 14:54:56 Job executing on host: <172.20.15.58:45913?noUDP>
...
006 (110990.000.000) 10/26 14:55:05 Image size of job updated: 202948
	197  -  MemoryUsage of job (MB)
	201120  -  ResidentSetSize of job (KB)
...
006 (110990.000.000) 10/26 15:00:05 Image size of job updated: 1042396
	1016  -  MemoryUsage of job (MB)
	1040364  -  ResidentSetSize of job (KB)
...
006 (110990.000.000) 10/26 15:05:05 Image size of job updated: 1088096
	1061  -  MemoryUsage of job (MB)
	1086064  -  ResidentSetSize of job (KB)
...
006 (110990.000.000) 10/26 15:10:06 Image size of job updated: 1225800
	1196  -  MemoryUsage of job (MB)
	1223768  -  ResidentSetSize of job (KB)
...
006 (110990.000.000) 10/26 15:50:10 Image size of job updated: 1227412
	1197  -  MemoryUsage of job (MB)
	1225380  -  ResidentSetSize of job (KB)
...
006 (110990.000.000) 10/26 15:55:10 Image size of job updated: 1264468
	1233  -  MemoryUsage of job (MB)
	1262436  -  ResidentSetSize of job (KB)
...
006 (110990.000.000) 10/26 16:00:11 Image size of job updated: 1271700
	1240  -  MemoryUsage of job (MB)
	1269668  -  ResidentSetSize of job (KB)
...
006 (110990.000.000) 10/26 16:45:15 Image size of job updated: 1344132
	1311  -  MemoryUsage of job (MB)
	1342100  -  ResidentSetSize of job (KB)
...
006 (110990.000.000) 10/26 17:45:22 Image size of job updated: 1650976
	1611  -  MemoryUsage of job (MB)
	1648940  -  ResidentSetSize of job (KB)
...
006 (110990.000.000) 10/26 17:50:22 Image size of job updated: 1723712
	1682  -  MemoryUsage of job (MB)
	1721676  -  ResidentSetSize of job (KB)
...
006 (110990.000.000) 10/26 19:00:30 Image size of job updated: 1727464
	1685  -  MemoryUsage of job (MB)
	1725428  -  ResidentSetSize of job (KB)
...
006 (110990.000.000) 10/26 19:05:31 Image size of job updated: 1744508
	1702  -  MemoryUsage of job (MB)
	1742472  -  ResidentSetSize of job (KB)
...
006 (110990.000.000) 10/26 20:00:36 Image size of job updated: 1763316
	1720  -  MemoryUsage of job (MB)
	1761280  -  ResidentSetSize of job (KB)
...
006 (110990.000.000) 10/26 20:05:36 Image size of job updated: 2007744
	1959  -  MemoryUsage of job (MB)
	2005708  -  ResidentSetSize of job (KB)
...
006 (110990.000.000) 10/26 20:20:37 Image size of job updated: 2043892
	1994  -  MemoryUsage of job (MB)
	2041856  -  ResidentSetSize of job (KB)
...
006 (110990.000.000) 10/26 21:35:46 Image size of job updated: 2063048
	2013  -  MemoryUsage of job (MB)
	2061012  -  ResidentSetSize of job (KB)
...
006 (110990.000.000) 10/27 00:31:06 Image size of job updated: 2250200
	2196  -  MemoryUsage of job (MB)
	2248164  -  ResidentSetSize of job (KB)
...
006 (110990.000.000) 10/27 01:51:15 Image size of job updated: 2291924
	2237  -  MemoryUsage of job (MB)
	2289888  -  ResidentSetSize of job (KB)
...
006 (110990.000.000) 10/27 09:47:04 Image size of job updated: 2362424
	2306  -  MemoryUsage of job (MB)
	2360388  -  ResidentSetSize of job (KB)
...
006 (110990.000.000) 10/27 09:52:04 Image size of job updated: 2418696
	2361  -  MemoryUsage of job (MB)
	2416660  -  ResidentSetSize of job (KB)
...
006 (110990.000.000) 10/27 10:07:06 Image size of job updated: 2432764
	2374  -  MemoryUsage of job (MB)
	2430728  -  ResidentSetSize of job (KB)
...
006 (110990.000.000) 10/27 10:32:09 Image size of job updated: 2446832
	2388  -  MemoryUsage of job (MB)
	2444796  -  ResidentSetSize of job (KB)
...
006 (110990.000.000) 10/27 11:22:14 Image size of job updated: 2461792
	2403  -  MemoryUsage of job (MB)
	2459756  -  ResidentSetSize of job (KB)
...
004 (110990.000.000) 10/27 12:35:33 Job was evicted.
	(0) Job was not checkpointed.
		Usr 0 21:39:06, Sys 0 00:00:46  -  Run Remote Usage
		Usr 0 00:00:00, Sys 0 00:00:00  -  Run Local Usage
	0  -  Run Bytes Sent By Job
	0  -  Run Bytes Received By Job
	Partitionable Resources :    Usage  Request Allocated
	   Cpus                 :                 1         1
	   Disk (KB)            :       15       15   2519914
	   Memory (MB)          :     2403     4096      4096
	   Multinode            :                           1
...
009 (110990.000.000) 10/27 12:35:33 Job was aborted by the user.
	via condor_rm (by user leyshock)
...
