000 (119487.024.000) 11/23 16:28:01 Job submitted from host: <172.20.12.20:41606>
...
001 (119487.024.000) 11/23 16:28:10 Job executing on host: <172.20.15.120:42993?noUDP>
...
006 (119487.024.000) 11/23 16:28:18 Image size of job updated: 233192
	228  -  MemoryUsage of job (MB)
	233192  -  ResidentSetSize of job (KB)
...
006 (119487.024.000) 11/23 16:33:18 Image size of job updated: 805696
	787  -  MemoryUsage of job (MB)
	805696  -  ResidentSetSize of job (KB)
...
006 (119487.024.000) 11/23 16:38:18 Image size of job updated: 859064
	839  -  MemoryUsage of job (MB)
	859064  -  ResidentSetSize of job (KB)
...
006 (119487.024.000) 11/23 16:43:19 Image size of job updated: 941940
	920  -  MemoryUsage of job (MB)
	941940  -  ResidentSetSize of job (KB)
...
006 (119487.024.000) 11/23 16:46:44 Image size of job updated: 1024332
	920  -  MemoryUsage of job (MB)
	941940  -  ResidentSetSize of job (KB)
...
005 (119487.024.000) 11/23 16:46:44 Job terminated.
	(1) Normal termination (return value 0)
		Usr 0 00:10:49, Sys 0 00:07:42  -  Run Remote Usage
		Usr 0 00:00:00, Sys 0 00:00:00  -  Run Local Usage
		Usr 0 00:10:49, Sys 0 00:07:42  -  Total Remote Usage
		Usr 0 00:00:00, Sys 0 00:00:00  -  Total Local Usage
	0  -  Run Bytes Sent By Job
	0  -  Run Bytes Received By Job
	0  -  Total Bytes Sent By Job
	0  -  Total Bytes Received By Job
	Partitionable Resources :    Usage  Request Allocated
	   Cpus                 :                 1         1
	   Disk (KB)            :       15       15   2224761
	   Memory (MB)          :      920     8192      8192
	   Multinode            :                           1
...
