000 (119485.089.000) 11/23 16:27:46 Job submitted from host: <172.20.12.20:41606>
...
001 (119485.089.000) 11/23 16:27:48 Job executing on host: <172.20.15.198:48687?noUDP>
...
006 (119485.089.000) 11/23 16:27:57 Image size of job updated: 209512
	205  -  MemoryUsage of job (MB)
	209512  -  ResidentSetSize of job (KB)
...
006 (119485.089.000) 11/23 16:32:58 Image size of job updated: 640928
	626  -  MemoryUsage of job (MB)
	640928  -  ResidentSetSize of job (KB)
...
006 (119485.089.000) 11/23 16:33:20 Image size of job updated: 949928
	626  -  MemoryUsage of job (MB)
	640928  -  ResidentSetSize of job (KB)
...
005 (119485.089.000) 11/23 16:33:20 Job terminated.
	(1) Normal termination (return value 0)
		Usr 0 00:05:24, Sys 0 00:00:02  -  Run Remote Usage
		Usr 0 00:00:00, Sys 0 00:00:00  -  Run Local Usage
		Usr 0 00:05:24, Sys 0 00:00:02  -  Total Remote Usage
		Usr 0 00:00:00, Sys 0 00:00:00  -  Total Local Usage
	0  -  Run Bytes Sent By Job
	0  -  Run Bytes Received By Job
	0  -  Total Bytes Sent By Job
	0  -  Total Bytes Received By Job
	Partitionable Resources :    Usage  Request Allocated
	   Cpus                 :                 1         1
	   Disk (KB)            :       15       15   2137645
	   Memory (MB)          :      626     8192      8192
	   Multinode            :                           1
...
