000 (119487.106.000) 11/23 16:28:02 Job submitted from host: <172.20.12.20:41606>
...
001 (119487.106.000) 11/23 16:28:44 Job executing on host: <172.20.15.121:42920?noUDP>
...
006 (119487.106.000) 11/23 16:28:53 Image size of job updated: 210268
	206  -  MemoryUsage of job (MB)
	210268  -  ResidentSetSize of job (KB)
...
006 (119487.106.000) 11/23 16:33:54 Image size of job updated: 1705896
	1666  -  MemoryUsage of job (MB)
	1705896  -  ResidentSetSize of job (KB)
...
006 (119487.106.000) 11/23 16:38:54 Image size of job updated: 2903852
	2836  -  MemoryUsage of job (MB)
	2903852  -  ResidentSetSize of job (KB)
...
006 (119487.106.000) 11/23 16:43:55 Image size of job updated: 3778744
	3691  -  MemoryUsage of job (MB)
	3778744  -  ResidentSetSize of job (KB)
...
006 (119487.106.000) 11/23 16:53:26 Image size of job updated: 4740484
	3691  -  MemoryUsage of job (MB)
	3778744  -  ResidentSetSize of job (KB)
...
005 (119487.106.000) 11/23 16:53:27 Job terminated.
	(1) Normal termination (return value 0)
		Usr 0 00:23:49, Sys 0 00:00:48  -  Run Remote Usage
		Usr 0 00:00:00, Sys 0 00:00:00  -  Run Local Usage
		Usr 0 00:23:49, Sys 0 00:00:48  -  Total Remote Usage
		Usr 0 00:00:00, Sys 0 00:00:00  -  Total Local Usage
	0  -  Run Bytes Sent By Job
	0  -  Run Bytes Received By Job
	0  -  Total Bytes Sent By Job
	0  -  Total Bytes Received By Job
	Partitionable Resources :    Usage  Request Allocated
	   Cpus                 :                 1         1
	   Disk (KB)            :       15       15   2218773
	   Memory (MB)          :     3691     8192      8192
	   Multinode            :                           1
...
