000 (119487.146.000) 11/23 16:28:02 Job submitted from host: <172.20.12.20:41606>
...
001 (119487.146.000) 11/23 16:28:45 Job executing on host: <172.20.15.177:40876?noUDP>
...
006 (119487.146.000) 11/23 16:28:53 Image size of job updated: 208904
	205  -  MemoryUsage of job (MB)
	208904  -  ResidentSetSize of job (KB)
...
006 (119487.146.000) 11/23 16:33:53 Image size of job updated: 1028144
	1005  -  MemoryUsage of job (MB)
	1028144  -  ResidentSetSize of job (KB)
...
006 (119487.146.000) 11/23 16:38:54 Image size of job updated: 1426736
	1394  -  MemoryUsage of job (MB)
	1426736  -  ResidentSetSize of job (KB)
...
006 (119487.146.000) 11/23 16:43:55 Image size of job updated: 1564152
	1528  -  MemoryUsage of job (MB)
	1564152  -  ResidentSetSize of job (KB)
...
006 (119487.146.000) 11/23 17:02:58 Image size of job updated: 1817716
	1528  -  MemoryUsage of job (MB)
	1564152  -  ResidentSetSize of job (KB)
...
005 (119487.146.000) 11/23 17:02:58 Job terminated.
	(1) Normal termination (return value 0)
		Usr 0 00:14:45, Sys 0 00:19:22  -  Run Remote Usage
		Usr 0 00:00:00, Sys 0 00:00:00  -  Run Local Usage
		Usr 0 00:14:45, Sys 0 00:19:22  -  Total Remote Usage
		Usr 0 00:00:00, Sys 0 00:00:00  -  Total Local Usage
	0  -  Run Bytes Sent By Job
	0  -  Run Bytes Received By Job
	0  -  Total Bytes Sent By Job
	0  -  Total Bytes Received By Job
	Partitionable Resources :    Usage  Request Allocated
	   Cpus                 :                 1         1
	   Disk (KB)            :       15       15   2192887
	   Memory (MB)          :     1528     8192      8192
	   Multinode            :                           1
...
