000 (119487.110.000) 11/23 16:28:02 Job submitted from host: <172.20.12.20:41606>
...
001 (119487.110.000) 11/23 16:28:44 Job executing on host: <172.20.15.64:41679?noUDP>
...
006 (119487.110.000) 11/23 16:28:53 Image size of job updated: 210384
	206  -  MemoryUsage of job (MB)
	210384  -  ResidentSetSize of job (KB)
...
006 (119487.110.000) 11/23 16:33:53 Image size of job updated: 1716260
	1677  -  MemoryUsage of job (MB)
	1716260  -  ResidentSetSize of job (KB)
...
006 (119487.110.000) 11/23 16:38:53 Image size of job updated: 2298832
	2245  -  MemoryUsage of job (MB)
	2298832  -  ResidentSetSize of job (KB)
...
006 (119487.110.000) 11/23 16:58:55 Image size of job updated: 2968020
	2899  -  MemoryUsage of job (MB)
	2968020  -  ResidentSetSize of job (KB)
...
006 (119487.110.000) 11/23 17:18:57 Image size of job updated: 3125852
	3053  -  MemoryUsage of job (MB)
	3125852  -  ResidentSetSize of job (KB)
...
006 (119487.110.000) 11/23 17:28:58 Image size of job updated: 3225800
	3151  -  MemoryUsage of job (MB)
	3225800  -  ResidentSetSize of job (KB)
...
006 (119487.110.000) 11/23 17:39:00 Image size of job updated: 3528592
	3446  -  MemoryUsage of job (MB)
	3528592  -  ResidentSetSize of job (KB)
...
006 (119487.110.000) 11/23 17:44:00 Image size of job updated: 3883276
	3793  -  MemoryUsage of job (MB)
	3883276  -  ResidentSetSize of job (KB)
...
005 (119487.110.000) 11/23 18:14:07 Job terminated.
	(1) Normal termination (return value 0)
		Usr 0 00:23:14, Sys 0 01:22:02  -  Run Remote Usage
		Usr 0 00:00:00, Sys 0 00:00:00  -  Run Local Usage
		Usr 0 00:23:14, Sys 0 01:22:02  -  Total Remote Usage
		Usr 0 00:00:00, Sys 0 00:00:00  -  Total Local Usage
	0  -  Run Bytes Sent By Job
	0  -  Run Bytes Received By Job
	0  -  Total Bytes Sent By Job
	0  -  Total Bytes Received By Job
	Partitionable Resources :    Usage  Request Allocated
	   Cpus                 :                 1         1
	   Disk (KB)            :       15       15   2180698
	   Memory (MB)          :     3793     8192      8192
	   Multinode            :                           1
...
