000 (119485.155.000) 11/23 16:27:46 Job submitted from host: <172.20.12.20:41606>
...
001 (119485.155.000) 11/23 16:28:09 Job executing on host: <172.20.15.198:48687?noUDP>
...
006 (119485.155.000) 11/23 16:28:18 Image size of job updated: 210516
	206  -  MemoryUsage of job (MB)
	210516  -  ResidentSetSize of job (KB)
...
006 (119485.155.000) 11/23 16:33:19 Image size of job updated: 613384
	600  -  MemoryUsage of job (MB)
	613384  -  ResidentSetSize of job (KB)
...
006 (119485.155.000) 11/23 16:37:04 Image size of job updated: 761000
	600  -  MemoryUsage of job (MB)
	613384  -  ResidentSetSize of job (KB)
...
005 (119485.155.000) 11/23 16:37:04 Job terminated.
	(1) Normal termination (return value 0)
		Usr 0 00:08:24, Sys 0 00:00:02  -  Run Remote Usage
		Usr 0 00:00:00, Sys 0 00:00:00  -  Run Local Usage
		Usr 0 00:08:24, Sys 0 00:00:02  -  Total Remote Usage
		Usr 0 00:00:00, Sys 0 00:00:00  -  Total Local Usage
	0  -  Run Bytes Sent By Job
	0  -  Run Bytes Received By Job
	0  -  Total Bytes Sent By Job
	0  -  Total Bytes Received By Job
	Partitionable Resources :    Usage  Request Allocated
	   Cpus                 :                 1         1
	   Disk (KB)            :       15       15   2137645
	   Memory (MB)          :      600     8192      8192
	   Multinode            :                           1
...
