000 (119485.070.000) 11/23 16:27:45 Job submitted from host: <172.20.12.20:41606>
...
001 (119485.070.000) 11/23 16:27:48 Job executing on host: <172.20.15.193:46059?noUDP>
...
006 (119485.070.000) 11/23 16:27:56 Image size of job updated: 207928
	204  -  MemoryUsage of job (MB)
	207912  -  ResidentSetSize of job (KB)
...
006 (119485.070.000) 11/23 16:32:56 Image size of job updated: 1008424
	985  -  MemoryUsage of job (MB)
	1008408  -  ResidentSetSize of job (KB)
...
006 (119485.070.000) 11/23 16:37:57 Image size of job updated: 1064564
	1040  -  MemoryUsage of job (MB)
	1064548  -  ResidentSetSize of job (KB)
...
006 (119485.070.000) 11/23 16:47:57 Image size of job updated: 1477284
	1443  -  MemoryUsage of job (MB)
	1477116  -  ResidentSetSize of job (KB)
...
005 (119485.070.000) 11/23 16:49:19 Job terminated.
	(1) Normal termination (return value 0)
		Usr 0 00:12:03, Sys 0 00:08:59  -  Run Remote Usage
		Usr 0 00:00:00, Sys 0 00:00:00  -  Run Local Usage
		Usr 0 00:12:03, Sys 0 00:08:59  -  Total Remote Usage
		Usr 0 00:00:00, Sys 0 00:00:00  -  Total Local Usage
	0  -  Run Bytes Sent By Job
	0  -  Run Bytes Received By Job
	0  -  Total Bytes Sent By Job
	0  -  Total Bytes Received By Job
	Partitionable Resources :    Usage  Request Allocated
	   Cpus                 :                 1         1
	   Disk (KB)            :       15       15   2224131
	   Memory (MB)          :     1443     8192      8192
	   Multinode            :                           1
...
