000 (119485.104.000) 11/23 16:27:46 Job submitted from host: <172.20.12.20:41606>
...
001 (119485.104.000) 11/23 16:27:49 Job executing on host: <172.20.15.224:47884?noUDP>
...
006 (119485.104.000) 11/23 16:27:58 Image size of job updated: 161028
	158  -  MemoryUsage of job (MB)
	161028  -  ResidentSetSize of job (KB)
...
006 (119485.104.000) 11/23 16:32:59 Image size of job updated: 1024280
	1001  -  MemoryUsage of job (MB)
	1024280  -  ResidentSetSize of job (KB)
...
006 (119485.104.000) 11/23 16:38:00 Image size of job updated: 1717664
	1678  -  MemoryUsage of job (MB)
	1717664  -  ResidentSetSize of job (KB)
...
006 (119485.104.000) 11/23 16:43:00 Image size of job updated: 1869108
	1826  -  MemoryUsage of job (MB)
	1869108  -  ResidentSetSize of job (KB)
...
006 (119485.104.000) 11/23 16:46:58 Image size of job updated: 2031144
	1826  -  MemoryUsage of job (MB)
	1869108  -  ResidentSetSize of job (KB)
...
005 (119485.104.000) 11/23 16:46:58 Job terminated.
	(1) Normal termination (return value 0)
		Usr 0 00:11:36, Sys 0 00:06:51  -  Run Remote Usage
		Usr 0 00:00:00, Sys 0 00:00:00  -  Run Local Usage
		Usr 0 00:11:36, Sys 0 00:06:51  -  Total Remote Usage
		Usr 0 00:00:00, Sys 0 00:00:00  -  Total Local Usage
	0  -  Run Bytes Sent By Job
	0  -  Run Bytes Received By Job
	0  -  Total Bytes Sent By Job
	0  -  Total Bytes Received By Job
	Partitionable Resources :    Usage  Request Allocated
	   Cpus                 :                 1         1
	   Disk (KB)            :       15       15   2216891
	   Memory (MB)          :     1826     8192      8192
	   Multinode            :                           1
...
