000 (119485.161.000) 11/23 16:27:46 Job submitted from host: <172.20.12.20:41606>
...
001 (119485.161.000) 11/23 16:28:09 Job executing on host: <172.20.15.212:41533?noUDP>
...
006 (119485.161.000) 11/23 16:28:18 Image size of job updated: 210608
	206  -  MemoryUsage of job (MB)
	210608  -  ResidentSetSize of job (KB)
...
006 (119485.161.000) 11/23 16:33:19 Image size of job updated: 714828
	699  -  MemoryUsage of job (MB)
	714828  -  ResidentSetSize of job (KB)
...
006 (119485.161.000) 11/23 16:38:19 Image size of job updated: 729996
	713  -  MemoryUsage of job (MB)
	729996  -  ResidentSetSize of job (KB)
...
006 (119485.161.000) 11/23 16:41:57 Image size of job updated: 779716
	713  -  MemoryUsage of job (MB)
	729996  -  ResidentSetSize of job (KB)
...
005 (119485.161.000) 11/23 16:41:57 Job terminated.
	(1) Normal termination (return value 0)
		Usr 0 00:07:01, Sys 0 00:06:16  -  Run Remote Usage
		Usr 0 00:00:00, Sys 0 00:00:00  -  Run Local Usage
		Usr 0 00:07:01, Sys 0 00:06:16  -  Total Remote Usage
		Usr 0 00:00:00, Sys 0 00:00:00  -  Total Local Usage
	0  -  Run Bytes Sent By Job
	0  -  Run Bytes Received By Job
	0  -  Total Bytes Sent By Job
	0  -  Total Bytes Received By Job
	Partitionable Resources :    Usage  Request Allocated
	   Cpus                 :                 1         1
	   Disk (KB)            :       15       15   2223283
	   Memory (MB)          :      713     8192      8192
	   Multinode            :                           1
...
