000 (119485.047.000) 11/23 16:27:45 Job submitted from host: <172.20.12.20:41606>
...
001 (119485.047.000) 11/23 16:27:48 Job executing on host: <172.20.15.188:40949?noUDP>
...
006 (119485.047.000) 11/23 16:27:56 Image size of job updated: 208552
	202  -  MemoryUsage of job (MB)
	206700  -  ResidentSetSize of job (KB)
...
006 (119485.047.000) 11/23 16:32:56 Image size of job updated: 665100
	648  -  MemoryUsage of job (MB)
	663112  -  ResidentSetSize of job (KB)
...
006 (119485.047.000) 11/23 16:37:57 Image size of job updated: 744040
	725  -  MemoryUsage of job (MB)
	742052  -  ResidentSetSize of job (KB)
...
006 (119485.047.000) 11/23 16:42:58 Image size of job updated: 894544
	872  -  MemoryUsage of job (MB)
	892556  -  ResidentSetSize of job (KB)
...
006 (119485.047.000) 11/23 16:47:58 Image size of job updated: 1159504
	1131  -  MemoryUsage of job (MB)
	1157524  -  ResidentSetSize of job (KB)
...
005 (119485.047.000) 11/23 16:48:09 Job terminated.
	(1) Normal termination (return value 0)
		Usr 0 00:08:28, Sys 0 00:11:08  -  Run Remote Usage
		Usr 0 00:00:00, Sys 0 00:00:00  -  Run Local Usage
		Usr 0 00:08:28, Sys 0 00:11:08  -  Total Remote Usage
		Usr 0 00:00:00, Sys 0 00:00:00  -  Total Local Usage
	0  -  Run Bytes Sent By Job
	0  -  Run Bytes Received By Job
	0  -  Total Bytes Sent By Job
	0  -  Total Bytes Received By Job
	Partitionable Resources :    Usage  Request Allocated
	   Cpus                 :                 1         1
	   Disk (KB)            :       15       15   2216558
	   Memory (MB)          :     1131     8192      8192
	   Multinode            :                           1
...
