000 (119485.113.000) 11/23 16:27:46 Job submitted from host: <172.20.12.20:41606>
...
001 (119485.113.000) 11/23 16:27:48 Job executing on host: <172.20.15.144:41241?noUDP>
...
006 (119485.113.000) 11/23 16:27:57 Image size of job updated: 212152
	206  -  MemoryUsage of job (MB)
	210288  -  ResidentSetSize of job (KB)
...
006 (119485.113.000) 11/23 16:32:58 Image size of job updated: 1043452
	1018  -  MemoryUsage of job (MB)
	1041464  -  ResidentSetSize of job (KB)
...
006 (119485.113.000) 11/23 16:37:58 Image size of job updated: 1282460
	1251  -  MemoryUsage of job (MB)
	1280472  -  ResidentSetSize of job (KB)
...
006 (119485.113.000) 11/23 16:42:58 Image size of job updated: 1414272
	1380  -  MemoryUsage of job (MB)
	1412284  -  ResidentSetSize of job (KB)
...
006 (119485.113.000) 11/23 16:52:59 Image size of job updated: 2019620
	1971  -  MemoryUsage of job (MB)
	2017632  -  ResidentSetSize of job (KB)
...
006 (119485.113.000) 11/23 17:13:00 Image size of job updated: 2031704
	1983  -  MemoryUsage of job (MB)
	2029724  -  ResidentSetSize of job (KB)
...
006 (119485.113.000) 11/23 17:23:02 Image size of job updated: 2187804
	2135  -  MemoryUsage of job (MB)
	2185824  -  ResidentSetSize of job (KB)
...
006 (119485.113.000) 11/23 17:28:02 Image size of job updated: 2384336
	2327  -  MemoryUsage of job (MB)
	2382356  -  ResidentSetSize of job (KB)
...
006 (119485.113.000) 11/23 17:48:04 Image size of job updated: 2792108
	2725  -  MemoryUsage of job (MB)
	2790128  -  ResidentSetSize of job (KB)
...
006 (119485.113.000) 11/23 18:01:53 Image size of job updated: 3008748
	2725  -  MemoryUsage of job (MB)
	2790128  -  ResidentSetSize of job (KB)
...
005 (119485.113.000) 11/23 18:01:53 Job terminated.
	(1) Normal termination (return value 0)
		Usr 0 00:17:21, Sys 0 01:16:09  -  Run Remote Usage
		Usr 0 00:00:00, Sys 0 00:00:00  -  Run Local Usage
		Usr 0 00:17:21, Sys 0 01:16:09  -  Total Remote Usage
		Usr 0 00:00:00, Sys 0 00:00:00  -  Total Local Usage
	0  -  Run Bytes Sent By Job
	0  -  Run Bytes Received By Job
	0  -  Total Bytes Sent By Job
	0  -  Total Bytes Received By Job
	Partitionable Resources :    Usage  Request Allocated
	   Cpus                 :                 1         1
	   Disk (KB)            :       15       15   2220470
	   Memory (MB)          :     2725     8192      8192
	   Multinode            :                           1
...
