000 (119485.000.000) 11/23 16:27:45 Job submitted from host: <172.20.12.20:41606>
...
001 (119485.000.000) 11/23 16:27:47 Job executing on host: <172.20.15.83:43942?noUDP>
...
006 (119485.000.000) 11/23 16:27:56 Image size of job updated: 206032
	202  -  MemoryUsage of job (MB)
	206032  -  ResidentSetSize of job (KB)
...
006 (119485.000.000) 11/23 16:32:56 Image size of job updated: 564064
	551  -  MemoryUsage of job (MB)
	564064  -  ResidentSetSize of job (KB)
...
006 (119485.000.000) 11/23 16:36:18 Image size of job updated: 697092
	551  -  MemoryUsage of job (MB)
	564064  -  ResidentSetSize of job (KB)
...
005 (119485.000.000) 11/23 16:36:18 Job terminated.
	(1) Normal termination (return value 0)
		Usr 0 00:07:44, Sys 0 00:00:01  -  Run Remote Usage
		Usr 0 00:00:00, Sys 0 00:00:00  -  Run Local Usage
		Usr 0 00:07:44, Sys 0 00:00:01  -  Total Remote Usage
		Usr 0 00:00:00, Sys 0 00:00:00  -  Total Local Usage
	0  -  Run Bytes Sent By Job
	0  -  Run Bytes Received By Job
	0  -  Total Bytes Sent By Job
	0  -  Total Bytes Received By Job
	Partitionable Resources :    Usage  Request Allocated
	   Cpus                 :                 1         1
	   Disk (KB)            :       15       15   2186972
	   Memory (MB)          :      551     8192      8192
	   Multinode            :                           1
...
