000 (119487.116.000) 11/23 16:28:02 Job submitted from host: <172.20.12.20:41606>
...
001 (119487.116.000) 11/23 16:28:44 Job executing on host: <172.20.15.190:41168?noUDP>
...
006 (119487.116.000) 11/23 16:28:53 Image size of job updated: 210464
	206  -  MemoryUsage of job (MB)
	210464  -  ResidentSetSize of job (KB)
...
006 (119487.116.000) 11/23 16:33:53 Image size of job updated: 1420740
	1388  -  MemoryUsage of job (MB)
	1420740  -  ResidentSetSize of job (KB)
...
006 (119487.116.000) 11/23 16:38:53 Image size of job updated: 1968816
	1923  -  MemoryUsage of job (MB)
	1968816  -  ResidentSetSize of job (KB)
...
006 (119487.116.000) 11/23 16:41:29 Image size of job updated: 2323964
	1923  -  MemoryUsage of job (MB)
	1968816  -  ResidentSetSize of job (KB)
...
005 (119487.116.000) 11/23 16:41:29 Job terminated.
	(1) Normal termination (return value 0)
		Usr 0 00:12:14, Sys 0 00:00:24  -  Run Remote Usage
		Usr 0 00:00:00, Sys 0 00:00:00  -  Run Local Usage
		Usr 0 00:12:14, Sys 0 00:00:24  -  Total Remote Usage
		Usr 0 00:00:00, Sys 0 00:00:00  -  Total Local Usage
	0  -  Run Bytes Sent By Job
	0  -  Run Bytes Received By Job
	0  -  Total Bytes Sent By Job
	0  -  Total Bytes Received By Job
	Partitionable Resources :    Usage  Request Allocated
	   Cpus                 :                 1         1
	   Disk (KB)            :       15       15   2183474
	   Memory (MB)          :     1923     8192      8192
	   Multinode            :                           1
...
