000 (119485.033.000) 11/23 16:27:45 Job submitted from host: <172.20.12.20:41606>
...
001 (119485.033.000) 11/23 16:27:48 Job executing on host: <172.20.15.195:41825?noUDP>
...
006 (119485.033.000) 11/23 16:27:56 Image size of job updated: 206232
	202  -  MemoryUsage of job (MB)
	206232  -  ResidentSetSize of job (KB)
...
006 (119485.033.000) 11/23 16:32:56 Image size of job updated: 1719616
	1680  -  MemoryUsage of job (MB)
	1719616  -  ResidentSetSize of job (KB)
...
006 (119485.033.000) 11/23 16:37:57 Image size of job updated: 2441324
	2385  -  MemoryUsage of job (MB)
	2441324  -  ResidentSetSize of job (KB)
...
006 (119485.033.000) 11/23 16:42:58 Image size of job updated: 2735388
	2672  -  MemoryUsage of job (MB)
	2735388  -  ResidentSetSize of job (KB)
...
006 (119485.033.000) 11/23 16:47:58 Image size of job updated: 3312124
	3235  -  MemoryUsage of job (MB)
	3312124  -  ResidentSetSize of job (KB)
...
005 (119485.033.000) 11/23 16:49:42 Job terminated.
	(1) Normal termination (return value 0)
		Usr 0 00:20:39, Sys 0 00:00:35  -  Run Remote Usage
		Usr 0 00:00:00, Sys 0 00:00:00  -  Run Local Usage
		Usr 0 00:20:39, Sys 0 00:00:35  -  Total Remote Usage
		Usr 0 00:00:00, Sys 0 00:00:00  -  Total Local Usage
	0  -  Run Bytes Sent By Job
	0  -  Run Bytes Received By Job
	0  -  Total Bytes Sent By Job
	0  -  Total Bytes Received By Job
	Partitionable Resources :    Usage  Request Allocated
	   Cpus                 :                 1         1
	   Disk (KB)            :       15       15   2224977
	   Memory (MB)          :     3235     8192      8192
	   Multinode            :                           1
...
