000 (119487.036.000) 11/23 16:28:01 Job submitted from host: <172.20.12.20:41606>
...
001 (119487.036.000) 11/23 16:28:10 Job executing on host: <172.20.15.61:42628?noUDP>
...
006 (119487.036.000) 11/23 16:28:18 Image size of job updated: 208924
	205  -  MemoryUsage of job (MB)
	208924  -  ResidentSetSize of job (KB)
...
006 (119487.036.000) 11/23 16:33:18 Image size of job updated: 1254716
	1226  -  MemoryUsage of job (MB)
	1254716  -  ResidentSetSize of job (KB)
...
006 (119487.036.000) 11/23 16:43:19 Image size of job updated: 1453540
	1420  -  MemoryUsage of job (MB)
	1453540  -  ResidentSetSize of job (KB)
...
006 (119487.036.000) 11/23 16:48:19 Image size of job updated: 1590404
	1554  -  MemoryUsage of job (MB)
	1590404  -  ResidentSetSize of job (KB)
...
006 (119487.036.000) 11/23 16:53:19 Image size of job updated: 1651508
	1613  -  MemoryUsage of job (MB)
	1651508  -  ResidentSetSize of job (KB)
...
006 (119487.036.000) 11/23 17:08:21 Image size of job updated: 1699900
	1661  -  MemoryUsage of job (MB)
	1699900  -  ResidentSetSize of job (KB)
...
006 (119487.036.000) 11/23 17:13:21 Image size of job updated: 1944772
	1900  -  MemoryUsage of job (MB)
	1944772  -  ResidentSetSize of job (KB)
...
006 (119487.036.000) 11/23 17:28:22 Image size of job updated: 2068436
	2020  -  MemoryUsage of job (MB)
	2068436  -  ResidentSetSize of job (KB)
...
006 (119487.036.000) 11/23 17:30:07 Image size of job updated: 2776016
	2020  -  MemoryUsage of job (MB)
	2068436  -  ResidentSetSize of job (KB)
...
005 (119487.036.000) 11/23 17:30:07 Job terminated.
	(1) Normal termination (return value 0)
		Usr 0 00:16:15, Sys 0 00:45:30  -  Run Remote Usage
		Usr 0 00:00:00, Sys 0 00:00:00  -  Run Local Usage
		Usr 0 00:16:15, Sys 0 00:45:30  -  Total Remote Usage
		Usr 0 00:00:00, Sys 0 00:00:00  -  Total Local Usage
	0  -  Run Bytes Sent By Job
	0  -  Run Bytes Received By Job
	0  -  Total Bytes Sent By Job
	0  -  Total Bytes Received By Job
	Partitionable Resources :    Usage  Request Allocated
	   Cpus                 :                 1         1
	   Disk (KB)            :       15       15   1756016
	   Memory (MB)          :     2020     8192      8192
	   Multinode            :                           1
...
