000 (119487.040.000) 11/23 16:28:01 Job submitted from host: <172.20.12.20:41606>
...
001 (119487.040.000) 11/23 16:28:10 Job executing on host: <172.20.15.60:46132?noUDP>
...
006 (119487.040.000) 11/23 16:28:18 Image size of job updated: 208924
	205  -  MemoryUsage of job (MB)
	208924  -  ResidentSetSize of job (KB)
...
006 (119487.040.000) 11/23 16:33:18 Image size of job updated: 1260744
	1232  -  MemoryUsage of job (MB)
	1260744  -  ResidentSetSize of job (KB)
...
006 (119487.040.000) 11/23 16:38:19 Image size of job updated: 1691376
	1652  -  MemoryUsage of job (MB)
	1691376  -  ResidentSetSize of job (KB)
...
006 (119487.040.000) 11/23 16:48:20 Image size of job updated: 1873808
	1830  -  MemoryUsage of job (MB)
	1873808  -  ResidentSetSize of job (KB)
...
006 (119487.040.000) 11/23 16:53:21 Image size of job updated: 2387640
	2332  -  MemoryUsage of job (MB)
	2387640  -  ResidentSetSize of job (KB)
...
006 (119487.040.000) 11/23 16:58:22 Image size of job updated: 2686152
	2624  -  MemoryUsage of job (MB)
	2686152  -  ResidentSetSize of job (KB)
...
006 (119487.040.000) 11/23 17:08:22 Image size of job updated: 2893408
	2826  -  MemoryUsage of job (MB)
	2893408  -  ResidentSetSize of job (KB)
...
006 (119487.040.000) 11/23 17:48:27 Image size of job updated: 3960180
	3868  -  MemoryUsage of job (MB)
	3960180  -  ResidentSetSize of job (KB)
...
006 (119487.040.000) 11/23 18:58:34 Image size of job updated: 4607716
	4500  -  MemoryUsage of job (MB)
	4607716  -  ResidentSetSize of job (KB)
...
006 (119487.040.000) 11/23 18:59:33 Image size of job updated: 5031500
	4500  -  MemoryUsage of job (MB)
	4607716  -  ResidentSetSize of job (KB)
...
005 (119487.040.000) 11/23 18:59:33 Job terminated.
	(1) Normal termination (return value 0)
		Usr 0 00:29:37, Sys 0 02:01:21  -  Run Remote Usage
		Usr 0 00:00:00, Sys 0 00:00:00  -  Run Local Usage
		Usr 0 00:29:37, Sys 0 02:01:21  -  Total Remote Usage
		Usr 0 00:00:00, Sys 0 00:00:00  -  Total Local Usage
	0  -  Run Bytes Sent By Job
	0  -  Run Bytes Received By Job
	0  -  Total Bytes Sent By Job
	0  -  Total Bytes Received By Job
	Partitionable Resources :    Usage  Request Allocated
	   Cpus                 :                 1         1
	   Disk (KB)            :       15       15   2217485
	   Memory (MB)          :     4500     8192      8192
	   Multinode            :                           1
...
