000 (119487.030.000) 11/23 16:28:01 Job submitted from host: <172.20.12.20:41606>
...
001 (119487.030.000) 11/23 16:28:10 Job executing on host: <172.20.15.147:41095?noUDP>
...
006 (119487.030.000) 11/23 16:28:18 Image size of job updated: 118624
	116  -  MemoryUsage of job (MB)
	118624  -  ResidentSetSize of job (KB)
...
006 (119487.030.000) 11/23 16:33:18 Image size of job updated: 1689912
	1651  -  MemoryUsage of job (MB)
	1689912  -  ResidentSetSize of job (KB)
...
006 (119487.030.000) 11/23 16:38:19 Image size of job updated: 2076656
	2028  -  MemoryUsage of job (MB)
	2076656  -  ResidentSetSize of job (KB)
...
006 (119487.030.000) 11/23 16:58:21 Image size of job updated: 2398616
	2343  -  MemoryUsage of job (MB)
	2398616  -  ResidentSetSize of job (KB)
...
006 (119487.030.000) 11/23 17:08:21 Image size of job updated: 2465848
	2409  -  MemoryUsage of job (MB)
	2465848  -  ResidentSetSize of job (KB)
...
006 (119487.030.000) 11/23 17:13:22 Image size of job updated: 2671132
	2609  -  MemoryUsage of job (MB)
	2671132  -  ResidentSetSize of job (KB)
...
006 (119487.030.000) 11/23 17:23:23 Image size of job updated: 3036052
	2965  -  MemoryUsage of job (MB)
	3036052  -  ResidentSetSize of job (KB)
...
006 (119487.030.000) 11/23 17:43:25 Image size of job updated: 3532976
	3451  -  MemoryUsage of job (MB)
	3532976  -  ResidentSetSize of job (KB)
...
006 (119487.030.000) 11/23 17:45:27 Image size of job updated: 3552928
	3451  -  MemoryUsage of job (MB)
	3532976  -  ResidentSetSize of job (KB)
...
005 (119487.030.000) 11/23 17:45:27 Job terminated.
	(1) Normal termination (return value 0)
		Usr 0 00:20:33, Sys 0 00:56:39  -  Run Remote Usage
		Usr 0 00:00:00, Sys 0 00:00:00  -  Run Local Usage
		Usr 0 00:20:33, Sys 0 00:56:39  -  Total Remote Usage
		Usr 0 00:00:00, Sys 0 00:00:00  -  Total Local Usage
	0  -  Run Bytes Sent By Job
	0  -  Run Bytes Received By Job
	0  -  Total Bytes Sent By Job
	0  -  Total Bytes Received By Job
	Partitionable Resources :    Usage  Request Allocated
	   Cpus                 :                 1         1
	   Disk (KB)            :       15       15   2221212
	   Memory (MB)          :     3451     8192      8192
	   Multinode            :                           1
...
