000 (119487.156.000) 11/23 16:28:02 Job submitted from host: <172.20.12.20:41606>
...
001 (119487.156.000) 11/23 16:28:45 Job executing on host: <172.20.15.221:46497?noUDP>
...
006 (119487.156.000) 11/23 16:28:53 Image size of job updated: 210712
	206  -  MemoryUsage of job (MB)
	210712  -  ResidentSetSize of job (KB)
...
006 (119487.156.000) 11/23 16:33:53 Image size of job updated: 548856
	536  -  MemoryUsage of job (MB)
	548856  -  ResidentSetSize of job (KB)
...
006 (119487.156.000) 11/23 16:36:39 Image size of job updated: 562004
	536  -  MemoryUsage of job (MB)
	548856  -  ResidentSetSize of job (KB)
...
005 (119487.156.000) 11/23 16:36:39 Job terminated.
	(1) Normal termination (return value 0)
		Usr 0 00:07:03, Sys 0 00:00:46  -  Run Remote Usage
		Usr 0 00:00:00, Sys 0 00:00:00  -  Run Local Usage
		Usr 0 00:07:03, Sys 0 00:00:46  -  Total Remote Usage
		Usr 0 00:00:00, Sys 0 00:00:00  -  Total Local Usage
	0  -  Run Bytes Sent By Job
	0  -  Run Bytes Received By Job
	0  -  Total Bytes Sent By Job
	0  -  Total Bytes Received By Job
	Partitionable Resources :    Usage  Request Allocated
	   Cpus                 :                 1         1
	   Disk (KB)            :       15       15   1947040
	   Memory (MB)          :      536     8192      8192
	   Multinode            :                           1
...
