000 (119485.157.000) 11/23 16:27:46 Job submitted from host: <172.20.12.20:41606>
...
001 (119485.157.000) 11/23 16:28:09 Job executing on host: <172.20.15.191:46789?noUDP>
...
006 (119485.157.000) 11/23 16:28:18 Image size of job updated: 210708
	206  -  MemoryUsage of job (MB)
	210708  -  ResidentSetSize of job (KB)
...
006 (119485.157.000) 11/23 16:33:19 Image size of job updated: 532600
	521  -  MemoryUsage of job (MB)
	532600  -  ResidentSetSize of job (KB)
...
006 (119485.157.000) 11/23 16:35:16 Image size of job updated: 592784
	521  -  MemoryUsage of job (MB)
	532600  -  ResidentSetSize of job (KB)
...
005 (119485.157.000) 11/23 16:35:16 Job terminated.
	(1) Normal termination (return value 0)
		Usr 0 00:06:38, Sys 0 00:00:01  -  Run Remote Usage
		Usr 0 00:00:00, Sys 0 00:00:00  -  Run Local Usage
		Usr 0 00:06:38, Sys 0 00:00:01  -  Total Remote Usage
		Usr 0 00:00:00, Sys 0 00:00:00  -  Total Local Usage
	0  -  Run Bytes Sent By Job
	0  -  Run Bytes Received By Job
	0  -  Total Bytes Sent By Job
	0  -  Total Bytes Received By Job
	Partitionable Resources :    Usage  Request Allocated
	   Cpus                 :                 1         1
	   Disk (KB)            :       15       15   2223336
	   Memory (MB)          :      521     8192      8192
	   Multinode            :                           1
...
