000 (119485.057.000) 11/23 16:27:45 Job submitted from host: <172.20.12.20:41606>
...
001 (119485.057.000) 11/23 16:27:48 Job executing on host: <172.20.15.221:46497?noUDP>
...
006 (119485.057.000) 11/23 16:27:56 Image size of job updated: 206532
	202  -  MemoryUsage of job (MB)
	206532  -  ResidentSetSize of job (KB)
...
006 (119485.057.000) 11/23 16:32:56 Image size of job updated: 813892
	795  -  MemoryUsage of job (MB)
	813892  -  ResidentSetSize of job (KB)
...
006 (119485.057.000) 11/23 16:37:57 Image size of job updated: 917016
	896  -  MemoryUsage of job (MB)
	917016  -  ResidentSetSize of job (KB)
...
006 (119485.057.000) 11/23 16:45:48 Image size of job updated: 979884
	896  -  MemoryUsage of job (MB)
	917016  -  ResidentSetSize of job (KB)
...
005 (119485.057.000) 11/23 16:45:48 Job terminated.
	(1) Normal termination (return value 0)
		Usr 0 00:07:31, Sys 0 00:09:35  -  Run Remote Usage
		Usr 0 00:00:00, Sys 0 00:00:00  -  Run Local Usage
		Usr 0 00:07:31, Sys 0 00:09:35  -  Total Remote Usage
		Usr 0 00:00:00, Sys 0 00:00:00  -  Total Local Usage
	0  -  Run Bytes Sent By Job
	0  -  Run Bytes Received By Job
	0  -  Total Bytes Sent By Job
	0  -  Total Bytes Received By Job
	Partitionable Resources :    Usage  Request Allocated
	   Cpus                 :                 1         1
	   Disk (KB)            :       15       15   1947034
	   Memory (MB)          :      896     8192      8192
	   Multinode            :                           1
...
