000 (119487.041.000) 11/23 16:28:01 Job submitted from host: <172.20.12.20:41606>
...
001 (119487.041.000) 11/23 16:28:10 Job executing on host: <172.20.15.74:43650?noUDP>
...
006 (119487.041.000) 11/23 16:28:18 Image size of job updated: 208904
	205  -  MemoryUsage of job (MB)
	208904  -  ResidentSetSize of job (KB)
...
006 (119487.041.000) 11/23 16:33:18 Image size of job updated: 1636728
	1599  -  MemoryUsage of job (MB)
	1636728  -  ResidentSetSize of job (KB)
...
006 (119487.041.000) 11/23 16:38:19 Image size of job updated: 1955420
	1910  -  MemoryUsage of job (MB)
	1955420  -  ResidentSetSize of job (KB)
...
006 (119487.041.000) 11/23 16:43:20 Image size of job updated: 2010948
	1964  -  MemoryUsage of job (MB)
	2010948  -  ResidentSetSize of job (KB)
...
006 (119487.041.000) 11/23 16:48:20 Image size of job updated: 2691620
	2629  -  MemoryUsage of job (MB)
	2691620  -  ResidentSetSize of job (KB)
...
006 (119487.041.000) 11/23 16:53:20 Image size of job updated: 2897252
	2830  -  MemoryUsage of job (MB)
	2897252  -  ResidentSetSize of job (KB)
...
006 (119487.041.000) 11/23 17:13:22 Image size of job updated: 3042292
	2971  -  MemoryUsage of job (MB)
	3042292  -  ResidentSetSize of job (KB)
...
006 (119487.041.000) 11/23 17:23:22 Image size of job updated: 4022884
	3929  -  MemoryUsage of job (MB)
	4022884  -  ResidentSetSize of job (KB)
...
006 (119487.041.000) 11/23 17:28:23 Image size of job updated: 4455936
	4352  -  MemoryUsage of job (MB)
	4455936  -  ResidentSetSize of job (KB)
...
006 (119487.041.000) 11/23 17:38:23 Image size of job updated: 4654736
	4546  -  MemoryUsage of job (MB)
	4654504  -  ResidentSetSize of job (KB)
...
006 (119487.041.000) 11/23 17:43:24 Image size of job updated: 4987672
	4871  -  MemoryUsage of job (MB)
	4987440  -  ResidentSetSize of job (KB)
...
006 (119487.041.000) 11/23 17:53:25 Image size of job updated: 5201324
	5080  -  MemoryUsage of job (MB)
	5201092  -  ResidentSetSize of job (KB)
...
006 (119487.041.000) 11/23 18:09:34 Image size of job updated: 5488356
	5080  -  MemoryUsage of job (MB)
	5201092  -  ResidentSetSize of job (KB)
...
005 (119487.041.000) 11/23 18:09:34 Job terminated.
	(1) Normal termination (return value 0)
		Usr 0 00:32:19, Sys 0 01:08:59  -  Run Remote Usage
		Usr 0 00:00:00, Sys 0 00:00:00  -  Run Local Usage
		Usr 0 00:32:19, Sys 0 01:08:59  -  Total Remote Usage
		Usr 0 00:00:00, Sys 0 00:00:00  -  Total Local Usage
	0  -  Run Bytes Sent By Job
	0  -  Run Bytes Received By Job
	0  -  Total Bytes Sent By Job
	0  -  Total Bytes Received By Job
	Partitionable Resources :    Usage  Request Allocated
	   Cpus                 :                 1         1
	   Disk (KB)            :       15       15   2220992
	   Memory (MB)          :     5080     8192      8192
	   Multinode            :                           1
...
