000 (119487.131.000) 11/23 16:28:02 Job submitted from host: <172.20.12.20:41606>
...
001 (119487.131.000) 11/23 16:28:45 Job executing on host: <172.20.15.178:45913?noUDP>
...
006 (119487.131.000) 11/23 16:28:53 Image size of job updated: 210392
	206  -  MemoryUsage of job (MB)
	210392  -  ResidentSetSize of job (KB)
...
006 (119487.131.000) 11/23 16:33:53 Image size of job updated: 792592
	775  -  MemoryUsage of job (MB)
	792592  -  ResidentSetSize of job (KB)
...
006 (119487.131.000) 11/23 16:37:02 Image size of job updated: 1200940
	775  -  MemoryUsage of job (MB)
	792592  -  ResidentSetSize of job (KB)
...
005 (119487.131.000) 11/23 16:37:02 Job terminated.
	(1) Normal termination (return value 0)
		Usr 0 00:08:05, Sys 0 00:00:08  -  Run Remote Usage
		Usr 0 00:00:00, Sys 0 00:00:00  -  Run Local Usage
		Usr 0 00:08:05, Sys 0 00:00:08  -  Total Remote Usage
		Usr 0 00:00:00, Sys 0 00:00:00  -  Total Local Usage
	0  -  Run Bytes Sent By Job
	0  -  Run Bytes Received By Job
	0  -  Total Bytes Sent By Job
	0  -  Total Bytes Received By Job
	Partitionable Resources :    Usage  Request Allocated
	   Cpus                 :                 1         1
	   Disk (KB)            :       15       15   2209250
	   Memory (MB)          :      775     8192      8192
	   Multinode            :                           1
...
