000 (119487.078.000) 11/23 16:28:01 Job submitted from host: <172.20.12.20:41606>
...
001 (119487.078.000) 11/23 16:28:44 Job executing on host: <172.20.15.142:46132?noUDP>
...
006 (119487.078.000) 11/23 16:28:53 Image size of job updated: 211856
	207  -  MemoryUsage of job (MB)
	211856  -  ResidentSetSize of job (KB)
...
006 (119487.078.000) 11/23 16:33:54 Image size of job updated: 790800
	773  -  MemoryUsage of job (MB)
	790800  -  ResidentSetSize of job (KB)
...
006 (119487.078.000) 11/23 16:38:54 Image size of job updated: 894684
	874  -  MemoryUsage of job (MB)
	894684  -  ResidentSetSize of job (KB)
...
006 (119487.078.000) 11/23 16:52:16 Image size of job updated: 1131564
	874  -  MemoryUsage of job (MB)
	894684  -  ResidentSetSize of job (KB)
...
005 (119487.078.000) 11/23 16:52:16 Job terminated.
	(1) Normal termination (return value 0)
		Usr 0 00:09:32, Sys 0 00:13:53  -  Run Remote Usage
		Usr 0 00:00:00, Sys 0 00:00:00  -  Run Local Usage
		Usr 0 00:09:32, Sys 0 00:13:53  -  Total Remote Usage
		Usr 0 00:00:00, Sys 0 00:00:00  -  Total Local Usage
	0  -  Run Bytes Sent By Job
	0  -  Run Bytes Received By Job
	0  -  Total Bytes Sent By Job
	0  -  Total Bytes Received By Job
	Partitionable Resources :    Usage  Request Allocated
	   Cpus                 :                 1         1
	   Disk (KB)            :       15       15   2224097
	   Memory (MB)          :      874     8192      8192
	   Multinode            :                           1
...
