000 (119487.163.000) 11/23 16:28:02 Job submitted from host: <172.20.12.20:41606>
...
001 (119487.163.000) 11/23 16:28:50 Job executing on host: <172.20.15.204:49782?noUDP>
...
006 (119487.163.000) 11/23 16:28:59 Image size of job updated: 204764
	200  -  MemoryUsage of job (MB)
	204764  -  ResidentSetSize of job (KB)
...
006 (119487.163.000) 11/23 16:34:00 Image size of job updated: 749428
	732  -  MemoryUsage of job (MB)
	749428  -  ResidentSetSize of job (KB)
...
006 (119487.163.000) 11/23 16:39:01 Image size of job updated: 826632
	808  -  MemoryUsage of job (MB)
	826632  -  ResidentSetSize of job (KB)
...
006 (119487.163.000) 11/23 16:40:26 Image size of job updated: 895256
	808  -  MemoryUsage of job (MB)
	826632  -  ResidentSetSize of job (KB)
...
005 (119487.163.000) 11/23 16:40:26 Job terminated.
	(1) Normal termination (return value 0)
		Usr 0 00:10:38, Sys 0 00:00:56  -  Run Remote Usage
		Usr 0 00:00:00, Sys 0 00:00:00  -  Run Local Usage
		Usr 0 00:10:38, Sys 0 00:00:56  -  Total Remote Usage
		Usr 0 00:00:00, Sys 0 00:00:00  -  Total Local Usage
	0  -  Run Bytes Sent By Job
	0  -  Run Bytes Received By Job
	0  -  Total Bytes Sent By Job
	0  -  Total Bytes Received By Job
	Partitionable Resources :    Usage  Request Allocated
	   Cpus                 :                 1         1
	   Disk (KB)            :       15       15   2221390
	   Memory (MB)          :      808     8192      8192
	   Multinode            :                           1
...
