000 (119485.076.000) 11/23 16:27:46 Job submitted from host: <172.20.12.20:41606>
...
001 (119485.076.000) 11/23 16:27:48 Job executing on host: <172.20.15.55:40219?noUDP>
...
006 (119485.076.000) 11/23 16:27:57 Image size of job updated: 207900
	204  -  MemoryUsage of job (MB)
	207900  -  ResidentSetSize of job (KB)
...
006 (119485.076.000) 11/23 16:32:58 Image size of job updated: 693844
	678  -  MemoryUsage of job (MB)
	693844  -  ResidentSetSize of job (KB)
...
006 (119485.076.000) 11/23 16:37:59 Image size of job updated: 720140
	704  -  MemoryUsage of job (MB)
	720140  -  ResidentSetSize of job (KB)
...
005 (119485.076.000) 11/23 16:43:09 Job terminated.
	(1) Normal termination (return value 0)
		Usr 0 00:10:04, Sys 0 00:04:43  -  Run Remote Usage
		Usr 0 00:00:00, Sys 0 00:00:00  -  Run Local Usage
		Usr 0 00:10:04, Sys 0 00:04:43  -  Total Remote Usage
		Usr 0 00:00:00, Sys 0 00:00:00  -  Total Local Usage
	0  -  Run Bytes Sent By Job
	0  -  Run Bytes Received By Job
	0  -  Total Bytes Sent By Job
	0  -  Total Bytes Received By Job
	Partitionable Resources :    Usage  Request Allocated
	   Cpus                 :                 1         1
	   Disk (KB)            :       15       15   2030771
	   Memory (MB)          :      704     8192      8192
	   Multinode            :                           1
...
