000 (119485.003.000) 11/23 16:27:45 Job submitted from host: <172.20.12.20:41606>
...
001 (119485.003.000) 11/23 16:27:47 Job executing on host: <172.20.15.211:49052?noUDP>
...
006 (119485.003.000) 11/23 16:27:56 Image size of job updated: 207956
	202  -  MemoryUsage of job (MB)
	206104  -  ResidentSetSize of job (KB)
...
006 (119485.003.000) 11/23 16:32:56 Image size of job updated: 675812
	659  -  MemoryUsage of job (MB)
	673824  -  ResidentSetSize of job (KB)
...
006 (119485.003.000) 11/23 16:37:56 Image size of job updated: 687680
	670  -  MemoryUsage of job (MB)
	685692  -  ResidentSetSize of job (KB)
...
005 (119485.003.000) 11/23 16:41:31 Job terminated.
	(1) Normal termination (return value 0)
		Usr 0 00:10:30, Sys 0 00:02:23  -  Run Remote Usage
		Usr 0 00:00:00, Sys 0 00:00:00  -  Run Local Usage
		Usr 0 00:10:30, Sys 0 00:02:23  -  Total Remote Usage
		Usr 0 00:00:00, Sys 0 00:00:00  -  Total Local Usage
	0  -  Run Bytes Sent By Job
	0  -  Run Bytes Received By Job
	0  -  Total Bytes Sent By Job
	0  -  Total Bytes Received By Job
	Partitionable Resources :    Usage  Request Allocated
	   Cpus                 :                 1         1
	   Disk (KB)            :       15       15   2225050
	   Memory (MB)          :      670     8192      8192
	   Multinode            :                           1
...
