000 (119485.064.000) 11/23 16:27:45 Job submitted from host: <172.20.12.20:41606>
...
001 (119485.064.000) 11/23 16:27:48 Job executing on host: <172.20.15.177:40876?noUDP>
...
006 (119485.064.000) 11/23 16:27:56 Image size of job updated: 206852
	203  -  MemoryUsage of job (MB)
	206852  -  ResidentSetSize of job (KB)
...
006 (119485.064.000) 11/23 16:32:56 Image size of job updated: 730384
	714  -  MemoryUsage of job (MB)
	730384  -  ResidentSetSize of job (KB)
...
006 (119485.064.000) 11/23 16:37:57 Image size of job updated: 802852
	785  -  MemoryUsage of job (MB)
	802852  -  ResidentSetSize of job (KB)
...
006 (119485.064.000) 11/23 16:42:27 Image size of job updated: 896932
	785  -  MemoryUsage of job (MB)
	802852  -  ResidentSetSize of job (KB)
...
005 (119485.064.000) 11/23 16:42:27 Job terminated.
	(1) Normal termination (return value 0)
		Usr 0 00:08:40, Sys 0 00:05:14  -  Run Remote Usage
		Usr 0 00:00:00, Sys 0 00:00:00  -  Run Local Usage
		Usr 0 00:08:40, Sys 0 00:05:14  -  Total Remote Usage
		Usr 0 00:00:00, Sys 0 00:00:00  -  Total Local Usage
	0  -  Run Bytes Sent By Job
	0  -  Run Bytes Received By Job
	0  -  Total Bytes Sent By Job
	0  -  Total Bytes Received By Job
	Partitionable Resources :    Usage  Request Allocated
	   Cpus                 :                 1         1
	   Disk (KB)            :       15       15   2192889
	   Memory (MB)          :      785     8192      8192
	   Multinode            :                           1
...
