000 (119487.153.000) 11/23 16:28:02 Job submitted from host: <172.20.12.20:41606>
...
001 (119487.153.000) 11/23 16:28:45 Job executing on host: <172.20.15.60:46132?noUDP>
...
006 (119487.153.000) 11/23 16:28:53 Image size of job updated: 81952
	81  -  MemoryUsage of job (MB)
	81952  -  ResidentSetSize of job (KB)
...
006 (119487.153.000) 11/23 16:33:53 Image size of job updated: 1725824
	1686  -  MemoryUsage of job (MB)
	1725824  -  ResidentSetSize of job (KB)
...
006 (119487.153.000) 11/23 16:38:54 Image size of job updated: 1913960
	1870  -  MemoryUsage of job (MB)
	1913960  -  ResidentSetSize of job (KB)
...
006 (119487.153.000) 11/23 16:43:54 Image size of job updated: 1975400
	1930  -  MemoryUsage of job (MB)
	1975400  -  ResidentSetSize of job (KB)
...
006 (119487.153.000) 11/23 16:48:54 Image size of job updated: 2462352
	2405  -  MemoryUsage of job (MB)
	2462352  -  ResidentSetSize of job (KB)
...
006 (119487.153.000) 11/23 16:58:56 Image size of job updated: 3053376
	2982  -  MemoryUsage of job (MB)
	3053376  -  ResidentSetSize of job (KB)
...
006 (119487.153.000) 11/23 17:23:58 Image size of job updated: 3178332
	3104  -  MemoryUsage of job (MB)
	3178332  -  ResidentSetSize of job (KB)
...
006 (119487.153.000) 11/23 17:39:00 Image size of job updated: 3824772
	3736  -  MemoryUsage of job (MB)
	3824772  -  ResidentSetSize of job (KB)
...
006 (119487.153.000) 11/23 18:14:03 Image size of job updated: 4950716
	4835  -  MemoryUsage of job (MB)
	4950716  -  ResidentSetSize of job (KB)
...
006 (119487.153.000) 11/23 18:44:06 Image size of job updated: 5132552
	5013  -  MemoryUsage of job (MB)
	5132552  -  ResidentSetSize of job (KB)
...
006 (119487.153.000) 11/23 18:49:06 Image size of job updated: 5479164
	5351  -  MemoryUsage of job (MB)
	5479164  -  ResidentSetSize of job (KB)
...
006 (119487.153.000) 11/23 19:31:46 Image size of job updated: 5660096
	5351  -  MemoryUsage of job (MB)
	5479164  -  ResidentSetSize of job (KB)
...
005 (119487.153.000) 11/23 19:31:46 Job terminated.
	(1) Normal termination (return value 0)
		Usr 0 00:33:48, Sys 0 02:29:10  -  Run Remote Usage
		Usr 0 00:00:00, Sys 0 00:00:00  -  Run Local Usage
		Usr 0 00:33:48, Sys 0 02:29:10  -  Total Remote Usage
		Usr 0 00:00:00, Sys 0 00:00:00  -  Total Local Usage
	0  -  Run Bytes Sent By Job
	0  -  Run Bytes Received By Job
	0  -  Total Bytes Sent By Job
	0  -  Total Bytes Received By Job
	Partitionable Resources :    Usage  Request Allocated
	   Cpus                 :                 1         1
	   Disk (KB)            :       15       15   2217485
	   Memory (MB)          :     5351     8192      8192
	   Multinode            :                           1
...
