000 (119487.142.000) 11/23 16:28:02 Job submitted from host: <172.20.12.20:41606>
...
001 (119487.142.000) 11/23 16:28:45 Job executing on host: <172.20.15.120:42993?noUDP>
...
006 (119487.142.000) 11/23 16:28:53 Image size of job updated: 208900
	205  -  MemoryUsage of job (MB)
	208900  -  ResidentSetSize of job (KB)
...
006 (119487.142.000) 11/23 16:33:53 Image size of job updated: 1251528
	1223  -  MemoryUsage of job (MB)
	1251528  -  ResidentSetSize of job (KB)
...
006 (119487.142.000) 11/23 16:38:54 Image size of job updated: 1511788
	1477  -  MemoryUsage of job (MB)
	1511788  -  ResidentSetSize of job (KB)
...
006 (119487.142.000) 11/23 16:43:55 Image size of job updated: 1572136
	1536  -  MemoryUsage of job (MB)
	1572136  -  ResidentSetSize of job (KB)
...
006 (119487.142.000) 11/23 16:53:56 Image size of job updated: 2471264
	2414  -  MemoryUsage of job (MB)
	2471264  -  ResidentSetSize of job (KB)
...
006 (119487.142.000) 11/23 17:05:51 Image size of job updated: 2570276
	2414  -  MemoryUsage of job (MB)
	2471264  -  ResidentSetSize of job (KB)
...
005 (119487.142.000) 11/23 17:05:51 Job terminated.
	(1) Normal termination (return value 0)
		Usr 0 00:16:21, Sys 0 00:20:38  -  Run Remote Usage
		Usr 0 00:00:00, Sys 0 00:00:00  -  Run Local Usage
		Usr 0 00:16:21, Sys 0 00:20:38  -  Total Remote Usage
		Usr 0 00:00:00, Sys 0 00:00:00  -  Total Local Usage
	0  -  Run Bytes Sent By Job
	0  -  Run Bytes Received By Job
	0  -  Total Bytes Sent By Job
	0  -  Total Bytes Received By Job
	Partitionable Resources :    Usage  Request Allocated
	   Cpus                 :                 1         1
	   Disk (KB)            :       15       15   2224759
	   Memory (MB)          :     2414     8192      8192
	   Multinode            :                           1
...
