000 (119487.161.000) 11/23 16:28:02 Job submitted from host: <172.20.12.20:41606>
...
001 (119487.161.000) 11/23 16:28:45 Job executing on host: <172.20.15.145:44891?noUDP>
...
006 (119487.161.000) 11/23 16:28:53 Image size of job updated: 99312
	97  -  MemoryUsage of job (MB)
	99312  -  ResidentSetSize of job (KB)
...
006 (119487.161.000) 11/23 16:33:53 Image size of job updated: 838008
	819  -  MemoryUsage of job (MB)
	838008  -  ResidentSetSize of job (KB)
...
006 (119487.161.000) 11/23 16:38:50 Image size of job updated: 861304
	819  -  MemoryUsage of job (MB)
	838008  -  ResidentSetSize of job (KB)
...
005 (119487.161.000) 11/23 16:38:50 Job terminated.
	(1) Normal termination (return value 0)
		Usr 0 00:07:01, Sys 0 00:03:02  -  Run Remote Usage
		Usr 0 00:00:00, Sys 0 00:00:00  -  Run Local Usage
		Usr 0 00:07:01, Sys 0 00:03:02  -  Total Remote Usage
		Usr 0 00:00:00, Sys 0 00:00:00  -  Total Local Usage
	0  -  Run Bytes Sent By Job
	0  -  Run Bytes Received By Job
	0  -  Total Bytes Sent By Job
	0  -  Total Bytes Received By Job
	Partitionable Resources :    Usage  Request Allocated
	   Cpus                 :                 1         1
	   Disk (KB)            :       15       15   2144714
	   Memory (MB)          :      819     8192      8192
	   Multinode            :                           1
...
