000 (119485.162.000) 11/23 16:27:46 Job submitted from host: <172.20.12.20:41606>
...
001 (119485.162.000) 11/23 16:28:09 Job executing on host: <172.20.15.138:45767?noUDP>
...
006 (119485.162.000) 11/23 16:28:18 Image size of job updated: 210456
	206  -  MemoryUsage of job (MB)
	210456  -  ResidentSetSize of job (KB)
...
006 (119485.162.000) 11/23 16:33:19 Image size of job updated: 746656
	730  -  MemoryUsage of job (MB)
	746656  -  ResidentSetSize of job (KB)
...
006 (119485.162.000) 11/23 16:38:19 Image size of job updated: 831184
	812  -  MemoryUsage of job (MB)
	831184  -  ResidentSetSize of job (KB)
...
006 (119485.162.000) 11/23 16:43:20 Image size of job updated: 888552
	868  -  MemoryUsage of job (MB)
	888552  -  ResidentSetSize of job (KB)
...
006 (119485.162.000) 11/23 16:48:21 Image size of job updated: 1039548
	1016  -  MemoryUsage of job (MB)
	1039548  -  ResidentSetSize of job (KB)
...
005 (119485.162.000) 11/23 17:05:53 Job terminated.
	(1) Normal termination (return value 0)
		Usr 0 00:11:48, Sys 0 00:25:47  -  Run Remote Usage
		Usr 0 00:00:00, Sys 0 00:00:00  -  Run Local Usage
		Usr 0 00:11:48, Sys 0 00:25:47  -  Total Remote Usage
		Usr 0 00:00:00, Sys 0 00:00:00  -  Total Local Usage
	0  -  Run Bytes Sent By Job
	0  -  Run Bytes Received By Job
	0  -  Total Bytes Sent By Job
	0  -  Total Bytes Received By Job
	Partitionable Resources :    Usage  Request Allocated
	   Cpus                 :                 1         1
	   Disk (KB)            :       15       15    986919
	   Memory (MB)          :     1016     8192      8192
	   Multinode            :                           1
...
