000 (119487.144.000) 11/23 16:28:02 Job submitted from host: <172.20.12.20:41606>
...
001 (119487.144.000) 11/23 16:28:45 Job executing on host: <172.20.15.203:46497?noUDP>
...
006 (119487.144.000) 11/23 16:28:53 Image size of job updated: 23260
	23  -  MemoryUsage of job (MB)
	23260  -  ResidentSetSize of job (KB)
...
006 (119487.144.000) 11/23 16:33:53 Image size of job updated: 464544
	454  -  MemoryUsage of job (MB)
	464544  -  ResidentSetSize of job (KB)
...
005 (119487.144.000) 11/23 16:37:59 Job terminated.
	(1) Normal termination (return value 0)
		Usr 0 00:05:25, Sys 0 00:03:48  -  Run Remote Usage
		Usr 0 00:00:00, Sys 0 00:00:00  -  Run Local Usage
		Usr 0 00:05:25, Sys 0 00:03:48  -  Total Remote Usage
		Usr 0 00:00:00, Sys 0 00:00:00  -  Total Local Usage
	0  -  Run Bytes Sent By Job
	0  -  Run Bytes Received By Job
	0  -  Total Bytes Sent By Job
	0  -  Total Bytes Received By Job
	Partitionable Resources :    Usage  Request Allocated
	   Cpus                 :                 1         1
	   Disk (KB)            :       15       15   2140381
	   Memory (MB)          :      454     8192      8192
	   Multinode            :                           1
...
