000 (119485.051.000) 11/23 16:27:45 Job submitted from host: <172.20.12.20:41606>
...
001 (119485.051.000) 11/23 16:27:48 Job executing on host: <172.20.15.189:47154?noUDP>
...
006 (119485.051.000) 11/23 16:27:56 Image size of job updated: 177072
	172  -  MemoryUsage of job (MB)
	175268  -  ResidentSetSize of job (KB)
...
006 (119485.051.000) 11/23 16:32:56 Image size of job updated: 1178060
	1149  -  MemoryUsage of job (MB)
	1176072  -  ResidentSetSize of job (KB)
...
005 (119485.051.000) 11/23 16:37:55 Job terminated.
	(1) Normal termination (return value 0)
		Usr 0 00:09:37, Sys 0 00:00:09  -  Run Remote Usage
		Usr 0 00:00:00, Sys 0 00:00:00  -  Run Local Usage
		Usr 0 00:09:37, Sys 0 00:00:09  -  Total Remote Usage
		Usr 0 00:00:00, Sys 0 00:00:00  -  Total Local Usage
	0  -  Run Bytes Sent By Job
	0  -  Run Bytes Received By Job
	0  -  Total Bytes Sent By Job
	0  -  Total Bytes Received By Job
	Partitionable Resources :    Usage  Request Allocated
	   Cpus                 :                 1         1
	   Disk (KB)            :       15       15   2192470
	   Memory (MB)          :     1149     8192      8192
	   Multinode            :                           1
...
