000 (119485.158.000) 11/23 16:27:46 Job submitted from host: <172.20.12.20:41606>
...
001 (119485.158.000) 11/23 16:28:09 Job executing on host: <172.20.15.64:41679?noUDP>
...
006 (119485.158.000) 11/23 16:28:18 Image size of job updated: 208820
	204  -  MemoryUsage of job (MB)
	208820  -  ResidentSetSize of job (KB)
...
006 (119485.158.000) 11/23 16:33:19 Image size of job updated: 1910812
	1867  -  MemoryUsage of job (MB)
	1910812  -  ResidentSetSize of job (KB)
...
006 (119485.158.000) 11/23 16:38:19 Image size of job updated: 2315412
	2262  -  MemoryUsage of job (MB)
	2315412  -  ResidentSetSize of job (KB)
...
006 (119485.158.000) 11/23 16:58:20 Image size of job updated: 2793608
	2729  -  MemoryUsage of job (MB)
	2793608  -  ResidentSetSize of job (KB)
...
006 (119485.158.000) 11/23 17:13:22 Image size of job updated: 3162104
	3088  -  MemoryUsage of job (MB)
	3162104  -  ResidentSetSize of job (KB)
...
006 (119485.158.000) 11/23 17:18:22 Image size of job updated: 3308812
	3232  -  MemoryUsage of job (MB)
	3308812  -  ResidentSetSize of job (KB)
...
006 (119485.158.000) 11/23 17:28:24 Image size of job updated: 3543072
	3461  -  MemoryUsage of job (MB)
	3543072  -  ResidentSetSize of job (KB)
...
006 (119485.158.000) 11/23 17:48:25 Image size of job updated: 3595660
	3512  -  MemoryUsage of job (MB)
	3595660  -  ResidentSetSize of job (KB)
...
006 (119485.158.000) 11/23 17:53:26 Image size of job updated: 3834472
	3745  -  MemoryUsage of job (MB)
	3834472  -  ResidentSetSize of job (KB)
...
006 (119485.158.000) 11/23 18:03:26 Image size of job updated: 3893620
	3803  -  MemoryUsage of job (MB)
	3893620  -  ResidentSetSize of job (KB)
...
006 (119485.158.000) 11/23 18:08:27 Image size of job updated: 4445308
	4342  -  MemoryUsage of job (MB)
	4445308  -  ResidentSetSize of job (KB)
...
005 (119485.158.000) 11/23 18:13:49 Job terminated.
	(1) Normal termination (return value 0)
		Usr 0 00:25:52, Sys 0 01:18:54  -  Run Remote Usage
		Usr 0 00:00:00, Sys 0 00:00:00  -  Run Local Usage
		Usr 0 00:25:52, Sys 0 01:18:54  -  Total Remote Usage
		Usr 0 00:00:00, Sys 0 00:00:00  -  Total Local Usage
	0  -  Run Bytes Sent By Job
	0  -  Run Bytes Received By Job
	0  -  Total Bytes Sent By Job
	0  -  Total Bytes Received By Job
	Partitionable Resources :    Usage  Request Allocated
	   Cpus                 :                 1         1
	   Disk (KB)            :       15       15   2180703
	   Memory (MB)          :     4342     8192      8192
	   Multinode            :                           1
...
