000 (119487.021.000) 11/23 16:28:01 Job submitted from host: <172.20.12.20:41606>
...
001 (119487.021.000) 11/23 16:28:10 Job executing on host: <172.20.15.129:46351?noUDP>
...
006 (119487.021.000) 11/23 16:28:18 Image size of job updated: 206668
	202  -  MemoryUsage of job (MB)
	206668  -  ResidentSetSize of job (KB)
...
006 (119487.021.000) 11/23 16:33:18 Image size of job updated: 445688
	436  -  MemoryUsage of job (MB)
	445688  -  ResidentSetSize of job (KB)
...
006 (119487.021.000) 11/23 16:34:13 Image size of job updated: 468728
	436  -  MemoryUsage of job (MB)
	445688  -  ResidentSetSize of job (KB)
...
005 (119487.021.000) 11/23 16:34:13 Job terminated.
	(1) Normal termination (return value 0)
		Usr 0 00:03:58, Sys 0 00:02:03  -  Run Remote Usage
		Usr 0 00:00:00, Sys 0 00:00:00  -  Run Local Usage
		Usr 0 00:03:58, Sys 0 00:02:03  -  Total Remote Usage
		Usr 0 00:00:00, Sys 0 00:00:00  -  Total Local Usage
	0  -  Run Bytes Sent By Job
	0  -  Run Bytes Received By Job
	0  -  Total Bytes Sent By Job
	0  -  Total Bytes Received By Job
	Partitionable Resources :    Usage  Request Allocated
	   Cpus                 :                 1         1
	   Disk (KB)            :       15       15   2223198
	   Memory (MB)          :      436     8192      8192
	   Multinode            :                           1
...
