000 (119487.081.000) 11/23 16:28:01 Job submitted from host: <172.20.12.20:41606>
...
001 (119487.081.000) 11/23 16:28:44 Job executing on host: <172.20.15.213:42482?noUDP>
...
006 (119487.081.000) 11/23 16:28:53 Image size of job updated: 319680
	313  -  MemoryUsage of job (MB)
	319680  -  ResidentSetSize of job (KB)
...
006 (119487.081.000) 11/23 16:33:54 Image size of job updated: 858304
	839  -  MemoryUsage of job (MB)
	858304  -  ResidentSetSize of job (KB)
...
006 (119487.081.000) 11/23 16:43:54 Image size of job updated: 1107592
	1082  -  MemoryUsage of job (MB)
	1107592  -  ResidentSetSize of job (KB)
...
006 (119487.081.000) 11/23 16:45:11 Image size of job updated: 1141036
	1082  -  MemoryUsage of job (MB)
	1107592  -  ResidentSetSize of job (KB)
...
005 (119487.081.000) 11/23 16:45:11 Job terminated.
	(1) Normal termination (return value 0)
		Usr 0 00:08:37, Sys 0 00:07:47  -  Run Remote Usage
		Usr 0 00:00:00, Sys 0 00:00:00  -  Run Local Usage
		Usr 0 00:08:37, Sys 0 00:07:47  -  Total Remote Usage
		Usr 0 00:00:00, Sys 0 00:00:00  -  Total Local Usage
	0  -  Run Bytes Sent By Job
	0  -  Run Bytes Received By Job
	0  -  Total Bytes Sent By Job
	0  -  Total Bytes Received By Job
	Partitionable Resources :    Usage  Request Allocated
	   Cpus                 :                 1         1
	   Disk (KB)            :       15       15   1328710
	   Memory (MB)          :     1082     8192      8192
	   Multinode            :                           1
...
