000 (119485.133.000) 11/23 16:27:46 Job submitted from host: <172.20.12.20:41606>
...
001 (119485.133.000) 11/23 16:28:09 Job executing on host: <172.20.15.149:41971?noUDP>
...
006 (119485.133.000) 11/23 16:28:18 Image size of job updated: 211964
	207  -  MemoryUsage of job (MB)
	211964  -  ResidentSetSize of job (KB)
...
006 (119485.133.000) 11/23 16:33:19 Image size of job updated: 466172
	456  -  MemoryUsage of job (MB)
	466172  -  ResidentSetSize of job (KB)
...
006 (119485.133.000) 11/23 16:38:19 Image size of job updated: 544576
	532  -  MemoryUsage of job (MB)
	544576  -  ResidentSetSize of job (KB)
...
006 (119485.133.000) 11/23 16:42:15 Image size of job updated: 550580
	532  -  MemoryUsage of job (MB)
	544576  -  ResidentSetSize of job (KB)
...
005 (119485.133.000) 11/23 16:42:15 Job terminated.
	(1) Normal termination (return value 0)
		Usr 0 00:06:01, Sys 0 00:07:36  -  Run Remote Usage
		Usr 0 00:00:00, Sys 0 00:00:00  -  Run Local Usage
		Usr 0 00:06:01, Sys 0 00:07:36  -  Total Remote Usage
		Usr 0 00:00:00, Sys 0 00:00:00  -  Total Local Usage
	0  -  Run Bytes Sent By Job
	0  -  Run Bytes Received By Job
	0  -  Total Bytes Sent By Job
	0  -  Total Bytes Received By Job
	Partitionable Resources :    Usage  Request Allocated
	   Cpus                 :                 1         1
	   Disk (KB)            :       15       15   2158701
	   Memory (MB)          :      532     8192      8192
	   Multinode            :                           1
...
