000 (119485.115.000) 11/23 16:27:46 Job submitted from host: <172.20.12.20:41606>
...
001 (119485.115.000) 11/23 16:27:48 Job executing on host: <172.20.15.190:41168?noUDP>
...
006 (119485.115.000) 11/23 16:27:57 Image size of job updated: 207804
	203  -  MemoryUsage of job (MB)
	207804  -  ResidentSetSize of job (KB)
...
006 (119485.115.000) 11/23 16:32:58 Image size of job updated: 1213540
	1186  -  MemoryUsage of job (MB)
	1213540  -  ResidentSetSize of job (KB)
...
006 (119485.115.000) 11/23 16:37:58 Image size of job updated: 1696064
	1657  -  MemoryUsage of job (MB)
	1696064  -  ResidentSetSize of job (KB)
...
006 (119485.115.000) 11/23 16:38:31 Image size of job updated: 1783428
	1657  -  MemoryUsage of job (MB)
	1696064  -  ResidentSetSize of job (KB)
...
005 (119485.115.000) 11/23 16:38:31 Job terminated.
	(1) Normal termination (return value 0)
		Usr 0 00:09:40, Sys 0 00:00:14  -  Run Remote Usage
		Usr 0 00:00:00, Sys 0 00:00:00  -  Run Local Usage
		Usr 0 00:09:40, Sys 0 00:00:14  -  Total Remote Usage
		Usr 0 00:00:00, Sys 0 00:00:00  -  Total Local Usage
	0  -  Run Bytes Sent By Job
	0  -  Run Bytes Received By Job
	0  -  Total Bytes Sent By Job
	0  -  Total Bytes Received By Job
	Partitionable Resources :    Usage  Request Allocated
	   Cpus                 :                 1         1
	   Disk (KB)            :       15       15   2183478
	   Memory (MB)          :     1657     8192      8192
	   Multinode            :                           1
...
