000 (119485.058.000) 11/23 16:27:45 Job submitted from host: <172.20.12.20:41606>
...
001 (119485.058.000) 11/23 16:27:48 Job executing on host: <172.20.15.74:43650?noUDP>
...
006 (119485.058.000) 11/23 16:27:56 Image size of job updated: 120224
	117  -  MemoryUsage of job (MB)
	118804  -  ResidentSetSize of job (KB)
...
006 (119485.058.000) 11/23 16:32:56 Image size of job updated: 845148
	824  -  MemoryUsage of job (MB)
	843728  -  ResidentSetSize of job (KB)
...
006 (119485.058.000) 11/23 16:37:57 Image size of job updated: 962648
	939  -  MemoryUsage of job (MB)
	961228  -  ResidentSetSize of job (KB)
...
006 (119485.058.000) 11/23 16:47:57 Image size of job updated: 993976
	970  -  MemoryUsage of job (MB)
	992556  -  ResidentSetSize of job (KB)
...
006 (119485.058.000) 11/23 16:52:58 Image size of job updated: 1173436
	1145  -  MemoryUsage of job (MB)
	1172016  -  ResidentSetSize of job (KB)
...
005 (119485.058.000) 11/23 16:53:46 Job terminated.
	(1) Normal termination (return value 0)
		Usr 0 00:10:59, Sys 0 00:14:51  -  Run Remote Usage
		Usr 0 00:00:00, Sys 0 00:00:00  -  Run Local Usage
		Usr 0 00:10:59, Sys 0 00:14:51  -  Total Remote Usage
		Usr 0 00:00:00, Sys 0 00:00:00  -  Total Local Usage
	0  -  Run Bytes Sent By Job
	0  -  Run Bytes Received By Job
	0  -  Total Bytes Sent By Job
	0  -  Total Bytes Received By Job
	Partitionable Resources :    Usage  Request Allocated
	   Cpus                 :                 1         1
	   Disk (KB)            :       15       15   2220994
	   Memory (MB)          :     1145     8192      8192
	   Multinode            :                           1
...
