000 (119487.102.000) 11/23 16:28:02 Job submitted from host: <172.20.12.20:41606>
...
001 (119487.102.000) 11/23 16:28:44 Job executing on host: <172.20.15.126:43504?noUDP>
...
006 (119487.102.000) 11/23 16:28:53 Image size of job updated: 244172
	239  -  MemoryUsage of job (MB)
	244172  -  ResidentSetSize of job (KB)
...
006 (119487.102.000) 11/23 16:33:54 Image size of job updated: 715572
	699  -  MemoryUsage of job (MB)
	715572  -  ResidentSetSize of job (KB)
...
006 (119487.102.000) 11/23 16:38:54 Image size of job updated: 760400
	743  -  MemoryUsage of job (MB)
	760400  -  ResidentSetSize of job (KB)
...
006 (119487.102.000) 11/23 16:48:56 Image size of job updated: 871864
	852  -  MemoryUsage of job (MB)
	871864  -  ResidentSetSize of job (KB)
...
006 (119487.102.000) 11/23 16:53:56 Image size of job updated: 974664
	952  -  MemoryUsage of job (MB)
	974664  -  ResidentSetSize of job (KB)
...
006 (119487.102.000) 11/23 16:58:57 Image size of job updated: 979900
	957  -  MemoryUsage of job (MB)
	979900  -  ResidentSetSize of job (KB)
...
005 (119487.102.000) 11/23 16:59:57 Job terminated.
	(1) Normal termination (return value 0)
		Usr 0 00:06:39, Sys 0 00:24:13  -  Run Remote Usage
		Usr 0 00:00:00, Sys 0 00:00:00  -  Run Local Usage
		Usr 0 00:06:39, Sys 0 00:24:13  -  Total Remote Usage
		Usr 0 00:00:00, Sys 0 00:00:00  -  Total Local Usage
	0  -  Run Bytes Sent By Job
	0  -  Run Bytes Received By Job
	0  -  Total Bytes Sent By Job
	0  -  Total Bytes Received By Job
	Partitionable Resources :    Usage  Request Allocated
	   Cpus                 :                 1         1
	   Disk (KB)            :       15       15   2208913
	   Memory (MB)          :      957     8192      8192
	   Multinode            :                           1
...
