000 (119485.129.000) 11/23 16:27:46 Job submitted from host: <172.20.12.20:41606>
...
001 (119485.129.000) 11/23 16:28:09 Job executing on host: <172.20.15.213:42482?noUDP>
...
006 (119485.129.000) 11/23 16:28:18 Image size of job updated: 210620
	206  -  MemoryUsage of job (MB)
	210620  -  ResidentSetSize of job (KB)
...
006 (119485.129.000) 11/23 16:33:19 Image size of job updated: 767248
	750  -  MemoryUsage of job (MB)
	767248  -  ResidentSetSize of job (KB)
...
006 (119485.129.000) 11/23 16:38:19 Image size of job updated: 893832
	873  -  MemoryUsage of job (MB)
	893832  -  ResidentSetSize of job (KB)
...
006 (119485.129.000) 11/23 16:43:19 Image size of job updated: 1013280
	990  -  MemoryUsage of job (MB)
	1013280  -  ResidentSetSize of job (KB)
...
005 (119485.129.000) 11/23 16:44:18 Job terminated.
	(1) Normal termination (return value 0)
		Usr 0 00:08:07, Sys 0 00:07:54  -  Run Remote Usage
		Usr 0 00:00:00, Sys 0 00:00:00  -  Run Local Usage
		Usr 0 00:08:07, Sys 0 00:07:54  -  Total Remote Usage
		Usr 0 00:00:00, Sys 0 00:00:00  -  Total Local Usage
	0  -  Run Bytes Sent By Job
	0  -  Run Bytes Received By Job
	0  -  Total Bytes Sent By Job
	0  -  Total Bytes Received By Job
	Partitionable Resources :    Usage  Request Allocated
	   Cpus                 :                 1         1
	   Disk (KB)            :       15       15   1328715
	   Memory (MB)          :      990     8192      8192
	   Multinode            :                           1
...
