000 (119487.042.000) 11/23 16:28:01 Job submitted from host: <172.20.12.20:41606>
...
001 (119487.042.000) 11/23 16:28:10 Job executing on host: <172.20.15.150:48760?noUDP>
...
006 (119487.042.000) 11/23 16:28:18 Image size of job updated: 208904
	205  -  MemoryUsage of job (MB)
	208904  -  ResidentSetSize of job (KB)
...
006 (119487.042.000) 11/23 16:33:18 Image size of job updated: 1217660
	1190  -  MemoryUsage of job (MB)
	1217660  -  ResidentSetSize of job (KB)
...
006 (119487.042.000) 11/23 16:38:19 Image size of job updated: 1390304
	1358  -  MemoryUsage of job (MB)
	1390304  -  ResidentSetSize of job (KB)
...
006 (119487.042.000) 11/23 16:43:20 Image size of job updated: 1720284
	1680  -  MemoryUsage of job (MB)
	1720284  -  ResidentSetSize of job (KB)
...
006 (119487.042.000) 11/23 16:48:20 Image size of job updated: 2304060
	2251  -  MemoryUsage of job (MB)
	2304060  -  ResidentSetSize of job (KB)
...
006 (119487.042.000) 11/23 17:13:22 Image size of job updated: 2564788
	2505  -  MemoryUsage of job (MB)
	2564788  -  ResidentSetSize of job (KB)
...
006 (119487.042.000) 11/23 17:18:23 Image size of job updated: 2953440
	2885  -  MemoryUsage of job (MB)
	2953440  -  ResidentSetSize of job (KB)
...
006 (119487.042.000) 11/23 17:23:23 Image size of job updated: 3159648
	3086  -  MemoryUsage of job (MB)
	3159648  -  ResidentSetSize of job (KB)
...
006 (119487.042.000) 11/23 17:38:25 Image size of job updated: 3461824
	3381  -  MemoryUsage of job (MB)
	3461824  -  ResidentSetSize of job (KB)
...
006 (119487.042.000) 11/23 18:03:18 Image size of job updated: 4252112
	3381  -  MemoryUsage of job (MB)
	3461824  -  ResidentSetSize of job (KB)
...
005 (119487.042.000) 11/23 18:03:18 Job terminated.
	(1) Normal termination (return value 0)
		Usr 0 00:21:55, Sys 0 01:13:04  -  Run Remote Usage
		Usr 0 00:00:00, Sys 0 00:00:00  -  Run Local Usage
		Usr 0 00:21:55, Sys 0 01:13:04  -  Total Remote Usage
		Usr 0 00:00:00, Sys 0 00:00:00  -  Total Local Usage
	0  -  Run Bytes Sent By Job
	0  -  Run Bytes Received By Job
	0  -  Total Bytes Sent By Job
	0  -  Total Bytes Received By Job
	Partitionable Resources :    Usage  Request Allocated
	   Cpus                 :                 1         1
	   Disk (KB)            :       15       15   2224826
	   Memory (MB)          :     3381     8192      8192
	   Multinode            :                           1
...
