000 (119485.009.000) 11/23 16:27:45 Job submitted from host: <172.20.12.20:41606>
...
001 (119485.009.000) 11/23 16:27:47 Job executing on host: <172.20.15.126:43504?noUDP>
...
006 (119485.009.000) 11/23 16:27:56 Image size of job updated: 187424
	182  -  MemoryUsage of job (MB)
	185620  -  ResidentSetSize of job (KB)
...
006 (119485.009.000) 11/23 16:32:56 Image size of job updated: 565380
	551  -  MemoryUsage of job (MB)
	563392  -  ResidentSetSize of job (KB)
...
006 (119485.009.000) 11/23 16:37:56 Image size of job updated: 575180
	560  -  MemoryUsage of job (MB)
	573192  -  ResidentSetSize of job (KB)
...
005 (119485.009.000) 11/23 16:40:57 Job terminated.
	(1) Normal termination (return value 0)
		Usr 0 00:06:33, Sys 0 00:06:01  -  Run Remote Usage
		Usr 0 00:00:00, Sys 0 00:00:00  -  Run Local Usage
		Usr 0 00:06:33, Sys 0 00:06:01  -  Total Remote Usage
		Usr 0 00:00:00, Sys 0 00:00:00  -  Total Local Usage
	0  -  Run Bytes Sent By Job
	0  -  Run Bytes Received By Job
	0  -  Total Bytes Sent By Job
	0  -  Total Bytes Received By Job
	Partitionable Resources :    Usage  Request Allocated
	   Cpus                 :                 1         1
	   Disk (KB)            :       15       15   2208917
	   Memory (MB)          :      560     8192      8192
	   Multinode            :                           1
...
