000 (119487.121.000) 11/23 16:28:02 Job submitted from host: <172.20.12.20:41606>
...
001 (119487.121.000) 11/23 16:28:45 Job executing on host: <172.20.15.144:41241?noUDP>
...
006 (119487.121.000) 11/23 16:28:53 Image size of job updated: 206440
	202  -  MemoryUsage of job (MB)
	206440  -  ResidentSetSize of job (KB)
...
006 (119487.121.000) 11/23 16:33:53 Image size of job updated: 672472
	657  -  MemoryUsage of job (MB)
	672472  -  ResidentSetSize of job (KB)
...
006 (119487.121.000) 11/23 16:38:53 Image size of job updated: 843708
	824  -  MemoryUsage of job (MB)
	843708  -  ResidentSetSize of job (KB)
...
006 (119487.121.000) 11/23 16:43:54 Image size of job updated: 969360
	947  -  MemoryUsage of job (MB)
	969360  -  ResidentSetSize of job (KB)
...
006 (119487.121.000) 11/23 16:48:54 Image size of job updated: 970980
	949  -  MemoryUsage of job (MB)
	970980  -  ResidentSetSize of job (KB)
...
006 (119487.121.000) 11/23 16:58:56 Image size of job updated: 1069636
	1045  -  MemoryUsage of job (MB)
	1069636  -  ResidentSetSize of job (KB)
...
006 (119487.121.000) 11/23 17:06:35 Image size of job updated: 1192652
	1045  -  MemoryUsage of job (MB)
	1069636  -  ResidentSetSize of job (KB)
...
005 (119487.121.000) 11/23 17:06:35 Job terminated.
	(1) Normal termination (return value 0)
		Usr 0 00:08:48, Sys 0 00:29:00  -  Run Remote Usage
		Usr 0 00:00:00, Sys 0 00:00:00  -  Run Local Usage
		Usr 0 00:08:48, Sys 0 00:29:00  -  Total Remote Usage
		Usr 0 00:00:00, Sys 0 00:00:00  -  Total Local Usage
	0  -  Run Bytes Sent By Job
	0  -  Run Bytes Received By Job
	0  -  Total Bytes Sent By Job
	0  -  Total Bytes Received By Job
	Partitionable Resources :    Usage  Request Allocated
	   Cpus                 :                 1         1
	   Disk (KB)            :       15       15   2220468
	   Memory (MB)          :     1045     8192      8192
	   Multinode            :                           1
...
