000 (119487.038.000) 11/23 16:28:01 Job submitted from host: <172.20.12.20:41606>
...
001 (119487.038.000) 11/23 16:28:10 Job executing on host: <172.20.15.225:42993?noUDP>
...
006 (119487.038.000) 11/23 16:28:18 Image size of job updated: 117872
	116  -  MemoryUsage of job (MB)
	117872  -  ResidentSetSize of job (KB)
...
006 (119487.038.000) 11/23 16:33:18 Image size of job updated: 881744
	862  -  MemoryUsage of job (MB)
	881736  -  ResidentSetSize of job (KB)
...
006 (119487.038.000) 11/23 16:38:19 Image size of job updated: 1129816
	1104  -  MemoryUsage of job (MB)
	1129808  -  ResidentSetSize of job (KB)
...
006 (119487.038.000) 11/23 16:48:20 Image size of job updated: 1515952
	1481  -  MemoryUsage of job (MB)
	1515944  -  ResidentSetSize of job (KB)
...
006 (119487.038.000) 11/23 16:53:20 Image size of job updated: 1555024
	1519  -  MemoryUsage of job (MB)
	1555016  -  ResidentSetSize of job (KB)
...
006 (119487.038.000) 11/23 16:58:21 Image size of job updated: 1558128
	1522  -  MemoryUsage of job (MB)
	1558120  -  ResidentSetSize of job (KB)
...
006 (119487.038.000) 11/23 17:08:21 Image size of job updated: 1743688
	1703  -  MemoryUsage of job (MB)
	1743680  -  ResidentSetSize of job (KB)
...
006 (119487.038.000) 11/23 17:28:23 Image size of job updated: 1889636
	1846  -  MemoryUsage of job (MB)
	1889628  -  ResidentSetSize of job (KB)
...
005 (119487.038.000) 11/23 17:30:12 Job terminated.
	(1) Normal termination (return value 0)
		Usr 0 00:11:00, Sys 0 00:50:51  -  Run Remote Usage
		Usr 0 00:00:00, Sys 0 00:00:00  -  Run Local Usage
		Usr 0 00:11:00, Sys 0 00:50:51  -  Total Remote Usage
		Usr 0 00:00:00, Sys 0 00:00:00  -  Total Local Usage
	0  -  Run Bytes Sent By Job
	0  -  Run Bytes Received By Job
	0  -  Total Bytes Sent By Job
	0  -  Total Bytes Received By Job
	Partitionable Resources :    Usage  Request Allocated
	   Cpus                 :                 1         1
	   Disk (KB)            :       15       15   2217132
	   Memory (MB)          :     1846     8192      8192
	   Multinode            :                           1
...
