000 (119487.075.000) 11/23 16:28:01 Job submitted from host: <172.20.12.20:41606>
...
001 (119487.075.000) 11/23 16:28:10 Job executing on host: <172.20.15.196:49052?noUDP>
...
006 (119487.075.000) 11/23 16:28:18 Image size of job updated: 207880
	204  -  MemoryUsage of job (MB)
	207880  -  ResidentSetSize of job (KB)
...
006 (119487.075.000) 11/23 16:33:18 Image size of job updated: 758952
	742  -  MemoryUsage of job (MB)
	758952  -  ResidentSetSize of job (KB)
...
006 (119487.075.000) 11/23 16:38:58 Image size of job updated: 932412
	742  -  MemoryUsage of job (MB)
	758952  -  ResidentSetSize of job (KB)
...
005 (119487.075.000) 11/23 16:38:58 Job terminated.
	(1) Normal termination (return value 0)
		Usr 0 00:10:21, Sys 0 00:00:02  -  Run Remote Usage
		Usr 0 00:00:00, Sys 0 00:00:00  -  Run Local Usage
		Usr 0 00:10:21, Sys 0 00:00:02  -  Total Remote Usage
		Usr 0 00:00:00, Sys 0 00:00:00  -  Total Local Usage
	0  -  Run Bytes Sent By Job
	0  -  Run Bytes Received By Job
	0  -  Total Bytes Sent By Job
	0  -  Total Bytes Received By Job
	Partitionable Resources :    Usage  Request Allocated
	   Cpus                 :                 1         1
	   Disk (KB)            :       15       15   2192066
	   Memory (MB)          :      742     8192      8192
	   Multinode            :                           1
...
