000 (119487.020.000) 11/23 16:28:01 Job submitted from host: <172.20.12.20:41606>
...
001 (119487.020.000) 11/23 16:28:10 Job executing on host: <172.20.15.234:41606?noUDP>
...
006 (119487.020.000) 11/23 16:28:18 Image size of job updated: 212000
	208  -  MemoryUsage of job (MB)
	212000  -  ResidentSetSize of job (KB)
...
006 (119487.020.000) 11/23 16:33:18 Image size of job updated: 807408
	789  -  MemoryUsage of job (MB)
	807408  -  ResidentSetSize of job (KB)
...
006 (119487.020.000) 11/23 16:38:18 Image size of job updated: 813208
	795  -  MemoryUsage of job (MB)
	813208  -  ResidentSetSize of job (KB)
...
006 (119487.020.000) 11/23 16:38:46 Image size of job updated: 920580
	795  -  MemoryUsage of job (MB)
	813208  -  ResidentSetSize of job (KB)
...
005 (119487.020.000) 11/23 16:38:46 Job terminated.
	(1) Normal termination (return value 0)
		Usr 0 00:10:27, Sys 0 00:00:03  -  Run Remote Usage
		Usr 0 00:00:00, Sys 0 00:00:00  -  Run Local Usage
		Usr 0 00:10:27, Sys 0 00:00:03  -  Total Remote Usage
		Usr 0 00:00:00, Sys 0 00:00:00  -  Total Local Usage
	0  -  Run Bytes Sent By Job
	0  -  Run Bytes Received By Job
	0  -  Total Bytes Sent By Job
	0  -  Total Bytes Received By Job
	Partitionable Resources :    Usage  Request Allocated
	   Cpus                 :                 1         1
	   Disk (KB)            :       15       15   2154552
	   Memory (MB)          :      795     8192      8192
	   Multinode            :                           1
...
