000 (119487.108.000) 11/23 16:28:02 Job submitted from host: <172.20.12.20:41606>
...
001 (119487.108.000) 11/23 16:28:44 Job executing on host: <172.20.15.146:44161?noUDP>
...
006 (119487.108.000) 11/23 16:28:53 Image size of job updated: 258364
	253  -  MemoryUsage of job (MB)
	258364  -  ResidentSetSize of job (KB)
...
006 (119487.108.000) 11/23 16:33:54 Image size of job updated: 1168312
	1141  -  MemoryUsage of job (MB)
	1168312  -  ResidentSetSize of job (KB)
...
006 (119487.108.000) 11/23 16:38:54 Image size of job updated: 1528120
	1493  -  MemoryUsage of job (MB)
	1528120  -  ResidentSetSize of job (KB)
...
006 (119487.108.000) 11/23 16:48:56 Image size of job updated: 2206576
	2155  -  MemoryUsage of job (MB)
	2206576  -  ResidentSetSize of job (KB)
...
006 (119487.108.000) 11/23 16:53:56 Image size of job updated: 2506584
	2448  -  MemoryUsage of job (MB)
	2506584  -  ResidentSetSize of job (KB)
...
005 (119487.108.000) 11/23 17:03:44 Job terminated.
	(1) Normal termination (return value 0)
		Usr 0 00:14:41, Sys 0 00:20:10  -  Run Remote Usage
		Usr 0 00:00:00, Sys 0 00:00:00  -  Run Local Usage
		Usr 0 00:14:41, Sys 0 00:20:10  -  Total Remote Usage
		Usr 0 00:00:00, Sys 0 00:00:00  -  Total Local Usage
	0  -  Run Bytes Sent By Job
	0  -  Run Bytes Received By Job
	0  -  Total Bytes Sent By Job
	0  -  Total Bytes Received By Job
	Partitionable Resources :    Usage  Request Allocated
	   Cpus                 :                 1         1
	   Disk (KB)            :       15       15   2223727
	   Memory (MB)          :     2448     8192      8192
	   Multinode            :                           1
...
