000 (119485.072.000) 11/23 16:27:46 Job submitted from host: <172.20.12.20:41606>
...
001 (119485.072.000) 11/23 16:27:48 Job executing on host: <172.20.15.225:42993?noUDP>
...
006 (119485.072.000) 11/23 16:27:56 Image size of job updated: 100968
	98  -  MemoryUsage of job (MB)
	99588  -  ResidentSetSize of job (KB)
...
006 (119485.072.000) 11/23 16:32:56 Image size of job updated: 1376188
	1343  -  MemoryUsage of job (MB)
	1374756  -  ResidentSetSize of job (KB)
...
006 (119485.072.000) 11/23 16:37:57 Image size of job updated: 1482892
	1447  -  MemoryUsage of job (MB)
	1481460  -  ResidentSetSize of job (KB)
...
006 (119485.072.000) 11/23 16:42:57 Image size of job updated: 1649172
	1610  -  MemoryUsage of job (MB)
	1647740  -  ResidentSetSize of job (KB)
...
006 (119485.072.000) 11/23 16:57:58 Image size of job updated: 1777676
	1735  -  MemoryUsage of job (MB)
	1776244  -  ResidentSetSize of job (KB)
...
006 (119485.072.000) 11/23 17:13:00 Image size of job updated: 1839020
	1795  -  MemoryUsage of job (MB)
	1837588  -  ResidentSetSize of job (KB)
...
006 (119485.072.000) 11/23 17:28:02 Image size of job updated: 2288680
	2234  -  MemoryUsage of job (MB)
	2287248  -  ResidentSetSize of job (KB)
...
006 (119485.072.000) 11/23 17:31:35 Image size of job updated: 2326288
	2234  -  MemoryUsage of job (MB)
	2287248  -  ResidentSetSize of job (KB)
...
005 (119485.072.000) 11/23 17:31:35 Job terminated.
	(1) Normal termination (return value 0)
		Usr 0 00:20:10, Sys 0 00:43:30  -  Run Remote Usage
		Usr 0 00:00:00, Sys 0 00:00:00  -  Run Local Usage
		Usr 0 00:20:10, Sys 0 00:43:30  -  Total Remote Usage
		Usr 0 00:00:00, Sys 0 00:00:00  -  Total Local Usage
	0  -  Run Bytes Sent By Job
	0  -  Run Bytes Received By Job
	0  -  Total Bytes Sent By Job
	0  -  Total Bytes Received By Job
	Partitionable Resources :    Usage  Request Allocated
	   Cpus                 :                 1         1
	   Disk (KB)            :       15       15   2217135
	   Memory (MB)          :     2234     8192      8192
	   Multinode            :                           1
...
