000 (119485.006.000) 11/23 16:27:45 Job submitted from host: <172.20.12.20:41606>
...
001 (119485.006.000) 11/23 16:27:47 Job executing on host: <172.20.15.148:47884?noUDP>
...
006 (119485.006.000) 11/23 16:27:56 Image size of job updated: 206468
	202  -  MemoryUsage of job (MB)
	206468  -  ResidentSetSize of job (KB)
...
006 (119485.006.000) 11/23 16:32:56 Image size of job updated: 591336
	578  -  MemoryUsage of job (MB)
	591336  -  ResidentSetSize of job (KB)
...
006 (119485.006.000) 11/23 16:37:56 Image size of job updated: 603496
	590  -  MemoryUsage of job (MB)
	603496  -  ResidentSetSize of job (KB)
...
006 (119485.006.000) 11/23 16:40:15 Image size of job updated: 736568
	590  -  MemoryUsage of job (MB)
	603496  -  ResidentSetSize of job (KB)
...
005 (119485.006.000) 11/23 16:40:15 Job terminated.
	(1) Normal termination (return value 0)
		Usr 0 00:06:58, Sys 0 00:04:56  -  Run Remote Usage
		Usr 0 00:00:00, Sys 0 00:00:00  -  Run Local Usage
		Usr 0 00:06:58, Sys 0 00:04:56  -  Total Remote Usage
		Usr 0 00:00:00, Sys 0 00:00:00  -  Total Local Usage
	0  -  Run Bytes Sent By Job
	0  -  Run Bytes Received By Job
	0  -  Total Bytes Sent By Job
	0  -  Total Bytes Received By Job
	Partitionable Resources :    Usage  Request Allocated
	   Cpus                 :                 1         1
	   Disk (KB)            :       15       15   2087216
	   Memory (MB)          :      590     8192      8192
	   Multinode            :                           1
...
