000 (119485.008.000) 11/23 16:27:45 Job submitted from host: <172.20.12.20:41606>
...
001 (119485.008.000) 11/23 16:27:47 Job executing on host: <172.20.15.124:44891?noUDP>
...
006 (119485.008.000) 11/23 16:27:56 Image size of job updated: 202984
	197  -  MemoryUsage of job (MB)
	201180  -  ResidentSetSize of job (KB)
...
006 (119485.008.000) 11/23 16:32:56 Image size of job updated: 638524
	622  -  MemoryUsage of job (MB)
	636536  -  ResidentSetSize of job (KB)
...
006 (119485.008.000) 11/23 16:37:56 Image size of job updated: 718780
	700  -  MemoryUsage of job (MB)
	716792  -  ResidentSetSize of job (KB)
...
006 (119485.008.000) 11/23 16:47:58 Image size of job updated: 847856
	827  -  MemoryUsage of job (MB)
	845868  -  ResidentSetSize of job (KB)
...
006 (119485.008.000) 11/23 16:57:59 Image size of job updated: 864132
	842  -  MemoryUsage of job (MB)
	862152  -  ResidentSetSize of job (KB)
...
005 (119485.008.000) 11/23 16:59:39 Job terminated.
	(1) Normal termination (return value 0)
		Usr 0 00:07:45, Sys 0 00:23:13  -  Run Remote Usage
		Usr 0 00:00:00, Sys 0 00:00:00  -  Run Local Usage
		Usr 0 00:07:45, Sys 0 00:23:13  -  Total Remote Usage
		Usr 0 00:00:00, Sys 0 00:00:00  -  Total Local Usage
	0  -  Run Bytes Sent By Job
	0  -  Run Bytes Received By Job
	0  -  Total Bytes Sent By Job
	0  -  Total Bytes Received By Job
	Partitionable Resources :    Usage  Request Allocated
	   Cpus                 :                 1         1
	   Disk (KB)            :       15       15   2224836
	   Memory (MB)          :      842     8192      8192
	   Multinode            :                           1
...
