000 (119487.151.000) 11/23 16:28:02 Job submitted from host: <172.20.12.20:41606>
...
001 (119487.151.000) 11/23 16:28:45 Job executing on host: <172.20.15.227:44818?noUDP>
...
006 (119487.151.000) 11/23 16:28:53 Image size of job updated: 210484
	206  -  MemoryUsage of job (MB)
	210484  -  ResidentSetSize of job (KB)
...
006 (119487.151.000) 11/23 16:33:53 Image size of job updated: 1676076
	1637  -  MemoryUsage of job (MB)
	1676076  -  ResidentSetSize of job (KB)
...
006 (119487.151.000) 11/23 16:38:54 Image size of job updated: 1967552
	1922  -  MemoryUsage of job (MB)
	1967552  -  ResidentSetSize of job (KB)
...
006 (119487.151.000) 11/23 16:43:55 Image size of job updated: 2395156
	2340  -  MemoryUsage of job (MB)
	2395156  -  ResidentSetSize of job (KB)
...
006 (119487.151.000) 11/23 16:53:56 Image size of job updated: 3465520
	3385  -  MemoryUsage of job (MB)
	3465520  -  ResidentSetSize of job (KB)
...
006 (119487.151.000) 11/23 16:58:57 Image size of job updated: 4083876
	3989  -  MemoryUsage of job (MB)
	4083876  -  ResidentSetSize of job (KB)
...
006 (119487.151.000) 11/23 17:03:57 Image size of job updated: 4418096
	4315  -  MemoryUsage of job (MB)
	4418096  -  ResidentSetSize of job (KB)
...
006 (119487.151.000) 11/23 17:28:59 Image size of job updated: 5677800
	5545  -  MemoryUsage of job (MB)
	5677800  -  ResidentSetSize of job (KB)
...
006 (119487.151.000) 11/23 17:32:28 Image size of job updated: 6124700
	5545  -  MemoryUsage of job (MB)
	5677800  -  ResidentSetSize of job (KB)
...
005 (119487.151.000) 11/23 17:32:28 Job terminated.
	(1) Normal termination (return value 0)
		Usr 0 00:32:01, Sys 0 00:31:36  -  Run Remote Usage
		Usr 0 00:00:00, Sys 0 00:00:00  -  Run Local Usage
		Usr 0 00:32:01, Sys 0 00:31:36  -  Total Remote Usage
		Usr 0 00:00:00, Sys 0 00:00:00  -  Total Local Usage
	0  -  Run Bytes Sent By Job
	0  -  Run Bytes Received By Job
	0  -  Total Bytes Sent By Job
	0  -  Total Bytes Received By Job
	Partitionable Resources :    Usage  Request Allocated
	   Cpus                 :                 1         1
	   Disk (KB)            :       15       15   2132052
	   Memory (MB)          :     5545     8192      8192
	   Multinode            :                           1
...
