000 (119487.086.000) 11/23 16:28:02 Job submitted from host: <172.20.12.20:41606>
...
001 (119487.086.000) 11/23 16:28:57 Job executing on host: <172.20.15.124:44891?noUDP>
...
006 (119487.086.000) 11/23 16:29:06 Image size of job updated: 99584
	98  -  MemoryUsage of job (MB)
	99584  -  ResidentSetSize of job (KB)
...
006 (119487.086.000) 11/23 16:34:07 Image size of job updated: 678800
	663  -  MemoryUsage of job (MB)
	678800  -  ResidentSetSize of job (KB)
...
006 (119487.086.000) 11/23 16:44:07 Image size of job updated: 868436
	849  -  MemoryUsage of job (MB)
	868436  -  ResidentSetSize of job (KB)
...
005 (119487.086.000) 11/23 16:52:54 Job terminated.
	(1) Normal termination (return value 0)
		Usr 0 00:07:48, Sys 0 00:16:07  -  Run Remote Usage
		Usr 0 00:00:00, Sys 0 00:00:00  -  Run Local Usage
		Usr 0 00:07:48, Sys 0 00:16:07  -  Total Remote Usage
		Usr 0 00:00:00, Sys 0 00:00:00  -  Total Local Usage
	0  -  Run Bytes Sent By Job
	0  -  Run Bytes Received By Job
	0  -  Total Bytes Sent By Job
	0  -  Total Bytes Received By Job
	Partitionable Resources :    Usage  Request Allocated
	   Cpus                 :                 1         1
	   Disk (KB)            :       15       15   2224832
	   Memory (MB)          :      849     8192      8192
	   Multinode            :                           1
...
