000 (119487.150.000) 11/23 16:28:02 Job submitted from host: <172.20.12.20:41606>
...
001 (119487.150.000) 11/23 16:28:45 Job executing on host: <172.20.15.122:40584?noUDP>
...
006 (119487.150.000) 11/23 16:28:53 Image size of job updated: 208920
	205  -  MemoryUsage of job (MB)
	208920  -  ResidentSetSize of job (KB)
...
006 (119487.150.000) 11/23 16:33:53 Image size of job updated: 948140
	926  -  MemoryUsage of job (MB)
	948140  -  ResidentSetSize of job (KB)
...
006 (119487.150.000) 11/23 16:38:54 Image size of job updated: 1241484
	1213  -  MemoryUsage of job (MB)
	1241484  -  ResidentSetSize of job (KB)
...
006 (119487.150.000) 11/23 16:48:55 Image size of job updated: 1257736
	1229  -  MemoryUsage of job (MB)
	1257736  -  ResidentSetSize of job (KB)
...
006 (119487.150.000) 11/23 16:53:56 Image size of job updated: 1282160
	1253  -  MemoryUsage of job (MB)
	1282160  -  ResidentSetSize of job (KB)
...
006 (119487.150.000) 11/23 16:54:15 Image size of job updated: 1683016
	1253  -  MemoryUsage of job (MB)
	1282160  -  ResidentSetSize of job (KB)
...
005 (119487.150.000) 11/23 16:54:15 Job terminated.
	(1) Normal termination (return value 0)
		Usr 0 00:11:58, Sys 0 00:13:28  -  Run Remote Usage
		Usr 0 00:00:00, Sys 0 00:00:00  -  Run Local Usage
		Usr 0 00:11:58, Sys 0 00:13:28  -  Total Remote Usage
		Usr 0 00:00:00, Sys 0 00:00:00  -  Total Local Usage
	0  -  Run Bytes Sent By Job
	0  -  Run Bytes Received By Job
	0  -  Total Bytes Sent By Job
	0  -  Total Bytes Received By Job
	Partitionable Resources :    Usage  Request Allocated
	   Cpus                 :                 1         1
	   Disk (KB)            :       15       15   1107102
	   Memory (MB)          :     1253     8192      8192
	   Multinode            :                           1
...
