000 (119485.088.000) 11/23 16:27:46 Job submitted from host: <172.20.12.20:41606>
...
001 (119485.088.000) 11/23 16:27:48 Job executing on host: <172.20.15.192:40876?noUDP>
...
006 (119485.088.000) 11/23 16:28:01 Image size of job updated: 207696
	202  -  MemoryUsage of job (MB)
	205832  -  ResidentSetSize of job (KB)
...
006 (119485.088.000) 11/23 16:33:01 Image size of job updated: 769600
	750  -  MemoryUsage of job (MB)
	767612  -  ResidentSetSize of job (KB)
...
006 (119485.088.000) 11/23 16:38:02 Image size of job updated: 899328
	877  -  MemoryUsage of job (MB)
	897340  -  ResidentSetSize of job (KB)
...
006 (119485.088.000) 11/23 16:43:02 Image size of job updated: 1016764
	991  -  MemoryUsage of job (MB)
	1014776  -  ResidentSetSize of job (KB)
...
006 (119485.088.000) 11/23 16:53:03 Image size of job updated: 1060660
	1034  -  MemoryUsage of job (MB)
	1058680  -  ResidentSetSize of job (KB)
...
006 (119485.088.000) 11/23 16:53:40 Image size of job updated: 1065348
	1034  -  MemoryUsage of job (MB)
	1058680  -  ResidentSetSize of job (KB)
...
005 (119485.088.000) 11/23 16:53:40 Job terminated.
	(1) Normal termination (return value 0)
		Usr 0 00:08:54, Sys 0 00:16:14  -  Run Remote Usage
		Usr 0 00:00:00, Sys 0 00:00:00  -  Run Local Usage
		Usr 0 00:08:54, Sys 0 00:16:14  -  Total Remote Usage
		Usr 0 00:00:00, Sys 0 00:00:00  -  Total Local Usage
	0  -  Run Bytes Sent By Job
	0  -  Run Bytes Received By Job
	0  -  Total Bytes Sent By Job
	0  -  Total Bytes Received By Job
	Partitionable Resources :    Usage  Request Allocated
	   Cpus                 :                 1         1
	   Disk (KB)            :       15       15   2259427
	   Memory (MB)          :     1034     8192      8192
	   Multinode            :                           1
...
