000 (119487.052.000) 11/23 16:28:01 Job submitted from host: <172.20.12.20:41606>
...
001 (119487.052.000) 11/23 16:28:10 Job executing on host: <172.20.15.185:44015?noUDP>
...
006 (119487.052.000) 11/23 16:28:18 Image size of job updated: 210112
	206  -  MemoryUsage of job (MB)
	210112  -  ResidentSetSize of job (KB)
...
006 (119487.052.000) 11/23 16:33:18 Image size of job updated: 683404
	668  -  MemoryUsage of job (MB)
	683404  -  ResidentSetSize of job (KB)
...
006 (119487.052.000) 11/23 16:35:19 Image size of job updated: 756264
	668  -  MemoryUsage of job (MB)
	683404  -  ResidentSetSize of job (KB)
...
005 (119487.052.000) 11/23 16:35:19 Job terminated.
	(1) Normal termination (return value 0)
		Usr 0 00:07:02, Sys 0 00:00:02  -  Run Remote Usage
		Usr 0 00:00:00, Sys 0 00:00:00  -  Run Local Usage
		Usr 0 00:07:02, Sys 0 00:00:02  -  Total Remote Usage
		Usr 0 00:00:00, Sys 0 00:00:00  -  Total Local Usage
	0  -  Run Bytes Sent By Job
	0  -  Run Bytes Received By Job
	0  -  Total Bytes Sent By Job
	0  -  Total Bytes Received By Job
	Partitionable Resources :    Usage  Request Allocated
	   Cpus                 :                 1         1
	   Disk (KB)            :       15       15   2124885
	   Memory (MB)          :      668     8192      8192
	   Multinode            :                           1
...
