000 (119487.047.000) 11/23 16:28:01 Job submitted from host: <172.20.12.20:41606>
...
001 (119487.047.000) 11/23 16:28:10 Job executing on host: <172.20.15.85:41022?noUDP>
...
006 (119487.047.000) 11/23 16:28:18 Image size of job updated: 208904
	205  -  MemoryUsage of job (MB)
	208904  -  ResidentSetSize of job (KB)
...
006 (119487.047.000) 11/23 16:33:18 Image size of job updated: 765336
	748  -  MemoryUsage of job (MB)
	765336  -  ResidentSetSize of job (KB)
...
006 (119487.047.000) 11/23 16:38:19 Image size of job updated: 988592
	966  -  MemoryUsage of job (MB)
	988592  -  ResidentSetSize of job (KB)
...
006 (119487.047.000) 11/23 16:43:20 Image size of job updated: 1032584
	1009  -  MemoryUsage of job (MB)
	1032584  -  ResidentSetSize of job (KB)
...
006 (119487.047.000) 11/23 16:43:28 Image size of job updated: 1196560
	1009  -  MemoryUsage of job (MB)
	1032584  -  ResidentSetSize of job (KB)
...
005 (119487.047.000) 11/23 16:43:28 Job terminated.
	(1) Normal termination (return value 0)
		Usr 0 00:07:52, Sys 0 00:07:01  -  Run Remote Usage
		Usr 0 00:00:00, Sys 0 00:00:00  -  Run Local Usage
		Usr 0 00:07:52, Sys 0 00:07:01  -  Total Remote Usage
		Usr 0 00:00:00, Sys 0 00:00:00  -  Total Local Usage
	0  -  Run Bytes Sent By Job
	0  -  Run Bytes Received By Job
	0  -  Total Bytes Sent By Job
	0  -  Total Bytes Received By Job
	Partitionable Resources :    Usage  Request Allocated
	   Cpus                 :                 1         1
	   Disk (KB)            :       15       15   2100827
	   Memory (MB)          :     1009     8192      8192
	   Multinode            :                           1
...
