000 (119485.032.000) 11/23 16:27:45 Job submitted from host: <172.20.12.20:41606>
...
001 (119485.032.000) 11/23 16:27:48 Job executing on host: <172.20.15.121:42920?noUDP>
...
006 (119485.032.000) 11/23 16:27:56 Image size of job updated: 210008
	206  -  MemoryUsage of job (MB)
	210008  -  ResidentSetSize of job (KB)
...
006 (119485.032.000) 11/23 16:32:56 Image size of job updated: 1084096
	1059  -  MemoryUsage of job (MB)
	1084096  -  ResidentSetSize of job (KB)
...
006 (119485.032.000) 11/23 16:37:04 Image size of job updated: 1547812
	1059  -  MemoryUsage of job (MB)
	1084096  -  ResidentSetSize of job (KB)
...
005 (119485.032.000) 11/23 16:37:04 Job terminated.
	(1) Normal termination (return value 0)
		Usr 0 00:09:03, Sys 0 00:00:07  -  Run Remote Usage
		Usr 0 00:00:00, Sys 0 00:00:00  -  Run Local Usage
		Usr 0 00:09:03, Sys 0 00:00:07  -  Total Remote Usage
		Usr 0 00:00:00, Sys 0 00:00:00  -  Total Local Usage
	0  -  Run Bytes Sent By Job
	0  -  Run Bytes Received By Job
	0  -  Total Bytes Sent By Job
	0  -  Total Bytes Received By Job
	Partitionable Resources :    Usage  Request Allocated
	   Cpus                 :                 1         1
	   Disk (KB)            :       15       15   2218777
	   Memory (MB)          :     1059     8192      8192
	   Multinode            :                           1
...
