000 (119487.061.000) 11/23 16:28:01 Job submitted from host: <172.20.12.20:41606>
...
001 (119487.061.000) 11/23 16:28:10 Job executing on host: <172.20.15.175:42701?noUDP>
...
006 (119487.061.000) 11/23 16:28:18 Image size of job updated: 208904
	205  -  MemoryUsage of job (MB)
	208904  -  ResidentSetSize of job (KB)
...
006 (119487.061.000) 11/23 16:33:18 Image size of job updated: 1020652
	997  -  MemoryUsage of job (MB)
	1020652  -  ResidentSetSize of job (KB)
...
006 (119487.061.000) 11/23 16:47:48 Image size of job updated: 1177672
	997  -  MemoryUsage of job (MB)
	1020652  -  ResidentSetSize of job (KB)
...
005 (119487.061.000) 11/23 16:47:48 Job terminated.
	(1) Normal termination (return value 0)
		Usr 0 00:11:54, Sys 0 00:07:40  -  Run Remote Usage
		Usr 0 00:00:00, Sys 0 00:00:00  -  Run Local Usage
		Usr 0 00:11:54, Sys 0 00:07:40  -  Total Remote Usage
		Usr 0 00:00:00, Sys 0 00:00:00  -  Total Local Usage
	0  -  Run Bytes Sent By Job
	0  -  Run Bytes Received By Job
	0  -  Total Bytes Sent By Job
	0  -  Total Bytes Received By Job
	Partitionable Resources :    Usage  Request Allocated
	   Cpus                 :                 1         1
	   Disk (KB)            :       15       15   2103453
	   Memory (MB)          :      997     8192      8192
	   Multinode            :                           1
...
