000 (119487.044.000) 11/23 16:28:01 Job submitted from host: <172.20.12.20:41606>
...
001 (119487.044.000) 11/23 16:28:10 Job executing on host: <172.20.15.133:43358?noUDP>
...
006 (119487.044.000) 11/23 16:28:18 Image size of job updated: 208904
	205  -  MemoryUsage of job (MB)
	208904  -  ResidentSetSize of job (KB)
...
006 (119487.044.000) 11/23 16:33:18 Image size of job updated: 857232
	838  -  MemoryUsage of job (MB)
	857232  -  ResidentSetSize of job (KB)
...
006 (119487.044.000) 11/23 16:38:19 Image size of job updated: 1083316
	1058  -  MemoryUsage of job (MB)
	1083316  -  ResidentSetSize of job (KB)
...
006 (119487.044.000) 11/23 16:43:20 Image size of job updated: 1552828
	1517  -  MemoryUsage of job (MB)
	1552828  -  ResidentSetSize of job (KB)
...
006 (119487.044.000) 11/23 16:53:20 Image size of job updated: 1563616
	1527  -  MemoryUsage of job (MB)
	1563616  -  ResidentSetSize of job (KB)
...
006 (119487.044.000) 11/23 17:03:21 Image size of job updated: 1715016
	1675  -  MemoryUsage of job (MB)
	1715016  -  ResidentSetSize of job (KB)
...
006 (119487.044.000) 11/23 17:13:22 Image size of job updated: 1826188
	1784  -  MemoryUsage of job (MB)
	1826188  -  ResidentSetSize of job (KB)
...
006 (119487.044.000) 11/23 17:23:23 Image size of job updated: 2228132
	2176  -  MemoryUsage of job (MB)
	2228132  -  ResidentSetSize of job (KB)
...
005 (119487.044.000) 11/23 17:25:04 Job terminated.
	(1) Normal termination (return value 0)
		Usr 0 00:13:19, Sys 0 00:43:08  -  Run Remote Usage
		Usr 0 00:00:00, Sys 0 00:00:00  -  Run Local Usage
		Usr 0 00:13:19, Sys 0 00:43:08  -  Total Remote Usage
		Usr 0 00:00:00, Sys 0 00:00:00  -  Total Local Usage
	0  -  Run Bytes Sent By Job
	0  -  Run Bytes Received By Job
	0  -  Total Bytes Sent By Job
	0  -  Total Bytes Received By Job
	Partitionable Resources :    Usage  Request Allocated
	   Cpus                 :                 1         1
	   Disk (KB)            :       15       15   2210967
	   Memory (MB)          :     2176     8192      8192
	   Multinode            :                           1
...
