000 (119487.063.000) 11/23 16:28:01 Job submitted from host: <172.20.12.20:41606>
...
001 (119487.063.000) 11/23 16:28:10 Job executing on host: <172.20.15.170:45621?noUDP>
...
006 (119487.063.000) 11/23 16:28:18 Image size of job updated: 210772
	206  -  MemoryUsage of job (MB)
	210772  -  ResidentSetSize of job (KB)
...
006 (119487.063.000) 11/23 16:33:18 Image size of job updated: 956488
	935  -  MemoryUsage of job (MB)
	956488  -  ResidentSetSize of job (KB)
...
006 (119487.063.000) 11/23 16:43:20 Image size of job updated: 1158696
	1132  -  MemoryUsage of job (MB)
	1158696  -  ResidentSetSize of job (KB)
...
006 (119487.063.000) 11/23 17:03:22 Image size of job updated: 1278720
	1249  -  MemoryUsage of job (MB)
	1278720  -  ResidentSetSize of job (KB)
...
006 (119487.063.000) 11/23 17:06:03 Image size of job updated: 1334620
	1249  -  MemoryUsage of job (MB)
	1278720  -  ResidentSetSize of job (KB)
...
005 (119487.063.000) 11/23 17:06:03 Job terminated.
	(1) Normal termination (return value 0)
		Usr 0 00:09:48, Sys 0 00:28:00  -  Run Remote Usage
		Usr 0 00:00:00, Sys 0 00:00:00  -  Run Local Usage
		Usr 0 00:09:48, Sys 0 00:28:00  -  Total Remote Usage
		Usr 0 00:00:00, Sys 0 00:00:00  -  Total Local Usage
	0  -  Run Bytes Sent By Job
	0  -  Run Bytes Received By Job
	0  -  Total Bytes Sent By Job
	0  -  Total Bytes Received By Job
	Partitionable Resources :    Usage  Request Allocated
	   Cpus                 :                 1         1
	   Disk (KB)            :       15       15   2124090
	   Memory (MB)          :     1249     8192      8192
	   Multinode            :                           1
...
