000 (119487.054.000) 11/23 16:28:01 Job submitted from host: <172.20.12.20:41606>
...
001 (119487.054.000) 11/23 16:28:10 Job executing on host: <172.20.15.69:49928?noUDP>
...
006 (119487.054.000) 11/23 16:28:18 Image size of job updated: 208904
	205  -  MemoryUsage of job (MB)
	208904  -  ResidentSetSize of job (KB)
...
006 (119487.054.000) 11/23 16:33:18 Image size of job updated: 681328
	666  -  MemoryUsage of job (MB)
	681328  -  ResidentSetSize of job (KB)
...
006 (119487.054.000) 11/23 16:38:19 Image size of job updated: 847696
	828  -  MemoryUsage of job (MB)
	847696  -  ResidentSetSize of job (KB)
...
006 (119487.054.000) 11/23 16:48:20 Image size of job updated: 971532
	949  -  MemoryUsage of job (MB)
	971532  -  ResidentSetSize of job (KB)
...
006 (119487.054.000) 11/23 16:49:18 Image size of job updated: 977804
	949  -  MemoryUsage of job (MB)
	971532  -  ResidentSetSize of job (KB)
...
005 (119487.054.000) 11/23 16:49:18 Job terminated.
	(1) Normal termination (return value 0)
		Usr 0 00:10:41, Sys 0 00:10:22  -  Run Remote Usage
		Usr 0 00:00:00, Sys 0 00:00:00  -  Run Local Usage
		Usr 0 00:10:41, Sys 0 00:10:22  -  Total Remote Usage
		Usr 0 00:00:00, Sys 0 00:00:00  -  Total Local Usage
	0  -  Run Bytes Sent By Job
	0  -  Run Bytes Received By Job
	0  -  Total Bytes Sent By Job
	0  -  Total Bytes Received By Job
	Partitionable Resources :    Usage  Request Allocated
	   Cpus                 :                 1         1
	   Disk (KB)            :       15       15   2215366
	   Memory (MB)          :      949     8192      8192
	   Multinode            :                           1
...
