000 (119485.091.000) 11/23 16:27:46 Job submitted from host: <172.20.12.20:41606>
...
001 (119485.091.000) 11/23 16:27:48 Job executing on host: <172.20.15.200:43212?noUDP>
...
006 (119485.091.000) 11/23 16:27:57 Image size of job updated: 209652
	203  -  MemoryUsage of job (MB)
	207872  -  ResidentSetSize of job (KB)
...
006 (119485.091.000) 11/23 16:32:58 Image size of job updated: 729304
	711  -  MemoryUsage of job (MB)
	727404  -  ResidentSetSize of job (KB)
...
005 (119485.091.000) 11/23 16:33:32 Job terminated.
	(1) Normal termination (return value 0)
		Usr 0 00:05:36, Sys 0 00:00:03  -  Run Remote Usage
		Usr 0 00:00:00, Sys 0 00:00:00  -  Run Local Usage
		Usr 0 00:05:36, Sys 0 00:00:03  -  Total Remote Usage
		Usr 0 00:00:00, Sys 0 00:00:00  -  Total Local Usage
	0  -  Run Bytes Sent By Job
	0  -  Run Bytes Received By Job
	0  -  Total Bytes Sent By Job
	0  -  Total Bytes Received By Job
	Partitionable Resources :    Usage  Request Allocated
	   Cpus                 :                 1         1
	   Disk (KB)            :       15       15   2186234
	   Memory (MB)          :      711     8192      8192
	   Multinode            :                           1
...
