000 (119487.022.000) 11/23 16:28:01 Job submitted from host: <172.20.12.20:41606>
...
001 (119487.022.000) 11/23 16:28:10 Job executing on host: <172.20.15.201:44964?noUDP>
...
006 (119487.022.000) 11/23 16:28:18 Image size of job updated: 210636
	206  -  MemoryUsage of job (MB)
	210636  -  ResidentSetSize of job (KB)
...
006 (119487.022.000) 11/23 16:33:18 Image size of job updated: 826192
	807  -  MemoryUsage of job (MB)
	826192  -  ResidentSetSize of job (KB)
...
006 (119487.022.000) 11/23 16:37:17 Image size of job updated: 924160
	807  -  MemoryUsage of job (MB)
	826192  -  ResidentSetSize of job (KB)
...
005 (119487.022.000) 11/23 16:37:17 Job terminated.
	(1) Normal termination (return value 0)
		Usr 0 00:08:57, Sys 0 00:00:04  -  Run Remote Usage
		Usr 0 00:00:00, Sys 0 00:00:00  -  Run Local Usage
		Usr 0 00:08:57, Sys 0 00:00:04  -  Total Remote Usage
		Usr 0 00:00:00, Sys 0 00:00:00  -  Total Local Usage
	0  -  Run Bytes Sent By Job
	0  -  Run Bytes Received By Job
	0  -  Total Bytes Sent By Job
	0  -  Total Bytes Received By Job
	Partitionable Resources :    Usage  Request Allocated
	   Cpus                 :                 1         1
	   Disk (KB)            :       15       15   2091597
	   Memory (MB)          :      807     8192      8192
	   Multinode            :                           1
...
