000 (119485.071.000) 11/23 16:27:45 Job submitted from host: <172.20.12.20:41606>
...
001 (119485.071.000) 11/23 16:27:48 Job executing on host: <172.20.15.70:45256?noUDP>
...
006 (119485.071.000) 11/23 16:27:56 Image size of job updated: 99596
	98  -  MemoryUsage of job (MB)
	99596  -  ResidentSetSize of job (KB)
...
006 (119485.071.000) 11/23 16:32:56 Image size of job updated: 996380
	974  -  MemoryUsage of job (MB)
	996380  -  ResidentSetSize of job (KB)
...
006 (119485.071.000) 11/23 16:37:57 Image size of job updated: 1136660
	1111  -  MemoryUsage of job (MB)
	1136660  -  ResidentSetSize of job (KB)
...
006 (119485.071.000) 11/23 16:45:35 Image size of job updated: 1325224
	1111  -  MemoryUsage of job (MB)
	1136660  -  ResidentSetSize of job (KB)
...
005 (119485.071.000) 11/23 16:45:35 Job terminated.
	(1) Normal termination (return value 0)
		Usr 0 00:11:00, Sys 0 00:06:43  -  Run Remote Usage
		Usr 0 00:00:00, Sys 0 00:00:00  -  Run Local Usage
		Usr 0 00:11:00, Sys 0 00:06:43  -  Total Remote Usage
		Usr 0 00:00:00, Sys 0 00:00:00  -  Total Local Usage
	0  -  Run Bytes Sent By Job
	0  -  Run Bytes Received By Job
	0  -  Total Bytes Sent By Job
	0  -  Total Bytes Received By Job
	Partitionable Resources :    Usage  Request Allocated
	   Cpus                 :                 1         1
	   Disk (KB)            :       15       15   2221878
	   Memory (MB)          :     1111     8192      8192
	   Multinode            :                           1
...
