000 (119485.052.000) 11/23 16:27:45 Job submitted from host: <172.20.12.20:41606>
...
001 (119485.052.000) 11/23 16:27:48 Job executing on host: <172.20.15.201:44964?noUDP>
...
006 (119485.052.000) 11/23 16:27:56 Image size of job updated: 209868
	205  -  MemoryUsage of job (MB)
	209868  -  ResidentSetSize of job (KB)
...
006 (119485.052.000) 11/23 16:32:56 Image size of job updated: 706184
	690  -  MemoryUsage of job (MB)
	706184  -  ResidentSetSize of job (KB)
...
006 (119485.052.000) 11/23 16:35:33 Image size of job updated: 815348
	690  -  MemoryUsage of job (MB)
	706184  -  ResidentSetSize of job (KB)
...
005 (119485.052.000) 11/23 16:35:33 Job terminated.
	(1) Normal termination (return value 0)
		Usr 0 00:07:33, Sys 0 00:00:03  -  Run Remote Usage
		Usr 0 00:00:00, Sys 0 00:00:00  -  Run Local Usage
		Usr 0 00:07:33, Sys 0 00:00:03  -  Total Remote Usage
		Usr 0 00:00:00, Sys 0 00:00:00  -  Total Local Usage
	0  -  Run Bytes Sent By Job
	0  -  Run Bytes Received By Job
	0  -  Total Bytes Sent By Job
	0  -  Total Bytes Received By Job
	Partitionable Resources :    Usage  Request Allocated
	   Cpus                 :                 1         1
	   Disk (KB)            :       15       15   2091599
	   Memory (MB)          :      690     8192      8192
	   Multinode            :                           1
...
