000 (119487.107.000) 11/23 16:28:02 Job submitted from host: <172.20.12.20:41606>
...
001 (119487.107.000) 11/23 16:28:44 Job executing on host: <172.20.15.198:48687?noUDP>
...
006 (119487.107.000) 11/23 16:28:54 Image size of job updated: 213572
	209  -  MemoryUsage of job (MB)
	213572  -  ResidentSetSize of job (KB)
...
006 (119487.107.000) 11/23 16:33:54 Image size of job updated: 1290348
	1261  -  MemoryUsage of job (MB)
	1290348  -  ResidentSetSize of job (KB)
...
006 (119487.107.000) 11/23 16:38:54 Image size of job updated: 2345144
	2291  -  MemoryUsage of job (MB)
	2345144  -  ResidentSetSize of job (KB)
...
006 (119487.107.000) 11/23 16:41:22 Image size of job updated: 2550084
	2291  -  MemoryUsage of job (MB)
	2345144  -  ResidentSetSize of job (KB)
...
005 (119487.107.000) 11/23 16:41:22 Job terminated.
	(1) Normal termination (return value 0)
		Usr 0 00:12:09, Sys 0 00:00:22  -  Run Remote Usage
		Usr 0 00:00:00, Sys 0 00:00:00  -  Run Local Usage
		Usr 0 00:12:09, Sys 0 00:00:22  -  Total Remote Usage
		Usr 0 00:00:00, Sys 0 00:00:00  -  Total Local Usage
	0  -  Run Bytes Sent By Job
	0  -  Run Bytes Received By Job
	0  -  Total Bytes Sent By Job
	0  -  Total Bytes Received By Job
	Partitionable Resources :    Usage  Request Allocated
	   Cpus                 :                 1         1
	   Disk (KB)            :       15       15   2137640
	   Memory (MB)          :     2291     8192      8192
	   Multinode            :                           1
...
