000 (119485.034.000) 11/23 16:27:45 Job submitted from host: <172.20.12.20:41606>
...
001 (119485.034.000) 11/23 16:27:48 Job executing on host: <172.20.15.69:49928?noUDP>
...
006 (119485.034.000) 11/23 16:27:56 Image size of job updated: 99584
	98  -  MemoryUsage of job (MB)
	99584  -  ResidentSetSize of job (KB)
...
006 (119485.034.000) 11/23 16:32:56 Image size of job updated: 1009788
	987  -  MemoryUsage of job (MB)
	1009788  -  ResidentSetSize of job (KB)
...
006 (119485.034.000) 11/23 16:37:57 Image size of job updated: 1207652
	1180  -  MemoryUsage of job (MB)
	1207652  -  ResidentSetSize of job (KB)
...
006 (119485.034.000) 11/23 16:42:58 Image size of job updated: 1515800
	1481  -  MemoryUsage of job (MB)
	1515800  -  ResidentSetSize of job (KB)
...
006 (119485.034.000) 11/23 16:52:58 Image size of job updated: 1678548
	1640  -  MemoryUsage of job (MB)
	1678548  -  ResidentSetSize of job (KB)
...
006 (119485.034.000) 11/23 17:03:00 Image size of job updated: 2567388
	2508  -  MemoryUsage of job (MB)
	2567388  -  ResidentSetSize of job (KB)
...
006 (119485.034.000) 11/23 17:23:02 Image size of job updated: 3145344
	3072  -  MemoryUsage of job (MB)
	3145344  -  ResidentSetSize of job (KB)
...
005 (119485.034.000) 11/23 17:27:53 Job terminated.
	(1) Normal termination (return value 0)
		Usr 0 00:20:26, Sys 0 00:39:19  -  Run Remote Usage
		Usr 0 00:00:00, Sys 0 00:00:00  -  Run Local Usage
		Usr 0 00:20:26, Sys 0 00:39:19  -  Total Remote Usage
		Usr 0 00:00:00, Sys 0 00:00:00  -  Total Local Usage
	0  -  Run Bytes Sent By Job
	0  -  Run Bytes Received By Job
	0  -  Total Bytes Sent By Job
	0  -  Total Bytes Received By Job
	Partitionable Resources :    Usage  Request Allocated
	   Cpus                 :                 1         1
	   Disk (KB)            :       15       15   2215359
	   Memory (MB)          :     3072     8192      8192
	   Multinode            :                           1
...
