000 (119485.031.000) 11/23 16:27:45 Job submitted from host: <172.20.12.20:41606>
...
001 (119485.031.000) 11/23 16:27:48 Job executing on host: <172.20.15.54:41898?noUDP>
...
006 (119485.031.000) 11/23 16:27:56 Image size of job updated: 206696
	202  -  MemoryUsage of job (MB)
	206696  -  ResidentSetSize of job (KB)
...
006 (119485.031.000) 11/23 16:32:56 Image size of job updated: 1560096
	1524  -  MemoryUsage of job (MB)
	1560096  -  ResidentSetSize of job (KB)
...
006 (119485.031.000) 11/23 16:37:56 Image size of job updated: 1631836
	1594  -  MemoryUsage of job (MB)
	1631836  -  ResidentSetSize of job (KB)
...
006 (119485.031.000) 11/23 16:42:57 Image size of job updated: 2646236
	2585  -  MemoryUsage of job (MB)
	2646236  -  ResidentSetSize of job (KB)
...
005 (119485.031.000) 11/23 16:43:02 Job terminated.
	(1) Normal termination (return value 0)
		Usr 0 00:14:21, Sys 0 00:00:23  -  Run Remote Usage
		Usr 0 00:00:00, Sys 0 00:00:00  -  Run Local Usage
		Usr 0 00:14:21, Sys 0 00:00:23  -  Total Remote Usage
		Usr 0 00:00:00, Sys 0 00:00:00  -  Total Local Usage
	0  -  Run Bytes Sent By Job
	0  -  Run Bytes Received By Job
	0  -  Total Bytes Sent By Job
	0  -  Total Bytes Received By Job
	Partitionable Resources :    Usage  Request Allocated
	   Cpus                 :                 1         1
	   Disk (KB)            :       15       15   2207522
	   Memory (MB)          :     2585     8192      8192
	   Multinode            :                           1
...
