000 (119485.139.000) 11/23 16:27:46 Job submitted from host: <172.20.12.20:41606>
...
001 (119485.139.000) 11/23 16:28:09 Job executing on host: <172.20.15.199:46935?noUDP>
...
006 (119485.139.000) 11/23 16:28:18 Image size of job updated: 346568
	339  -  MemoryUsage of job (MB)
	346568  -  ResidentSetSize of job (KB)
...
006 (119485.139.000) 11/23 16:33:19 Image size of job updated: 764800
	747  -  MemoryUsage of job (MB)
	764800  -  ResidentSetSize of job (KB)
...
006 (119485.139.000) 11/23 16:34:57 Image size of job updated: 823096
	747  -  MemoryUsage of job (MB)
	764800  -  ResidentSetSize of job (KB)
...
005 (119485.139.000) 11/23 16:34:57 Job terminated.
	(1) Normal termination (return value 0)
		Usr 0 00:06:43, Sys 0 00:00:03  -  Run Remote Usage
		Usr 0 00:00:00, Sys 0 00:00:00  -  Run Local Usage
		Usr 0 00:06:43, Sys 0 00:00:03  -  Total Remote Usage
		Usr 0 00:00:00, Sys 0 00:00:00  -  Total Local Usage
	0  -  Run Bytes Sent By Job
	0  -  Run Bytes Received By Job
	0  -  Total Bytes Sent By Job
	0  -  Total Bytes Received By Job
	Partitionable Resources :    Usage  Request Allocated
	   Cpus                 :                 1         1
	   Disk (KB)            :       15       15   2224992
	   Memory (MB)          :      747     8192      8192
	   Multinode            :                           1
...
