000 (119487.009.000) 11/23 16:28:01 Job submitted from host: <172.20.12.20:41606>
...
001 (119487.009.000) 11/23 16:28:09 Job executing on host: <172.20.15.179:47665?noUDP>
...
006 (119487.009.000) 11/23 16:28:18 Image size of job updated: 210740
	206  -  MemoryUsage of job (MB)
	210740  -  ResidentSetSize of job (KB)
...
006 (119487.009.000) 11/23 16:33:18 Image size of job updated: 568792
	556  -  MemoryUsage of job (MB)
	568792  -  ResidentSetSize of job (KB)
...
006 (119487.009.000) 11/23 16:38:18 Image size of job updated: 580180
	567  -  MemoryUsage of job (MB)
	580180  -  ResidentSetSize of job (KB)
...
006 (119487.009.000) 11/23 16:43:19 Image size of job updated: 708104
	692  -  MemoryUsage of job (MB)
	708104  -  ResidentSetSize of job (KB)
...
005 (119487.009.000) 11/23 16:44:21 Job terminated.
	(1) Normal termination (return value 0)
		Usr 0 00:06:36, Sys 0 00:09:29  -  Run Remote Usage
		Usr 0 00:00:00, Sys 0 00:00:00  -  Run Local Usage
		Usr 0 00:06:36, Sys 0 00:09:29  -  Total Remote Usage
		Usr 0 00:00:00, Sys 0 00:00:00  -  Total Local Usage
	0  -  Run Bytes Sent By Job
	0  -  Run Bytes Received By Job
	0  -  Total Bytes Sent By Job
	0  -  Total Bytes Received By Job
	Partitionable Resources :    Usage  Request Allocated
	   Cpus                 :                 1         1
	   Disk (KB)            :       15       15   2250109
	   Memory (MB)          :      692     8192      8192
	   Multinode            :                           1
...
