000 (119485.055.000) 11/23 16:27:45 Job submitted from host: <172.20.12.20:41606>
...
001 (119485.055.000) 11/23 16:27:48 Job executing on host: <172.20.15.137:47008?noUDP>
...
006 (119485.055.000) 11/23 16:27:56 Image size of job updated: 209744
	204  -  MemoryUsage of job (MB)
	207880  -  ResidentSetSize of job (KB)
...
006 (119485.055.000) 11/23 16:32:56 Image size of job updated: 722524
	704  -  MemoryUsage of job (MB)
	720536  -  ResidentSetSize of job (KB)
...
006 (119485.055.000) 11/23 16:37:57 Image size of job updated: 761308
	742  -  MemoryUsage of job (MB)
	759320  -  ResidentSetSize of job (KB)
...
006 (119485.055.000) 11/23 16:42:58 Image size of job updated: 764756
	745  -  MemoryUsage of job (MB)
	762768  -  ResidentSetSize of job (KB)
...
006 (119485.055.000) 11/23 16:47:58 Image size of job updated: 834760
	814  -  MemoryUsage of job (MB)
	832772  -  ResidentSetSize of job (KB)
...
005 (119485.055.000) 11/23 16:48:51 Job terminated.
	(1) Normal termination (return value 0)
		Usr 0 00:08:52, Sys 0 00:11:27  -  Run Remote Usage
		Usr 0 00:00:00, Sys 0 00:00:00  -  Run Local Usage
		Usr 0 00:08:52, Sys 0 00:11:27  -  Total Remote Usage
		Usr 0 00:00:00, Sys 0 00:00:00  -  Total Local Usage
	0  -  Run Bytes Sent By Job
	0  -  Run Bytes Received By Job
	0  -  Total Bytes Sent By Job
	0  -  Total Bytes Received By Job
	Partitionable Resources :    Usage  Request Allocated
	   Cpus                 :                 1         1
	   Disk (KB)            :       15       15   2219630
	   Memory (MB)          :      814     8192      8192
	   Multinode            :                           1
...
