000 (119487.001.000) 11/23 16:28:01 Job submitted from host: <172.20.12.20:41606>
...
001 (119487.001.000) 11/23 16:28:09 Job executing on host: <172.20.15.144:41241?noUDP>
...
006 (119487.001.000) 11/23 16:28:18 Image size of job updated: 210528
	206  -  MemoryUsage of job (MB)
	210528  -  ResidentSetSize of job (KB)
...
006 (119487.001.000) 11/23 16:33:19 Image size of job updated: 650720
	636  -  MemoryUsage of job (MB)
	650720  -  ResidentSetSize of job (KB)
...
006 (119487.001.000) 11/23 16:38:19 Image size of job updated: 651832
	637  -  MemoryUsage of job (MB)
	651832  -  ResidentSetSize of job (KB)
...
006 (119487.001.000) 11/23 16:43:20 Image size of job updated: 703572
	688  -  MemoryUsage of job (MB)
	703572  -  ResidentSetSize of job (KB)
...
006 (119487.001.000) 11/23 16:48:16 Image size of job updated: 786840
	688  -  MemoryUsage of job (MB)
	703572  -  ResidentSetSize of job (KB)
...
005 (119487.001.000) 11/23 16:48:16 Job terminated.
	(1) Normal termination (return value 0)
		Usr 0 00:08:28, Sys 0 00:11:31  -  Run Remote Usage
		Usr 0 00:00:00, Sys 0 00:00:00  -  Run Local Usage
		Usr 0 00:08:28, Sys 0 00:11:31  -  Total Remote Usage
		Usr 0 00:00:00, Sys 0 00:00:00  -  Total Local Usage
	0  -  Run Bytes Sent By Job
	0  -  Run Bytes Received By Job
	0  -  Total Bytes Sent By Job
	0  -  Total Bytes Received By Job
	Partitionable Resources :    Usage  Request Allocated
	   Cpus                 :                 1         1
	   Disk (KB)            :       15       15   2220470
	   Memory (MB)          :      688     8192      8192
	   Multinode            :                           1
...
