000 (119487.115.000) 11/23 16:28:02 Job submitted from host: <172.20.12.20:41606>
...
001 (119487.115.000) 11/23 16:28:44 Job executing on host: <172.20.15.138:45767?noUDP>
...
006 (119487.115.000) 11/23 16:28:53 Image size of job updated: 210380
	206  -  MemoryUsage of job (MB)
	210380  -  ResidentSetSize of job (KB)
...
006 (119487.115.000) 11/23 16:33:53 Image size of job updated: 828616
	810  -  MemoryUsage of job (MB)
	828616  -  ResidentSetSize of job (KB)
...
006 (119487.115.000) 11/23 16:38:53 Image size of job updated: 1162968
	1136  -  MemoryUsage of job (MB)
	1162968  -  ResidentSetSize of job (KB)
...
006 (119487.115.000) 11/23 16:58:56 Image size of job updated: 1282172
	1253  -  MemoryUsage of job (MB)
	1282172  -  ResidentSetSize of job (KB)
...
006 (119487.115.000) 11/23 17:13:57 Image size of job updated: 1350396
	1319  -  MemoryUsage of job (MB)
	1350396  -  ResidentSetSize of job (KB)
...
006 (119487.115.000) 11/23 17:18:58 Image size of job updated: 1580480
	1544  -  MemoryUsage of job (MB)
	1580480  -  ResidentSetSize of job (KB)
...
006 (119487.115.000) 11/23 17:32:24 Image size of job updated: 1789920
	1544  -  MemoryUsage of job (MB)
	1580480  -  ResidentSetSize of job (KB)
...
005 (119487.115.000) 11/23 17:32:24 Job terminated.
	(1) Normal termination (return value 0)
		Usr 0 00:09:47, Sys 0 00:53:47  -  Run Remote Usage
		Usr 0 00:00:00, Sys 0 00:00:00  -  Run Local Usage
		Usr 0 00:09:47, Sys 0 00:53:47  -  Total Remote Usage
		Usr 0 00:00:00, Sys 0 00:00:00  -  Total Local Usage
	0  -  Run Bytes Sent By Job
	0  -  Run Bytes Received By Job
	0  -  Total Bytes Sent By Job
	0  -  Total Bytes Received By Job
	Partitionable Resources :    Usage  Request Allocated
	   Cpus                 :                 1         1
	   Disk (KB)            :       15       15    986914
	   Memory (MB)          :     1544     8192      8192
	   Multinode            :                           1
...
