000 (119485.014.000) 11/23 16:27:45 Job submitted from host: <172.20.12.20:41606>
...
001 (119485.014.000) 11/23 16:27:47 Job executing on host: <172.20.15.168:48468?noUDP>
...
006 (119485.014.000) 11/23 16:27:56 Image size of job updated: 187792
	182  -  MemoryUsage of job (MB)
	185988  -  ResidentSetSize of job (KB)
...
006 (119485.014.000) 11/23 16:32:56 Image size of job updated: 663792
	647  -  MemoryUsage of job (MB)
	661804  -  ResidentSetSize of job (KB)
...
006 (119485.014.000) 11/23 16:37:56 Image size of job updated: 794624
	775  -  MemoryUsage of job (MB)
	792636  -  ResidentSetSize of job (KB)
...
006 (119485.014.000) 11/23 16:47:57 Image size of job updated: 835736
	815  -  MemoryUsage of job (MB)
	833748  -  ResidentSetSize of job (KB)
...
006 (119485.014.000) 11/23 16:52:57 Image size of job updated: 870176
	848  -  MemoryUsage of job (MB)
	868188  -  ResidentSetSize of job (KB)
...
005 (119485.014.000) 11/23 17:08:47 Job terminated.
	(1) Normal termination (return value 0)
		Usr 0 00:07:30, Sys 0 00:31:22  -  Run Remote Usage
		Usr 0 00:00:00, Sys 0 00:00:00  -  Run Local Usage
		Usr 0 00:07:30, Sys 0 00:31:22  -  Total Remote Usage
		Usr 0 00:00:00, Sys 0 00:00:00  -  Total Local Usage
	0  -  Run Bytes Sent By Job
	0  -  Run Bytes Received By Job
	0  -  Total Bytes Sent By Job
	0  -  Total Bytes Received By Job
	Partitionable Resources :    Usage  Request Allocated
	   Cpus                 :                 1         1
	   Disk (KB)            :       15       15   1871554
	   Memory (MB)          :      848     8192      8192
	   Multinode            :                           1
...
