000 (119487.074.000) 11/23 16:28:01 Job submitted from host: <172.20.12.20:41606>
...
001 (119487.074.000) 11/23 16:28:10 Job executing on host: <172.20.15.139:45840?noUDP>
...
006 (119487.074.000) 11/23 16:28:18 Image size of job updated: 209988
	206  -  MemoryUsage of job (MB)
	209988  -  ResidentSetSize of job (KB)
...
006 (119487.074.000) 11/23 16:33:18 Image size of job updated: 2612924
	2552  -  MemoryUsage of job (MB)
	2612924  -  ResidentSetSize of job (KB)
...
006 (119487.074.000) 11/23 16:38:19 Image size of job updated: 3518792
	3437  -  MemoryUsage of job (MB)
	3518792  -  ResidentSetSize of job (KB)
...
006 (119487.074.000) 11/23 16:48:19 Image size of job updated: 4857576
	4744  -  MemoryUsage of job (MB)
	4857576  -  ResidentSetSize of job (KB)
...
006 (119487.074.000) 11/23 16:53:20 Image size of job updated: 5561804
	5432  -  MemoryUsage of job (MB)
	5561804  -  ResidentSetSize of job (KB)
...
006 (119487.074.000) 11/23 16:58:21 Image size of job updated: 6442928
	6292  -  MemoryUsage of job (MB)
	6442928  -  ResidentSetSize of job (KB)
...
006 (119487.074.000) 11/23 17:03:21 Image size of job updated: 6613212
	6459  -  MemoryUsage of job (MB)
	6613212  -  ResidentSetSize of job (KB)
...
006 (119487.074.000) 11/23 17:08:22 Image size of job updated: 7353556
	7182  -  MemoryUsage of job (MB)
	7353556  -  ResidentSetSize of job (KB)
...
006 (119487.074.000) 11/23 17:18:23 Image size of job updated: 8630504
	8429  -  MemoryUsage of job (MB)
	8630504  -  ResidentSetSize of job (KB)
...
005 (119487.074.000) 11/23 17:20:21 Job terminated.
	(1) Normal termination (return value 0)
		Usr 0 00:42:06, Sys 0 00:09:42  -  Run Remote Usage
		Usr 0 00:00:00, Sys 0 00:00:00  -  Run Local Usage
		Usr 0 00:42:06, Sys 0 00:09:42  -  Total Remote Usage
		Usr 0 00:00:00, Sys 0 00:00:00  -  Total Local Usage
	0  -  Run Bytes Sent By Job
	0  -  Run Bytes Received By Job
	0  -  Total Bytes Sent By Job
	0  -  Total Bytes Received By Job
	Partitionable Resources :    Usage  Request Allocated
	   Cpus                 :                 1         1
	   Disk (KB)            :       15       15   2157073
	   Memory (MB)          :     8429     8192      8192
	   Multinode            :                           1
...
