000 (119487.028.000) 11/23 16:28:01 Job submitted from host: <172.20.12.20:41606>
...
001 (119487.028.000) 11/23 16:28:10 Job executing on host: <172.20.15.203:46497?noUDP>
...
006 (119487.028.000) 11/23 16:28:18 Image size of job updated: 53320
	53  -  MemoryUsage of job (MB)
	53320  -  ResidentSetSize of job (KB)
...
006 (119487.028.000) 11/23 16:33:18 Image size of job updated: 1031400
	1008  -  MemoryUsage of job (MB)
	1031400  -  ResidentSetSize of job (KB)
...
006 (119487.028.000) 11/23 16:38:18 Image size of job updated: 1577448
	1541  -  MemoryUsage of job (MB)
	1577448  -  ResidentSetSize of job (KB)
...
006 (119487.028.000) 11/23 16:43:19 Image size of job updated: 1889944
	1846  -  MemoryUsage of job (MB)
	1889944  -  ResidentSetSize of job (KB)
...
006 (119487.028.000) 11/23 16:48:19 Image size of job updated: 1913752
	1869  -  MemoryUsage of job (MB)
	1913752  -  ResidentSetSize of job (KB)
...
006 (119487.028.000) 11/23 16:53:19 Image size of job updated: 2044500
	1997  -  MemoryUsage of job (MB)
	2044500  -  ResidentSetSize of job (KB)
...
006 (119487.028.000) 11/23 17:03:21 Image size of job updated: 2182736
	2132  -  MemoryUsage of job (MB)
	2182736  -  ResidentSetSize of job (KB)
...
006 (119487.028.000) 11/23 17:13:22 Image size of job updated: 2607628
	2547  -  MemoryUsage of job (MB)
	2607628  -  ResidentSetSize of job (KB)
...
006 (119487.028.000) 11/23 17:18:23 Image size of job updated: 2723280
	2660  -  MemoryUsage of job (MB)
	2723280  -  ResidentSetSize of job (KB)
...
006 (119487.028.000) 11/23 17:43:24 Image size of job updated: 3477136
	3396  -  MemoryUsage of job (MB)
	3477136  -  ResidentSetSize of job (KB)
...
005 (119487.028.000) 11/23 17:54:14 Job terminated.
	(1) Normal termination (return value 0)
		Usr 0 00:21:21, Sys 0 01:04:40  -  Run Remote Usage
		Usr 0 00:00:00, Sys 0 00:00:00  -  Run Local Usage
		Usr 0 00:21:21, Sys 0 01:04:40  -  Total Remote Usage
		Usr 0 00:00:00, Sys 0 00:00:00  -  Total Local Usage
	0  -  Run Bytes Sent By Job
	0  -  Run Bytes Received By Job
	0  -  Total Bytes Sent By Job
	0  -  Total Bytes Received By Job
	Partitionable Resources :    Usage  Request Allocated
	   Cpus                 :                 1         1
	   Disk (KB)            :       15       15   2140386
	   Memory (MB)          :     3396     8192      8192
	   Multinode            :                           1
...
