000 (119485.017.000) 11/23 16:27:45 Job submitted from host: <172.20.12.20:41606>
...
001 (119485.017.000) 11/23 16:27:48 Job executing on host: <172.20.15.52:49271?noUDP>
...
006 (119485.017.000) 11/23 16:27:56 Image size of job updated: 205848
	202  -  MemoryUsage of job (MB)
	205848  -  ResidentSetSize of job (KB)
...
006 (119485.017.000) 11/23 16:32:56 Image size of job updated: 821620
	803  -  MemoryUsage of job (MB)
	821620  -  ResidentSetSize of job (KB)
...
006 (119485.017.000) 11/23 16:37:56 Image size of job updated: 919064
	898  -  MemoryUsage of job (MB)
	919064  -  ResidentSetSize of job (KB)
...
006 (119485.017.000) 11/23 16:42:57 Image size of job updated: 999196
	976  -  MemoryUsage of job (MB)
	999196  -  ResidentSetSize of job (KB)
...
006 (119485.017.000) 11/23 16:57:58 Image size of job updated: 1106652
	1081  -  MemoryUsage of job (MB)
	1106652  -  ResidentSetSize of job (KB)
...
006 (119485.017.000) 11/23 17:07:59 Image size of job updated: 1107496
	1082  -  MemoryUsage of job (MB)
	1107496  -  ResidentSetSize of job (KB)
...
006 (119485.017.000) 11/23 17:18:01 Image size of job updated: 1193256
	1166  -  MemoryUsage of job (MB)
	1193256  -  ResidentSetSize of job (KB)
...
006 (119485.017.000) 11/23 17:27:36 Image size of job updated: 1528400
	1166  -  MemoryUsage of job (MB)
	1193256  -  ResidentSetSize of job (KB)
...
005 (119485.017.000) 11/23 17:27:36 Job terminated.
	(1) Normal termination (return value 0)
		Usr 0 00:12:21, Sys 0 00:45:47  -  Run Remote Usage
		Usr 0 00:00:00, Sys 0 00:00:00  -  Run Local Usage
		Usr 0 00:12:21, Sys 0 00:45:47  -  Total Remote Usage
		Usr 0 00:00:00, Sys 0 00:00:00  -  Total Local Usage
	0  -  Run Bytes Sent By Job
	0  -  Run Bytes Received By Job
	0  -  Total Bytes Sent By Job
	0  -  Total Bytes Received By Job
	Partitionable Resources :    Usage  Request Allocated
	   Cpus                 :                 1         1
	   Disk (KB)            :       15       15   2181118
	   Memory (MB)          :     1166     8192      8192
	   Multinode            :                           1
...
