000 (119487.119.000) 11/23 16:28:02 Job submitted from host: <172.20.12.20:41606>
...
001 (119487.119.000) 11/23 16:28:45 Job executing on host: <172.20.15.210:42117?noUDP>
...
006 (119487.119.000) 11/23 16:28:53 Image size of job updated: 210228
	206  -  MemoryUsage of job (MB)
	210228  -  ResidentSetSize of job (KB)
...
006 (119487.119.000) 11/23 16:33:53 Image size of job updated: 942308
	921  -  MemoryUsage of job (MB)
	942308  -  ResidentSetSize of job (KB)
...
006 (119487.119.000) 11/23 16:38:53 Image size of job updated: 1095756
	1071  -  MemoryUsage of job (MB)
	1095756  -  ResidentSetSize of job (KB)
...
006 (119487.119.000) 11/23 16:43:54 Image size of job updated: 1266276
	1237  -  MemoryUsage of job (MB)
	1266276  -  ResidentSetSize of job (KB)
...
006 (119487.119.000) 11/23 16:48:55 Image size of job updated: 1277796
	1248  -  MemoryUsage of job (MB)
	1277796  -  ResidentSetSize of job (KB)
...
006 (119487.119.000) 11/23 16:53:55 Image size of job updated: 1287624
	1258  -  MemoryUsage of job (MB)
	1287624  -  ResidentSetSize of job (KB)
...
006 (119487.119.000) 11/23 16:58:56 Image size of job updated: 1342748
	1312  -  MemoryUsage of job (MB)
	1342748  -  ResidentSetSize of job (KB)
...
006 (119487.119.000) 11/23 17:03:57 Image size of job updated: 1579852
	1543  -  MemoryUsage of job (MB)
	1579852  -  ResidentSetSize of job (KB)
...
006 (119487.119.000) 11/23 17:08:57 Image size of job updated: 1651740
	1614  -  MemoryUsage of job (MB)
	1651740  -  ResidentSetSize of job (KB)
...
006 (119487.119.000) 11/23 17:13:57 Image size of job updated: 1652584
	1614  -  MemoryUsage of job (MB)
	1652584  -  ResidentSetSize of job (KB)
...
006 (119487.119.000) 11/23 17:18:58 Image size of job updated: 1739752
	1699  -  MemoryUsage of job (MB)
	1739752  -  ResidentSetSize of job (KB)
...
006 (119487.119.000) 11/23 17:33:59 Image size of job updated: 1892848
	1849  -  MemoryUsage of job (MB)
	1892848  -  ResidentSetSize of job (KB)
...
006 (119487.119.000) 11/23 17:46:53 Image size of job updated: 2316764
	1849  -  MemoryUsage of job (MB)
	1892848  -  ResidentSetSize of job (KB)
...
005 (119487.119.000) 11/23 17:46:53 Job terminated.
	(1) Normal termination (return value 0)
		Usr 0 00:12:34, Sys 0 01:05:30  -  Run Remote Usage
		Usr 0 00:00:00, Sys 0 00:00:00  -  Run Local Usage
		Usr 0 00:12:34, Sys 0 01:05:30  -  Total Remote Usage
		Usr 0 00:00:00, Sys 0 00:00:00  -  Total Local Usage
	0  -  Run Bytes Sent By Job
	0  -  Run Bytes Received By Job
	0  -  Total Bytes Sent By Job
	0  -  Total Bytes Received By Job
	Partitionable Resources :    Usage  Request Allocated
	   Cpus                 :                 1         1
	   Disk (KB)            :       15       15   1372786
	   Memory (MB)          :     1849     8192      8192
	   Multinode            :                           1
...
