000 (119485.065.000) 11/23 16:27:45 Job submitted from host: <172.20.12.20:41606>
...
001 (119485.065.000) 11/23 16:27:48 Job executing on host: <172.20.15.202:45621?noUDP>
...
006 (119485.065.000) 11/23 16:27:56 Image size of job updated: 255140
	250  -  MemoryUsage of job (MB)
	255140  -  ResidentSetSize of job (KB)
...
006 (119485.065.000) 11/23 16:32:56 Image size of job updated: 762596
	745  -  MemoryUsage of job (MB)
	762588  -  ResidentSetSize of job (KB)
...
006 (119485.065.000) 11/23 16:37:57 Image size of job updated: 844836
	826  -  MemoryUsage of job (MB)
	844828  -  ResidentSetSize of job (KB)
...
006 (119485.065.000) 11/23 16:42:57 Image size of job updated: 954736
	933  -  MemoryUsage of job (MB)
	954728  -  ResidentSetSize of job (KB)
...
006 (119485.065.000) 11/23 16:45:14 Image size of job updated: 1004668
	933  -  MemoryUsage of job (MB)
	954728  -  ResidentSetSize of job (KB)
...
005 (119485.065.000) 11/23 16:45:14 Job terminated.
	(1) Normal termination (return value 0)
		Usr 0 00:08:12, Sys 0 00:09:11  -  Run Remote Usage
		Usr 0 00:00:00, Sys 0 00:00:00  -  Run Local Usage
		Usr 0 00:08:12, Sys 0 00:09:11  -  Total Remote Usage
		Usr 0 00:00:00, Sys 0 00:00:00  -  Total Local Usage
	0  -  Run Bytes Sent By Job
	0  -  Run Bytes Received By Job
	0  -  Total Bytes Sent By Job
	0  -  Total Bytes Received By Job
	Partitionable Resources :    Usage  Request Allocated
	   Cpus                 :                 1         1
	   Disk (KB)            :       15       15   2137753
	   Memory (MB)          :      933     8192      8192
	   Multinode            :                           1
...
