000 (119487.023.000) 11/23 16:28:01 Job submitted from host: <172.20.12.20:41606>
...
001 (119487.023.000) 11/23 16:28:10 Job executing on host: <172.20.15.137:47008?noUDP>
...
006 (119487.023.000) 11/23 16:28:18 Image size of job updated: 207148
	203  -  MemoryUsage of job (MB)
	207148  -  ResidentSetSize of job (KB)
...
006 (119487.023.000) 11/23 16:33:18 Image size of job updated: 697296
	681  -  MemoryUsage of job (MB)
	697296  -  ResidentSetSize of job (KB)
...
006 (119487.023.000) 11/23 16:38:18 Image size of job updated: 731796
	715  -  MemoryUsage of job (MB)
	731796  -  ResidentSetSize of job (KB)
...
006 (119487.023.000) 11/23 16:48:19 Image size of job updated: 769500
	752  -  MemoryUsage of job (MB)
	769500  -  ResidentSetSize of job (KB)
...
006 (119487.023.000) 11/23 16:52:20 Image size of job updated: 783056
	752  -  MemoryUsage of job (MB)
	769500  -  ResidentSetSize of job (KB)
...
005 (119487.023.000) 11/23 16:52:20 Job terminated.
	(1) Normal termination (return value 0)
		Usr 0 00:08:45, Sys 0 00:15:15  -  Run Remote Usage
		Usr 0 00:00:00, Sys 0 00:00:00  -  Run Local Usage
		Usr 0 00:08:45, Sys 0 00:15:15  -  Total Remote Usage
		Usr 0 00:00:00, Sys 0 00:00:00  -  Total Local Usage
	0  -  Run Bytes Sent By Job
	0  -  Run Bytes Received By Job
	0  -  Total Bytes Sent By Job
	0  -  Total Bytes Received By Job
	Partitionable Resources :    Usage  Request Allocated
	   Cpus                 :                 1         1
	   Disk (KB)            :       15       15   2219628
	   Memory (MB)          :      752     8192      8192
	   Multinode            :                           1
...
