000 (119485.081.000) 11/23 16:27:46 Job submitted from host: <172.20.12.20:41606>
...
001 (119485.081.000) 11/23 16:27:48 Job executing on host: <172.20.15.61:42628?noUDP>
...
006 (119485.081.000) 11/23 16:27:57 Image size of job updated: 206688
	201  -  MemoryUsage of job (MB)
	204824  -  ResidentSetSize of job (KB)
...
006 (119485.081.000) 11/23 16:32:58 Image size of job updated: 668496
	651  -  MemoryUsage of job (MB)
	666508  -  ResidentSetSize of job (KB)
...
006 (119485.081.000) 11/23 16:37:58 Image size of job updated: 844636
	823  -  MemoryUsage of job (MB)
	842648  -  ResidentSetSize of job (KB)
...
006 (119485.081.000) 11/23 16:47:59 Image size of job updated: 1056776
	1031  -  MemoryUsage of job (MB)
	1054788  -  ResidentSetSize of job (KB)
...
006 (119485.081.000) 11/23 16:53:00 Image size of job updated: 1057516
	1031  -  MemoryUsage of job (MB)
	1055528  -  ResidentSetSize of job (KB)
...
005 (119485.081.000) 11/23 16:53:28 Job terminated.
	(1) Normal termination (return value 0)
		Usr 0 00:09:03, Sys 0 00:16:29  -  Run Remote Usage
		Usr 0 00:00:00, Sys 0 00:00:00  -  Run Local Usage
		Usr 0 00:09:03, Sys 0 00:16:29  -  Total Remote Usage
		Usr 0 00:00:00, Sys 0 00:00:00  -  Total Local Usage
	0  -  Run Bytes Sent By Job
	0  -  Run Bytes Received By Job
	0  -  Total Bytes Sent By Job
	0  -  Total Bytes Received By Job
	Partitionable Resources :    Usage  Request Allocated
	   Cpus                 :                 1         1
	   Disk (KB)            :       15       15   1756016
	   Memory (MB)          :     1031     8192      8192
	   Multinode            :                           1
...
