000 (119487.068.000) 11/23 16:28:01 Job submitted from host: <172.20.12.20:41606>
...
001 (119487.068.000) 11/23 16:28:10 Job executing on host: <172.20.15.59:45256?noUDP>
...
006 (119487.068.000) 11/23 16:28:18 Image size of job updated: 208924
	205  -  MemoryUsage of job (MB)
	208924  -  ResidentSetSize of job (KB)
...
006 (119487.068.000) 11/23 16:33:18 Image size of job updated: 988440
	966  -  MemoryUsage of job (MB)
	988440  -  ResidentSetSize of job (KB)
...
006 (119487.068.000) 11/23 16:38:19 Image size of job updated: 1054860
	1031  -  MemoryUsage of job (MB)
	1054860  -  ResidentSetSize of job (KB)
...
006 (119487.068.000) 11/23 16:43:20 Image size of job updated: 1284156
	1255  -  MemoryUsage of job (MB)
	1284156  -  ResidentSetSize of job (KB)
...
006 (119487.068.000) 11/23 16:53:20 Image size of job updated: 1590556
	1554  -  MemoryUsage of job (MB)
	1590556  -  ResidentSetSize of job (KB)
...
006 (119487.068.000) 11/23 17:13:22 Image size of job updated: 1844200
	1801  -  MemoryUsage of job (MB)
	1844200  -  ResidentSetSize of job (KB)
...
006 (119487.068.000) 11/23 17:58:27 Image size of job updated: 2084928
	2037  -  MemoryUsage of job (MB)
	2084928  -  ResidentSetSize of job (KB)
...
006 (119487.068.000) 11/23 17:59:31 Image size of job updated: 2203180
	2037  -  MemoryUsage of job (MB)
	2084928  -  ResidentSetSize of job (KB)
...
005 (119487.068.000) 11/23 17:59:31 Job terminated.
	(1) Normal termination (return value 0)
		Usr 0 00:14:22, Sys 0 01:16:33  -  Run Remote Usage
		Usr 0 00:00:00, Sys 0 00:00:00  -  Run Local Usage
		Usr 0 00:14:22, Sys 0 01:16:33  -  Total Remote Usage
		Usr 0 00:00:00, Sys 0 00:00:00  -  Total Local Usage
	0  -  Run Bytes Sent By Job
	0  -  Run Bytes Received By Job
	0  -  Total Bytes Sent By Job
	0  -  Total Bytes Received By Job
	Partitionable Resources :    Usage  Request Allocated
	   Cpus                 :                 1         1
	   Disk (KB)            :       15       15   2215901
	   Memory (MB)          :     2037     8192      8192
	   Multinode            :                           1
...
