000 (119487.162.000) 11/23 16:28:02 Job submitted from host: <172.20.12.20:41606>
...
001 (119487.162.000) 11/23 16:28:45 Job executing on host: <172.20.15.147:41095?noUDP>
...
006 (119487.162.000) 11/23 16:28:53 Image size of job updated: 139936
	137  -  MemoryUsage of job (MB)
	139936  -  ResidentSetSize of job (KB)
...
006 (119487.162.000) 11/23 16:33:53 Image size of job updated: 970064
	948  -  MemoryUsage of job (MB)
	970064  -  ResidentSetSize of job (KB)
...
006 (119487.162.000) 11/23 16:48:54 Image size of job updated: 1085552
	1061  -  MemoryUsage of job (MB)
	1085552  -  ResidentSetSize of job (KB)
...
005 (119487.162.000) 11/23 17:03:50 Job terminated.
	(1) Normal termination (return value 0)
		Usr 0 00:11:42, Sys 0 00:23:21  -  Run Remote Usage
		Usr 0 00:00:00, Sys 0 00:00:00  -  Run Local Usage
		Usr 0 00:11:42, Sys 0 00:23:21  -  Total Remote Usage
		Usr 0 00:00:00, Sys 0 00:00:00  -  Total Local Usage
	0  -  Run Bytes Sent By Job
	0  -  Run Bytes Received By Job
	0  -  Total Bytes Sent By Job
	0  -  Total Bytes Received By Job
	Partitionable Resources :    Usage  Request Allocated
	   Cpus                 :                 1         1
	   Disk (KB)            :       15       15   2221208
	   Memory (MB)          :     1061     8192      8192
	   Multinode            :                           1
...
