000 (119485.103.000) 11/23 16:27:46 Job submitted from host: <172.20.12.20:41606>
...
001 (119485.103.000) 11/23 16:27:50 Job executing on host: <172.20.15.230:48468?noUDP>
...
006 (119485.103.000) 11/23 16:27:58 Image size of job updated: 167120
	164  -  MemoryUsage of job (MB)
	167120  -  ResidentSetSize of job (KB)
...
006 (119485.103.000) 11/23 16:32:58 Image size of job updated: 1267860
	1239  -  MemoryUsage of job (MB)
	1267860  -  ResidentSetSize of job (KB)
...
006 (119485.103.000) 11/23 16:37:59 Image size of job updated: 2118600
	2069  -  MemoryUsage of job (MB)
	2118600  -  ResidentSetSize of job (KB)
...
006 (119485.103.000) 11/23 16:48:00 Image size of job updated: 2393112
	2338  -  MemoryUsage of job (MB)
	2393112  -  ResidentSetSize of job (KB)
...
006 (119485.103.000) 11/23 16:53:02 Image size of job updated: 3429780
	3350  -  MemoryUsage of job (MB)
	3429780  -  ResidentSetSize of job (KB)
...
005 (119485.103.000) 11/23 16:53:45 Job terminated.
	(1) Normal termination (return value 0)
		Usr 0 00:16:07, Sys 0 00:08:56  -  Run Remote Usage
		Usr 0 00:00:00, Sys 0 00:00:00  -  Run Local Usage
		Usr 0 00:16:07, Sys 0 00:08:56  -  Total Remote Usage
		Usr 0 00:00:00, Sys 0 00:00:00  -  Total Local Usage
	0  -  Run Bytes Sent By Job
	0  -  Run Bytes Received By Job
	0  -  Total Bytes Sent By Job
	0  -  Total Bytes Received By Job
	Partitionable Resources :    Usage  Request Allocated
	   Cpus                 :                 1         1
	   Disk (KB)            :       15       15   2184909
	   Memory (MB)          :     3350     8192      8192
	   Multinode            :                           1
...
