000 (119485.053.000) 11/23 16:27:45 Job submitted from host: <172.20.12.20:41606>
...
001 (119485.053.000) 11/23 16:27:48 Job executing on host: <172.20.15.234:41606?noUDP>
...
006 (119485.053.000) 11/23 16:27:56 Image size of job updated: 176584
	171  -  MemoryUsage of job (MB)
	174804  -  ResidentSetSize of job (KB)
...
006 (119485.053.000) 11/23 16:32:56 Image size of job updated: 926788
	904  -  MemoryUsage of job (MB)
	924800  -  ResidentSetSize of job (KB)
...
005 (119485.053.000) 11/23 16:37:24 Job terminated.
	(1) Normal termination (return value 0)
		Usr 0 00:09:22, Sys 0 00:00:06  -  Run Remote Usage
		Usr 0 00:00:00, Sys 0 00:00:00  -  Run Local Usage
		Usr 0 00:09:22, Sys 0 00:00:06  -  Total Remote Usage
		Usr 0 00:00:00, Sys 0 00:00:00  -  Total Local Usage
	0  -  Run Bytes Sent By Job
	0  -  Run Bytes Received By Job
	0  -  Total Bytes Sent By Job
	0  -  Total Bytes Received By Job
	Partitionable Resources :    Usage  Request Allocated
	   Cpus                 :                 1         1
	   Disk (KB)            :       15       15   2154553
	   Memory (MB)          :      904     8192      8192
	   Multinode            :                           1
...
