000 (119487.099.000) 11/23 16:28:02 Job submitted from host: <172.20.12.20:41606>
...
001 (119487.099.000) 11/23 16:28:44 Job executing on host: <172.20.15.165:46351?noUDP>
...
006 (119487.099.000) 11/23 16:28:53 Image size of job updated: 210656
	206  -  MemoryUsage of job (MB)
	210656  -  ResidentSetSize of job (KB)
...
006 (119487.099.000) 11/23 16:33:54 Image size of job updated: 614580
	601  -  MemoryUsage of job (MB)
	614580  -  ResidentSetSize of job (KB)
...
006 (119487.099.000) 11/23 16:38:54 Image size of job updated: 770464
	753  -  MemoryUsage of job (MB)
	770464  -  ResidentSetSize of job (KB)
...
006 (119487.099.000) 11/23 16:48:56 Image size of job updated: 810876
	792  -  MemoryUsage of job (MB)
	810876  -  ResidentSetSize of job (KB)
...
005 (119487.099.000) 11/23 16:57:58 Job terminated.
	(1) Normal termination (return value 0)
		Usr 0 00:07:37, Sys 0 00:21:31  -  Run Remote Usage
		Usr 0 00:00:00, Sys 0 00:00:00  -  Run Local Usage
		Usr 0 00:07:37, Sys 0 00:21:31  -  Total Remote Usage
		Usr 0 00:00:00, Sys 0 00:00:00  -  Total Local Usage
	0  -  Run Bytes Sent By Job
	0  -  Run Bytes Received By Job
	0  -  Total Bytes Sent By Job
	0  -  Total Bytes Received By Job
	Partitionable Resources :    Usage  Request Allocated
	   Cpus                 :                 1         1
	   Disk (KB)            :       15       15   2181755
	   Memory (MB)          :      792     8192      8192
	   Multinode            :                           1
...
