000 (119485.140.000) 11/23 16:27:46 Job submitted from host: <172.20.12.20:41606>
...
001 (119485.140.000) 11/23 16:28:09 Job executing on host: <172.20.15.58:45913?noUDP>
...
006 (119485.140.000) 11/23 16:28:18 Image size of job updated: 208820
	204  -  MemoryUsage of job (MB)
	208820  -  ResidentSetSize of job (KB)
...
006 (119485.140.000) 11/23 16:33:19 Image size of job updated: 464488
	454  -  MemoryUsage of job (MB)
	464488  -  ResidentSetSize of job (KB)
...
006 (119485.140.000) 11/23 16:38:19 Image size of job updated: 497828
	487  -  MemoryUsage of job (MB)
	497828  -  ResidentSetSize of job (KB)
...
006 (119485.140.000) 11/23 16:39:42 Image size of job updated: 571572
	487  -  MemoryUsage of job (MB)
	497828  -  ResidentSetSize of job (KB)
...
005 (119485.140.000) 11/23 16:39:42 Job terminated.
	(1) Normal termination (return value 0)
		Usr 0 00:04:27, Sys 0 00:06:37  -  Run Remote Usage
		Usr 0 00:00:00, Sys 0 00:00:00  -  Run Local Usage
		Usr 0 00:04:27, Sys 0 00:06:37  -  Total Remote Usage
		Usr 0 00:00:00, Sys 0 00:00:00  -  Total Local Usage
	0  -  Run Bytes Sent By Job
	0  -  Run Bytes Received By Job
	0  -  Total Bytes Sent By Job
	0  -  Total Bytes Received By Job
	Partitionable Resources :    Usage  Request Allocated
	   Cpus                 :                 1         1
	   Disk (KB)            :       15       15   2205252
	   Memory (MB)          :      487     8192      8192
	   Multinode            :                           1
...
