000 (119487.039.000) 11/23 16:28:01 Job submitted from host: <172.20.12.20:41606>
...
001 (119487.039.000) 11/23 16:28:10 Job executing on host: <172.20.15.227:44818?noUDP>
...
006 (119487.039.000) 11/23 16:28:18 Image size of job updated: 210492
	206  -  MemoryUsage of job (MB)
	210492  -  ResidentSetSize of job (KB)
...
006 (119487.039.000) 11/23 16:33:18 Image size of job updated: 1143420
	1117  -  MemoryUsage of job (MB)
	1143420  -  ResidentSetSize of job (KB)
...
006 (119487.039.000) 11/23 16:38:19 Image size of job updated: 1442040
	1409  -  MemoryUsage of job (MB)
	1442040  -  ResidentSetSize of job (KB)
...
006 (119487.039.000) 11/23 16:48:20 Image size of job updated: 1621496
	1584  -  MemoryUsage of job (MB)
	1621496  -  ResidentSetSize of job (KB)
...
006 (119487.039.000) 11/23 16:53:20 Image size of job updated: 1658184
	1620  -  MemoryUsage of job (MB)
	1658184  -  ResidentSetSize of job (KB)
...
006 (119487.039.000) 11/23 16:58:21 Image size of job updated: 2614780
	2554  -  MemoryUsage of job (MB)
	2614780  -  ResidentSetSize of job (KB)
...
006 (119487.039.000) 11/23 17:05:46 Image size of job updated: 2832164
	2554  -  MemoryUsage of job (MB)
	2614780  -  ResidentSetSize of job (KB)
...
005 (119487.039.000) 11/23 17:05:46 Job terminated.
	(1) Normal termination (return value 0)
		Usr 0 00:16:20, Sys 0 00:20:52  -  Run Remote Usage
		Usr 0 00:00:00, Sys 0 00:00:00  -  Run Local Usage
		Usr 0 00:16:20, Sys 0 00:20:52  -  Total Remote Usage
		Usr 0 00:00:00, Sys 0 00:00:00  -  Total Local Usage
	0  -  Run Bytes Sent By Job
	0  -  Run Bytes Received By Job
	0  -  Total Bytes Sent By Job
	0  -  Total Bytes Received By Job
	Partitionable Resources :    Usage  Request Allocated
	   Cpus                 :                 1         1
	   Disk (KB)            :       15       15   2132055
	   Memory (MB)          :     2554     8192      8192
	   Multinode            :                           1
...
