000 (119485.092.000) 11/23 16:27:46 Job submitted from host: <172.20.12.20:41606>
...
001 (119485.092.000) 11/23 16:27:48 Job executing on host: <172.20.15.73:43285?noUDP>
...
006 (119485.092.000) 11/23 16:27:57 Image size of job updated: 210728
	206  -  MemoryUsage of job (MB)
	210728  -  ResidentSetSize of job (KB)
...
006 (119485.092.000) 11/23 16:32:58 Image size of job updated: 856960
	837  -  MemoryUsage of job (MB)
	856960  -  ResidentSetSize of job (KB)
...
006 (119485.092.000) 11/23 16:35:08 Image size of job updated: 936180
	837  -  MemoryUsage of job (MB)
	856960  -  ResidentSetSize of job (KB)
...
005 (119485.092.000) 11/23 16:35:08 Job terminated.
	(1) Normal termination (return value 0)
		Usr 0 00:06:32, Sys 0 00:00:04  -  Run Remote Usage
		Usr 0 00:00:00, Sys 0 00:00:00  -  Run Local Usage
		Usr 0 00:06:32, Sys 0 00:00:04  -  Total Remote Usage
		Usr 0 00:00:00, Sys 0 00:00:00  -  Total Local Usage
	0  -  Run Bytes Sent By Job
	0  -  Run Bytes Received By Job
	0  -  Total Bytes Sent By Job
	0  -  Total Bytes Received By Job
	Partitionable Resources :    Usage  Request Allocated
	   Cpus                 :                 1         1
	   Disk (KB)            :       15       15   1317414
	   Memory (MB)          :      837     8192      8192
	   Multinode            :                           1
...
