000 (119485.084.000) 11/23 16:27:46 Job submitted from host: <172.20.12.20:41606>
...
001 (119485.084.000) 11/23 16:27:48 Job executing on host: <172.20.15.120:42993?noUDP>
...
006 (119485.084.000) 11/23 16:27:57 Image size of job updated: 118792
	117  -  MemoryUsage of job (MB)
	118792  -  ResidentSetSize of job (KB)
...
006 (119485.084.000) 11/23 16:32:58 Image size of job updated: 737436
	721  -  MemoryUsage of job (MB)
	737436  -  ResidentSetSize of job (KB)
...
006 (119485.084.000) 11/23 16:37:59 Image size of job updated: 946020
	924  -  MemoryUsage of job (MB)
	946020  -  ResidentSetSize of job (KB)
...
006 (119485.084.000) 11/23 16:44:38 Image size of job updated: 1008292
	924  -  MemoryUsage of job (MB)
	946020  -  ResidentSetSize of job (KB)
...
005 (119485.084.000) 11/23 16:44:38 Job terminated.
	(1) Normal termination (return value 0)
		Usr 0 00:08:16, Sys 0 00:08:31  -  Run Remote Usage
		Usr 0 00:00:00, Sys 0 00:00:00  -  Run Local Usage
		Usr 0 00:08:16, Sys 0 00:08:31  -  Total Remote Usage
		Usr 0 00:00:00, Sys 0 00:00:00  -  Total Local Usage
	0  -  Run Bytes Sent By Job
	0  -  Run Bytes Received By Job
	0  -  Total Bytes Sent By Job
	0  -  Total Bytes Received By Job
	Partitionable Resources :    Usage  Request Allocated
	   Cpus                 :                 1         1
	   Disk (KB)            :       15       15   2224764
	   Memory (MB)          :      924     8192      8192
	   Multinode            :                           1
...
