000 (119485.083.000) 11/23 16:27:46 Job submitted from host: <172.20.12.20:41606>
...
001 (119485.083.000) 11/23 16:27:48 Job executing on host: <172.20.15.185:44015?noUDP>
...
006 (119485.083.000) 11/23 16:27:57 Image size of job updated: 206536
	202  -  MemoryUsage of job (MB)
	206536  -  ResidentSetSize of job (KB)
...
006 (119485.083.000) 11/23 16:32:58 Image size of job updated: 803420
	785  -  MemoryUsage of job (MB)
	803420  -  ResidentSetSize of job (KB)
...
005 (119485.083.000) 11/23 16:36:48 Job terminated.
	(1) Normal termination (return value 0)
		Usr 0 00:08:12, Sys 0 00:00:02  -  Run Remote Usage
		Usr 0 00:00:00, Sys 0 00:00:00  -  Run Local Usage
		Usr 0 00:08:12, Sys 0 00:00:02  -  Total Remote Usage
		Usr 0 00:00:00, Sys 0 00:00:00  -  Total Local Usage
	0  -  Run Bytes Sent By Job
	0  -  Run Bytes Received By Job
	0  -  Total Bytes Sent By Job
	0  -  Total Bytes Received By Job
	Partitionable Resources :    Usage  Request Allocated
	   Cpus                 :                 1         1
	   Disk (KB)            :       15       15   2124885
	   Memory (MB)          :      785     8192      8192
	   Multinode            :                           1
...
