000 (119485.012.000) 11/23 16:27:45 Job submitted from host: <172.20.12.20:41606>
...
001 (119485.012.000) 11/23 16:27:47 Job executing on host: <172.20.15.184:45329?noUDP>
...
006 (119485.012.000) 11/23 16:27:56 Image size of job updated: 207616
	203  -  MemoryUsage of job (MB)
	207616  -  ResidentSetSize of job (KB)
...
006 (119485.012.000) 11/23 16:32:56 Image size of job updated: 894924
	874  -  MemoryUsage of job (MB)
	894924  -  ResidentSetSize of job (KB)
...
006 (119485.012.000) 11/23 16:37:53 Image size of job updated: 1206024
	874  -  MemoryUsage of job (MB)
	894924  -  ResidentSetSize of job (KB)
...
005 (119485.012.000) 11/23 16:37:53 Job terminated.
	(1) Normal termination (return value 0)
		Usr 0 00:09:50, Sys 0 00:00:04  -  Run Remote Usage
		Usr 0 00:00:00, Sys 0 00:00:00  -  Run Local Usage
		Usr 0 00:09:50, Sys 0 00:00:04  -  Total Remote Usage
		Usr 0 00:00:00, Sys 0 00:00:00  -  Total Local Usage
	0  -  Run Bytes Sent By Job
	0  -  Run Bytes Received By Job
	0  -  Total Bytes Sent By Job
	0  -  Total Bytes Received By Job
	Partitionable Resources :    Usage  Request Allocated
	   Cpus                 :                 1         1
	   Disk (KB)            :       15       15   2221323
	   Memory (MB)          :      874     8192      8192
	   Multinode            :                           1
...
