000 (119485.020.000) 11/23 16:27:45 Job submitted from host: <172.20.12.20:41606>
...
001 (119485.020.000) 11/23 16:27:48 Job executing on host: <172.20.15.132:48541?noUDP>
...
006 (119485.020.000) 11/23 16:27:56 Image size of job updated: 196628
	191  -  MemoryUsage of job (MB)
	194824  -  ResidentSetSize of job (KB)
...
006 (119485.020.000) 11/23 16:32:56 Image size of job updated: 662872
	646  -  MemoryUsage of job (MB)
	660884  -  ResidentSetSize of job (KB)
...
006 (119485.020.000) 11/23 16:37:56 Image size of job updated: 748156
	729  -  MemoryUsage of job (MB)
	746168  -  ResidentSetSize of job (KB)
...
006 (119485.020.000) 11/23 16:42:57 Image size of job updated: 787324
	767  -  MemoryUsage of job (MB)
	785336  -  ResidentSetSize of job (KB)
...
006 (119485.020.000) 11/23 16:47:57 Image size of job updated: 837476
	816  -  MemoryUsage of job (MB)
	835488  -  ResidentSetSize of job (KB)
...
006 (119485.020.000) 11/23 16:52:57 Image size of job updated: 858536
	837  -  MemoryUsage of job (MB)
	856548  -  ResidentSetSize of job (KB)
...
006 (119485.020.000) 11/23 17:12:59 Image size of job updated: 876476
	854  -  MemoryUsage of job (MB)
	874488  -  ResidentSetSize of job (KB)
...
005 (119485.020.000) 11/23 17:20:11 Job terminated.
	(1) Normal termination (return value 0)
		Usr 0 00:09:41, Sys 0 00:42:06  -  Run Remote Usage
		Usr 0 00:00:00, Sys 0 00:00:00  -  Run Local Usage
		Usr 0 00:09:41, Sys 0 00:42:06  -  Total Remote Usage
		Usr 0 00:00:00, Sys 0 00:00:00  -  Total Local Usage
	0  -  Run Bytes Sent By Job
	0  -  Run Bytes Received By Job
	0  -  Total Bytes Sent By Job
	0  -  Total Bytes Received By Job
	Partitionable Resources :    Usage  Request Allocated
	   Cpus                 :                 1         1
	   Disk (KB)            :       15       15   2088859
	   Memory (MB)          :      854     8192      8192
	   Multinode            :                           1
...
