000 (119487.104.000) 11/23 16:28:02 Job submitted from host: <172.20.12.20:41606>
...
001 (119487.104.000) 11/23 16:28:44 Job executing on host: <172.20.15.132:48541?noUDP>
...
006 (119487.104.000) 11/23 16:28:53 Image size of job updated: 210436
	206  -  MemoryUsage of job (MB)
	210436  -  ResidentSetSize of job (KB)
...
006 (119487.104.000) 11/23 16:33:53 Image size of job updated: 733944
	717  -  MemoryUsage of job (MB)
	733944  -  ResidentSetSize of job (KB)
...
006 (119487.104.000) 11/23 16:38:53 Image size of job updated: 857720
	838  -  MemoryUsage of job (MB)
	857720  -  ResidentSetSize of job (KB)
...
006 (119487.104.000) 11/23 16:43:54 Image size of job updated: 1029300
	1006  -  MemoryUsage of job (MB)
	1029300  -  ResidentSetSize of job (KB)
...
006 (119487.104.000) 11/23 16:48:55 Image size of job updated: 1073620
	1049  -  MemoryUsage of job (MB)
	1073620  -  ResidentSetSize of job (KB)
...
006 (119487.104.000) 11/23 16:58:55 Image size of job updated: 1118588
	1093  -  MemoryUsage of job (MB)
	1118588  -  ResidentSetSize of job (KB)
...
006 (119487.104.000) 11/23 17:03:56 Image size of job updated: 1323064
	1293  -  MemoryUsage of job (MB)
	1323064  -  ResidentSetSize of job (KB)
...
006 (119487.104.000) 11/23 17:28:59 Image size of job updated: 1371824
	1340  -  MemoryUsage of job (MB)
	1371824  -  ResidentSetSize of job (KB)
...
006 (119487.104.000) 11/23 17:54:01 Image size of job updated: 1487904
	1454  -  MemoryUsage of job (MB)
	1487904  -  ResidentSetSize of job (KB)
...
006 (119487.104.000) 11/23 18:04:02 Image size of job updated: 1773384
	1732  -  MemoryUsage of job (MB)
	1773384  -  ResidentSetSize of job (KB)
...
006 (119487.104.000) 11/23 18:29:05 Image size of job updated: 1811004
	1769  -  MemoryUsage of job (MB)
	1811004  -  ResidentSetSize of job (KB)
...
006 (119487.104.000) 11/23 18:34:06 Image size of job updated: 1915704
	1871  -  MemoryUsage of job (MB)
	1915704  -  ResidentSetSize of job (KB)
...
006 (119487.104.000) 11/23 18:44:06 Image size of job updated: 1949748
	1905  -  MemoryUsage of job (MB)
	1949748  -  ResidentSetSize of job (KB)
...
006 (119487.104.000) 11/23 18:46:17 Image size of job updated: 2548972
	1905  -  MemoryUsage of job (MB)
	1949748  -  ResidentSetSize of job (KB)
...
005 (119487.104.000) 11/23 18:46:17 Job terminated.
	(1) Normal termination (return value 0)
		Usr 0 00:11:23, Sys 0 02:06:02  -  Run Remote Usage
		Usr 0 00:00:00, Sys 0 00:00:00  -  Run Local Usage
		Usr 0 00:11:23, Sys 0 02:06:02  -  Total Remote Usage
		Usr 0 00:00:00, Sys 0 00:00:00  -  Total Local Usage
	0  -  Run Bytes Sent By Job
	0  -  Run Bytes Received By Job
	0  -  Total Bytes Sent By Job
	0  -  Total Bytes Received By Job
	Partitionable Resources :    Usage  Request Allocated
	   Cpus                 :                 1         1
	   Disk (KB)            :       15       15   2088855
	   Memory (MB)          :     1905     8192      8192
	   Multinode            :                           1
...
