000 (119485.045.000) 11/23 16:27:45 Job submitted from host: <172.20.12.20:41606>
...
001 (119485.045.000) 11/23 16:27:48 Job executing on host: <172.20.15.220:48541?noUDP>
...
006 (119485.045.000) 11/23 16:27:56 Image size of job updated: 211848
	206  -  MemoryUsage of job (MB)
	209984  -  ResidentSetSize of job (KB)
...
006 (119485.045.000) 11/23 16:32:56 Image size of job updated: 701240
	683  -  MemoryUsage of job (MB)
	699252  -  ResidentSetSize of job (KB)
...
006 (119485.045.000) 11/23 16:37:57 Image size of job updated: 893700
	871  -  MemoryUsage of job (MB)
	891712  -  ResidentSetSize of job (KB)
...
005 (119485.045.000) 11/23 16:42:00 Job terminated.
	(1) Normal termination (return value 0)
		Usr 0 00:09:07, Sys 0 00:04:07  -  Run Remote Usage
		Usr 0 00:00:00, Sys 0 00:00:00  -  Run Local Usage
		Usr 0 00:09:07, Sys 0 00:04:07  -  Total Remote Usage
		Usr 0 00:00:00, Sys 0 00:00:00  -  Total Local Usage
	0  -  Run Bytes Sent By Job
	0  -  Run Bytes Received By Job
	0  -  Total Bytes Sent By Job
	0  -  Total Bytes Received By Job
	Partitionable Resources :    Usage  Request Allocated
	   Cpus                 :                 1         1
	   Disk (KB)            :       15       15   2188614
	   Memory (MB)          :      871     8192      8192
	   Multinode            :                           1
...
