000 (119487.060.000) 11/23 16:28:01 Job submitted from host: <172.20.12.20:41606>
...
001 (119487.060.000) 11/23 16:28:10 Job executing on host: <172.20.15.194:40949?noUDP>
...
006 (119487.060.000) 11/23 16:28:18 Image size of job updated: 44716
	44  -  MemoryUsage of job (MB)
	44716  -  ResidentSetSize of job (KB)
...
006 (119487.060.000) 11/23 16:33:18 Image size of job updated: 689596
	674  -  MemoryUsage of job (MB)
	689596  -  ResidentSetSize of job (KB)
...
006 (119487.060.000) 11/23 16:38:19 Image size of job updated: 721432
	705  -  MemoryUsage of job (MB)
	721432  -  ResidentSetSize of job (KB)
...
006 (119487.060.000) 11/23 16:42:39 Image size of job updated: 1025224
	705  -  MemoryUsage of job (MB)
	721432  -  ResidentSetSize of job (KB)
...
005 (119487.060.000) 11/23 16:42:39 Job terminated.
	(1) Normal termination (return value 0)
		Usr 0 00:08:25, Sys 0 00:06:02  -  Run Remote Usage
		Usr 0 00:00:00, Sys 0 00:00:00  -  Run Local Usage
		Usr 0 00:08:25, Sys 0 00:06:02  -  Total Remote Usage
		Usr 0 00:00:00, Sys 0 00:00:00  -  Total Local Usage
	0  -  Run Bytes Sent By Job
	0  -  Run Bytes Received By Job
	0  -  Total Bytes Sent By Job
	0  -  Total Bytes Received By Job
	Partitionable Resources :    Usage  Request Allocated
	   Cpus                 :                 1         1
	   Disk (KB)            :       15       15   2167652
	   Memory (MB)          :      705     8192      8192
	   Multinode            :                           1
...
