000 (119485.095.000) 11/23 16:27:46 Job submitted from host: <172.20.12.20:41606>
...
001 (119485.095.000) 11/23 16:27:48 Job executing on host: <172.20.15.173:40657?noUDP>
...
006 (119485.095.000) 11/23 16:27:57 Image size of job updated: 204808
	201  -  MemoryUsage of job (MB)
	204808  -  ResidentSetSize of job (KB)
...
006 (119485.095.000) 11/23 16:32:58 Image size of job updated: 574456
	561  -  MemoryUsage of job (MB)
	574456  -  ResidentSetSize of job (KB)
...
006 (119485.095.000) 11/23 16:37:59 Image size of job updated: 672752
	657  -  MemoryUsage of job (MB)
	672752  -  ResidentSetSize of job (KB)
...
006 (119485.095.000) 11/23 16:48:00 Image size of job updated: 755252
	738  -  MemoryUsage of job (MB)
	755252  -  ResidentSetSize of job (KB)
...
006 (119485.095.000) 11/23 16:52:43 Image size of job updated: 915072
	738  -  MemoryUsage of job (MB)
	755252  -  ResidentSetSize of job (KB)
...
005 (119485.095.000) 11/23 16:52:43 Job terminated.
	(1) Normal termination (return value 0)
		Usr 0 00:06:45, Sys 0 00:17:08  -  Run Remote Usage
		Usr 0 00:00:00, Sys 0 00:00:00  -  Run Local Usage
		Usr 0 00:06:45, Sys 0 00:17:08  -  Total Remote Usage
		Usr 0 00:00:00, Sys 0 00:00:00  -  Total Local Usage
	0  -  Run Bytes Sent By Job
	0  -  Run Bytes Received By Job
	0  -  Total Bytes Sent By Job
	0  -  Total Bytes Received By Job
	Partitionable Resources :    Usage  Request Allocated
	   Cpus                 :                 1         1
	   Disk (KB)            :       15       15   2210906
	   Memory (MB)          :      738     8192      8192
	   Multinode            :                           1
...
