000 (119485.136.000) 11/23 16:27:46 Job submitted from host: <172.20.12.20:41606>
...
001 (119485.136.000) 11/23 16:28:09 Job executing on host: <172.20.15.126:43504?noUDP>
...
006 (119485.136.000) 11/23 16:28:18 Image size of job updated: 210816
	206  -  MemoryUsage of job (MB)
	210816  -  ResidentSetSize of job (KB)
...
006 (119485.136.000) 11/23 16:33:19 Image size of job updated: 443168
	433  -  MemoryUsage of job (MB)
	443168  -  ResidentSetSize of job (KB)
...
006 (119485.136.000) 11/23 16:38:19 Image size of job updated: 454428
	444  -  MemoryUsage of job (MB)
	454428  -  ResidentSetSize of job (KB)
...
006 (119485.136.000) 11/23 16:39:06 Image size of job updated: 673852
	444  -  MemoryUsage of job (MB)
	454428  -  ResidentSetSize of job (KB)
...
005 (119485.136.000) 11/23 16:39:06 Job terminated.
	(1) Normal termination (return value 0)
		Usr 0 00:03:08, Sys 0 00:07:44  -  Run Remote Usage
		Usr 0 00:00:00, Sys 0 00:00:00  -  Run Local Usage
		Usr 0 00:03:08, Sys 0 00:07:44  -  Total Remote Usage
		Usr 0 00:00:00, Sys 0 00:00:00  -  Total Local Usage
	0  -  Run Bytes Sent By Job
	0  -  Run Bytes Received By Job
	0  -  Total Bytes Sent By Job
	0  -  Total Bytes Received By Job
	Partitionable Resources :    Usage  Request Allocated
	   Cpus                 :                 1         1
	   Disk (KB)            :       15       15   2208917
	   Memory (MB)          :      444     8192      8192
	   Multinode            :                           1
...
