000 (119485.131.000) 11/23 16:27:46 Job submitted from host: <172.20.12.20:41606>
...
001 (119485.131.000) 11/23 16:28:09 Job executing on host: <172.20.15.165:46351?noUDP>
...
006 (119485.131.000) 11/23 16:28:18 Image size of job updated: 209984
	206  -  MemoryUsage of job (MB)
	209984  -  ResidentSetSize of job (KB)
...
006 (119485.131.000) 11/23 16:33:19 Image size of job updated: 804872
	787  -  MemoryUsage of job (MB)
	804872  -  ResidentSetSize of job (KB)
...
006 (119485.131.000) 11/23 16:38:19 Image size of job updated: 933644
	912  -  MemoryUsage of job (MB)
	933644  -  ResidentSetSize of job (KB)
...
006 (119485.131.000) 11/23 16:43:19 Image size of job updated: 1149172
	1123  -  MemoryUsage of job (MB)
	1149172  -  ResidentSetSize of job (KB)
...
006 (119485.131.000) 11/23 16:58:20 Image size of job updated: 1213120
	1185  -  MemoryUsage of job (MB)
	1213120  -  ResidentSetSize of job (KB)
...
005 (119485.131.000) 11/23 16:58:26 Job terminated.
	(1) Normal termination (return value 0)
		Usr 0 00:07:27, Sys 0 00:22:20  -  Run Remote Usage
		Usr 0 00:00:00, Sys 0 00:00:00  -  Run Local Usage
		Usr 0 00:07:27, Sys 0 00:22:20  -  Total Remote Usage
		Usr 0 00:00:00, Sys 0 00:00:00  -  Total Local Usage
	0  -  Run Bytes Sent By Job
	0  -  Run Bytes Received By Job
	0  -  Total Bytes Sent By Job
	0  -  Total Bytes Received By Job
	Partitionable Resources :    Usage  Request Allocated
	   Cpus                 :                 1         1
	   Disk (KB)            :       15       15   2181759
	   Memory (MB)          :     1185     8192      8192
	   Multinode            :                           1
...
