000 (119487.034.000) 11/23 16:28:01 Job submitted from host: <172.20.12.20:41606>
...
001 (119487.034.000) 11/23 16:28:10 Job executing on host: <172.20.15.122:40584?noUDP>
...
006 (119487.034.000) 11/23 16:28:18 Image size of job updated: 183956
	180  -  MemoryUsage of job (MB)
	183956  -  ResidentSetSize of job (KB)
...
006 (119487.034.000) 11/23 16:33:18 Image size of job updated: 1303140
	1273  -  MemoryUsage of job (MB)
	1303140  -  ResidentSetSize of job (KB)
...
006 (119487.034.000) 11/23 16:38:19 Image size of job updated: 1555828
	1520  -  MemoryUsage of job (MB)
	1555828  -  ResidentSetSize of job (KB)
...
006 (119487.034.000) 11/23 16:43:20 Image size of job updated: 1750780
	1710  -  MemoryUsage of job (MB)
	1750780  -  ResidentSetSize of job (KB)
...
006 (119487.034.000) 11/23 16:58:21 Image size of job updated: 2324008
	2270  -  MemoryUsage of job (MB)
	2324008  -  ResidentSetSize of job (KB)
...
006 (119487.034.000) 11/23 17:18:23 Image size of job updated: 2732352
	2669  -  MemoryUsage of job (MB)
	2732352  -  ResidentSetSize of job (KB)
...
006 (119487.034.000) 11/23 17:21:47 Image size of job updated: 3127468
	2669  -  MemoryUsage of job (MB)
	2732352  -  ResidentSetSize of job (KB)
...
005 (119487.034.000) 11/23 17:21:47 Job terminated.
	(1) Normal termination (return value 0)
		Usr 0 00:16:48, Sys 0 00:36:44  -  Run Remote Usage
		Usr 0 00:00:00, Sys 0 00:00:00  -  Run Local Usage
		Usr 0 00:16:48, Sys 0 00:36:44  -  Total Remote Usage
		Usr 0 00:00:00, Sys 0 00:00:00  -  Total Local Usage
	0  -  Run Bytes Sent By Job
	0  -  Run Bytes Received By Job
	0  -  Total Bytes Sent By Job
	0  -  Total Bytes Received By Job
	Partitionable Resources :    Usage  Request Allocated
	   Cpus                 :                 1         1
	   Disk (KB)            :       15       15   1107102
	   Memory (MB)          :     2669     8192      8192
	   Multinode            :                           1
...
