000 (119485.077.000) 11/23 16:27:46 Job submitted from host: <172.20.12.20:41606>
...
001 (119485.077.000) 11/23 16:27:48 Job executing on host: <172.20.15.122:40584?noUDP>
...
006 (119485.077.000) 11/23 16:27:56 Image size of job updated: 205852
	202  -  MemoryUsage of job (MB)
	205852  -  ResidentSetSize of job (KB)
...
006 (119485.077.000) 11/23 16:32:56 Image size of job updated: 756392
	739  -  MemoryUsage of job (MB)
	756392  -  ResidentSetSize of job (KB)
...
006 (119485.077.000) 11/23 16:37:57 Image size of job updated: 861572
	842  -  MemoryUsage of job (MB)
	861572  -  ResidentSetSize of job (KB)
...
006 (119485.077.000) 11/23 16:42:58 Image size of job updated: 868052
	848  -  MemoryUsage of job (MB)
	868052  -  ResidentSetSize of job (KB)
...
006 (119485.077.000) 11/23 16:47:13 Image size of job updated: 962976
	848  -  MemoryUsage of job (MB)
	868052  -  ResidentSetSize of job (KB)
...
005 (119485.077.000) 11/23 16:47:13 Job terminated.
	(1) Normal termination (return value 0)
		Usr 0 00:09:36, Sys 0 00:09:26  -  Run Remote Usage
		Usr 0 00:00:00, Sys 0 00:00:00  -  Run Local Usage
		Usr 0 00:09:36, Sys 0 00:09:26  -  Total Remote Usage
		Usr 0 00:00:00, Sys 0 00:00:00  -  Total Local Usage
	0  -  Run Bytes Sent By Job
	0  -  Run Bytes Received By Job
	0  -  Total Bytes Sent By Job
	0  -  Total Bytes Received By Job
	Partitionable Resources :    Usage  Request Allocated
	   Cpus                 :                 1         1
	   Disk (KB)            :       15       15   1107104
	   Memory (MB)          :      848     8192      8192
	   Multinode            :                           1
...
