000 (119485.074.000) 11/23 16:27:46 Job submitted from host: <172.20.12.20:41606>
...
001 (119485.074.000) 11/23 16:27:48 Job executing on host: <172.20.15.87:48468?noUDP>
...
006 (119485.074.000) 11/23 16:27:56 Image size of job updated: 221208
	207  -  MemoryUsage of job (MB)
	211548  -  ResidentSetSize of job (KB)
...
006 (119485.074.000) 11/23 16:32:56 Image size of job updated: 1620196
	1573  -  MemoryUsage of job (MB)
	1610364  -  ResidentSetSize of job (KB)
...
006 (119485.074.000) 11/23 16:37:57 Image size of job updated: 2771404
	2697  -  MemoryUsage of job (MB)
	2761572  -  ResidentSetSize of job (KB)
...
006 (119485.074.000) 11/23 16:42:57 Image size of job updated: 2775348
	2701  -  MemoryUsage of job (MB)
	2765516  -  ResidentSetSize of job (KB)
...
006 (119485.074.000) 11/23 16:47:57 Image size of job updated: 3950592
	3849  -  MemoryUsage of job (MB)
	3940772  -  ResidentSetSize of job (KB)
...
006 (119485.074.000) 11/23 16:57:58 Image size of job updated: 4369648
	4258  -  MemoryUsage of job (MB)
	4359828  -  ResidentSetSize of job (KB)
...
006 (119485.074.000) 11/23 17:02:58 Image size of job updated: 4842272
	4720  -  MemoryUsage of job (MB)
	4832452  -  ResidentSetSize of job (KB)
...
006 (119485.074.000) 11/23 17:07:59 Image size of job updated: 5449952
	5313  -  MemoryUsage of job (MB)
	5440132  -  ResidentSetSize of job (KB)
...
006 (119485.074.000) 11/23 17:18:00 Image size of job updated: 5576416
	5437  -  MemoryUsage of job (MB)
	5566596  -  ResidentSetSize of job (KB)
...
006 (119485.074.000) 11/23 17:23:00 Image size of job updated: 6037572
	5887  -  MemoryUsage of job (MB)
	6027752  -  ResidentSetSize of job (KB)
...
006 (119485.074.000) 11/23 17:38:01 Image size of job updated: 6464604
	6304  -  MemoryUsage of job (MB)
	6454784  -  ResidentSetSize of job (KB)
...
006 (119485.074.000) 11/23 17:58:04 Image size of job updated: 7697320
	7508  -  MemoryUsage of job (MB)
	7687500  -  ResidentSetSize of job (KB)
...
006 (119485.074.000) 11/23 18:03:05 Image size of job updated: 9320644
	9093  -  MemoryUsage of job (MB)
	9310824  -  ResidentSetSize of job (KB)
...
005 (119485.074.000) 11/23 18:04:44 Job terminated.
	(1) Normal termination (return value 0)
		Usr 0 00:48:37, Sys 0 00:47:36  -  Run Remote Usage
		Usr 0 00:00:00, Sys 0 00:00:00  -  Run Local Usage
		Usr 0 00:48:37, Sys 0 00:47:36  -  Total Remote Usage
		Usr 0 00:00:00, Sys 0 00:00:00  -  Total Local Usage
	0  -  Run Bytes Sent By Job
	0  -  Run Bytes Received By Job
	0  -  Total Bytes Sent By Job
	0  -  Total Bytes Received By Job
	Partitionable Resources :    Usage  Request Allocated
	   Cpus                 :                 1         1
	   Disk (KB)            :       15       15   2221414
	   Memory (MB)          :     9093     8192      8192
	   Multinode            :                           1
...
