000 (119487.128.000) 11/23 16:28:02 Job submitted from host: <172.20.12.20:41606>
...
001 (119487.128.000) 11/23 16:28:45 Job executing on host: <172.20.15.84:41898?noUDP>
...
006 (119487.128.000) 11/23 16:28:53 Image size of job updated: 274912
	269  -  MemoryUsage of job (MB)
	274912  -  ResidentSetSize of job (KB)
...
006 (119487.128.000) 11/23 16:33:53 Image size of job updated: 667072
	652  -  MemoryUsage of job (MB)
	667072  -  ResidentSetSize of job (KB)
...
006 (119487.128.000) 11/23 16:36:22 Image size of job updated: 700888
	652  -  MemoryUsage of job (MB)
	667072  -  ResidentSetSize of job (KB)
...
005 (119487.128.000) 11/23 16:36:22 Job terminated.
	(1) Normal termination (return value 0)
		Usr 0 00:06:38, Sys 0 00:00:57  -  Run Remote Usage
		Usr 0 00:00:00, Sys 0 00:00:00  -  Run Local Usage
		Usr 0 00:06:38, Sys 0 00:00:57  -  Total Remote Usage
		Usr 0 00:00:00, Sys 0 00:00:00  -  Total Local Usage
	0  -  Run Bytes Sent By Job
	0  -  Run Bytes Received By Job
	0  -  Total Bytes Sent By Job
	0  -  Total Bytes Received By Job
	Partitionable Resources :    Usage  Request Allocated
	   Cpus                 :                 1         1
	   Disk (KB)            :       15       15   1893407
	   Memory (MB)          :      652     8192      8192
	   Multinode            :                           1
...
