000 (119485.062.000) 11/23 16:27:45 Job submitted from host: <172.20.12.20:41606>
...
001 (119485.062.000) 11/23 16:27:48 Job executing on host: <172.20.15.145:44891?noUDP>
...
006 (119485.062.000) 11/23 16:27:56 Image size of job updated: 206856
	203  -  MemoryUsage of job (MB)
	206856  -  ResidentSetSize of job (KB)
...
006 (119485.062.000) 11/23 16:32:56 Image size of job updated: 1122064
	1096  -  MemoryUsage of job (MB)
	1122064  -  ResidentSetSize of job (KB)
...
006 (119485.062.000) 11/23 16:37:57 Image size of job updated: 1538952
	1503  -  MemoryUsage of job (MB)
	1538952  -  ResidentSetSize of job (KB)
...
006 (119485.062.000) 11/23 16:47:57 Image size of job updated: 1795068
	1753  -  MemoryUsage of job (MB)
	1795068  -  ResidentSetSize of job (KB)
...
006 (119485.062.000) 11/23 16:53:54 Image size of job updated: 2490540
	1753  -  MemoryUsage of job (MB)
	1795068  -  ResidentSetSize of job (KB)
...
005 (119485.062.000) 11/23 16:53:54 Job terminated.
	(1) Normal termination (return value 0)
		Usr 0 00:17:13, Sys 0 00:08:05  -  Run Remote Usage
		Usr 0 00:00:00, Sys 0 00:00:00  -  Run Local Usage
		Usr 0 00:17:13, Sys 0 00:08:05  -  Total Remote Usage
		Usr 0 00:00:00, Sys 0 00:00:00  -  Total Local Usage
	0  -  Run Bytes Sent By Job
	0  -  Run Bytes Received By Job
	0  -  Total Bytes Sent By Job
	0  -  Total Bytes Received By Job
	Partitionable Resources :    Usage  Request Allocated
	   Cpus                 :                 1         1
	   Disk (KB)            :       15       15   2144718
	   Memory (MB)          :     1753     8192      8192
	   Multinode            :                           1
...
