000 (119487.087.000) 11/23 16:28:02 Job submitted from host: <172.20.12.20:41606>
...
001 (119487.087.000) 11/23 16:28:44 Job executing on host: <172.20.15.184:45329?noUDP>
...
006 (119487.087.000) 11/23 16:28:53 Image size of job updated: 208900
	205  -  MemoryUsage of job (MB)
	208900  -  ResidentSetSize of job (KB)
...
006 (119487.087.000) 11/23 16:33:54 Image size of job updated: 985516
	963  -  MemoryUsage of job (MB)
	985516  -  ResidentSetSize of job (KB)
...
006 (119487.087.000) 11/23 16:36:28 Image size of job updated: 1102904
	963  -  MemoryUsage of job (MB)
	985516  -  ResidentSetSize of job (KB)
...
005 (119487.087.000) 11/23 16:36:28 Job terminated.
	(1) Normal termination (return value 0)
		Usr 0 00:07:34, Sys 0 00:00:05  -  Run Remote Usage
		Usr 0 00:00:00, Sys 0 00:00:00  -  Run Local Usage
		Usr 0 00:07:34, Sys 0 00:00:05  -  Total Remote Usage
		Usr 0 00:00:00, Sys 0 00:00:00  -  Total Local Usage
	0  -  Run Bytes Sent By Job
	0  -  Run Bytes Received By Job
	0  -  Total Bytes Sent By Job
	0  -  Total Bytes Received By Job
	Partitionable Resources :    Usage  Request Allocated
	   Cpus                 :                 1         1
	   Disk (KB)            :       15       15   2221319
	   Memory (MB)          :      963     8192      8192
	   Multinode            :                           1
...
