000 (119485.152.000) 11/23 16:27:46 Job submitted from host: <172.20.12.20:41606>
...
001 (119485.152.000) 11/23 16:28:09 Job executing on host: <172.20.15.81:41022?noUDP>
...
006 (119485.152.000) 11/23 16:28:18 Image size of job updated: 210548
	206  -  MemoryUsage of job (MB)
	210548  -  ResidentSetSize of job (KB)
...
006 (119485.152.000) 11/23 16:33:19 Image size of job updated: 1201284
	1174  -  MemoryUsage of job (MB)
	1201284  -  ResidentSetSize of job (KB)
...
006 (119485.152.000) 11/23 16:38:19 Image size of job updated: 1516612
	1482  -  MemoryUsage of job (MB)
	1516612  -  ResidentSetSize of job (KB)
...
006 (119485.152.000) 11/23 16:53:21 Image size of job updated: 1674888
	1636  -  MemoryUsage of job (MB)
	1674888  -  ResidentSetSize of job (KB)
...
006 (119485.152.000) 11/23 16:58:21 Image size of job updated: 1818456
	1776  -  MemoryUsage of job (MB)
	1818456  -  ResidentSetSize of job (KB)
...
005 (119485.152.000) 11/23 16:58:58 Job terminated.
	(1) Normal termination (return value 0)
		Usr 0 00:14:46, Sys 0 00:15:50  -  Run Remote Usage
		Usr 0 00:00:00, Sys 0 00:00:00  -  Run Local Usage
		Usr 0 00:14:46, Sys 0 00:15:50  -  Total Remote Usage
		Usr 0 00:00:00, Sys 0 00:00:00  -  Total Local Usage
	0  -  Run Bytes Sent By Job
	0  -  Run Bytes Received By Job
	0  -  Total Bytes Sent By Job
	0  -  Total Bytes Received By Job
	Partitionable Resources :    Usage  Request Allocated
	   Cpus                 :                 1         1
	   Disk (KB)            :       15       15   1688913
	   Memory (MB)          :     1776     8192      8192
	   Multinode            :                           1
...
