000 (119487.132.000) 11/23 16:28:02 Job submitted from host: <172.20.12.20:41606>
...
001 (119487.132.000) 11/23 16:28:45 Job executing on host: <172.20.15.220:48541?noUDP>
...
006 (119487.132.000) 11/23 16:28:53 Image size of job updated: 208900
	205  -  MemoryUsage of job (MB)
	208900  -  ResidentSetSize of job (KB)
...
006 (119487.132.000) 11/23 16:33:53 Image size of job updated: 674048
	659  -  MemoryUsage of job (MB)
	674048  -  ResidentSetSize of job (KB)
...
006 (119487.132.000) 11/23 16:38:54 Image size of job updated: 807428
	789  -  MemoryUsage of job (MB)
	807428  -  ResidentSetSize of job (KB)
...
005 (119487.132.000) 11/23 16:39:07 Job terminated.
	(1) Normal termination (return value 0)
		Usr 0 00:07:19, Sys 0 00:02:57  -  Run Remote Usage
		Usr 0 00:00:00, Sys 0 00:00:00  -  Run Local Usage
		Usr 0 00:07:19, Sys 0 00:02:57  -  Total Remote Usage
		Usr 0 00:00:00, Sys 0 00:00:00  -  Total Local Usage
	0  -  Run Bytes Sent By Job
	0  -  Run Bytes Received By Job
	0  -  Total Bytes Sent By Job
	0  -  Total Bytes Received By Job
	Partitionable Resources :    Usage  Request Allocated
	   Cpus                 :                 1         1
	   Disk (KB)            :       15       15   2188612
	   Memory (MB)          :      789     8192      8192
	   Multinode            :                           1
...
