000 (119487.037.000) 11/23 16:28:01 Job submitted from host: <172.20.12.20:41606>
...
001 (119487.037.000) 11/23 16:28:17 Job executing on host: <172.20.15.186:46643?noUDP>
...
006 (119487.037.000) 11/23 16:28:25 Image size of job updated: 232276
	227  -  MemoryUsage of job (MB)
	232276  -  ResidentSetSize of job (KB)
...
006 (119487.037.000) 11/23 16:33:25 Image size of job updated: 1107516
	1082  -  MemoryUsage of job (MB)
	1107516  -  ResidentSetSize of job (KB)
...
006 (119487.037.000) 11/23 16:38:26 Image size of job updated: 2256048
	2204  -  MemoryUsage of job (MB)
	2256048  -  ResidentSetSize of job (KB)
...
006 (119487.037.000) 11/23 16:43:27 Image size of job updated: 2763748
	2699  -  MemoryUsage of job (MB)
	2763748  -  ResidentSetSize of job (KB)
...
006 (119487.037.000) 11/23 16:53:28 Image size of job updated: 2826564
	2761  -  MemoryUsage of job (MB)
	2826564  -  ResidentSetSize of job (KB)
...
006 (119487.037.000) 11/23 16:58:29 Image size of job updated: 3639408
	3555  -  MemoryUsage of job (MB)
	3639408  -  ResidentSetSize of job (KB)
...
006 (119487.037.000) 11/23 17:03:29 Image size of job updated: 4001344
	3908  -  MemoryUsage of job (MB)
	4001344  -  ResidentSetSize of job (KB)
...
006 (119487.037.000) 11/23 17:08:29 Image size of job updated: 4103752
	4008  -  MemoryUsage of job (MB)
	4103752  -  ResidentSetSize of job (KB)
...
006 (119487.037.000) 11/23 17:28:32 Image size of job updated: 5343424
	5219  -  MemoryUsage of job (MB)
	5343424  -  ResidentSetSize of job (KB)
...
006 (119487.037.000) 11/23 17:33:33 Image size of job updated: 5376524
	5251  -  MemoryUsage of job (MB)
	5376524  -  ResidentSetSize of job (KB)
...
006 (119487.037.000) 11/23 17:38:33 Image size of job updated: 5400440
	5274  -  MemoryUsage of job (MB)
	5400440  -  ResidentSetSize of job (KB)
...
006 (119487.037.000) 11/23 17:43:33 Image size of job updated: 5584560
	5454  -  MemoryUsage of job (MB)
	5584560  -  ResidentSetSize of job (KB)
...
005 (119487.037.000) 11/23 17:48:20 Job terminated.
	(1) Normal termination (return value 0)
		Usr 0 00:36:15, Sys 0 00:43:44  -  Run Remote Usage
		Usr 0 00:00:00, Sys 0 00:00:00  -  Run Local Usage
		Usr 0 00:36:15, Sys 0 00:43:44  -  Total Remote Usage
		Usr 0 00:00:00, Sys 0 00:00:00  -  Total Local Usage
	0  -  Run Bytes Sent By Job
	0  -  Run Bytes Received By Job
	0  -  Total Bytes Sent By Job
	0  -  Total Bytes Received By Job
	Partitionable Resources :    Usage  Request Allocated
	   Cpus                 :                 1         1
	   Disk (KB)            :       15       15   2225037
	   Memory (MB)          :     5454     8192      8192
	   Multinode            :                           1
...
