000 (119487.137.000) 11/23 16:28:02 Job submitted from host: <172.20.12.20:41606>
...
001 (119487.137.000) 11/23 16:28:45 Job executing on host: <172.20.15.56:43650?noUDP>
...
006 (119487.137.000) 11/23 16:28:53 Image size of job updated: 185272
	181  -  MemoryUsage of job (MB)
	185272  -  ResidentSetSize of job (KB)
...
006 (119487.137.000) 11/23 16:33:53 Image size of job updated: 748164
	731  -  MemoryUsage of job (MB)
	748164  -  ResidentSetSize of job (KB)
...
006 (119487.137.000) 11/23 16:38:54 Image size of job updated: 960540
	939  -  MemoryUsage of job (MB)
	960540  -  ResidentSetSize of job (KB)
...
006 (119487.137.000) 11/23 16:43:55 Image size of job updated: 1105172
	1080  -  MemoryUsage of job (MB)
	1105172  -  ResidentSetSize of job (KB)
...
006 (119487.137.000) 11/23 16:48:55 Image size of job updated: 1152160
	1126  -  MemoryUsage of job (MB)
	1152160  -  ResidentSetSize of job (KB)
...
006 (119487.137.000) 11/23 16:53:56 Image size of job updated: 1284656
	1255  -  MemoryUsage of job (MB)
	1284656  -  ResidentSetSize of job (KB)
...
006 (119487.137.000) 11/23 16:58:57 Image size of job updated: 1393816
	1362  -  MemoryUsage of job (MB)
	1393816  -  ResidentSetSize of job (KB)
...
006 (119487.137.000) 11/23 17:23:58 Image size of job updated: 1498288
	1464  -  MemoryUsage of job (MB)
	1498288  -  ResidentSetSize of job (KB)
...
005 (119487.137.000) 11/23 17:37:37 Job terminated.
	(1) Normal termination (return value 0)
		Usr 0 00:17:12, Sys 0 00:51:36  -  Run Remote Usage
		Usr 0 00:00:00, Sys 0 00:00:00  -  Run Local Usage
		Usr 0 00:17:12, Sys 0 00:51:36  -  Total Remote Usage
		Usr 0 00:00:00, Sys 0 00:00:00  -  Total Local Usage
	0  -  Run Bytes Sent By Job
	0  -  Run Bytes Received By Job
	0  -  Total Bytes Sent By Job
	0  -  Total Bytes Received By Job
	Partitionable Resources :    Usage  Request Allocated
	   Cpus                 :                 1         1
	   Disk (KB)            :       15       15   2184862
	   Memory (MB)          :     1464     8192      8192
	   Multinode            :                           1
...
