000 (119485.119.000) 11/23 16:27:46 Job submitted from host: <172.20.12.20:41606>
...
001 (119485.119.000) 11/23 16:27:48 Job executing on host: <172.20.15.170:45621?noUDP>
...
006 (119485.119.000) 11/23 16:27:57 Image size of job updated: 210652
	206  -  MemoryUsage of job (MB)
	210652  -  ResidentSetSize of job (KB)
...
006 (119485.119.000) 11/23 16:32:58 Image size of job updated: 1524116
	1489  -  MemoryUsage of job (MB)
	1524116  -  ResidentSetSize of job (KB)
...
006 (119485.119.000) 11/23 16:42:58 Image size of job updated: 1643496
	1605  -  MemoryUsage of job (MB)
	1643496  -  ResidentSetSize of job (KB)
...
006 (119485.119.000) 11/23 17:08:01 Image size of job updated: 1836932
	1794  -  MemoryUsage of job (MB)
	1836932  -  ResidentSetSize of job (KB)
...
006 (119485.119.000) 11/23 17:13:01 Image size of job updated: 1878068
	1835  -  MemoryUsage of job (MB)
	1878068  -  ResidentSetSize of job (KB)
...
006 (119485.119.000) 11/23 17:29:24 Image size of job updated: 2190720
	1835  -  MemoryUsage of job (MB)
	1878068  -  ResidentSetSize of job (KB)
...
005 (119485.119.000) 11/23 17:29:24 Job terminated.
	(1) Normal termination (return value 0)
		Usr 0 00:13:11, Sys 0 00:47:42  -  Run Remote Usage
		Usr 0 00:00:00, Sys 0 00:00:00  -  Run Local Usage
		Usr 0 00:13:11, Sys 0 00:47:42  -  Total Remote Usage
		Usr 0 00:00:00, Sys 0 00:00:00  -  Total Local Usage
	0  -  Run Bytes Sent By Job
	0  -  Run Bytes Received By Job
	0  -  Total Bytes Sent By Job
	0  -  Total Bytes Received By Job
	Partitionable Resources :    Usage  Request Allocated
	   Cpus                 :                 1         1
	   Disk (KB)            :       15       15   2124090
	   Memory (MB)          :     1835     8192      8192
	   Multinode            :                           1
...
