000 (119485.067.000) 11/23 16:27:45 Job submitted from host: <172.20.12.20:41606>
...
001 (119485.067.000) 11/23 16:27:48 Job executing on host: <172.20.15.133:43358?noUDP>
...
006 (119485.067.000) 11/23 16:27:56 Image size of job updated: 206656
	201  -  MemoryUsage of job (MB)
	204804  -  ResidentSetSize of job (KB)
...
006 (119485.067.000) 11/23 16:32:57 Image size of job updated: 985676
	961  -  MemoryUsage of job (MB)
	983688  -  ResidentSetSize of job (KB)
...
006 (119485.067.000) 11/23 16:37:58 Image size of job updated: 1004520
	980  -  MemoryUsage of job (MB)
	1002532  -  ResidentSetSize of job (KB)
...
006 (119485.067.000) 11/23 16:42:58 Image size of job updated: 1525684
	1488  -  MemoryUsage of job (MB)
	1523696  -  ResidentSetSize of job (KB)
...
006 (119485.067.000) 11/23 16:58:00 Image size of job updated: 1596728
	1558  -  MemoryUsage of job (MB)
	1594740  -  ResidentSetSize of job (KB)
...
006 (119485.067.000) 11/23 17:08:00 Image size of job updated: 1882664
	1837  -  MemoryUsage of job (MB)
	1880676  -  ResidentSetSize of job (KB)
...
006 (119485.067.000) 11/23 17:25:15 Image size of job updated: 2216788
	1837  -  MemoryUsage of job (MB)
	1880676  -  ResidentSetSize of job (KB)
...
005 (119485.067.000) 11/23 17:25:15 Job terminated.
	(1) Normal termination (return value 0)
		Usr 0 00:14:23, Sys 0 00:42:23  -  Run Remote Usage
		Usr 0 00:00:00, Sys 0 00:00:00  -  Run Local Usage
		Usr 0 00:14:23, Sys 0 00:42:23  -  Total Remote Usage
		Usr 0 00:00:00, Sys 0 00:00:00  -  Total Local Usage
	0  -  Run Bytes Sent By Job
	0  -  Run Bytes Received By Job
	0  -  Total Bytes Sent By Job
	0  -  Total Bytes Received By Job
	Partitionable Resources :    Usage  Request Allocated
	   Cpus                 :                 1         1
	   Disk (KB)            :       15       15   2210969
	   Memory (MB)          :     1837     8192      8192
	   Multinode            :                           1
...
