000 (119487.006.000) 11/23 16:28:01 Job submitted from host: <172.20.12.20:41606>
...
001 (119487.006.000) 11/23 16:28:09 Job executing on host: <172.20.15.208:44745?noUDP>
...
006 (119487.006.000) 11/23 16:28:18 Image size of job updated: 208904
	205  -  MemoryUsage of job (MB)
	208904  -  ResidentSetSize of job (KB)
...
006 (119487.006.000) 11/23 16:33:19 Image size of job updated: 621900
	608  -  MemoryUsage of job (MB)
	621900  -  ResidentSetSize of job (KB)
...
006 (119487.006.000) 11/23 16:40:00 Image size of job updated: 702336
	608  -  MemoryUsage of job (MB)
	621900  -  ResidentSetSize of job (KB)
...
005 (119487.006.000) 11/23 16:40:00 Job terminated.
	(1) Normal termination (return value 0)
		Usr 0 00:06:56, Sys 0 00:04:50  -  Run Remote Usage
		Usr 0 00:00:00, Sys 0 00:00:00  -  Run Local Usage
		Usr 0 00:06:56, Sys 0 00:04:50  -  Total Remote Usage
		Usr 0 00:00:00, Sys 0 00:00:00  -  Total Local Usage
	0  -  Run Bytes Sent By Job
	0  -  Run Bytes Received By Job
	0  -  Total Bytes Sent By Job
	0  -  Total Bytes Received By Job
	Partitionable Resources :    Usage  Request Allocated
	   Cpus                 :                 1         1
	   Disk (KB)            :       15       15   2215997
	   Memory (MB)          :      608     8192      8192
	   Multinode            :                           1
...
