000 (119485.066.000) 11/23 16:27:45 Job submitted from host: <172.20.12.20:41606>
...
001 (119485.066.000) 11/23 16:27:48 Job executing on host: <172.20.15.219:41898?noUDP>
...
006 (119485.066.000) 11/23 16:27:57 Image size of job updated: 205828
	202  -  MemoryUsage of job (MB)
	205828  -  ResidentSetSize of job (KB)
...
006 (119485.066.000) 11/23 16:32:58 Image size of job updated: 882784
	863  -  MemoryUsage of job (MB)
	882776  -  ResidentSetSize of job (KB)
...
006 (119485.066.000) 11/23 16:37:59 Image size of job updated: 1054968
	1031  -  MemoryUsage of job (MB)
	1054960  -  ResidentSetSize of job (KB)
...
006 (119485.066.000) 11/23 16:42:59 Image size of job updated: 1208212
	1180  -  MemoryUsage of job (MB)
	1208200  -  ResidentSetSize of job (KB)
...
006 (119485.066.000) 11/23 16:47:59 Image size of job updated: 1389576
	1357  -  MemoryUsage of job (MB)
	1389564  -  ResidentSetSize of job (KB)
...
006 (119485.066.000) 11/23 16:58:00 Image size of job updated: 1498524
	1464  -  MemoryUsage of job (MB)
	1498512  -  ResidentSetSize of job (KB)
...
005 (119485.066.000) 11/23 17:02:53 Job terminated.
	(1) Normal termination (return value 0)
		Usr 0 00:10:35, Sys 0 00:23:56  -  Run Remote Usage
		Usr 0 00:00:00, Sys 0 00:00:00  -  Run Local Usage
		Usr 0 00:10:35, Sys 0 00:23:56  -  Total Remote Usage
		Usr 0 00:00:00, Sys 0 00:00:00  -  Total Local Usage
	0  -  Run Bytes Sent By Job
	0  -  Run Bytes Received By Job
	0  -  Total Bytes Sent By Job
	0  -  Total Bytes Received By Job
	Partitionable Resources :    Usage  Request Allocated
	   Cpus                 :                 1         1
	   Disk (KB)            :       15       15   2042676
	   Memory (MB)          :     1464     8192      8192
	   Multinode            :                           1
...
