000 (119485.021.000) 11/23 16:27:45 Job submitted from host: <172.20.12.20:41606>
...
001 (119485.021.000) 11/23 16:27:48 Job executing on host: <172.20.15.169:40584?noUDP>
...
006 (119485.021.000) 11/23 16:27:56 Image size of job updated: 213608
	209  -  MemoryUsage of job (MB)
	213608  -  ResidentSetSize of job (KB)
...
006 (119485.021.000) 11/23 16:31:37 Image size of job updated: 454548
	209  -  MemoryUsage of job (MB)
	213608  -  ResidentSetSize of job (KB)
...
005 (119485.021.000) 11/23 16:31:37 Job terminated.
	(1) Normal termination (return value 0)
		Usr 0 00:03:38, Sys 0 00:00:00  -  Run Remote Usage
		Usr 0 00:00:00, Sys 0 00:00:00  -  Run Local Usage
		Usr 0 00:03:38, Sys 0 00:00:00  -  Total Remote Usage
		Usr 0 00:00:00, Sys 0 00:00:00  -  Total Local Usage
	0  -  Run Bytes Sent By Job
	0  -  Run Bytes Received By Job
	0  -  Total Bytes Sent By Job
	0  -  Total Bytes Received By Job
	Partitionable Resources :    Usage  Request Allocated
	   Cpus                 :                 1         1
	   Disk (KB)            :       15       15   1890276
	   Memory (MB)          :      209     8192      8192
	   Multinode            :                           1
...
