000 (119485.102.000) 11/23 16:27:46 Job submitted from host: <172.20.12.20:41606>
...
001 (119485.102.000) 11/23 16:27:48 Job executing on host: <172.20.15.65:47811?noUDP>
...
006 (119485.102.000) 11/23 16:27:57 Image size of job updated: 23256
	23  -  MemoryUsage of job (MB)
	23256  -  ResidentSetSize of job (KB)
...
006 (119485.102.000) 11/23 16:32:58 Image size of job updated: 618104
	604  -  MemoryUsage of job (MB)
	618104  -  ResidentSetSize of job (KB)
...
006 (119485.102.000) 11/23 16:37:59 Image size of job updated: 759184
	742  -  MemoryUsage of job (MB)
	759184  -  ResidentSetSize of job (KB)
...
006 (119485.102.000) 11/23 16:53:00 Image size of job updated: 762256
	745  -  MemoryUsage of job (MB)
	762256  -  ResidentSetSize of job (KB)
...
006 (119485.102.000) 11/23 16:58:00 Image size of job updated: 778736
	761  -  MemoryUsage of job (MB)
	778736  -  ResidentSetSize of job (KB)
...
006 (119485.102.000) 11/23 17:03:00 Image size of job updated: 914900
	894  -  MemoryUsage of job (MB)
	914900  -  ResidentSetSize of job (KB)
...
006 (119485.102.000) 11/23 17:13:02 Image size of job updated: 1189216
	1162  -  MemoryUsage of job (MB)
	1189216  -  ResidentSetSize of job (KB)
...
005 (119485.102.000) 11/23 17:21:14 Job terminated.
	(1) Normal termination (return value 0)
		Usr 0 00:07:02, Sys 0 00:45:58  -  Run Remote Usage
		Usr 0 00:00:00, Sys 0 00:00:00  -  Run Local Usage
		Usr 0 00:07:02, Sys 0 00:45:58  -  Total Remote Usage
		Usr 0 00:00:00, Sys 0 00:00:00  -  Total Local Usage
	0  -  Run Bytes Sent By Job
	0  -  Run Bytes Received By Job
	0  -  Total Bytes Sent By Job
	0  -  Total Bytes Received By Job
	Partitionable Resources :    Usage  Request Allocated
	   Cpus                 :                 1         1
	   Disk (KB)            :       15       15   2198217
	   Memory (MB)          :     1162     8192      8192
	   Multinode            :                           1
...
