000 (119487.014.000) 11/23 16:28:01 Job submitted from host: <172.20.12.20:41606>
...
001 (119487.014.000) 11/23 16:28:09 Job executing on host: <172.20.15.178:45913?noUDP>
...
006 (119487.014.000) 11/23 16:28:18 Image size of job updated: 210328
	206  -  MemoryUsage of job (MB)
	210328  -  ResidentSetSize of job (KB)
...
006 (119487.014.000) 11/23 16:33:18 Image size of job updated: 736856
	720  -  MemoryUsage of job (MB)
	736856  -  ResidentSetSize of job (KB)
...
006 (119487.014.000) 11/23 16:36:55 Image size of job updated: 1052128
	720  -  MemoryUsage of job (MB)
	736856  -  ResidentSetSize of job (KB)
...
005 (119487.014.000) 11/23 16:36:55 Job terminated.
	(1) Normal termination (return value 0)
		Usr 0 00:08:16, Sys 0 00:00:03  -  Run Remote Usage
		Usr 0 00:00:00, Sys 0 00:00:00  -  Run Local Usage
		Usr 0 00:08:16, Sys 0 00:00:03  -  Total Remote Usage
		Usr 0 00:00:00, Sys 0 00:00:00  -  Total Local Usage
	0  -  Run Bytes Sent By Job
	0  -  Run Bytes Received By Job
	0  -  Total Bytes Sent By Job
	0  -  Total Bytes Received By Job
	Partitionable Resources :    Usage  Request Allocated
	   Cpus                 :                 1         1
	   Disk (KB)            :       15       15   2209252
	   Memory (MB)          :      720     8192      8192
	   Multinode            :                           1
...
