000 (119487.098.000) 11/23 16:28:02 Job submitted from host: <172.20.12.20:41606>
...
001 (119487.098.000) 11/23 16:28:44 Job executing on host: <172.20.15.205:49490?noUDP>
...
006 (119487.098.000) 11/23 16:28:53 Image size of job updated: 247392
	242  -  MemoryUsage of job (MB)
	247392  -  ResidentSetSize of job (KB)
...
006 (119487.098.000) 11/23 16:33:54 Image size of job updated: 665584
	650  -  MemoryUsage of job (MB)
	665584  -  ResidentSetSize of job (KB)
...
006 (119487.098.000) 11/23 16:38:54 Image size of job updated: 841788
	823  -  MemoryUsage of job (MB)
	841788  -  ResidentSetSize of job (KB)
...
006 (119487.098.000) 11/23 16:53:55 Image size of job updated: 897040
	877  -  MemoryUsage of job (MB)
	897040  -  ResidentSetSize of job (KB)
...
006 (119487.098.000) 11/23 16:58:55 Image size of job updated: 974508
	952  -  MemoryUsage of job (MB)
	974508  -  ResidentSetSize of job (KB)
...
005 (119487.098.000) 11/23 17:09:50 Job terminated.
	(1) Normal termination (return value 0)
		Usr 0 00:07:14, Sys 0 00:33:47  -  Run Remote Usage
		Usr 0 00:00:00, Sys 0 00:00:00  -  Run Local Usage
		Usr 0 00:07:14, Sys 0 00:33:47  -  Total Remote Usage
		Usr 0 00:00:00, Sys 0 00:00:00  -  Total Local Usage
	0  -  Run Bytes Sent By Job
	0  -  Run Bytes Received By Job
	0  -  Total Bytes Sent By Job
	0  -  Total Bytes Received By Job
	Partitionable Resources :    Usage  Request Allocated
	   Cpus                 :                 1         1
	   Disk (KB)            :       15       15   1989741
	   Memory (MB)          :      952     8192      8192
	   Multinode            :                           1
...
