000 (119487.155.000) 11/23 16:28:02 Job submitted from host: <172.20.12.20:41606>
...
001 (119487.155.000) 11/23 16:28:45 Job executing on host: <172.20.15.133:43358?noUDP>
...
006 (119487.155.000) 11/23 16:28:53 Image size of job updated: 23256
	23  -  MemoryUsage of job (MB)
	23256  -  ResidentSetSize of job (KB)
...
006 (119487.155.000) 11/23 16:33:53 Image size of job updated: 698852
	683  -  MemoryUsage of job (MB)
	698852  -  ResidentSetSize of job (KB)
...
006 (119487.155.000) 11/23 16:38:54 Image size of job updated: 827052
	808  -  MemoryUsage of job (MB)
	827052  -  ResidentSetSize of job (KB)
...
005 (119487.155.000) 11/23 16:48:49 Job terminated.
	(1) Normal termination (return value 0)
		Usr 0 00:08:39, Sys 0 00:11:23  -  Run Remote Usage
		Usr 0 00:00:00, Sys 0 00:00:00  -  Run Local Usage
		Usr 0 00:08:39, Sys 0 00:11:23  -  Total Remote Usage
		Usr 0 00:00:00, Sys 0 00:00:00  -  Total Local Usage
	0  -  Run Bytes Sent By Job
	0  -  Run Bytes Received By Job
	0  -  Total Bytes Sent By Job
	0  -  Total Bytes Received By Job
	Partitionable Resources :    Usage  Request Allocated
	   Cpus                 :                 1         1
	   Disk (KB)            :       15       15   2210965
	   Memory (MB)          :      808     8192      8192
	   Multinode            :                           1
...
