000 (119485.080.000) 11/23 16:27:46 Job submitted from host: <172.20.12.20:41606>
...
001 (119485.080.000) 11/23 16:27:53 Job executing on host: <172.20.15.186:46643?noUDP>
...
006 (119485.080.000) 11/23 16:28:02 Image size of job updated: 205668
	201  -  MemoryUsage of job (MB)
	205668  -  ResidentSetSize of job (KB)
...
006 (119485.080.000) 11/23 16:33:03 Image size of job updated: 694808
	679  -  MemoryUsage of job (MB)
	694808  -  ResidentSetSize of job (KB)
...
006 (119485.080.000) 11/23 16:43:04 Image size of job updated: 781180
	763  -  MemoryUsage of job (MB)
	781180  -  ResidentSetSize of job (KB)
...
006 (119485.080.000) 11/23 16:48:03 Image size of job updated: 817848
	763  -  MemoryUsage of job (MB)
	781180  -  ResidentSetSize of job (KB)
...
005 (119485.080.000) 11/23 16:48:03 Job terminated.
	(1) Normal termination (return value 0)
		Usr 0 00:12:21, Sys 0 00:07:46  -  Run Remote Usage
		Usr 0 00:00:00, Sys 0 00:00:00  -  Run Local Usage
		Usr 0 00:12:21, Sys 0 00:07:46  -  Total Remote Usage
		Usr 0 00:00:00, Sys 0 00:00:00  -  Total Local Usage
	0  -  Run Bytes Sent By Job
	0  -  Run Bytes Received By Job
	0  -  Total Bytes Sent By Job
	0  -  Total Bytes Received By Job
	Partitionable Resources :    Usage  Request Allocated
	   Cpus                 :                 1         1
	   Disk (KB)            :       15       15   2225037
	   Memory (MB)          :      763     8192      8192
	   Multinode            :                           1
...
