000 (119485.002.000) 11/23 16:27:45 Job submitted from host: <172.20.12.20:41606>
...
001 (119485.002.000) 11/23 16:27:47 Job executing on host: <172.20.15.142:46132?noUDP>
...
006 (119485.002.000) 11/23 16:27:56 Image size of job updated: 178084
	173  -  MemoryUsage of job (MB)
	176280  -  ResidentSetSize of job (KB)
...
006 (119485.002.000) 11/23 16:32:56 Image size of job updated: 716832
	699  -  MemoryUsage of job (MB)
	714844  -  ResidentSetSize of job (KB)
...
006 (119485.002.000) 11/23 16:37:56 Image size of job updated: 789364
	769  -  MemoryUsage of job (MB)
	787376  -  ResidentSetSize of job (KB)
...
005 (119485.002.000) 11/23 16:50:25 Job terminated.
	(1) Normal termination (return value 0)
		Usr 0 00:08:53, Sys 0 00:13:07  -  Run Remote Usage
		Usr 0 00:00:00, Sys 0 00:00:00  -  Run Local Usage
		Usr 0 00:08:53, Sys 0 00:13:07  -  Total Remote Usage
		Usr 0 00:00:00, Sys 0 00:00:00  -  Total Local Usage
	0  -  Run Bytes Sent By Job
	0  -  Run Bytes Received By Job
	0  -  Total Bytes Sent By Job
	0  -  Total Bytes Received By Job
	Partitionable Resources :    Usage  Request Allocated
	   Cpus                 :                 1         1
	   Disk (KB)            :       15       15   2224101
	   Memory (MB)          :      769     8192      8192
	   Multinode            :                           1
...
