000 (119485.054.000) 11/23 16:27:45 Job submitted from host: <172.20.12.20:41606>
...
001 (119485.054.000) 11/23 16:27:48 Job executing on host: <172.20.15.143:48979?noUDP>
...
006 (119485.054.000) 11/23 16:27:56 Image size of job updated: 207696
	202  -  MemoryUsage of job (MB)
	205832  -  ResidentSetSize of job (KB)
...
006 (119485.054.000) 11/23 16:32:56 Image size of job updated: 626508
	610  -  MemoryUsage of job (MB)
	624520  -  ResidentSetSize of job (KB)
...
006 (119485.054.000) 11/23 16:37:57 Image size of job updated: 893192
	871  -  MemoryUsage of job (MB)
	891204  -  ResidentSetSize of job (KB)
...
005 (119485.054.000) 11/23 16:43:09 Job terminated.
	(1) Normal termination (return value 0)
		Usr 0 00:11:24, Sys 0 00:03:34  -  Run Remote Usage
		Usr 0 00:00:00, Sys 0 00:00:00  -  Run Local Usage
		Usr 0 00:11:24, Sys 0 00:03:34  -  Total Remote Usage
		Usr 0 00:00:00, Sys 0 00:00:00  -  Total Local Usage
	0  -  Run Bytes Sent By Job
	0  -  Run Bytes Received By Job
	0  -  Total Bytes Sent By Job
	0  -  Total Bytes Received By Job
	Partitionable Resources :    Usage  Request Allocated
	   Cpus                 :                 1         1
	   Disk (KB)            :       15       15   2217716
	   Memory (MB)          :      871     8192      8192
	   Multinode            :                           1
...
