000 (119485.138.000) 11/23 16:27:46 Job submitted from host: <172.20.12.20:41606>
...
001 (119485.138.000) 11/23 16:28:09 Job executing on host: <172.20.15.184:45329?noUDP>
...
006 (119485.138.000) 11/23 16:28:18 Image size of job updated: 210152
	206  -  MemoryUsage of job (MB)
	210152  -  ResidentSetSize of job (KB)
...
006 (119485.138.000) 11/23 16:33:19 Image size of job updated: 2707412
	2644  -  MemoryUsage of job (MB)
	2707412  -  ResidentSetSize of job (KB)
...
006 (119485.138.000) 11/23 16:38:19 Image size of job updated: 3506296
	3425  -  MemoryUsage of job (MB)
	3506296  -  ResidentSetSize of job (KB)
...
006 (119485.138.000) 11/23 16:48:20 Image size of job updated: 3688644
	3603  -  MemoryUsage of job (MB)
	3688644  -  ResidentSetSize of job (KB)
...
006 (119485.138.000) 11/23 16:58:20 Image size of job updated: 3743212
	3656  -  MemoryUsage of job (MB)
	3743212  -  ResidentSetSize of job (KB)
...
006 (119485.138.000) 11/23 17:03:21 Image size of job updated: 4853372
	4740  -  MemoryUsage of job (MB)
	4853372  -  ResidentSetSize of job (KB)
...
006 (119485.138.000) 11/23 17:33:24 Image size of job updated: 5397648
	5272  -  MemoryUsage of job (MB)
	5397648  -  ResidentSetSize of job (KB)
...
006 (119485.138.000) 11/23 17:38:25 Image size of job updated: 5497620
	5369  -  MemoryUsage of job (MB)
	5497620  -  ResidentSetSize of job (KB)
...
005 (119485.138.000) 11/23 17:42:04 Job terminated.
	(1) Normal termination (return value 0)
		Usr 0 00:51:11, Sys 0 00:22:34  -  Run Remote Usage
		Usr 0 00:00:00, Sys 0 00:00:00  -  Run Local Usage
		Usr 0 00:51:11, Sys 0 00:22:34  -  Total Remote Usage
		Usr 0 00:00:00, Sys 0 00:00:00  -  Total Local Usage
	0  -  Run Bytes Sent By Job
	0  -  Run Bytes Received By Job
	0  -  Total Bytes Sent By Job
	0  -  Total Bytes Received By Job
	Partitionable Resources :    Usage  Request Allocated
	   Cpus                 :                 1         1
	   Disk (KB)            :       15       15   2221323
	   Memory (MB)          :     5369     8192      8192
	   Multinode            :                           1
...
