000 (119485.143.000) 11/23 16:27:46 Job submitted from host: <172.20.12.20:41606>
...
001 (119485.143.000) 11/23 16:28:09 Job executing on host: <172.20.15.205:49490?noUDP>
...
006 (119485.143.000) 11/23 16:28:18 Image size of job updated: 211968
	207  -  MemoryUsage of job (MB)
	211968  -  ResidentSetSize of job (KB)
...
006 (119485.143.000) 11/23 16:33:19 Image size of job updated: 1025160
	1002  -  MemoryUsage of job (MB)
	1025160  -  ResidentSetSize of job (KB)
...
006 (119485.143.000) 11/23 16:38:19 Image size of job updated: 1225404
	1197  -  MemoryUsage of job (MB)
	1225404  -  ResidentSetSize of job (KB)
...
006 (119485.143.000) 11/23 16:43:19 Image size of job updated: 1318580
	1288  -  MemoryUsage of job (MB)
	1318580  -  ResidentSetSize of job (KB)
...
006 (119485.143.000) 11/23 16:48:20 Image size of job updated: 1563404
	1527  -  MemoryUsage of job (MB)
	1563404  -  ResidentSetSize of job (KB)
...
006 (119485.143.000) 11/23 16:53:20 Image size of job updated: 1745976
	1706  -  MemoryUsage of job (MB)
	1745976  -  ResidentSetSize of job (KB)
...
006 (119485.143.000) 11/23 17:23:23 Image size of job updated: 2166052
	2116  -  MemoryUsage of job (MB)
	2166052  -  ResidentSetSize of job (KB)
...
006 (119485.143.000) 11/23 17:51:48 Image size of job updated: 2264660
	2116  -  MemoryUsage of job (MB)
	2166052  -  ResidentSetSize of job (KB)
...
005 (119485.143.000) 11/23 17:51:48 Job terminated.
	(1) Normal termination (return value 0)
		Usr 0 00:16:27, Sys 0 01:06:41  -  Run Remote Usage
		Usr 0 00:00:00, Sys 0 00:00:00  -  Run Local Usage
		Usr 0 00:16:27, Sys 0 01:06:41  -  Total Remote Usage
		Usr 0 00:00:00, Sys 0 00:00:00  -  Total Local Usage
	0  -  Run Bytes Sent By Job
	0  -  Run Bytes Received By Job
	0  -  Total Bytes Sent By Job
	0  -  Total Bytes Received By Job
	Partitionable Resources :    Usage  Request Allocated
	   Cpus                 :                 1         1
	   Disk (KB)            :       15       15   1989745
	   Memory (MB)          :     2116     8192      8192
	   Multinode            :                           1
...
