000 (119485.026.000) 11/23 16:27:45 Job submitted from host: <172.20.12.20:41606>
...
001 (119485.026.000) 11/23 16:27:48 Job executing on host: <172.20.15.232:45913?noUDP>
...
006 (119485.026.000) 11/23 16:27:56 Image size of job updated: 209988
	206  -  MemoryUsage of job (MB)
	209988  -  ResidentSetSize of job (KB)
...
006 (119485.026.000) 11/23 16:32:56 Image size of job updated: 1325864
	1295  -  MemoryUsage of job (MB)
	1325864  -  ResidentSetSize of job (KB)
...
006 (119485.026.000) 11/23 16:37:56 Image size of job updated: 1926448
	1882  -  MemoryUsage of job (MB)
	1926448  -  ResidentSetSize of job (KB)
...
006 (119485.026.000) 11/23 16:39:48 Image size of job updated: 2234676
	1882  -  MemoryUsage of job (MB)
	1926448  -  ResidentSetSize of job (KB)
...
005 (119485.026.000) 11/23 16:39:48 Job terminated.
	(1) Normal termination (return value 0)
		Usr 0 00:11:09, Sys 0 00:00:20  -  Run Remote Usage
		Usr 0 00:00:00, Sys 0 00:00:00  -  Run Local Usage
		Usr 0 00:11:09, Sys 0 00:00:20  -  Total Remote Usage
		Usr 0 00:00:00, Sys 0 00:00:00  -  Total Local Usage
	0  -  Run Bytes Sent By Job
	0  -  Run Bytes Received By Job
	0  -  Total Bytes Sent By Job
	0  -  Total Bytes Received By Job
	Partitionable Resources :    Usage  Request Allocated
	   Cpus                 :                 1         1
	   Disk (KB)            :       15       15   2162332
	   Memory (MB)          :     1882     8192      8192
	   Multinode            :                           1
...
