000 (119487.113.000) 11/23 16:28:02 Job submitted from host: <172.20.12.20:41606>
...
001 (119487.113.000) 11/23 16:28:44 Job executing on host: <172.20.15.123:48541?noUDP>
...
006 (119487.113.000) 11/23 16:28:53 Image size of job updated: 210696
	206  -  MemoryUsage of job (MB)
	210696  -  ResidentSetSize of job (KB)
...
006 (119487.113.000) 11/23 16:33:53 Image size of job updated: 1385224
	1353  -  MemoryUsage of job (MB)
	1385224  -  ResidentSetSize of job (KB)
...
006 (119487.113.000) 11/23 16:38:53 Image size of job updated: 1841372
	1799  -  MemoryUsage of job (MB)
	1841372  -  ResidentSetSize of job (KB)
...
006 (119487.113.000) 11/23 16:43:54 Image size of job updated: 2590456
	2530  -  MemoryUsage of job (MB)
	2590456  -  ResidentSetSize of job (KB)
...
006 (119487.113.000) 11/23 16:48:55 Image size of job updated: 2676256
	2614  -  MemoryUsage of job (MB)
	2676256  -  ResidentSetSize of job (KB)
...
006 (119487.113.000) 11/23 16:53:55 Image size of job updated: 2895068
	2828  -  MemoryUsage of job (MB)
	2895068  -  ResidentSetSize of job (KB)
...
005 (119487.113.000) 11/23 16:53:55 Job terminated.
	(1) Normal termination (return value 0)
		Usr 0 00:16:54, Sys 0 00:08:06  -  Run Remote Usage
		Usr 0 00:00:00, Sys 0 00:00:00  -  Run Local Usage
		Usr 0 00:16:54, Sys 0 00:08:06  -  Total Remote Usage
		Usr 0 00:00:00, Sys 0 00:00:00  -  Total Local Usage
	0  -  Run Bytes Sent By Job
	0  -  Run Bytes Received By Job
	0  -  Total Bytes Sent By Job
	0  -  Total Bytes Received By Job
	Partitionable Resources :    Usage  Request Allocated
	   Cpus                 :                 1         1
	   Disk (KB)            :       15       15   2191816
	   Memory (MB)          :     2828     8192      8192
	   Multinode            :                           1
...
