000 (119487.071.000) 11/23 16:28:01 Job submitted from host: <172.20.12.20:41606>
...
001 (119487.071.000) 11/23 16:28:15 Job executing on host: <172.20.15.224:47884?noUDP>
...
006 (119487.071.000) 11/23 16:28:24 Image size of job updated: 204512
	200  -  MemoryUsage of job (MB)
	204512  -  ResidentSetSize of job (KB)
...
006 (119487.071.000) 11/23 16:33:25 Image size of job updated: 985296
	963  -  MemoryUsage of job (MB)
	985296  -  ResidentSetSize of job (KB)
...
006 (119487.071.000) 11/23 16:38:25 Image size of job updated: 1085240
	1060  -  MemoryUsage of job (MB)
	1085240  -  ResidentSetSize of job (KB)
...
006 (119487.071.000) 11/23 16:43:25 Image size of job updated: 1141584
	1115  -  MemoryUsage of job (MB)
	1141584  -  ResidentSetSize of job (KB)
...
006 (119487.071.000) 11/23 16:45:47 Image size of job updated: 1429224
	1115  -  MemoryUsage of job (MB)
	1141584  -  ResidentSetSize of job (KB)
...
005 (119487.071.000) 11/23 16:45:47 Job terminated.
	(1) Normal termination (return value 0)
		Usr 0 00:11:11, Sys 0 00:06:17  -  Run Remote Usage
		Usr 0 00:00:00, Sys 0 00:00:00  -  Run Local Usage
		Usr 0 00:11:11, Sys 0 00:06:17  -  Total Remote Usage
		Usr 0 00:00:00, Sys 0 00:00:00  -  Total Local Usage
	0  -  Run Bytes Sent By Job
	0  -  Run Bytes Received By Job
	0  -  Total Bytes Sent By Job
	0  -  Total Bytes Received By Job
	Partitionable Resources :    Usage  Request Allocated
	   Cpus                 :                 1         1
	   Disk (KB)            :       15       15   2216891
	   Memory (MB)          :     1115     8192      8192
	   Multinode            :                           1
...
