000 (119487.012.000) 11/23 16:28:01 Job submitted from host: <172.20.12.20:41606>
...
001 (119487.012.000) 11/23 16:28:09 Job executing on host: <172.20.15.206:44672?noUDP>
...
006 (119487.012.000) 11/23 16:28:18 Image size of job updated: 211968
	207  -  MemoryUsage of job (MB)
	211968  -  ResidentSetSize of job (KB)
...
006 (119487.012.000) 11/23 16:33:18 Image size of job updated: 973360
	951  -  MemoryUsage of job (MB)
	973360  -  ResidentSetSize of job (KB)
...
006 (119487.012.000) 11/23 16:48:20 Image size of job updated: 1042700
	1019  -  MemoryUsage of job (MB)
	1042700  -  ResidentSetSize of job (KB)
...
006 (119487.012.000) 11/23 16:53:20 Image size of job updated: 1054296
	1030  -  MemoryUsage of job (MB)
	1054296  -  ResidentSetSize of job (KB)
...
005 (119487.012.000) 11/23 16:57:54 Job terminated.
	(1) Normal termination (return value 0)
		Usr 0 00:09:52, Sys 0 00:19:37  -  Run Remote Usage
		Usr 0 00:00:00, Sys 0 00:00:00  -  Run Local Usage
		Usr 0 00:09:52, Sys 0 00:19:37  -  Total Remote Usage
		Usr 0 00:00:00, Sys 0 00:00:00  -  Total Local Usage
	0  -  Run Bytes Sent By Job
	0  -  Run Bytes Received By Job
	0  -  Total Bytes Sent By Job
	0  -  Total Bytes Received By Job
	Partitionable Resources :    Usage  Request Allocated
	   Cpus                 :                 1         1
	   Disk (KB)            :       15       15   2191117
	   Memory (MB)          :     1030     8192      8192
	   Multinode            :                           1
...
