000 (119487.088.000) 11/23 16:28:02 Job submitted from host: <172.20.12.20:41606>
...
001 (119487.088.000) 11/23 16:28:44 Job executing on host: <172.20.15.68:48468?noUDP>
...
006 (119487.088.000) 11/23 16:28:53 Image size of job updated: 225260
	220  -  MemoryUsage of job (MB)
	225260  -  ResidentSetSize of job (KB)
...
006 (119487.088.000) 11/23 16:33:54 Image size of job updated: 1039952
	1016  -  MemoryUsage of job (MB)
	1039952  -  ResidentSetSize of job (KB)
...
006 (119487.088.000) 11/23 16:37:22 Image size of job updated: 1091168
	1016  -  MemoryUsage of job (MB)
	1039952  -  ResidentSetSize of job (KB)
...
005 (119487.088.000) 11/23 16:37:22 Job terminated.
	(1) Normal termination (return value 0)
		Usr 0 00:08:28, Sys 0 00:00:06  -  Run Remote Usage
		Usr 0 00:00:00, Sys 0 00:00:00  -  Run Local Usage
		Usr 0 00:08:28, Sys 0 00:00:06  -  Total Remote Usage
		Usr 0 00:00:00, Sys 0 00:00:00  -  Total Local Usage
	0  -  Run Bytes Sent By Job
	0  -  Run Bytes Received By Job
	0  -  Total Bytes Sent By Job
	0  -  Total Bytes Received By Job
	Partitionable Resources :    Usage  Request Allocated
	   Cpus                 :                 1         1
	   Disk (KB)            :       15       15   2221031
	   Memory (MB)          :     1016     8192      8192
	   Multinode            :                           1
...
