000 (119485.146.000) 11/23 16:27:46 Job submitted from host: <172.20.12.20:41606>
...
001 (119485.146.000) 11/23 16:28:09 Job executing on host: <172.20.15.172:44380?noUDP>
...
006 (119485.146.000) 11/23 16:28:18 Image size of job updated: 207608
	203  -  MemoryUsage of job (MB)
	207608  -  ResidentSetSize of job (KB)
...
006 (119485.146.000) 11/23 16:33:19 Image size of job updated: 1131936
	1106  -  MemoryUsage of job (MB)
	1131936  -  ResidentSetSize of job (KB)
...
006 (119485.146.000) 11/23 16:38:19 Image size of job updated: 1212568
	1185  -  MemoryUsage of job (MB)
	1212568  -  ResidentSetSize of job (KB)
...
006 (119485.146.000) 11/23 16:43:19 Image size of job updated: 1615372
	1578  -  MemoryUsage of job (MB)
	1615372  -  ResidentSetSize of job (KB)
...
005 (119485.146.000) 11/23 16:44:03 Job terminated.
	(1) Normal termination (return value 0)
		Usr 0 00:15:11, Sys 0 00:00:13  -  Run Remote Usage
		Usr 0 00:00:00, Sys 0 00:00:00  -  Run Local Usage
		Usr 0 00:15:11, Sys 0 00:00:13  -  Total Remote Usage
		Usr 0 00:00:00, Sys 0 00:00:00  -  Total Local Usage
	0  -  Run Bytes Sent By Job
	0  -  Run Bytes Received By Job
	0  -  Total Bytes Sent By Job
	0  -  Total Bytes Received By Job
	Partitionable Resources :    Usage  Request Allocated
	   Cpus                 :                 1         1
	   Disk (KB)            :       15       15   2214718
	   Memory (MB)          :     1578     8192      8192
	   Multinode            :                           1
...
