000 (119485.137.000) 11/23 16:27:46 Job submitted from host: <172.20.12.20:41606>
...
001 (119485.137.000) 11/23 16:28:09 Job executing on host: <172.20.15.124:44891?noUDP>
...
006 (119485.137.000) 11/23 16:28:18 Image size of job updated: 205836
	202  -  MemoryUsage of job (MB)
	205836  -  ResidentSetSize of job (KB)
...
006 (119485.137.000) 11/23 16:33:19 Image size of job updated: 924604
	903  -  MemoryUsage of job (MB)
	924604  -  ResidentSetSize of job (KB)
...
006 (119485.137.000) 11/23 16:38:19 Image size of job updated: 1197872
	1170  -  MemoryUsage of job (MB)
	1197872  -  ResidentSetSize of job (KB)
...
006 (119485.137.000) 11/23 16:48:20 Image size of job updated: 1321404
	1291  -  MemoryUsage of job (MB)
	1321404  -  ResidentSetSize of job (KB)
...
006 (119485.137.000) 11/23 17:03:21 Image size of job updated: 1439064
	1406  -  MemoryUsage of job (MB)
	1439064  -  ResidentSetSize of job (KB)
...
006 (119485.137.000) 11/23 17:13:22 Image size of job updated: 1652652
	1614  -  MemoryUsage of job (MB)
	1652652  -  ResidentSetSize of job (KB)
...
005 (119485.137.000) 11/23 17:16:33 Job terminated.
	(1) Normal termination (return value 0)
		Usr 0 00:16:06, Sys 0 00:31:53  -  Run Remote Usage
		Usr 0 00:00:00, Sys 0 00:00:00  -  Run Local Usage
		Usr 0 00:16:06, Sys 0 00:31:53  -  Total Remote Usage
		Usr 0 00:00:00, Sys 0 00:00:00  -  Total Local Usage
	0  -  Run Bytes Sent By Job
	0  -  Run Bytes Received By Job
	0  -  Total Bytes Sent By Job
	0  -  Total Bytes Received By Job
	Partitionable Resources :    Usage  Request Allocated
	   Cpus                 :                 1         1
	   Disk (KB)            :       15       15   2224836
	   Memory (MB)          :     1614     8192      8192
	   Multinode            :                           1
...
