000 (119485.112.000) 11/23 16:27:46 Job submitted from host: <172.20.12.20:41606>
...
001 (119485.112.000) 11/23 16:27:48 Job executing on host: <172.20.15.141:42190?noUDP>
...
006 (119485.112.000) 11/23 16:27:57 Image size of job updated: 210372
	206  -  MemoryUsage of job (MB)
	210372  -  ResidentSetSize of job (KB)
...
006 (119485.112.000) 11/23 16:32:58 Image size of job updated: 2605500
	2545  -  MemoryUsage of job (MB)
	2605500  -  ResidentSetSize of job (KB)
...
006 (119485.112.000) 11/23 16:37:58 Image size of job updated: 3037044
	2966  -  MemoryUsage of job (MB)
	3037044  -  ResidentSetSize of job (KB)
...
006 (119485.112.000) 11/23 16:42:58 Image size of job updated: 3361716
	3283  -  MemoryUsage of job (MB)
	3361716  -  ResidentSetSize of job (KB)
...
006 (119485.112.000) 11/23 16:47:59 Image size of job updated: 3786940
	3699  -  MemoryUsage of job (MB)
	3786940  -  ResidentSetSize of job (KB)
...
006 (119485.112.000) 11/23 16:53:00 Image size of job updated: 3960204
	3868  -  MemoryUsage of job (MB)
	3960204  -  ResidentSetSize of job (KB)
...
006 (119485.112.000) 11/23 16:58:00 Image size of job updated: 4921748
	4807  -  MemoryUsage of job (MB)
	4921748  -  ResidentSetSize of job (KB)
...
006 (119485.112.000) 11/23 17:23:04 Image size of job updated: 5690064
	5557  -  MemoryUsage of job (MB)
	5690064  -  ResidentSetSize of job (KB)
...
006 (119485.112.000) 11/23 18:03:07 Image size of job updated: 6109852
	5967  -  MemoryUsage of job (MB)
	6109852  -  ResidentSetSize of job (KB)
...
006 (119485.112.000) 11/23 18:28:10 Image size of job updated: 6961256
	6799  -  MemoryUsage of job (MB)
	6961256  -  ResidentSetSize of job (KB)
...
006 (119485.112.000) 11/23 18:53:11 Image size of job updated: 7089276
	6924  -  MemoryUsage of job (MB)
	7089276  -  ResidentSetSize of job (KB)
...
006 (119485.112.000) 11/23 19:08:13 Image size of job updated: 7460684
	7286  -  MemoryUsage of job (MB)
	7460684  -  ResidentSetSize of job (KB)
...
006 (119485.112.000) 11/23 19:23:15 Image size of job updated: 7481392
	7307  -  MemoryUsage of job (MB)
	7481392  -  ResidentSetSize of job (KB)
...
006 (119485.112.000) 11/23 19:33:16 Image size of job updated: 8382072
	8186  -  MemoryUsage of job (MB)
	8382072  -  ResidentSetSize of job (KB)
...
006 (119485.112.000) 11/23 19:38:16 Image size of job updated: 8468420
	8270  -  MemoryUsage of job (MB)
	8468420  -  ResidentSetSize of job (KB)
...
005 (119485.112.000) 11/23 20:00:22 Job terminated.
	(1) Normal termination (return value 0)
		Usr 0 01:15:56, Sys 0 02:16:14  -  Run Remote Usage
		Usr 0 00:00:00, Sys 0 00:00:00  -  Run Local Usage
		Usr 0 01:15:56, Sys 0 02:16:14  -  Total Remote Usage
		Usr 0 00:00:00, Sys 0 00:00:00  -  Total Local Usage
	0  -  Run Bytes Sent By Job
	0  -  Run Bytes Received By Job
	0  -  Total Bytes Sent By Job
	0  -  Total Bytes Received By Job
	Partitionable Resources :    Usage  Request Allocated
	   Cpus                 :                 1         1
	   Disk (KB)            :       15       15   2222515
	   Memory (MB)          :     8270     8192      8192
	   Multinode            :                           1
...
