000 (119485.144.000) 11/23 16:27:46 Job submitted from host: <172.20.12.20:41606>
...
001 (119485.144.000) 11/23 16:28:09 Job executing on host: <172.20.15.169:40584?noUDP>
...
006 (119485.144.000) 11/23 16:28:18 Image size of job updated: 211944
	207  -  MemoryUsage of job (MB)
	211944  -  ResidentSetSize of job (KB)
...
006 (119485.144.000) 11/23 16:33:19 Image size of job updated: 478380
	468  -  MemoryUsage of job (MB)
	478380  -  ResidentSetSize of job (KB)
...
006 (119485.144.000) 11/23 16:33:31 Image size of job updated: 495560
	468  -  MemoryUsage of job (MB)
	478380  -  ResidentSetSize of job (KB)
...
005 (119485.144.000) 11/23 16:33:31 Job terminated.
	(1) Normal termination (return value 0)
		Usr 0 00:05:16, Sys 0 00:00:00  -  Run Remote Usage
		Usr 0 00:00:00, Sys 0 00:00:00  -  Run Local Usage
		Usr 0 00:05:16, Sys 0 00:00:00  -  Total Remote Usage
		Usr 0 00:00:00, Sys 0 00:00:00  -  Total Local Usage
	0  -  Run Bytes Sent By Job
	0  -  Run Bytes Received By Job
	0  -  Total Bytes Sent By Job
	0  -  Total Bytes Received By Job
	Partitionable Resources :    Usage  Request Allocated
	   Cpus                 :                 1         1
	   Disk (KB)            :       15       15   1890276
	   Memory (MB)          :      468     8192      8192
	   Multinode            :                           1
...
