000 (119487.031.000) 11/23 16:28:01 Job submitted from host: <172.20.12.20:41606>
...
001 (119487.031.000) 11/23 16:28:10 Job executing on host: <172.20.15.177:40876?noUDP>
...
006 (119487.031.000) 11/23 16:28:18 Image size of job updated: 204824
	201  -  MemoryUsage of job (MB)
	204824  -  ResidentSetSize of job (KB)
...
006 (119487.031.000) 11/23 16:33:18 Image size of job updated: 1337056
	1306  -  MemoryUsage of job (MB)
	1337056  -  ResidentSetSize of job (KB)
...
006 (119487.031.000) 11/23 16:38:19 Image size of job updated: 1392424
	1360  -  MemoryUsage of job (MB)
	1392424  -  ResidentSetSize of job (KB)
...
006 (119487.031.000) 11/23 16:48:20 Image size of job updated: 1463732
	1430  -  MemoryUsage of job (MB)
	1463732  -  ResidentSetSize of job (KB)
...
006 (119487.031.000) 11/23 16:53:20 Image size of job updated: 1683532
	1645  -  MemoryUsage of job (MB)
	1683532  -  ResidentSetSize of job (KB)
...
006 (119487.031.000) 11/23 17:03:22 Image size of job updated: 2182976
	2132  -  MemoryUsage of job (MB)
	2182976  -  ResidentSetSize of job (KB)
...
006 (119487.031.000) 11/23 17:18:24 Image size of job updated: 2279448
	2227  -  MemoryUsage of job (MB)
	2279448  -  ResidentSetSize of job (KB)
...
006 (119487.031.000) 11/23 17:28:25 Image size of job updated: 2593328
	2533  -  MemoryUsage of job (MB)
	2593328  -  ResidentSetSize of job (KB)
...
005 (119487.031.000) 11/23 17:28:36 Job terminated.
	(1) Normal termination (return value 0)
		Usr 0 00:14:52, Sys 0 00:45:31  -  Run Remote Usage
		Usr 0 00:00:00, Sys 0 00:00:00  -  Run Local Usage
		Usr 0 00:14:52, Sys 0 00:45:31  -  Total Remote Usage
		Usr 0 00:00:00, Sys 0 00:00:00  -  Total Local Usage
	0  -  Run Bytes Sent By Job
	0  -  Run Bytes Received By Job
	0  -  Total Bytes Sent By Job
	0  -  Total Bytes Received By Job
	Partitionable Resources :    Usage  Request Allocated
	   Cpus                 :                 1         1
	   Disk (KB)            :       15       15   2192888
	   Memory (MB)          :     2533     8192      8192
	   Multinode            :                           1
...
