000 (119485.027.000) 11/23 16:27:45 Job submitted from host: <172.20.12.20:41606>
...
001 (119485.027.000) 11/23 16:27:48 Job executing on host: <172.20.15.205:49490?noUDP>
...
006 (119485.027.000) 11/23 16:27:56 Image size of job updated: 206608
	202  -  MemoryUsage of job (MB)
	206608  -  ResidentSetSize of job (KB)
...
006 (119485.027.000) 11/23 16:32:56 Image size of job updated: 989944
	967  -  MemoryUsage of job (MB)
	989944  -  ResidentSetSize of job (KB)
...
006 (119485.027.000) 11/23 16:37:56 Image size of job updated: 1071144
	1047  -  MemoryUsage of job (MB)
	1071144  -  ResidentSetSize of job (KB)
...
006 (119485.027.000) 11/23 16:42:57 Image size of job updated: 1237256
	1209  -  MemoryUsage of job (MB)
	1237256  -  ResidentSetSize of job (KB)
...
006 (119485.027.000) 11/23 16:52:57 Image size of job updated: 1511652
	1477  -  MemoryUsage of job (MB)
	1511652  -  ResidentSetSize of job (KB)
...
006 (119485.027.000) 11/23 17:07:58 Image size of job updated: 1618720
	1581  -  MemoryUsage of job (MB)
	1618720  -  ResidentSetSize of job (KB)
...
006 (119485.027.000) 11/23 17:13:00 Image size of job updated: 1886332
	1843  -  MemoryUsage of job (MB)
	1886332  -  ResidentSetSize of job (KB)
...
006 (119485.027.000) 11/23 17:53:03 Image size of job updated: 2158348
	2108  -  MemoryUsage of job (MB)
	2158348  -  ResidentSetSize of job (KB)
...
006 (119485.027.000) 11/23 18:08:04 Image size of job updated: 2605932
	2545  -  MemoryUsage of job (MB)
	2605932  -  ResidentSetSize of job (KB)
...
005 (119485.027.000) 11/23 18:10:09 Job terminated.
	(1) Normal termination (return value 0)
		Usr 0 00:14:48, Sys 0 01:26:21  -  Run Remote Usage
		Usr 0 00:00:00, Sys 0 00:00:00  -  Run Local Usage
		Usr 0 00:14:48, Sys 0 01:26:21  -  Total Remote Usage
		Usr 0 00:00:00, Sys 0 00:00:00  -  Total Local Usage
	0  -  Run Bytes Sent By Job
	0  -  Run Bytes Received By Job
	0  -  Total Bytes Sent By Job
	0  -  Total Bytes Received By Job
	Partitionable Resources :    Usage  Request Allocated
	   Cpus                 :                 1         1
	   Disk (KB)            :       15       15   1989745
	   Memory (MB)          :     2545     8192      8192
	   Multinode            :                           1
...
