000 (119487.025.000) 11/23 16:28:01 Job submitted from host: <172.20.12.20:41606>
...
001 (119487.025.000) 11/23 16:28:10 Job executing on host: <172.20.15.87:48468?noUDP>
...
006 (119487.025.000) 11/23 16:28:18 Image size of job updated: 211964
	207  -  MemoryUsage of job (MB)
	211964  -  ResidentSetSize of job (KB)
...
006 (119487.025.000) 11/23 16:33:18 Image size of job updated: 966912
	945  -  MemoryUsage of job (MB)
	966912  -  ResidentSetSize of job (KB)
...
006 (119487.025.000) 11/23 16:38:18 Image size of job updated: 1300208
	1270  -  MemoryUsage of job (MB)
	1300208  -  ResidentSetSize of job (KB)
...
006 (119487.025.000) 11/23 16:44:48 Image size of job updated: 1499904
	1270  -  MemoryUsage of job (MB)
	1300208  -  ResidentSetSize of job (KB)
...
005 (119487.025.000) 11/23 16:44:48 Job terminated.
	(1) Normal termination (return value 0)
		Usr 0 00:10:26, Sys 0 00:06:07  -  Run Remote Usage
		Usr 0 00:00:00, Sys 0 00:00:00  -  Run Local Usage
		Usr 0 00:10:26, Sys 0 00:06:07  -  Total Remote Usage
		Usr 0 00:00:00, Sys 0 00:00:00  -  Total Local Usage
	0  -  Run Bytes Sent By Job
	0  -  Run Bytes Received By Job
	0  -  Total Bytes Sent By Job
	0  -  Total Bytes Received By Job
	Partitionable Resources :    Usage  Request Allocated
	   Cpus                 :                 1         1
	   Disk (KB)            :       15       15   2221414
	   Memory (MB)          :     1270     8192      8192
	   Multinode            :                           1
...
