000 (119487.056.000) 11/23 16:28:01 Job submitted from host: <172.20.12.20:41606>
...
001 (119487.056.000) 11/23 16:28:10 Job executing on host: <172.20.15.200:43212?noUDP>
...
006 (119487.056.000) 11/23 16:28:18 Image size of job updated: 211968
	207  -  MemoryUsage of job (MB)
	211968  -  ResidentSetSize of job (KB)
...
006 (119487.056.000) 11/23 16:33:18 Image size of job updated: 1165128
	1138  -  MemoryUsage of job (MB)
	1165128  -  ResidentSetSize of job (KB)
...
006 (119487.056.000) 11/23 16:38:17 Image size of job updated: 1562072
	1138  -  MemoryUsage of job (MB)
	1165128  -  ResidentSetSize of job (KB)
...
005 (119487.056.000) 11/23 16:38:17 Job terminated.
	(1) Normal termination (return value 0)
		Usr 0 00:09:42, Sys 0 00:00:16  -  Run Remote Usage
		Usr 0 00:00:00, Sys 0 00:00:00  -  Run Local Usage
		Usr 0 00:09:42, Sys 0 00:00:16  -  Total Remote Usage
		Usr 0 00:00:00, Sys 0 00:00:00  -  Total Local Usage
	0  -  Run Bytes Sent By Job
	0  -  Run Bytes Received By Job
	0  -  Total Bytes Sent By Job
	0  -  Total Bytes Received By Job
	Partitionable Resources :    Usage  Request Allocated
	   Cpus                 :                 1         1
	   Disk (KB)            :       15       15   2186182
	   Memory (MB)          :     1138     8192      8192
	   Multinode            :                           1
...
