000 (119487.094.000) 11/23 16:28:02 Job submitted from host: <172.20.12.20:41606>
...
001 (119487.094.000) 11/23 16:28:45 Job executing on host: <172.20.15.195:41825?noUDP>
...
006 (119487.094.000) 11/23 16:28:53 Image size of job updated: 210568
	206  -  MemoryUsage of job (MB)
	210568  -  ResidentSetSize of job (KB)
...
006 (119487.094.000) 11/23 16:33:53 Image size of job updated: 1045688
	1022  -  MemoryUsage of job (MB)
	1045688  -  ResidentSetSize of job (KB)
...
006 (119487.094.000) 11/23 16:38:05 Image size of job updated: 1228572
	1022  -  MemoryUsage of job (MB)
	1045688  -  ResidentSetSize of job (KB)
...
005 (119487.094.000) 11/23 16:38:05 Job terminated.
	(1) Normal termination (return value 0)
		Usr 0 00:08:56, Sys 0 00:00:08  -  Run Remote Usage
		Usr 0 00:00:00, Sys 0 00:00:00  -  Run Local Usage
		Usr 0 00:08:56, Sys 0 00:00:08  -  Total Remote Usage
		Usr 0 00:00:00, Sys 0 00:00:00  -  Total Local Usage
	0  -  Run Bytes Sent By Job
	0  -  Run Bytes Received By Job
	0  -  Total Bytes Sent By Job
	0  -  Total Bytes Received By Job
	Partitionable Resources :    Usage  Request Allocated
	   Cpus                 :                 1         1
	   Disk (KB)            :       15       15   2224972
	   Memory (MB)          :     1022     8192      8192
	   Multinode            :                           1
...
