000 (119487.065.000) 11/23 16:28:01 Job submitted from host: <172.20.12.20:41606>
...
001 (119487.065.000) 11/23 16:28:10 Job executing on host: <172.20.15.77:46643?noUDP>
...
006 (119487.065.000) 11/23 16:28:18 Image size of job updated: 207184
	203  -  MemoryUsage of job (MB)
	207184  -  ResidentSetSize of job (KB)
...
006 (119487.065.000) 11/23 16:33:18 Image size of job updated: 758672
	741  -  MemoryUsage of job (MB)
	758672  -  ResidentSetSize of job (KB)
...
006 (119487.065.000) 11/23 16:38:19 Image size of job updated: 939876
	918  -  MemoryUsage of job (MB)
	939876  -  ResidentSetSize of job (KB)
...
006 (119487.065.000) 11/23 16:39:18 Image size of job updated: 1091192
	918  -  MemoryUsage of job (MB)
	939876  -  ResidentSetSize of job (KB)
...
005 (119487.065.000) 11/23 16:39:18 Job terminated.
	(1) Normal termination (return value 0)
		Usr 0 00:08:58, Sys 0 00:02:02  -  Run Remote Usage
		Usr 0 00:00:00, Sys 0 00:00:00  -  Run Local Usage
		Usr 0 00:08:58, Sys 0 00:02:02  -  Total Remote Usage
		Usr 0 00:00:00, Sys 0 00:00:00  -  Total Local Usage
	0  -  Run Bytes Sent By Job
	0  -  Run Bytes Received By Job
	0  -  Total Bytes Sent By Job
	0  -  Total Bytes Received By Job
	Partitionable Resources :    Usage  Request Allocated
	   Cpus                 :                 1         1
	   Disk (KB)            :       15       15   2220980
	   Memory (MB)          :      918     8192      8192
	   Multinode            :                           1
...
