000 (119487.035.000) 11/23 16:28:01 Job submitted from host: <172.20.12.20:41606>
...
001 (119487.035.000) 11/23 16:28:10 Job executing on host: <172.20.15.86:44745?noUDP>
...
006 (119487.035.000) 11/23 16:28:18 Image size of job updated: 99332
	98  -  MemoryUsage of job (MB)
	99332  -  ResidentSetSize of job (KB)
...
006 (119487.035.000) 11/23 16:33:18 Image size of job updated: 829152
	810  -  MemoryUsage of job (MB)
	829152  -  ResidentSetSize of job (KB)
...
006 (119487.035.000) 11/23 16:43:20 Image size of job updated: 939952
	918  -  MemoryUsage of job (MB)
	939952  -  ResidentSetSize of job (KB)
...
006 (119487.035.000) 11/23 16:45:05 Image size of job updated: 1530340
	918  -  MemoryUsage of job (MB)
	939952  -  ResidentSetSize of job (KB)
...
005 (119487.035.000) 11/23 16:45:05 Job terminated.
	(1) Normal termination (return value 0)
		Usr 0 00:07:54, Sys 0 00:08:58  -  Run Remote Usage
		Usr 0 00:00:00, Sys 0 00:00:00  -  Run Local Usage
		Usr 0 00:07:54, Sys 0 00:08:58  -  Total Remote Usage
		Usr 0 00:00:00, Sys 0 00:00:00  -  Total Local Usage
	0  -  Run Bytes Sent By Job
	0  -  Run Bytes Received By Job
	0  -  Total Bytes Sent By Job
	0  -  Total Bytes Received By Job
	Partitionable Resources :    Usage  Request Allocated
	   Cpus                 :                 1         1
	   Disk (KB)            :       15       15   2184111
	   Memory (MB)          :      918     8192      8192
	   Multinode            :                           1
...
