000 (119485.059.000) 11/23 16:27:45 Job submitted from host: <172.20.12.20:41606>
...
001 (119485.059.000) 11/23 16:27:48 Job executing on host: <172.20.15.71:40219?noUDP>
...
006 (119485.059.000) 11/23 16:27:56 Image size of job updated: 205184
	201  -  MemoryUsage of job (MB)
	204808  -  ResidentSetSize of job (KB)
...
006 (119485.059.000) 11/23 16:32:56 Image size of job updated: 903244
	882  -  MemoryUsage of job (MB)
	902792  -  ResidentSetSize of job (KB)
...
006 (119485.059.000) 11/23 16:37:57 Image size of job updated: 1086332
	1061  -  MemoryUsage of job (MB)
	1085880  -  ResidentSetSize of job (KB)
...
006 (119485.059.000) 11/23 16:42:57 Image size of job updated: 1195572
	1168  -  MemoryUsage of job (MB)
	1195120  -  ResidentSetSize of job (KB)
...
006 (119485.059.000) 11/23 16:47:57 Image size of job updated: 1300824
	1270  -  MemoryUsage of job (MB)
	1300412  -  ResidentSetSize of job (KB)
...
006 (119485.059.000) 11/23 16:52:58 Image size of job updated: 1317628
	1287  -  MemoryUsage of job (MB)
	1317328  -  ResidentSetSize of job (KB)
...
006 (119485.059.000) 11/23 16:55:45 Image size of job updated: 1566312
	1287  -  MemoryUsage of job (MB)
	1317328  -  ResidentSetSize of job (KB)
...
005 (119485.059.000) 11/23 16:55:45 Job terminated.
	(1) Normal termination (return value 0)
		Usr 0 00:12:49, Sys 0 00:14:22  -  Run Remote Usage
		Usr 0 00:00:00, Sys 0 00:00:00  -  Run Local Usage
		Usr 0 00:12:49, Sys 0 00:14:22  -  Total Remote Usage
		Usr 0 00:00:00, Sys 0 00:00:00  -  Total Local Usage
	0  -  Run Bytes Sent By Job
	0  -  Run Bytes Received By Job
	0  -  Total Bytes Sent By Job
	0  -  Total Bytes Received By Job
	Partitionable Resources :    Usage  Request Allocated
	   Cpus                 :                 1         1
	   Disk (KB)            :       15       15   2190860
	   Memory (MB)          :     1287     8192      8192
	   Multinode            :                           1
...
