000 (119485.050.000) 11/23 16:27:45 Job submitted from host: <172.20.12.20:41606>
...
001 (119485.050.000) 11/23 16:27:48 Job executing on host: <172.20.15.179:47665?noUDP>
...
006 (119485.050.000) 11/23 16:27:56 Image size of job updated: 209048
	205  -  MemoryUsage of job (MB)
	209048  -  ResidentSetSize of job (KB)
...
006 (119485.050.000) 11/23 16:32:56 Image size of job updated: 676180
	661  -  MemoryUsage of job (MB)
	676180  -  ResidentSetSize of job (KB)
...
006 (119485.050.000) 11/23 16:37:57 Image size of job updated: 816300
	798  -  MemoryUsage of job (MB)
	816300  -  ResidentSetSize of job (KB)
...
006 (119485.050.000) 11/23 16:42:58 Image size of job updated: 905528
	885  -  MemoryUsage of job (MB)
	905528  -  ResidentSetSize of job (KB)
...
006 (119485.050.000) 11/23 16:47:58 Image size of job updated: 1023004
	1000  -  MemoryUsage of job (MB)
	1023004  -  ResidentSetSize of job (KB)
...
006 (119485.050.000) 11/23 16:52:59 Image size of job updated: 1142692
	1116  -  MemoryUsage of job (MB)
	1142692  -  ResidentSetSize of job (KB)
...
006 (119485.050.000) 11/23 17:02:35 Image size of job updated: 1216640
	1116  -  MemoryUsage of job (MB)
	1142692  -  ResidentSetSize of job (KB)
...
005 (119485.050.000) 11/23 17:02:35 Job terminated.
	(1) Normal termination (return value 0)
		Usr 0 00:10:45, Sys 0 00:23:31  -  Run Remote Usage
		Usr 0 00:00:00, Sys 0 00:00:00  -  Run Local Usage
		Usr 0 00:10:45, Sys 0 00:23:31  -  Total Remote Usage
		Usr 0 00:00:00, Sys 0 00:00:00  -  Total Local Usage
	0  -  Run Bytes Sent By Job
	0  -  Run Bytes Received By Job
	0  -  Total Bytes Sent By Job
	0  -  Total Bytes Received By Job
	Partitionable Resources :    Usage  Request Allocated
	   Cpus                 :                 1         1
	   Disk (KB)            :       15       15   2250109
	   Memory (MB)          :     1116     8192      8192
	   Multinode            :                           1
...
