000 (119487.043.000) 11/23 16:28:01 Job submitted from host: <172.20.12.20:41606>
...
001 (119487.043.000) 11/23 16:28:10 Job executing on host: <172.20.15.221:46497?noUDP>
...
006 (119487.043.000) 11/23 16:28:18 Image size of job updated: 208900
	205  -  MemoryUsage of job (MB)
	208900  -  ResidentSetSize of job (KB)
...
006 (119487.043.000) 11/23 16:33:18 Image size of job updated: 799092
	781  -  MemoryUsage of job (MB)
	799092  -  ResidentSetSize of job (KB)
...
006 (119487.043.000) 11/23 16:38:19 Image size of job updated: 840176
	821  -  MemoryUsage of job (MB)
	840176  -  ResidentSetSize of job (KB)
...
006 (119487.043.000) 11/23 16:48:20 Image size of job updated: 1104564
	1079  -  MemoryUsage of job (MB)
	1104564  -  ResidentSetSize of job (KB)
...
006 (119487.043.000) 11/23 16:48:38 Image size of job updated: 1374976
	1079  -  MemoryUsage of job (MB)
	1104564  -  ResidentSetSize of job (KB)
...
005 (119487.043.000) 11/23 16:48:38 Job terminated.
	(1) Normal termination (return value 0)
		Usr 0 00:08:39, Sys 0 00:11:25  -  Run Remote Usage
		Usr 0 00:00:00, Sys 0 00:00:00  -  Run Local Usage
		Usr 0 00:08:39, Sys 0 00:11:25  -  Total Remote Usage
		Usr 0 00:00:00, Sys 0 00:00:00  -  Total Local Usage
	0  -  Run Bytes Sent By Job
	0  -  Run Bytes Received By Job
	0  -  Total Bytes Sent By Job
	0  -  Total Bytes Received By Job
	Partitionable Resources :    Usage  Request Allocated
	   Cpus                 :                 1         1
	   Disk (KB)            :       15       15   1947032
	   Memory (MB)          :     1079     8192      8192
	   Multinode            :                           1
...
