000 (119487.165.000) 11/23 16:28:02 Job submitted from host: <172.20.12.20:41606>
...
001 (119487.165.000) 11/23 16:28:45 Job executing on host: <172.20.15.140:45913?noUDP>
...
006 (119487.165.000) 11/23 16:28:53 Image size of job updated: 99588
	98  -  MemoryUsage of job (MB)
	99588  -  ResidentSetSize of job (KB)
...
006 (119487.165.000) 11/23 16:33:53 Image size of job updated: 699548
	684  -  MemoryUsage of job (MB)
	699548  -  ResidentSetSize of job (KB)
...
006 (119487.165.000) 11/23 16:38:54 Image size of job updated: 710340
	694  -  MemoryUsage of job (MB)
	710340  -  ResidentSetSize of job (KB)
...
006 (119487.165.000) 11/23 16:42:57 Image size of job updated: 767724
	694  -  MemoryUsage of job (MB)
	710340  -  ResidentSetSize of job (KB)
...
005 (119487.165.000) 11/23 16:42:57 Job terminated.
	(1) Normal termination (return value 0)
		Usr 0 00:09:55, Sys 0 00:04:14  -  Run Remote Usage
		Usr 0 00:00:00, Sys 0 00:00:00  -  Run Local Usage
		Usr 0 00:09:55, Sys 0 00:04:14  -  Total Remote Usage
		Usr 0 00:00:00, Sys 0 00:00:00  -  Total Local Usage
	0  -  Run Bytes Sent By Job
	0  -  Run Bytes Received By Job
	0  -  Total Bytes Sent By Job
	0  -  Total Bytes Received By Job
	Partitionable Resources :    Usage  Request Allocated
	   Cpus                 :                 1         1
	   Disk (KB)            :       15       15   2222519
	   Memory (MB)          :      694     8192      8192
	   Multinode            :                           1
...
