000 (119487.148.000) 11/23 16:28:02 Job submitted from host: <172.20.12.20:41606>
...
001 (119487.148.000) 11/23 16:28:45 Job executing on host: <172.20.15.70:45256?noUDP>
...
006 (119487.148.000) 11/23 16:28:53 Image size of job updated: 198528
	194  -  MemoryUsage of job (MB)
	198528  -  ResidentSetSize of job (KB)
...
006 (119487.148.000) 11/23 16:33:53 Image size of job updated: 1185620
	1158  -  MemoryUsage of job (MB)
	1185620  -  ResidentSetSize of job (KB)
...
006 (119487.148.000) 11/23 16:38:54 Image size of job updated: 1374740
	1343  -  MemoryUsage of job (MB)
	1374740  -  ResidentSetSize of job (KB)
...
006 (119487.148.000) 11/23 16:48:55 Image size of job updated: 1524012
	1489  -  MemoryUsage of job (MB)
	1524012  -  ResidentSetSize of job (KB)
...
006 (119487.148.000) 11/23 16:53:55 Image size of job updated: 1555340
	1519  -  MemoryUsage of job (MB)
	1555340  -  ResidentSetSize of job (KB)
...
005 (119487.148.000) 11/23 16:55:37 Job terminated.
	(1) Normal termination (return value 0)
		Usr 0 00:16:07, Sys 0 00:10:40  -  Run Remote Usage
		Usr 0 00:00:00, Sys 0 00:00:00  -  Run Local Usage
		Usr 0 00:16:07, Sys 0 00:10:40  -  Total Remote Usage
		Usr 0 00:00:00, Sys 0 00:00:00  -  Total Local Usage
	0  -  Run Bytes Sent By Job
	0  -  Run Bytes Received By Job
	0  -  Total Bytes Sent By Job
	0  -  Total Bytes Received By Job
	Partitionable Resources :    Usage  Request Allocated
	   Cpus                 :                 1         1
	   Disk (KB)            :       15       15   2221873
	   Memory (MB)          :     1519     8192      8192
	   Multinode            :                           1
...
