000 (119487.082.000) 11/23 16:28:01 Job submitted from host: <172.20.12.20:41606>
...
001 (119487.082.000) 11/23 16:28:44 Job executing on host: <172.20.15.211:49052?noUDP>
...
006 (119487.082.000) 11/23 16:28:53 Image size of job updated: 226340
	222  -  MemoryUsage of job (MB)
	226340  -  ResidentSetSize of job (KB)
...
006 (119487.082.000) 11/23 16:33:54 Image size of job updated: 696820
	681  -  MemoryUsage of job (MB)
	696820  -  ResidentSetSize of job (KB)
...
006 (119487.082.000) 11/23 16:38:54 Image size of job updated: 799372
	781  -  MemoryUsage of job (MB)
	799372  -  ResidentSetSize of job (KB)
...
005 (119487.082.000) 11/23 16:46:02 Job terminated.
	(1) Normal termination (return value 0)
		Usr 0 00:07:53, Sys 0 00:09:14  -  Run Remote Usage
		Usr 0 00:00:00, Sys 0 00:00:00  -  Run Local Usage
		Usr 0 00:07:53, Sys 0 00:09:14  -  Total Remote Usage
		Usr 0 00:00:00, Sys 0 00:00:00  -  Total Local Usage
	0  -  Run Bytes Sent By Job
	0  -  Run Bytes Received By Job
	0  -  Total Bytes Sent By Job
	0  -  Total Bytes Received By Job
	Partitionable Resources :    Usage  Request Allocated
	   Cpus                 :                 1         1
	   Disk (KB)            :       15       15   2225045
	   Memory (MB)          :      781     8192      8192
	   Multinode            :                           1
...
