000 (119487.007.000) 11/23 16:28:01 Job submitted from host: <172.20.12.20:41606>
...
001 (119487.007.000) 11/23 16:28:09 Job executing on host: <172.20.15.187:44599?noUDP>
...
006 (119487.007.000) 11/23 16:28:18 Image size of job updated: 209988
	206  -  MemoryUsage of job (MB)
	209988  -  ResidentSetSize of job (KB)
...
006 (119487.007.000) 11/23 16:33:18 Image size of job updated: 755352
	738  -  MemoryUsage of job (MB)
	755352  -  ResidentSetSize of job (KB)
...
006 (119487.007.000) 11/23 16:36:26 Image size of job updated: 789816
	738  -  MemoryUsage of job (MB)
	755352  -  ResidentSetSize of job (KB)
...
005 (119487.007.000) 11/23 16:36:26 Job terminated.
	(1) Normal termination (return value 0)
		Usr 0 00:07:48, Sys 0 00:00:02  -  Run Remote Usage
		Usr 0 00:00:00, Sys 0 00:00:00  -  Run Local Usage
		Usr 0 00:07:48, Sys 0 00:00:02  -  Total Remote Usage
		Usr 0 00:00:00, Sys 0 00:00:00  -  Total Local Usage
	0  -  Run Bytes Sent By Job
	0  -  Run Bytes Received By Job
	0  -  Total Bytes Sent By Job
	0  -  Total Bytes Received By Job
	Partitionable Resources :    Usage  Request Allocated
	   Cpus                 :                 1         1
	   Disk (KB)            :       15       15   2224941
	   Memory (MB)          :      738     8192      8192
	   Multinode            :                           1
...
