000 (119487.154.000) 11/23 16:28:02 Job submitted from host: <172.20.12.20:41606>
...
001 (119487.154.000) 11/23 16:28:45 Job executing on host: <172.20.15.74:43650?noUDP>
...
006 (119487.154.000) 11/23 16:28:53 Image size of job updated: 205560
	201  -  MemoryUsage of job (MB)
	205560  -  ResidentSetSize of job (KB)
...
006 (119487.154.000) 11/23 16:33:53 Image size of job updated: 622008
	608  -  MemoryUsage of job (MB)
	622008  -  ResidentSetSize of job (KB)
...
006 (119487.154.000) 11/23 16:39:30 Image size of job updated: 804876
	608  -  MemoryUsage of job (MB)
	622008  -  ResidentSetSize of job (KB)
...
005 (119487.154.000) 11/23 16:39:30 Job terminated.
	(1) Normal termination (return value 0)
		Usr 0 00:08:26, Sys 0 00:02:17  -  Run Remote Usage
		Usr 0 00:00:00, Sys 0 00:00:00  -  Run Local Usage
		Usr 0 00:08:26, Sys 0 00:02:17  -  Total Remote Usage
		Usr 0 00:00:00, Sys 0 00:00:00  -  Total Local Usage
	0  -  Run Bytes Sent By Job
	0  -  Run Bytes Received By Job
	0  -  Total Bytes Sent By Job
	0  -  Total Bytes Received By Job
	Partitionable Resources :    Usage  Request Allocated
	   Cpus                 :                 1         1
	   Disk (KB)            :       15       15   2220990
	   Memory (MB)          :      608     8192      8192
	   Multinode            :                           1
...
