000 (119485.134.000) 11/23 16:27:46 Job submitted from host: <172.20.12.20:41606>
...
001 (119485.134.000) 11/23 16:28:09 Job executing on host: <172.20.15.146:44161?noUDP>
...
006 (119485.134.000) 11/23 16:28:18 Image size of job updated: 208904
	205  -  MemoryUsage of job (MB)
	208904  -  ResidentSetSize of job (KB)
...
006 (119485.134.000) 11/23 16:33:19 Image size of job updated: 624120
	610  -  MemoryUsage of job (MB)
	624120  -  ResidentSetSize of job (KB)
...
006 (119485.134.000) 11/23 16:38:19 Image size of job updated: 625024
	611  -  MemoryUsage of job (MB)
	625024  -  ResidentSetSize of job (KB)
...
006 (119485.134.000) 11/23 16:38:59 Image size of job updated: 627604
	611  -  MemoryUsage of job (MB)
	625024  -  ResidentSetSize of job (KB)
...
005 (119485.134.000) 11/23 16:38:59 Job terminated.
	(1) Normal termination (return value 0)
		Usr 0 00:05:43, Sys 0 00:05:03  -  Run Remote Usage
		Usr 0 00:00:00, Sys 0 00:00:00  -  Run Local Usage
		Usr 0 00:05:43, Sys 0 00:05:03  -  Total Remote Usage
		Usr 0 00:00:00, Sys 0 00:00:00  -  Total Local Usage
	0  -  Run Bytes Sent By Job
	0  -  Run Bytes Received By Job
	0  -  Total Bytes Sent By Job
	0  -  Total Bytes Received By Job
	Partitionable Resources :    Usage  Request Allocated
	   Cpus                 :                 1         1
	   Disk (KB)            :       15       15   2223732
	   Memory (MB)          :      611     8192      8192
	   Multinode            :                           1
...
