000 (119487.105.000) 11/23 16:28:02 Job submitted from host: <172.20.12.20:41606>
...
001 (119487.105.000) 11/23 16:28:44 Job executing on host: <172.20.15.191:46789?noUDP>
...
006 (119487.105.000) 11/23 16:28:53 Image size of job updated: 210876
	206  -  MemoryUsage of job (MB)
	210876  -  ResidentSetSize of job (KB)
...
006 (119487.105.000) 11/23 16:33:54 Image size of job updated: 1430956
	1398  -  MemoryUsage of job (MB)
	1430956  -  ResidentSetSize of job (KB)
...
006 (119487.105.000) 11/23 16:38:54 Image size of job updated: 1955116
	1910  -  MemoryUsage of job (MB)
	1955116  -  ResidentSetSize of job (KB)
...
006 (119487.105.000) 11/23 16:43:55 Image size of job updated: 2423216
	2367  -  MemoryUsage of job (MB)
	2423216  -  ResidentSetSize of job (KB)
...
006 (119487.105.000) 11/23 16:48:56 Image size of job updated: 2714040
	2651  -  MemoryUsage of job (MB)
	2714040  -  ResidentSetSize of job (KB)
...
006 (119487.105.000) 11/23 16:50:15 Image size of job updated: 2807928
	2651  -  MemoryUsage of job (MB)
	2714040  -  ResidentSetSize of job (KB)
...
005 (119487.105.000) 11/23 16:50:15 Job terminated.
	(1) Normal termination (return value 0)
		Usr 0 00:16:31, Sys 0 00:04:53  -  Run Remote Usage
		Usr 0 00:00:00, Sys 0 00:00:00  -  Run Local Usage
		Usr 0 00:16:31, Sys 0 00:04:53  -  Total Remote Usage
		Usr 0 00:00:00, Sys 0 00:00:00  -  Total Local Usage
	0  -  Run Bytes Sent By Job
	0  -  Run Bytes Received By Job
	0  -  Total Bytes Sent By Job
	0  -  Total Bytes Received By Job
	Partitionable Resources :    Usage  Request Allocated
	   Cpus                 :                 1         1
	   Disk (KB)            :       15       15   2223331
	   Memory (MB)          :     2651     8192      8192
	   Multinode            :                           1
...
