000 (119487.069.000) 11/23 16:28:01 Job submitted from host: <172.20.12.20:41606>
...
001 (119487.069.000) 11/23 16:28:10 Job executing on host: <172.20.15.230:48468?noUDP>
...
006 (119487.069.000) 11/23 16:28:19 Image size of job updated: 118804
	117  -  MemoryUsage of job (MB)
	118804  -  ResidentSetSize of job (KB)
...
006 (119487.069.000) 11/23 16:33:20 Image size of job updated: 1046124
	1022  -  MemoryUsage of job (MB)
	1046124  -  ResidentSetSize of job (KB)
...
006 (119487.069.000) 11/23 16:43:20 Image size of job updated: 1065512
	1041  -  MemoryUsage of job (MB)
	1065512  -  ResidentSetSize of job (KB)
...
006 (119487.069.000) 11/23 16:44:22 Image size of job updated: 1240212
	1041  -  MemoryUsage of job (MB)
	1065512  -  ResidentSetSize of job (KB)
...
005 (119487.069.000) 11/23 16:44:22 Job terminated.
	(1) Normal termination (return value 0)
		Usr 0 00:11:30, Sys 0 00:04:38  -  Run Remote Usage
		Usr 0 00:00:00, Sys 0 00:00:00  -  Run Local Usage
		Usr 0 00:11:30, Sys 0 00:04:38  -  Total Remote Usage
		Usr 0 00:00:00, Sys 0 00:00:00  -  Total Local Usage
	0  -  Run Bytes Sent By Job
	0  -  Run Bytes Received By Job
	0  -  Total Bytes Sent By Job
	0  -  Total Bytes Received By Job
	Partitionable Resources :    Usage  Request Allocated
	   Cpus                 :                 1         1
	   Disk (KB)            :       15       15   2184907
	   Memory (MB)          :     1041     8192      8192
	   Multinode            :                           1
...
