000 (119487.064.000) 11/23 16:28:01 Job submitted from host: <172.20.12.20:41606>
...
001 (119487.064.000) 11/23 16:28:10 Job executing on host: <172.20.15.173:40657?noUDP>
...
006 (119487.064.000) 11/23 16:28:18 Image size of job updated: 208900
	205  -  MemoryUsage of job (MB)
	208900  -  ResidentSetSize of job (KB)
...
006 (119487.064.000) 11/23 16:33:18 Image size of job updated: 737540
	721  -  MemoryUsage of job (MB)
	737540  -  ResidentSetSize of job (KB)
...
006 (119487.064.000) 11/23 16:38:19 Image size of job updated: 748440
	731  -  MemoryUsage of job (MB)
	748440  -  ResidentSetSize of job (KB)
...
006 (119487.064.000) 11/23 16:48:20 Image size of job updated: 899016
	878  -  MemoryUsage of job (MB)
	899016  -  ResidentSetSize of job (KB)
...
006 (119487.064.000) 11/23 16:50:48 Image size of job updated: 945788
	878  -  MemoryUsage of job (MB)
	899016  -  ResidentSetSize of job (KB)
...
005 (119487.064.000) 11/23 16:50:48 Job terminated.
	(1) Normal termination (return value 0)
		Usr 0 00:08:47, Sys 0 00:13:27  -  Run Remote Usage
		Usr 0 00:00:00, Sys 0 00:00:00  -  Run Local Usage
		Usr 0 00:08:47, Sys 0 00:13:27  -  Total Remote Usage
		Usr 0 00:00:00, Sys 0 00:00:00  -  Total Local Usage
	0  -  Run Bytes Sent By Job
	0  -  Run Bytes Received By Job
	0  -  Total Bytes Sent By Job
	0  -  Total Bytes Received By Job
	Partitionable Resources :    Usage  Request Allocated
	   Cpus                 :                 1         1
	   Disk (KB)            :       15       15   2210904
	   Memory (MB)          :      878     8192      8192
	   Multinode            :                           1
...
