000 (119487.026.000) 11/23 16:28:01 Job submitted from host: <172.20.12.20:41606>
...
001 (119487.026.000) 11/23 16:28:10 Job executing on host: <172.20.15.71:40219?noUDP>
...
006 (119487.026.000) 11/23 16:28:18 Image size of job updated: 208900
	205  -  MemoryUsage of job (MB)
	208900  -  ResidentSetSize of job (KB)
...
006 (119487.026.000) 11/23 16:33:18 Image size of job updated: 1110916
	1085  -  MemoryUsage of job (MB)
	1110800  -  ResidentSetSize of job (KB)
...
006 (119487.026.000) 11/23 16:38:18 Image size of job updated: 1237484
	1209  -  MemoryUsage of job (MB)
	1237368  -  ResidentSetSize of job (KB)
...
006 (119487.026.000) 11/23 16:43:19 Image size of job updated: 1356992
	1326  -  MemoryUsage of job (MB)
	1356876  -  ResidentSetSize of job (KB)
...
006 (119487.026.000) 11/23 16:48:19 Image size of job updated: 1530952
	1495  -  MemoryUsage of job (MB)
	1530836  -  ResidentSetSize of job (KB)
...
006 (119487.026.000) 11/23 16:53:19 Image size of job updated: 1766940
	1726  -  MemoryUsage of job (MB)
	1766824  -  ResidentSetSize of job (KB)
...
006 (119487.026.000) 11/23 16:58:21 Image size of job updated: 1816200
	1774  -  MemoryUsage of job (MB)
	1815872  -  ResidentSetSize of job (KB)
...
006 (119487.026.000) 11/23 17:03:21 Image size of job updated: 2020324
	1973  -  MemoryUsage of job (MB)
	2019996  -  ResidentSetSize of job (KB)
...
006 (119487.026.000) 11/23 17:07:40 Image size of job updated: 2223284
	1973  -  MemoryUsage of job (MB)
	2019996  -  ResidentSetSize of job (KB)
...
005 (119487.026.000) 11/23 17:07:40 Job terminated.
	(1) Normal termination (return value 0)
		Usr 0 00:11:48, Sys 0 00:27:35  -  Run Remote Usage
		Usr 0 00:00:00, Sys 0 00:00:00  -  Run Local Usage
		Usr 0 00:11:48, Sys 0 00:27:35  -  Total Remote Usage
		Usr 0 00:00:00, Sys 0 00:00:00  -  Total Local Usage
	0  -  Run Bytes Sent By Job
	0  -  Run Bytes Received By Job
	0  -  Total Bytes Sent By Job
	0  -  Total Bytes Received By Job
	Partitionable Resources :    Usage  Request Allocated
	   Cpus                 :                 1         1
	   Disk (KB)            :       15       15   2190860
	   Memory (MB)          :     1973     8192      8192
	   Multinode            :                           1
...
