000 (119487.093.000) 11/23 16:28:02 Job submitted from host: <172.20.12.20:41606>
...
001 (119487.093.000) 11/23 16:28:44 Job executing on host: <172.20.15.58:45913?noUDP>
...
006 (119487.093.000) 11/23 16:28:53 Image size of job updated: 99592
	98  -  MemoryUsage of job (MB)
	99592  -  ResidentSetSize of job (KB)
...
006 (119487.093.000) 11/23 16:33:56 Image size of job updated: 647008
	632  -  MemoryUsage of job (MB)
	647008  -  ResidentSetSize of job (KB)
...
006 (119487.093.000) 11/23 16:38:54 Image size of job updated: 777820
	760  -  MemoryUsage of job (MB)
	777820  -  ResidentSetSize of job (KB)
...
006 (119487.093.000) 11/23 16:48:55 Image size of job updated: 842276
	823  -  MemoryUsage of job (MB)
	842276  -  ResidentSetSize of job (KB)
...
006 (119487.093.000) 11/23 17:03:57 Image size of job updated: 996384
	974  -  MemoryUsage of job (MB)
	996384  -  ResidentSetSize of job (KB)
...
005 (119487.093.000) 11/23 17:06:40 Job terminated.
	(1) Normal termination (return value 0)
		Usr 0 00:07:43, Sys 0 00:30:10  -  Run Remote Usage
		Usr 0 00:00:00, Sys 0 00:00:00  -  Run Local Usage
		Usr 0 00:07:43, Sys 0 00:30:10  -  Total Remote Usage
		Usr 0 00:00:00, Sys 0 00:00:00  -  Total Local Usage
	0  -  Run Bytes Sent By Job
	0  -  Run Bytes Received By Job
	0  -  Total Bytes Sent By Job
	0  -  Total Bytes Received By Job
	Partitionable Resources :    Usage  Request Allocated
	   Cpus                 :                 1         1
	   Disk (KB)            :       15       15   2205248
	   Memory (MB)          :      974     8192      8192
	   Multinode            :                           1
...
