000 (119487.136.000) 11/23 16:28:02 Job submitted from host: <172.20.12.20:41606>
...
001 (119487.136.000) 11/23 16:28:45 Job executing on host: <172.20.15.226:40876?noUDP>
...
006 (119487.136.000) 11/23 16:28:53 Image size of job updated: 209904
	205  -  MemoryUsage of job (MB)
	209904  -  ResidentSetSize of job (KB)
...
006 (119487.136.000) 11/23 16:33:53 Image size of job updated: 463452
	453  -  MemoryUsage of job (MB)
	463452  -  ResidentSetSize of job (KB)
...
006 (119487.136.000) 11/23 16:36:56 Image size of job updated: 492712
	453  -  MemoryUsage of job (MB)
	463452  -  ResidentSetSize of job (KB)
...
005 (119487.136.000) 11/23 16:36:56 Job terminated.
	(1) Normal termination (return value 0)
		Usr 0 00:03:06, Sys 0 00:05:04  -  Run Remote Usage
		Usr 0 00:00:00, Sys 0 00:00:00  -  Run Local Usage
		Usr 0 00:03:06, Sys 0 00:05:04  -  Total Remote Usage
		Usr 0 00:00:00, Sys 0 00:00:00  -  Total Local Usage
	0  -  Run Bytes Sent By Job
	0  -  Run Bytes Received By Job
	0  -  Total Bytes Sent By Job
	0  -  Total Bytes Received By Job
	Partitionable Resources :    Usage  Request Allocated
	   Cpus                 :                 1         1
	   Disk (KB)            :       15       15   2260947
	   Memory (MB)          :      453     8192      8192
	   Multinode            :                           1
...
