000 (119487.053.000) 11/23 16:28:01 Job submitted from host: <172.20.12.20:41606>
...
001 (119487.053.000) 11/23 16:28:10 Job executing on host: <172.20.15.192:40876?noUDP>
...
006 (119487.053.000) 11/23 16:28:18 Image size of job updated: 208900
	205  -  MemoryUsage of job (MB)
	208900  -  ResidentSetSize of job (KB)
...
006 (119487.053.000) 11/23 16:33:18 Image size of job updated: 795624
	777  -  MemoryUsage of job (MB)
	795624  -  ResidentSetSize of job (KB)
...
006 (119487.053.000) 11/23 16:38:19 Image size of job updated: 806544
	788  -  MemoryUsage of job (MB)
	806544  -  ResidentSetSize of job (KB)
...
006 (119487.053.000) 11/23 16:43:20 Image size of job updated: 838724
	820  -  MemoryUsage of job (MB)
	838724  -  ResidentSetSize of job (KB)
...
006 (119487.053.000) 11/23 16:52:07 Image size of job updated: 1187984
	820  -  MemoryUsage of job (MB)
	838724  -  ResidentSetSize of job (KB)
...
005 (119487.053.000) 11/23 16:52:07 Job terminated.
	(1) Normal termination (return value 0)
		Usr 0 00:08:45, Sys 0 00:15:08  -  Run Remote Usage
		Usr 0 00:00:00, Sys 0 00:00:00  -  Run Local Usage
		Usr 0 00:08:45, Sys 0 00:15:08  -  Total Remote Usage
		Usr 0 00:00:00, Sys 0 00:00:00  -  Total Local Usage
	0  -  Run Bytes Sent By Job
	0  -  Run Bytes Received By Job
	0  -  Total Bytes Sent By Job
	0  -  Total Bytes Received By Job
	Partitionable Resources :    Usage  Request Allocated
	   Cpus                 :                 1         1
	   Disk (KB)            :       15       15   2259427
	   Memory (MB)          :      820     8192      8192
	   Multinode            :                           1
...
