000 (119485.007.000) 11/23 16:27:45 Job submitted from host: <172.20.12.20:41606>
...
001 (119485.007.000) 11/23 16:27:47 Job executing on host: <172.20.15.146:44161?noUDP>
...
006 (119485.007.000) 11/23 16:27:56 Image size of job updated: 188816
	183  -  MemoryUsage of job (MB)
	187012  -  ResidentSetSize of job (KB)
...
006 (119485.007.000) 11/23 16:32:56 Image size of job updated: 655900
	639  -  MemoryUsage of job (MB)
	653912  -  ResidentSetSize of job (KB)
...
006 (119485.007.000) 11/23 16:37:56 Image size of job updated: 715468
	697  -  MemoryUsage of job (MB)
	713480  -  ResidentSetSize of job (KB)
...
006 (119485.007.000) 11/23 16:42:58 Image size of job updated: 830228
	809  -  MemoryUsage of job (MB)
	828240  -  ResidentSetSize of job (KB)
...
005 (119485.007.000) 11/23 16:46:05 Job terminated.
	(1) Normal termination (return value 0)
		Usr 0 00:07:48, Sys 0 00:09:18  -  Run Remote Usage
		Usr 0 00:00:00, Sys 0 00:00:00  -  Run Local Usage
		Usr 0 00:07:48, Sys 0 00:09:18  -  Total Remote Usage
		Usr 0 00:00:00, Sys 0 00:00:00  -  Total Local Usage
	0  -  Run Bytes Sent By Job
	0  -  Run Bytes Received By Job
	0  -  Total Bytes Sent By Job
	0  -  Total Bytes Received By Job
	Partitionable Resources :    Usage  Request Allocated
	   Cpus                 :                 1         1
	   Disk (KB)            :       15       15   2223732
	   Memory (MB)          :      809     8192      8192
	   Multinode            :                           1
...
