000 (119487.070.000) 11/23 16:28:01 Job submitted from host: <172.20.12.20:41606>
...
001 (119487.070.000) 11/23 16:28:10 Job executing on host: <172.20.15.167:41241?noUDP>
...
006 (119487.070.000) 11/23 16:28:31 Image size of job updated: 207664
	202  -  MemoryUsage of job (MB)
	206676  -  ResidentSetSize of job (KB)
...
006 (119487.070.000) 11/23 16:33:32 Image size of job updated: 1068776
	1043  -  MemoryUsage of job (MB)
	1067776  -  ResidentSetSize of job (KB)
...
006 (119487.070.000) 11/23 16:38:32 Image size of job updated: 1124932
	1098  -  MemoryUsage of job (MB)
	1123932  -  ResidentSetSize of job (KB)
...
006 (119487.070.000) 11/23 16:43:33 Image size of job updated: 1268120
	1238  -  MemoryUsage of job (MB)
	1267120  -  ResidentSetSize of job (KB)
...
006 (119487.070.000) 11/23 16:48:34 Image size of job updated: 1298848
	1268  -  MemoryUsage of job (MB)
	1297848  -  ResidentSetSize of job (KB)
...
006 (119487.070.000) 11/23 16:52:27 Image size of job updated: 1364244
	1268  -  MemoryUsage of job (MB)
	1297848  -  ResidentSetSize of job (KB)
...
005 (119487.070.000) 11/23 16:52:27 Job terminated.
	(1) Normal termination (return value 0)
		Usr 0 00:13:04, Sys 0 00:10:58  -  Run Remote Usage
		Usr 0 00:00:00, Sys 0 00:00:00  -  Run Local Usage
		Usr 0 00:13:04, Sys 0 00:10:58  -  Total Remote Usage
		Usr 0 00:00:00, Sys 0 00:00:00  -  Total Local Usage
	0  -  Run Bytes Sent By Job
	0  -  Run Bytes Received By Job
	0  -  Total Bytes Sent By Job
	0  -  Total Bytes Received By Job
	Partitionable Resources :    Usage  Request Allocated
	   Cpus                 :                 1         1
	   Disk (KB)            :       15       15   2216727
	   Memory (MB)          :     1268     8192      8192
	   Multinode            :                           1
...
