000 (119485.105.000) 11/23 16:27:46 Job submitted from host: <172.20.12.20:41606>
...
001 (119485.105.000) 11/23 16:27:48 Job executing on host: <172.20.15.174:43358?noUDP>
...
006 (119485.105.000) 11/23 16:27:57 Image size of job updated: 206124
	202  -  MemoryUsage of job (MB)
	206124  -  ResidentSetSize of job (KB)
...
006 (119485.105.000) 11/23 16:32:58 Image size of job updated: 1234868
	1206  -  MemoryUsage of job (MB)
	1234868  -  ResidentSetSize of job (KB)
...
006 (119485.105.000) 11/23 16:37:59 Image size of job updated: 1281576
	1252  -  MemoryUsage of job (MB)
	1281576  -  ResidentSetSize of job (KB)
...
006 (119485.105.000) 11/23 16:42:59 Image size of job updated: 2692400
	2630  -  MemoryUsage of job (MB)
	2692400  -  ResidentSetSize of job (KB)
...
006 (119485.105.000) 11/23 16:47:07 Image size of job updated: 2778072
	2630  -  MemoryUsage of job (MB)
	2692400  -  ResidentSetSize of job (KB)
...
005 (119485.105.000) 11/23 16:47:07 Job terminated.
	(1) Normal termination (return value 0)
		Usr 0 00:17:59, Sys 0 00:00:32  -  Run Remote Usage
		Usr 0 00:00:00, Sys 0 00:00:00  -  Run Local Usage
		Usr 0 00:17:59, Sys 0 00:00:32  -  Total Remote Usage
		Usr 0 00:00:00, Sys 0 00:00:00  -  Total Local Usage
	0  -  Run Bytes Sent By Job
	0  -  Run Bytes Received By Job
	0  -  Total Bytes Sent By Job
	0  -  Total Bytes Received By Job
	Partitionable Resources :    Usage  Request Allocated
	   Cpus                 :                 1         1
	   Disk (KB)            :       15       15   2164052
	   Memory (MB)          :     2630     8192      8192
	   Multinode            :                           1
...
