000 (119487.092.000) 11/23 16:28:02 Job submitted from host: <172.20.12.20:41606>
...
001 (119487.092.000) 11/23 16:28:44 Job executing on host: <172.20.15.80:49636?noUDP>
...
006 (119487.092.000) 11/23 16:28:53 Image size of job updated: 259332
	254  -  MemoryUsage of job (MB)
	259332  -  ResidentSetSize of job (KB)
...
006 (119487.092.000) 11/23 16:33:54 Image size of job updated: 696808
	681  -  MemoryUsage of job (MB)
	696808  -  ResidentSetSize of job (KB)
...
006 (119487.092.000) 11/23 16:38:54 Image size of job updated: 803772
	785  -  MemoryUsage of job (MB)
	803772  -  ResidentSetSize of job (KB)
...
006 (119487.092.000) 11/23 16:53:56 Image size of job updated: 838296
	819  -  MemoryUsage of job (MB)
	838296  -  ResidentSetSize of job (KB)
...
006 (119487.092.000) 11/23 17:12:19 Image size of job updated: 919312
	819  -  MemoryUsage of job (MB)
	838296  -  ResidentSetSize of job (KB)
...
005 (119487.092.000) 11/23 17:12:19 Job terminated.
	(1) Normal termination (return value 0)
		Usr 0 00:06:13, Sys 0 00:37:17  -  Run Remote Usage
		Usr 0 00:00:00, Sys 0 00:00:00  -  Run Local Usage
		Usr 0 00:06:13, Sys 0 00:37:17  -  Total Remote Usage
		Usr 0 00:00:00, Sys 0 00:00:00  -  Total Local Usage
	0  -  Run Bytes Sent By Job
	0  -  Run Bytes Received By Job
	0  -  Total Bytes Sent By Job
	0  -  Total Bytes Received By Job
	Partitionable Resources :    Usage  Request Allocated
	   Cpus                 :                 1         1
	   Disk (KB)            :       15       15   2188021
	   Memory (MB)          :      819     8192      8192
	   Multinode            :                           1
...
