000 (119485.018.000) 11/23 16:27:45 Job submitted from host: <172.20.12.20:41606>
...
001 (119485.018.000) 11/23 16:27:48 Job executing on host: <172.20.15.78:44964?noUDP>
...
006 (119485.018.000) 11/23 16:27:56 Image size of job updated: 209504
	205  -  MemoryUsage of job (MB)
	209504  -  ResidentSetSize of job (KB)
...
006 (119485.018.000) 11/23 16:32:56 Image size of job updated: 569160
	556  -  MemoryUsage of job (MB)
	569160  -  ResidentSetSize of job (KB)
...
006 (119485.018.000) 11/23 16:37:56 Image size of job updated: 691068
	675  -  MemoryUsage of job (MB)
	691068  -  ResidentSetSize of job (KB)
...
005 (119485.018.000) 11/23 16:42:21 Job terminated.
	(1) Normal termination (return value 0)
		Usr 0 00:06:52, Sys 0 00:07:12  -  Run Remote Usage
		Usr 0 00:00:00, Sys 0 00:00:00  -  Run Local Usage
		Usr 0 00:06:52, Sys 0 00:07:12  -  Total Remote Usage
		Usr 0 00:00:00, Sys 0 00:00:00  -  Total Local Usage
	0  -  Run Bytes Sent By Job
	0  -  Run Bytes Received By Job
	0  -  Total Bytes Sent By Job
	0  -  Total Bytes Received By Job
	Partitionable Resources :    Usage  Request Allocated
	   Cpus                 :                 1         1
	   Disk (KB)            :       15       15   1977649
	   Memory (MB)          :      675     8192      8192
	   Multinode            :                           1
...
