000 (119487.029.000) 11/23 16:28:01 Job submitted from host: <172.20.12.20:41606>
...
001 (119487.029.000) 11/23 16:28:10 Job executing on host: <172.20.15.145:44891?noUDP>
...
006 (119487.029.000) 11/23 16:28:18 Image size of job updated: 208900
	205  -  MemoryUsage of job (MB)
	208900  -  ResidentSetSize of job (KB)
...
006 (119487.029.000) 11/23 16:33:18 Image size of job updated: 3263272
	3187  -  MemoryUsage of job (MB)
	3263272  -  ResidentSetSize of job (KB)
...
006 (119487.029.000) 11/23 16:38:18 Image size of job updated: 4548924
	4443  -  MemoryUsage of job (MB)
	4548924  -  ResidentSetSize of job (KB)
...
006 (119487.029.000) 11/23 16:48:19 Image size of job updated: 4881764
	4768  -  MemoryUsage of job (MB)
	4881560  -  ResidentSetSize of job (KB)
...
006 (119487.029.000) 11/23 16:53:19 Image size of job updated: 6195396
	6050  -  MemoryUsage of job (MB)
	6195132  -  ResidentSetSize of job (KB)
...
006 (119487.029.000) 11/23 16:58:20 Image size of job updated: 6761316
	6603  -  MemoryUsage of job (MB)
	6761052  -  ResidentSetSize of job (KB)
...
006 (119487.029.000) 11/23 17:08:20 Image size of job updated: 7706148
	7526  -  MemoryUsage of job (MB)
	7705880  -  ResidentSetSize of job (KB)
...
006 (119487.029.000) 11/23 17:13:21 Image size of job updated: 8058584
	7870  -  MemoryUsage of job (MB)
	8058316  -  ResidentSetSize of job (KB)
...
006 (119487.029.000) 11/23 17:23:22 Image size of job updated: 8412168
	8215  -  MemoryUsage of job (MB)
	8411196  -  ResidentSetSize of job (KB)
...
006 (119487.029.000) 11/23 17:28:23 Image size of job updated: 9144164
	8929  -  MemoryUsage of job (MB)
	9143144  -  ResidentSetSize of job (KB)
...
006 (119487.029.000) 11/23 17:33:24 Image size of job updated: 10391336
	10133  -  MemoryUsage of job (MB)
	10375340  -  ResidentSetSize of job (KB)
...
006 (119487.029.000) 11/23 18:08:27 Image size of job updated: 11015736
	10744  -  MemoryUsage of job (MB)
	11001788  -  ResidentSetSize of job (KB)
...
006 (119487.029.000) 11/23 18:28:29 Image size of job updated: 11710968
	11423  -  MemoryUsage of job (MB)
	11697020  -  ResidentSetSize of job (KB)
...
006 (119487.029.000) 11/23 19:08:33 Image size of job updated: 11812156
	11522  -  MemoryUsage of job (MB)
	11798208  -  ResidentSetSize of job (KB)
...
006 (119487.029.000) 11/23 19:38:35 Image size of job updated: 12782756
	12470  -  MemoryUsage of job (MB)
	12768808  -  ResidentSetSize of job (KB)
...
006 (119487.029.000) 11/23 19:43:36 Image size of job updated: 12906736
	12591  -  MemoryUsage of job (MB)
	12892788  -  ResidentSetSize of job (KB)
...
006 (119487.029.000) 11/23 19:48:37 Image size of job updated: 13340156
	13014  -  MemoryUsage of job (MB)
	13326208  -  ResidentSetSize of job (KB)
...
006 (119487.029.000) 11/23 20:38:42 Image size of job updated: 13526792
	13197  -  MemoryUsage of job (MB)
	13512844  -  ResidentSetSize of job (KB)
...
006 (119487.029.000) 11/23 20:48:42 Image size of job updated: 13631960
	13299  -  MemoryUsage of job (MB)
	13618012  -  ResidentSetSize of job (KB)
...
006 (119487.029.000) 11/23 21:18:45 Image size of job updated: 14320304
	13972  -  MemoryUsage of job (MB)
	14306356  -  ResidentSetSize of job (KB)
...
006 (119487.029.000) 11/23 21:33:47 Image size of job updated: 14409980
	14059  -  MemoryUsage of job (MB)
	14396032  -  ResidentSetSize of job (KB)
...
006 (119487.029.000) 11/23 21:58:48 Image size of job updated: 15651748
	15272  -  MemoryUsage of job (MB)
	15637800  -  ResidentSetSize of job (KB)
...
006 (119487.029.000) 11/23 22:32:45 Image size of job updated: 15919776
	15272  -  MemoryUsage of job (MB)
	15637800  -  ResidentSetSize of job (KB)
...
005 (119487.029.000) 11/23 22:32:45 Job terminated.
	(1) Normal termination (return value 0)
		Usr 0 01:42:47, Sys 0 04:21:26  -  Run Remote Usage
		Usr 0 00:00:00, Sys 0 00:00:00  -  Run Local Usage
		Usr 0 01:42:47, Sys 0 04:21:26  -  Total Remote Usage
		Usr 0 00:00:00, Sys 0 00:00:00  -  Total Local Usage
	0  -  Run Bytes Sent By Job
	0  -  Run Bytes Received By Job
	0  -  Total Bytes Sent By Job
	0  -  Total Bytes Received By Job
	Partitionable Resources :    Usage  Request Allocated
	   Cpus                 :                 1         1
	   Disk (KB)            :       15       15   2144718
	   Memory (MB)          :    15272     8192      8192
	   Multinode            :                           1
...
