000 (119487.033.000) 11/23 16:28:01 Job submitted from host: <172.20.12.20:41606>
...
001 (119487.033.000) 11/23 16:28:10 Job executing on host: <172.20.15.55:40219?noUDP>
...
006 (119487.033.000) 11/23 16:28:18 Image size of job updated: 208920
	205  -  MemoryUsage of job (MB)
	208920  -  ResidentSetSize of job (KB)
...
006 (119487.033.000) 11/23 16:33:18 Image size of job updated: 1371848
	1340  -  MemoryUsage of job (MB)
	1371848  -  ResidentSetSize of job (KB)
...
006 (119487.033.000) 11/23 16:38:19 Image size of job updated: 1398516
	1366  -  MemoryUsage of job (MB)
	1398516  -  ResidentSetSize of job (KB)
...
006 (119487.033.000) 11/23 16:43:20 Image size of job updated: 1779608
	1738  -  MemoryUsage of job (MB)
	1779608  -  ResidentSetSize of job (KB)
...
006 (119487.033.000) 11/23 16:48:20 Image size of job updated: 2045476
	1998  -  MemoryUsage of job (MB)
	2045476  -  ResidentSetSize of job (KB)
...
006 (119487.033.000) 11/23 16:53:20 Image size of job updated: 2106160
	2057  -  MemoryUsage of job (MB)
	2106160  -  ResidentSetSize of job (KB)
...
006 (119487.033.000) 11/23 17:18:23 Image size of job updated: 2360820
	2306  -  MemoryUsage of job (MB)
	2360820  -  ResidentSetSize of job (KB)
...
006 (119487.033.000) 11/23 17:28:23 Image size of job updated: 2413848
	2358  -  MemoryUsage of job (MB)
	2413848  -  ResidentSetSize of job (KB)
...
006 (119487.033.000) 11/23 17:38:25 Image size of job updated: 2839816
	2774  -  MemoryUsage of job (MB)
	2839816  -  ResidentSetSize of job (KB)
...
006 (119487.033.000) 11/23 17:58:27 Image size of job updated: 2937116
	2869  -  MemoryUsage of job (MB)
	2937116  -  ResidentSetSize of job (KB)
...
006 (119487.033.000) 11/23 18:08:28 Image size of job updated: 3330560
	3253  -  MemoryUsage of job (MB)
	3330560  -  ResidentSetSize of job (KB)
...
006 (119487.033.000) 11/23 18:16:50 Image size of job updated: 3634368
	3253  -  MemoryUsage of job (MB)
	3330560  -  ResidentSetSize of job (KB)
...
005 (119487.033.000) 11/23 18:16:50 Job terminated.
	(1) Normal termination (return value 0)
		Usr 0 00:21:36, Sys 0 01:26:53  -  Run Remote Usage
		Usr 0 00:00:00, Sys 0 00:00:00  -  Run Local Usage
		Usr 0 00:21:36, Sys 0 01:26:53  -  Total Remote Usage
		Usr 0 00:00:00, Sys 0 00:00:00  -  Total Local Usage
	0  -  Run Bytes Sent By Job
	0  -  Run Bytes Received By Job
	0  -  Total Bytes Sent By Job
	0  -  Total Bytes Received By Job
	Partitionable Resources :    Usage  Request Allocated
	   Cpus                 :                 1         1
	   Disk (KB)            :       15       15   2030769
	   Memory (MB)          :     3253     8192      8192
	   Multinode            :                           1
...
