000 (119487.135.000) 11/23 16:28:02 Job submitted from host: <172.20.12.20:41606>
...
001 (119487.135.000) 11/23 16:28:45 Job executing on host: <172.20.15.143:48979?noUDP>
...
006 (119487.135.000) 11/23 16:28:53 Image size of job updated: 208900
	205  -  MemoryUsage of job (MB)
	208900  -  ResidentSetSize of job (KB)
...
006 (119487.135.000) 11/23 16:33:53 Image size of job updated: 732456
	716  -  MemoryUsage of job (MB)
	732456  -  ResidentSetSize of job (KB)
...
006 (119487.135.000) 11/23 16:38:54 Image size of job updated: 767716
	750  -  MemoryUsage of job (MB)
	767716  -  ResidentSetSize of job (KB)
...
006 (119487.135.000) 11/23 16:41:08 Image size of job updated: 772164
	750  -  MemoryUsage of job (MB)
	767716  -  ResidentSetSize of job (KB)
...
005 (119487.135.000) 11/23 16:41:08 Job terminated.
	(1) Normal termination (return value 0)
		Usr 0 00:08:52, Sys 0 00:03:24  -  Run Remote Usage
		Usr 0 00:00:00, Sys 0 00:00:00  -  Run Local Usage
		Usr 0 00:08:52, Sys 0 00:03:24  -  Total Remote Usage
		Usr 0 00:00:00, Sys 0 00:00:00  -  Total Local Usage
	0  -  Run Bytes Sent By Job
	0  -  Run Bytes Received By Job
	0  -  Total Bytes Sent By Job
	0  -  Total Bytes Received By Job
	Partitionable Resources :    Usage  Request Allocated
	   Cpus                 :                 1         1
	   Disk (KB)            :       15       15   2217712
	   Memory (MB)          :      750     8192      8192
	   Multinode            :                           1
...
