000 (119485.043.000) 11/23 16:27:45 Job submitted from host: <172.20.12.20:41606>
...
001 (119485.043.000) 11/23 16:27:48 Job executing on host: <172.20.15.84:41898?noUDP>
...
006 (119485.043.000) 11/23 16:27:56 Image size of job updated: 207872
	203  -  MemoryUsage of job (MB)
	207872  -  ResidentSetSize of job (KB)
...
006 (119485.043.000) 11/23 16:32:56 Image size of job updated: 756464
	739  -  MemoryUsage of job (MB)
	756464  -  ResidentSetSize of job (KB)
...
006 (119485.043.000) 11/23 16:37:57 Image size of job updated: 1282348
	739  -  MemoryUsage of job (MB)
	756464  -  ResidentSetSize of job (KB)
...
005 (119485.043.000) 11/23 16:37:57 Job terminated.
	(1) Normal termination (return value 0)
		Usr 0 00:08:20, Sys 0 00:00:58  -  Run Remote Usage
		Usr 0 00:00:00, Sys 0 00:00:00  -  Run Local Usage
		Usr 0 00:08:20, Sys 0 00:00:58  -  Total Remote Usage
		Usr 0 00:00:00, Sys 0 00:00:00  -  Total Local Usage
	0  -  Run Bytes Sent By Job
	0  -  Run Bytes Received By Job
	0  -  Total Bytes Sent By Job
	0  -  Total Bytes Received By Job
	Partitionable Resources :    Usage  Request Allocated
	   Cpus                 :                 1         1
	   Disk (KB)            :       15       15   1893412
	   Memory (MB)          :      739     8192      8192
	   Multinode            :                           1
...
