000 (119485.130.000) 11/23 16:27:46 Job submitted from host: <172.20.12.20:41606>
...
001 (119485.130.000) 11/23 16:28:09 Job executing on host: <172.20.15.211:49052?noUDP>
...
006 (119485.130.000) 11/23 16:28:18 Image size of job updated: 207872
	203  -  MemoryUsage of job (MB)
	207872  -  ResidentSetSize of job (KB)
...
006 (119485.130.000) 11/23 16:33:19 Image size of job updated: 523384
	512  -  MemoryUsage of job (MB)
	523384  -  ResidentSetSize of job (KB)
...
006 (119485.130.000) 11/23 16:38:19 Image size of job updated: 618100
	604  -  MemoryUsage of job (MB)
	618100  -  ResidentSetSize of job (KB)
...
005 (119485.130.000) 11/23 16:38:24 Job terminated.
	(1) Normal termination (return value 0)
		Usr 0 00:05:23, Sys 0 00:04:23  -  Run Remote Usage
		Usr 0 00:00:00, Sys 0 00:00:00  -  Run Local Usage
		Usr 0 00:05:23, Sys 0 00:04:23  -  Total Remote Usage
		Usr 0 00:00:00, Sys 0 00:00:00  -  Total Local Usage
	0  -  Run Bytes Sent By Job
	0  -  Run Bytes Received By Job
	0  -  Total Bytes Sent By Job
	0  -  Total Bytes Received By Job
	Partitionable Resources :    Usage  Request Allocated
	   Cpus                 :                 1         1
	   Disk (KB)            :       15       15   2225049
	   Memory (MB)          :      604     8192      8192
	   Multinode            :                           1
...
