000 (119487.019.000) 11/23 16:28:01 Job submitted from host: <172.20.12.20:41606>
...
001 (119487.019.000) 11/23 16:28:10 Job executing on host: <172.20.15.220:48541?noUDP>
...
006 (119487.019.000) 11/23 16:28:18 Image size of job updated: 210260
	206  -  MemoryUsage of job (MB)
	210260  -  ResidentSetSize of job (KB)
...
006 (119487.019.000) 11/23 16:33:18 Image size of job updated: 1161020
	1134  -  MemoryUsage of job (MB)
	1161020  -  ResidentSetSize of job (KB)
...
006 (119487.019.000) 11/23 16:38:18 Image size of job updated: 1424812
	1392  -  MemoryUsage of job (MB)
	1424812  -  ResidentSetSize of job (KB)
...
006 (119487.019.000) 11/23 16:43:19 Image size of job updated: 1445232
	1412  -  MemoryUsage of job (MB)
	1445232  -  ResidentSetSize of job (KB)
...
006 (119487.019.000) 11/23 16:48:20 Image size of job updated: 1914548
	1870  -  MemoryUsage of job (MB)
	1914548  -  ResidentSetSize of job (KB)
...
006 (119487.019.000) 11/23 16:58:21 Image size of job updated: 2067876
	2020  -  MemoryUsage of job (MB)
	2067876  -  ResidentSetSize of job (KB)
...
006 (119487.019.000) 11/23 17:01:33 Image size of job updated: 2266112
	2020  -  MemoryUsage of job (MB)
	2067876  -  ResidentSetSize of job (KB)
...
005 (119487.019.000) 11/23 17:01:33 Job terminated.
	(1) Normal termination (return value 0)
		Usr 0 00:13:16, Sys 0 00:20:03  -  Run Remote Usage
		Usr 0 00:00:00, Sys 0 00:00:00  -  Run Local Usage
		Usr 0 00:13:16, Sys 0 00:20:03  -  Total Remote Usage
		Usr 0 00:00:00, Sys 0 00:00:00  -  Total Local Usage
	0  -  Run Bytes Sent By Job
	0  -  Run Bytes Received By Job
	0  -  Total Bytes Sent By Job
	0  -  Total Bytes Received By Job
	Partitionable Resources :    Usage  Request Allocated
	   Cpus                 :                 1         1
	   Disk (KB)            :       15       15   2188612
	   Memory (MB)          :     2020     8192      8192
	   Multinode            :                           1
...
