000 (119485.094.000) 11/23 16:27:46 Job submitted from host: <172.20.12.20:41606>
...
001 (119485.094.000) 11/23 16:27:48 Job executing on host: <172.20.15.82:40366?noUDP>
...
006 (119485.094.000) 11/23 16:27:57 Image size of job updated: 206644
	202  -  MemoryUsage of job (MB)
	206644  -  ResidentSetSize of job (KB)
...
006 (119485.094.000) 11/23 16:32:58 Image size of job updated: 836160
	817  -  MemoryUsage of job (MB)
	836160  -  ResidentSetSize of job (KB)
...
006 (119485.094.000) 11/23 16:37:59 Image size of job updated: 1249480
	1221  -  MemoryUsage of job (MB)
	1249472  -  ResidentSetSize of job (KB)
...
005 (119485.094.000) 11/23 16:38:04 Job terminated.
	(1) Normal termination (return value 0)
		Usr 0 00:09:24, Sys 0 00:00:07  -  Run Remote Usage
		Usr 0 00:00:00, Sys 0 00:00:00  -  Run Local Usage
		Usr 0 00:09:24, Sys 0 00:00:07  -  Total Remote Usage
		Usr 0 00:00:00, Sys 0 00:00:00  -  Total Local Usage
	0  -  Run Bytes Sent By Job
	0  -  Run Bytes Received By Job
	0  -  Total Bytes Sent By Job
	0  -  Total Bytes Received By Job
	Partitionable Resources :    Usage  Request Allocated
	   Cpus                 :                 1         1
	   Disk (KB)            :       15       15   2161731
	   Memory (MB)          :     1221     8192      8192
	   Multinode            :                           1
...
