000 (119485.127.000) 11/23 16:27:46 Job submitted from host: <172.20.12.20:41606>
...
001 (119485.127.000) 11/23 16:28:09 Job executing on host: <172.20.15.78:44964?noUDP>
...
006 (119485.127.000) 11/23 16:28:18 Image size of job updated: 210152
	206  -  MemoryUsage of job (MB)
	210152  -  ResidentSetSize of job (KB)
...
006 (119485.127.000) 11/23 16:33:19 Image size of job updated: 877068
	857  -  MemoryUsage of job (MB)
	877068  -  ResidentSetSize of job (KB)
...
006 (119485.127.000) 11/23 16:43:19 Image size of job updated: 1023448
	1000  -  MemoryUsage of job (MB)
	1023448  -  ResidentSetSize of job (KB)
...
006 (119485.127.000) 11/23 16:48:20 Image size of job updated: 1177876
	1151  -  MemoryUsage of job (MB)
	1177876  -  ResidentSetSize of job (KB)
...
006 (119485.127.000) 11/23 16:58:21 Image size of job updated: 1375648
	1344  -  MemoryUsage of job (MB)
	1375648  -  ResidentSetSize of job (KB)
...
006 (119485.127.000) 11/23 17:08:23 Image size of job updated: 1418912
	1386  -  MemoryUsage of job (MB)
	1418912  -  ResidentSetSize of job (KB)
...
006 (119485.127.000) 11/23 17:10:49 Image size of job updated: 1467780
	1386  -  MemoryUsage of job (MB)
	1418912  -  ResidentSetSize of job (KB)
...
005 (119485.127.000) 11/23 17:10:49 Job terminated.
	(1) Normal termination (return value 0)
		Usr 0 00:10:59, Sys 0 00:31:29  -  Run Remote Usage
		Usr 0 00:00:00, Sys 0 00:00:00  -  Run Local Usage
		Usr 0 00:10:59, Sys 0 00:31:29  -  Total Remote Usage
		Usr 0 00:00:00, Sys 0 00:00:00  -  Total Local Usage
	0  -  Run Bytes Sent By Job
	0  -  Run Bytes Received By Job
	0  -  Total Bytes Sent By Job
	0  -  Total Bytes Received By Job
	Partitionable Resources :    Usage  Request Allocated
	   Cpus                 :                 1         1
	   Disk (KB)            :       15       15   1977647
	   Memory (MB)          :     1386     8192      8192
	   Multinode            :                           1
...
