000 (119487.143.000) 11/23 16:28:02 Job submitted from host: <172.20.12.20:41606>
...
001 (119487.143.000) 11/23 16:28:45 Job executing on host: <172.20.15.137:47008?noUDP>
...
006 (119487.143.000) 11/23 16:28:53 Image size of job updated: 205036
	201  -  MemoryUsage of job (MB)
	205036  -  ResidentSetSize of job (KB)
...
006 (119487.143.000) 11/23 16:33:53 Image size of job updated: 1401668
	1369  -  MemoryUsage of job (MB)
	1401668  -  ResidentSetSize of job (KB)
...
006 (119487.143.000) 11/23 16:43:55 Image size of job updated: 1417696
	1385  -  MemoryUsage of job (MB)
	1417696  -  ResidentSetSize of job (KB)
...
006 (119487.143.000) 11/23 16:48:55 Image size of job updated: 1580420
	1544  -  MemoryUsage of job (MB)
	1580420  -  ResidentSetSize of job (KB)
...
006 (119487.143.000) 11/23 16:53:55 Image size of job updated: 1822816
	1781  -  MemoryUsage of job (MB)
	1822816  -  ResidentSetSize of job (KB)
...
006 (119487.143.000) 11/23 17:03:56 Image size of job updated: 2105328
	2056  -  MemoryUsage of job (MB)
	2105328  -  ResidentSetSize of job (KB)
...
006 (119487.143.000) 11/23 17:21:05 Image size of job updated: 2273488
	2056  -  MemoryUsage of job (MB)
	2105328  -  ResidentSetSize of job (KB)
...
005 (119487.143.000) 11/23 17:21:05 Job terminated.
	(1) Normal termination (return value 0)
		Usr 0 00:16:36, Sys 0 00:35:40  -  Run Remote Usage
		Usr 0 00:00:00, Sys 0 00:00:00  -  Run Local Usage
		Usr 0 00:16:36, Sys 0 00:35:40  -  Total Remote Usage
		Usr 0 00:00:00, Sys 0 00:00:00  -  Total Local Usage
	0  -  Run Bytes Sent By Job
	0  -  Run Bytes Received By Job
	0  -  Total Bytes Sent By Job
	0  -  Total Bytes Received By Job
	Partitionable Resources :    Usage  Request Allocated
	   Cpus                 :                 1         1
	   Disk (KB)            :       15       15   2219626
	   Memory (MB)          :     2056     8192      8192
	   Multinode            :                           1
...
