000 (119487.062.000) 11/23 16:28:01 Job submitted from host: <172.20.12.20:41606>
...
001 (119487.062.000) 11/23 16:28:10 Job executing on host: <172.20.15.53:49125?noUDP>
...
006 (119487.062.000) 11/23 16:28:18 Image size of job updated: 210008
	206  -  MemoryUsage of job (MB)
	210008  -  ResidentSetSize of job (KB)
...
006 (119487.062.000) 11/23 16:33:18 Image size of job updated: 1153480
	1127  -  MemoryUsage of job (MB)
	1153480  -  ResidentSetSize of job (KB)
...
006 (119487.062.000) 11/23 16:38:19 Image size of job updated: 1705388
	1666  -  MemoryUsage of job (MB)
	1705388  -  ResidentSetSize of job (KB)
...
006 (119487.062.000) 11/23 16:43:19 Image size of job updated: 2043448
	1996  -  MemoryUsage of job (MB)
	2043448  -  ResidentSetSize of job (KB)
...
006 (119487.062.000) 11/23 16:45:59 Image size of job updated: 2613832
	1996  -  MemoryUsage of job (MB)
	2043448  -  ResidentSetSize of job (KB)
...
005 (119487.062.000) 11/23 16:45:59 Job terminated.
	(1) Normal termination (return value 0)
		Usr 0 00:17:11, Sys 0 00:00:11  -  Run Remote Usage
		Usr 0 00:00:00, Sys 0 00:00:00  -  Run Local Usage
		Usr 0 00:17:11, Sys 0 00:00:11  -  Total Remote Usage
		Usr 0 00:00:00, Sys 0 00:00:00  -  Total Local Usage
	0  -  Run Bytes Sent By Job
	0  -  Run Bytes Received By Job
	0  -  Total Bytes Sent By Job
	0  -  Total Bytes Received By Job
	Partitionable Resources :    Usage  Request Allocated
	   Cpus                 :                 1         1
	   Disk (KB)            :       15       15   2191825
	   Memory (MB)          :     1996     8192      8192
	   Multinode            :                           1
...
