000 (119487.138.000) 11/23 16:28:02 Job submitted from host: <172.20.12.20:41606>
...
001 (119487.138.000) 11/23 16:28:45 Job executing on host: <172.20.15.129:46351?noUDP>
...
006 (119487.138.000) 11/23 16:28:53 Image size of job updated: 208900
	205  -  MemoryUsage of job (MB)
	208900  -  ResidentSetSize of job (KB)
...
006 (119487.138.000) 11/23 16:33:53 Image size of job updated: 2696880
	2634  -  MemoryUsage of job (MB)
	2696880  -  ResidentSetSize of job (KB)
...
006 (119487.138.000) 11/23 16:38:54 Image size of job updated: 3242324
	3167  -  MemoryUsage of job (MB)
	3242324  -  ResidentSetSize of job (KB)
...
006 (119487.138.000) 11/23 16:48:55 Image size of job updated: 3361168
	3283  -  MemoryUsage of job (MB)
	3361168  -  ResidentSetSize of job (KB)
...
006 (119487.138.000) 11/23 16:53:55 Image size of job updated: 4049340
	3955  -  MemoryUsage of job (MB)
	4049340  -  ResidentSetSize of job (KB)
...
006 (119487.138.000) 11/23 17:13:57 Image size of job updated: 4683108
	4574  -  MemoryUsage of job (MB)
	4683108  -  ResidentSetSize of job (KB)
...
006 (119487.138.000) 11/23 17:18:58 Image size of job updated: 4765212
	4654  -  MemoryUsage of job (MB)
	4765212  -  ResidentSetSize of job (KB)
...
006 (119487.138.000) 11/23 17:49:00 Image size of job updated: 4878756
	4765  -  MemoryUsage of job (MB)
	4878756  -  ResidentSetSize of job (KB)
...
006 (119487.138.000) 11/23 17:54:01 Image size of job updated: 5494016
	5366  -  MemoryUsage of job (MB)
	5494016  -  ResidentSetSize of job (KB)
...
006 (119487.138.000) 11/23 17:56:51 Image size of job updated: 5630440
	5366  -  MemoryUsage of job (MB)
	5494016  -  ResidentSetSize of job (KB)
...
005 (119487.138.000) 11/23 17:56:51 Job terminated.
	(1) Normal termination (return value 0)
		Usr 0 00:56:41, Sys 0 00:31:18  -  Run Remote Usage
		Usr 0 00:00:00, Sys 0 00:00:00  -  Run Local Usage
		Usr 0 00:56:41, Sys 0 00:31:18  -  Total Remote Usage
		Usr 0 00:00:00, Sys 0 00:00:00  -  Total Local Usage
	0  -  Run Bytes Sent By Job
	0  -  Run Bytes Received By Job
	0  -  Total Bytes Sent By Job
	0  -  Total Bytes Received By Job
	Partitionable Resources :    Usage  Request Allocated
	   Cpus                 :                 1         1
	   Disk (KB)            :       15       15   2223196
	   Memory (MB)          :     5366     8192      8192
	   Multinode            :                           1
...
