000 (119487.103.000) 11/23 16:28:02 Job submitted from host: <172.20.12.20:41606>
...
001 (119487.103.000) 11/23 16:28:44 Job executing on host: <172.20.15.81:41022?noUDP>
...
006 (119487.103.000) 11/23 16:28:53 Image size of job updated: 210384
	206  -  MemoryUsage of job (MB)
	210384  -  ResidentSetSize of job (KB)
...
006 (119487.103.000) 11/23 16:33:54 Image size of job updated: 1553680
	1518  -  MemoryUsage of job (MB)
	1553680  -  ResidentSetSize of job (KB)
...
006 (119487.103.000) 11/23 16:38:54 Image size of job updated: 1811552
	1770  -  MemoryUsage of job (MB)
	1811552  -  ResidentSetSize of job (KB)
...
006 (119487.103.000) 11/23 16:48:56 Image size of job updated: 2455188
	2398  -  MemoryUsage of job (MB)
	2455188  -  ResidentSetSize of job (KB)
...
006 (119487.103.000) 11/23 16:53:56 Image size of job updated: 2455352
	2398  -  MemoryUsage of job (MB)
	2455352  -  ResidentSetSize of job (KB)
...
006 (119487.103.000) 11/23 17:01:13 Image size of job updated: 2830988
	2398  -  MemoryUsage of job (MB)
	2455352  -  ResidentSetSize of job (KB)
...
005 (119487.103.000) 11/23 17:01:13 Job terminated.
	(1) Normal termination (return value 0)
		Usr 0 00:15:58, Sys 0 00:16:23  -  Run Remote Usage
		Usr 0 00:00:00, Sys 0 00:00:00  -  Run Local Usage
		Usr 0 00:15:58, Sys 0 00:16:23  -  Total Remote Usage
		Usr 0 00:00:00, Sys 0 00:00:00  -  Total Local Usage
	0  -  Run Bytes Sent By Job
	0  -  Run Bytes Received By Job
	0  -  Total Bytes Sent By Job
	0  -  Total Bytes Received By Job
	Partitionable Resources :    Usage  Request Allocated
	   Cpus                 :                 1         1
	   Disk (KB)            :       15       15   1688909
	   Memory (MB)          :     2398     8192      8192
	   Multinode            :                           1
...
