000 (119487.109.000) 11/23 16:28:02 Job submitted from host: <172.20.12.20:41606>
...
001 (119487.109.000) 11/23 16:28:55 Job executing on host: <172.20.15.125:42920?noUDP>
...
006 (119487.109.000) 11/23 16:29:04 Image size of job updated: 281000
	275  -  MemoryUsage of job (MB)
	281000  -  ResidentSetSize of job (KB)
...
006 (119487.109.000) 11/23 16:34:05 Image size of job updated: 1026584
	1003  -  MemoryUsage of job (MB)
	1026584  -  ResidentSetSize of job (KB)
...
006 (119487.109.000) 11/23 16:44:05 Image size of job updated: 1216456
	1188  -  MemoryUsage of job (MB)
	1216456  -  ResidentSetSize of job (KB)
...
006 (119487.109.000) 11/23 16:54:07 Image size of job updated: 1534576
	1499  -  MemoryUsage of job (MB)
	1534576  -  ResidentSetSize of job (KB)
...
006 (119487.109.000) 11/23 16:59:07 Image size of job updated: 1610364
	1573  -  MemoryUsage of job (MB)
	1610364  -  ResidentSetSize of job (KB)
...
006 (119487.109.000) 11/23 17:04:08 Image size of job updated: 1784768
	1743  -  MemoryUsage of job (MB)
	1784768  -  ResidentSetSize of job (KB)
...
006 (119487.109.000) 11/23 17:29:10 Image size of job updated: 2321932
	2268  -  MemoryUsage of job (MB)
	2321932  -  ResidentSetSize of job (KB)
...
006 (119487.109.000) 11/23 17:39:11 Image size of job updated: 2569356
	2510  -  MemoryUsage of job (MB)
	2569356  -  ResidentSetSize of job (KB)
...
006 (119487.109.000) 11/23 17:44:12 Image size of job updated: 2591228
	2531  -  MemoryUsage of job (MB)
	2591228  -  ResidentSetSize of job (KB)
...
006 (119487.109.000) 11/23 17:54:13 Image size of job updated: 2681324
	2619  -  MemoryUsage of job (MB)
	2681324  -  ResidentSetSize of job (KB)
...
006 (119487.109.000) 11/23 17:59:14 Image size of job updated: 2838604
	2773  -  MemoryUsage of job (MB)
	2838604  -  ResidentSetSize of job (KB)
...
005 (119487.109.000) 11/23 17:59:31 Job terminated.
	(1) Normal termination (return value 0)
		Usr 0 00:15:15, Sys 0 01:15:18  -  Run Remote Usage
		Usr 0 00:00:00, Sys 0 00:00:00  -  Run Local Usage
		Usr 0 00:15:15, Sys 0 01:15:18  -  Total Remote Usage
		Usr 0 00:00:00, Sys 0 00:00:00  -  Total Local Usage
	0  -  Run Bytes Sent By Job
	0  -  Run Bytes Received By Job
	0  -  Total Bytes Sent By Job
	0  -  Total Bytes Received By Job
	Partitionable Resources :    Usage  Request Allocated
	   Cpus                 :                 1         1
	   Disk (KB)            :       15       15   2191013
	   Memory (MB)          :     2773     8192      8192
	   Multinode            :                           1
...
