000 (119485.048.000) 11/23 16:27:45 Job submitted from host: <172.20.12.20:41606>
...
001 (119485.048.000) 11/23 16:27:48 Job executing on host: <172.20.15.72:43942?noUDP>
...
006 (119485.048.000) 11/23 16:27:56 Image size of job updated: 204804
	201  -  MemoryUsage of job (MB)
	204804  -  ResidentSetSize of job (KB)
...
006 (119485.048.000) 11/23 16:32:56 Image size of job updated: 1257564
	1229  -  MemoryUsage of job (MB)
	1257564  -  ResidentSetSize of job (KB)
...
006 (119485.048.000) 11/23 16:37:57 Image size of job updated: 1779904
	1739  -  MemoryUsage of job (MB)
	1779904  -  ResidentSetSize of job (KB)
...
006 (119485.048.000) 11/23 16:47:58 Image size of job updated: 2121304
	2072  -  MemoryUsage of job (MB)
	2121304  -  ResidentSetSize of job (KB)
...
005 (119485.048.000) 11/23 16:56:50 Job terminated.
	(1) Normal termination (return value 0)
		Usr 0 00:20:24, Sys 0 00:07:44  -  Run Remote Usage
		Usr 0 00:00:00, Sys 0 00:00:00  -  Run Local Usage
		Usr 0 00:20:24, Sys 0 00:07:44  -  Total Remote Usage
		Usr 0 00:00:00, Sys 0 00:00:00  -  Total Local Usage
	0  -  Run Bytes Sent By Job
	0  -  Run Bytes Received By Job
	0  -  Total Bytes Sent By Job
	0  -  Total Bytes Received By Job
	Partitionable Resources :    Usage  Request Allocated
	   Cpus                 :                 1         1
	   Disk (KB)            :       15       15   2087577
	   Memory (MB)          :     2072     8192      8192
	   Multinode            :                           1
...
