000 (119487.045.000) 11/23 16:28:01 Job submitted from host: <172.20.12.20:41606>
...
001 (119487.045.000) 11/23 16:28:10 Job executing on host: <172.20.15.182:41314?noUDP>
...
006 (119487.045.000) 11/23 16:28:18 Image size of job updated: 208904
	205  -  MemoryUsage of job (MB)
	208904  -  ResidentSetSize of job (KB)
...
006 (119487.045.000) 11/23 16:33:18 Image size of job updated: 742940
	726  -  MemoryUsage of job (MB)
	742940  -  ResidentSetSize of job (KB)
...
006 (119487.045.000) 11/23 16:38:19 Image size of job updated: 785484
	768  -  MemoryUsage of job (MB)
	785484  -  ResidentSetSize of job (KB)
...
006 (119487.045.000) 11/23 16:43:18 Image size of job updated: 877364
	768  -  MemoryUsage of job (MB)
	785484  -  ResidentSetSize of job (KB)
...
005 (119487.045.000) 11/23 16:43:18 Job terminated.
	(1) Normal termination (return value 0)
		Usr 0 00:08:30, Sys 0 00:06:14  -  Run Remote Usage
		Usr 0 00:00:00, Sys 0 00:00:00  -  Run Local Usage
		Usr 0 00:08:30, Sys 0 00:06:14  -  Total Remote Usage
		Usr 0 00:00:00, Sys 0 00:00:00  -  Total Local Usage
	0  -  Run Bytes Sent By Job
	0  -  Run Bytes Received By Job
	0  -  Total Bytes Sent By Job
	0  -  Total Bytes Received By Job
	Partitionable Resources :    Usage  Request Allocated
	   Cpus                 :                 1         1
	   Disk (KB)            :       15       15   2210906
	   Memory (MB)          :      768     8192      8192
	   Multinode            :                           1
...
