000 (119485.107.000) 11/23 16:27:46 Job submitted from host: <172.20.12.20:41606>
...
001 (119485.107.000) 11/23 16:27:48 Job executing on host: <172.20.15.191:46789?noUDP>
...
006 (119485.107.000) 11/23 16:27:57 Image size of job updated: 208800
	204  -  MemoryUsage of job (MB)
	208800  -  ResidentSetSize of job (KB)
...
006 (119485.107.000) 11/23 16:32:58 Image size of job updated: 1272944
	1244  -  MemoryUsage of job (MB)
	1272944  -  ResidentSetSize of job (KB)
...
006 (119485.107.000) 11/23 16:37:58 Image size of job updated: 2268816
	2216  -  MemoryUsage of job (MB)
	2268816  -  ResidentSetSize of job (KB)
...
006 (119485.107.000) 11/23 16:45:31 Image size of job updated: 2493904
	2216  -  MemoryUsage of job (MB)
	2268816  -  ResidentSetSize of job (KB)
...
005 (119485.107.000) 11/23 16:45:31 Job terminated.
	(1) Normal termination (return value 0)
		Usr 0 00:12:27, Sys 0 00:04:58  -  Run Remote Usage
		Usr 0 00:00:00, Sys 0 00:00:00  -  Run Local Usage
		Usr 0 00:12:27, Sys 0 00:04:58  -  Total Remote Usage
		Usr 0 00:00:00, Sys 0 00:00:00  -  Total Local Usage
	0  -  Run Bytes Sent By Job
	0  -  Run Bytes Received By Job
	0  -  Total Bytes Sent By Job
	0  -  Total Bytes Received By Job
	Partitionable Resources :    Usage  Request Allocated
	   Cpus                 :                 1         1
	   Disk (KB)            :       15       15   2223336
	   Memory (MB)          :     2216     8192      8192
	   Multinode            :                           1
...
