000 (119487.083.000) 11/23 16:28:01 Job submitted from host: <172.20.12.20:41606>
...
001 (119487.083.000) 11/23 16:28:44 Job executing on host: <172.20.15.228:44891?noUDP>
...
006 (119487.083.000) 11/23 16:28:53 Image size of job updated: 240288
	235  -  MemoryUsage of job (MB)
	240288  -  ResidentSetSize of job (KB)
...
006 (119487.083.000) 11/23 16:33:54 Image size of job updated: 700652
	685  -  MemoryUsage of job (MB)
	700652  -  ResidentSetSize of job (KB)
...
006 (119487.083.000) 11/23 16:37:04 Image size of job updated: 999948
	685  -  MemoryUsage of job (MB)
	700652  -  ResidentSetSize of job (KB)
...
005 (119487.083.000) 11/23 16:37:04 Job terminated.
	(1) Normal termination (return value 0)
		Usr 0 00:08:14, Sys 0 00:00:01  -  Run Remote Usage
		Usr 0 00:00:00, Sys 0 00:00:00  -  Run Local Usage
		Usr 0 00:08:14, Sys 0 00:00:01  -  Total Remote Usage
		Usr 0 00:00:00, Sys 0 00:00:00  -  Total Local Usage
	0  -  Run Bytes Sent By Job
	0  -  Run Bytes Received By Job
	0  -  Total Bytes Sent By Job
	0  -  Total Bytes Received By Job
	Partitionable Resources :    Usage  Request Allocated
	   Cpus                 :                 1         1
	   Disk (KB)            :       15       15   1418714
	   Memory (MB)          :      685     8192      8192
	   Multinode            :                           1
...
