000 (119485.023.000) 11/23 16:27:45 Job submitted from host: <172.20.12.20:41606>
...
001 (119485.023.000) 11/23 16:27:48 Job executing on host: <172.20.15.81:41022?noUDP>
...
006 (119485.023.000) 11/23 16:27:56 Image size of job updated: 207716
	203  -  MemoryUsage of job (MB)
	207716  -  ResidentSetSize of job (KB)
...
006 (119485.023.000) 11/23 16:32:56 Image size of job updated: 713936
	698  -  MemoryUsage of job (MB)
	713936  -  ResidentSetSize of job (KB)
...
006 (119485.023.000) 11/23 16:37:56 Image size of job updated: 747312
	730  -  MemoryUsage of job (MB)
	747312  -  ResidentSetSize of job (KB)
...
006 (119485.023.000) 11/23 16:39:12 Image size of job updated: 1032324
	730  -  MemoryUsage of job (MB)
	747312  -  ResidentSetSize of job (KB)
...
005 (119485.023.000) 11/23 16:39:12 Job terminated.
	(1) Normal termination (return value 0)
		Usr 0 00:08:31, Sys 0 00:02:23  -  Run Remote Usage
		Usr 0 00:00:00, Sys 0 00:00:00  -  Run Local Usage
		Usr 0 00:08:31, Sys 0 00:02:23  -  Total Remote Usage
		Usr 0 00:00:00, Sys 0 00:00:00  -  Total Local Usage
	0  -  Run Bytes Sent By Job
	0  -  Run Bytes Received By Job
	0  -  Total Bytes Sent By Job
	0  -  Total Bytes Received By Job
	Partitionable Resources :    Usage  Request Allocated
	   Cpus                 :                 1         1
	   Disk (KB)            :       15       15   1688913
	   Memory (MB)          :      730     8192      8192
	   Multinode            :                           1
...
