000 (119485.010.000) 11/23 16:27:45 Job submitted from host: <172.20.12.20:41606>
...
001 (119485.010.000) 11/23 16:27:47 Job executing on host: <172.20.15.125:42920?noUDP>
...
006 (119485.010.000) 11/23 16:27:56 Image size of job updated: 203392
	197  -  MemoryUsage of job (MB)
	201540  -  ResidentSetSize of job (KB)
...
006 (119485.010.000) 11/23 16:32:56 Image size of job updated: 643704
	627  -  MemoryUsage of job (MB)
	641716  -  ResidentSetSize of job (KB)
...
006 (119485.010.000) 11/23 16:37:56 Image size of job updated: 788476
	769  -  MemoryUsage of job (MB)
	786488  -  ResidentSetSize of job (KB)
...
006 (119485.010.000) 11/23 16:52:57 Image size of job updated: 814944
	794  -  MemoryUsage of job (MB)
	812956  -  ResidentSetSize of job (KB)
...
005 (119485.010.000) 11/23 16:56:59 Job terminated.
	(1) Normal termination (return value 0)
		Usr 0 00:10:05, Sys 0 00:18:27  -  Run Remote Usage
		Usr 0 00:00:00, Sys 0 00:00:00  -  Run Local Usage
		Usr 0 00:10:05, Sys 0 00:18:27  -  Total Remote Usage
		Usr 0 00:00:00, Sys 0 00:00:00  -  Total Local Usage
	0  -  Run Bytes Sent By Job
	0  -  Run Bytes Received By Job
	0  -  Total Bytes Sent By Job
	0  -  Total Bytes Received By Job
	Partitionable Resources :    Usage  Request Allocated
	   Cpus                 :                 1         1
	   Disk (KB)            :       15       15   2191017
	   Memory (MB)          :      794     8192      8192
	   Multinode            :                           1
...
