000 (119485.038.000) 11/23 16:27:45 Job submitted from host: <172.20.12.20:41606>
...
001 (119485.038.000) 11/23 16:27:57 Job executing on host: <172.20.15.167:41241?noUDP>
...
006 (119485.038.000) 11/23 16:28:31 Image size of job updated: 286404
	279  -  MemoryUsage of job (MB)
	285528  -  ResidentSetSize of job (KB)
...
006 (119485.038.000) 11/23 16:33:32 Image size of job updated: 905888
	884  -  MemoryUsage of job (MB)
	904900  -  ResidentSetSize of job (KB)
...
006 (119485.038.000) 11/23 16:38:32 Image size of job updated: 1103216
	1077  -  MemoryUsage of job (MB)
	1102228  -  ResidentSetSize of job (KB)
...
006 (119485.038.000) 11/23 16:43:33 Image size of job updated: 1263768
	1234  -  MemoryUsage of job (MB)
	1262780  -  ResidentSetSize of job (KB)
...
006 (119485.038.000) 11/23 16:48:34 Image size of job updated: 1270968
	1241  -  MemoryUsage of job (MB)
	1269980  -  ResidentSetSize of job (KB)
...
006 (119485.038.000) 11/23 16:53:34 Image size of job updated: 1609432
	1571  -  MemoryUsage of job (MB)
	1608452  -  ResidentSetSize of job (KB)
...
006 (119485.038.000) 11/23 17:02:16 Image size of job updated: 1872984
	1571  -  MemoryUsage of job (MB)
	1608452  -  ResidentSetSize of job (KB)
...
005 (119485.038.000) 11/23 17:02:16 Job terminated.
	(1) Normal termination (return value 0)
		Usr 0 00:12:13, Sys 0 00:21:38  -  Run Remote Usage
		Usr 0 00:00:00, Sys 0 00:00:00  -  Run Local Usage
		Usr 0 00:12:13, Sys 0 00:21:38  -  Total Remote Usage
		Usr 0 00:00:00, Sys 0 00:00:00  -  Total Local Usage
	0  -  Run Bytes Sent By Job
	0  -  Run Bytes Received By Job
	0  -  Total Bytes Sent By Job
	0  -  Total Bytes Received By Job
	Partitionable Resources :    Usage  Request Allocated
	   Cpus                 :                 1         1
	   Disk (KB)            :       15       15   2216731
	   Memory (MB)          :     1571     8192      8192
	   Multinode            :                           1
...
