000 (119485.135.000) 11/23 16:27:46 Job submitted from host: <172.20.12.20:41606>
...
001 (119485.135.000) 11/23 16:28:09 Job executing on host: <172.20.15.148:47884?noUDP>
...
006 (119485.135.000) 11/23 16:28:18 Image size of job updated: 211932
	207  -  MemoryUsage of job (MB)
	211932  -  ResidentSetSize of job (KB)
...
006 (119485.135.000) 11/23 16:33:19 Image size of job updated: 714968
	699  -  MemoryUsage of job (MB)
	714968  -  ResidentSetSize of job (KB)
...
006 (119485.135.000) 11/23 16:38:19 Image size of job updated: 767244
	750  -  MemoryUsage of job (MB)
	767244  -  ResidentSetSize of job (KB)
...
006 (119485.135.000) 11/23 16:43:19 Image size of job updated: 870348
	850  -  MemoryUsage of job (MB)
	870348  -  ResidentSetSize of job (KB)
...
005 (119485.135.000) 11/23 16:53:08 Job terminated.
	(1) Normal termination (return value 0)
		Usr 0 00:08:05, Sys 0 00:16:34  -  Run Remote Usage
		Usr 0 00:00:00, Sys 0 00:00:00  -  Run Local Usage
		Usr 0 00:08:05, Sys 0 00:16:34  -  Total Remote Usage
		Usr 0 00:00:00, Sys 0 00:00:00  -  Total Local Usage
	0  -  Run Bytes Sent By Job
	0  -  Run Bytes Received By Job
	0  -  Total Bytes Sent By Job
	0  -  Total Bytes Received By Job
	Partitionable Resources :    Usage  Request Allocated
	   Cpus                 :                 1         1
	   Disk (KB)            :       15       15   2087216
	   Memory (MB)          :      850     8192      8192
	   Multinode            :                           1
...
