000 (119485.036.000) 11/23 16:27:45 Job submitted from host: <172.20.12.20:41606>
...
001 (119485.036.000) 11/23 16:27:48 Job executing on host: <172.20.15.208:44745?noUDP>
...
006 (119485.036.000) 11/23 16:27:56 Image size of job updated: 207588
	203  -  MemoryUsage of job (MB)
	207588  -  ResidentSetSize of job (KB)
...
006 (119485.036.000) 11/23 16:32:56 Image size of job updated: 1244204
	1216  -  MemoryUsage of job (MB)
	1244204  -  ResidentSetSize of job (KB)
...
006 (119485.036.000) 11/23 16:37:57 Image size of job updated: 1471244
	1437  -  MemoryUsage of job (MB)
	1471244  -  ResidentSetSize of job (KB)
...
006 (119485.036.000) 11/23 16:42:58 Image size of job updated: 1553136
	1517  -  MemoryUsage of job (MB)
	1553136  -  ResidentSetSize of job (KB)
...
006 (119485.036.000) 11/23 17:02:59 Image size of job updated: 2068764
	2021  -  MemoryUsage of job (MB)
	2068764  -  ResidentSetSize of job (KB)
...
006 (119485.036.000) 11/23 17:07:59 Image size of job updated: 2292236
	2239  -  MemoryUsage of job (MB)
	2292236  -  ResidentSetSize of job (KB)
...
006 (119485.036.000) 11/23 17:13:00 Image size of job updated: 2367396
	2312  -  MemoryUsage of job (MB)
	2367396  -  ResidentSetSize of job (KB)
...
006 (119485.036.000) 11/23 17:18:01 Image size of job updated: 2566544
	2507  -  MemoryUsage of job (MB)
	2566544  -  ResidentSetSize of job (KB)
...
006 (119485.036.000) 11/23 17:26:42 Image size of job updated: 2639800
	2507  -  MemoryUsage of job (MB)
	2566544  -  ResidentSetSize of job (KB)
...
005 (119485.036.000) 11/23 17:26:42 Job terminated.
	(1) Normal termination (return value 0)
		Usr 0 00:15:39, Sys 0 00:42:58  -  Run Remote Usage
		Usr 0 00:00:00, Sys 0 00:00:00  -  Run Local Usage
		Usr 0 00:15:39, Sys 0 00:42:58  -  Total Remote Usage
		Usr 0 00:00:00, Sys 0 00:00:00  -  Total Local Usage
	0  -  Run Bytes Sent By Job
	0  -  Run Bytes Received By Job
	0  -  Total Bytes Sent By Job
	0  -  Total Bytes Received By Job
	Partitionable Resources :    Usage  Request Allocated
	   Cpus                 :                 1         1
	   Disk (KB)            :       15       15   2215997
	   Memory (MB)          :     2507     8192      8192
	   Multinode            :                           1
...
