000 (119487.100.000) 11/23 16:28:02 Job submitted from host: <172.20.12.20:41606>
...
001 (119487.100.000) 11/23 16:28:44 Job executing on host: <172.20.15.168:48468?noUDP>
...
006 (119487.100.000) 11/23 16:28:53 Image size of job updated: 294060
	288  -  MemoryUsage of job (MB)
	294060  -  ResidentSetSize of job (KB)
...
006 (119487.100.000) 11/23 16:33:54 Image size of job updated: 678308
	663  -  MemoryUsage of job (MB)
	678308  -  ResidentSetSize of job (KB)
...
006 (119487.100.000) 11/23 16:38:54 Image size of job updated: 690416
	675  -  MemoryUsage of job (MB)
	690416  -  ResidentSetSize of job (KB)
...
006 (119487.100.000) 11/23 16:48:56 Image size of job updated: 790924
	773  -  MemoryUsage of job (MB)
	790924  -  ResidentSetSize of job (KB)
...
006 (119487.100.000) 11/23 16:53:56 Image size of job updated: 809060
	791  -  MemoryUsage of job (MB)
	809060  -  ResidentSetSize of job (KB)
...
006 (119487.100.000) 11/23 16:58:56 Image size of job updated: 857692
	838  -  MemoryUsage of job (MB)
	857692  -  ResidentSetSize of job (KB)
...
006 (119487.100.000) 11/23 17:09:11 Image size of job updated: 922584
	838  -  MemoryUsage of job (MB)
	857692  -  ResidentSetSize of job (KB)
...
005 (119487.100.000) 11/23 17:09:11 Job terminated.
	(1) Normal termination (return value 0)
		Usr 0 00:07:42, Sys 0 00:32:42  -  Run Remote Usage
		Usr 0 00:00:00, Sys 0 00:00:00  -  Run Local Usage
		Usr 0 00:07:42, Sys 0 00:32:42  -  Total Remote Usage
		Usr 0 00:00:00, Sys 0 00:00:00  -  Total Local Usage
	0  -  Run Bytes Sent By Job
	0  -  Run Bytes Received By Job
	0  -  Total Bytes Sent By Job
	0  -  Total Bytes Received By Job
	Partitionable Resources :    Usage  Request Allocated
	   Cpus                 :                 1         1
	   Disk (KB)            :       15       15   1871549
	   Memory (MB)          :      838     8192      8192
	   Multinode            :                           1
...
