000 (119487.101.000) 11/23 16:28:02 Job submitted from host: <172.20.12.20:41606>
...
001 (119487.101.000) 11/23 16:28:44 Job executing on host: <172.20.15.149:41971?noUDP>
...
006 (119487.101.000) 11/23 16:28:53 Image size of job updated: 319632
	313  -  MemoryUsage of job (MB)
	319632  -  ResidentSetSize of job (KB)
...
006 (119487.101.000) 11/23 16:33:54 Image size of job updated: 1047812
	1024  -  MemoryUsage of job (MB)
	1047812  -  ResidentSetSize of job (KB)
...
006 (119487.101.000) 11/23 16:38:54 Image size of job updated: 1144868
	1119  -  MemoryUsage of job (MB)
	1144868  -  ResidentSetSize of job (KB)
...
006 (119487.101.000) 11/23 16:43:55 Image size of job updated: 1689160
	1650  -  MemoryUsage of job (MB)
	1689160  -  ResidentSetSize of job (KB)
...
006 (119487.101.000) 11/23 16:48:56 Image size of job updated: 1727216
	1687  -  MemoryUsage of job (MB)
	1727216  -  ResidentSetSize of job (KB)
...
006 (119487.101.000) 11/23 16:53:56 Image size of job updated: 2111856
	2063  -  MemoryUsage of job (MB)
	2111856  -  ResidentSetSize of job (KB)
...
006 (119487.101.000) 11/23 16:58:56 Image size of job updated: 2383360
	2328  -  MemoryUsage of job (MB)
	2383360  -  ResidentSetSize of job (KB)
...
006 (119487.101.000) 11/23 17:08:57 Image size of job updated: 2423868
	2368  -  MemoryUsage of job (MB)
	2423868  -  ResidentSetSize of job (KB)
...
006 (119487.101.000) 11/23 17:13:57 Image size of job updated: 2644560
	2583  -  MemoryUsage of job (MB)
	2644560  -  ResidentSetSize of job (KB)
...
006 (119487.101.000) 11/23 17:18:58 Image size of job updated: 2766680
	2702  -  MemoryUsage of job (MB)
	2766680  -  ResidentSetSize of job (KB)
...
006 (119487.101.000) 11/23 17:28:59 Image size of job updated: 2891504
	2824  -  MemoryUsage of job (MB)
	2891504  -  ResidentSetSize of job (KB)
...
006 (119487.101.000) 11/23 17:34:00 Image size of job updated: 3363880
	3286  -  MemoryUsage of job (MB)
	3363880  -  ResidentSetSize of job (KB)
...
006 (119487.101.000) 11/23 17:54:03 Image size of job updated: 3514792
	3433  -  MemoryUsage of job (MB)
	3514792  -  ResidentSetSize of job (KB)
...
006 (119487.101.000) 11/23 18:09:04 Image size of job updated: 3821268
	3732  -  MemoryUsage of job (MB)
	3821268  -  ResidentSetSize of job (KB)
...
006 (119487.101.000) 11/23 18:34:06 Image size of job updated: 3848532
	3759  -  MemoryUsage of job (MB)
	3848532  -  ResidentSetSize of job (KB)
...
006 (119487.101.000) 11/23 18:43:50 Image size of job updated: 4496216
	3759  -  MemoryUsage of job (MB)
	3848532  -  ResidentSetSize of job (KB)
...
005 (119487.101.000) 11/23 18:43:50 Job terminated.
	(1) Normal termination (return value 0)
		Usr 0 00:21:50, Sys 0 01:53:07  -  Run Remote Usage
		Usr 0 00:00:00, Sys 0 00:00:00  -  Run Local Usage
		Usr 0 00:21:50, Sys 0 01:53:07  -  Total Remote Usage
		Usr 0 00:00:00, Sys 0 00:00:00  -  Total Local Usage
	0  -  Run Bytes Sent By Job
	0  -  Run Bytes Received By Job
	0  -  Total Bytes Sent By Job
	0  -  Total Bytes Received By Job
	Partitionable Resources :    Usage  Request Allocated
	   Cpus                 :                 1         1
	   Disk (KB)            :       15       15   2158697
	   Memory (MB)          :     3759     8192      8192
	   Multinode            :                           1
...
