000 (119487.096.000) 11/23 16:28:02 Job submitted from host: <172.20.12.20:41606>
...
001 (119487.096.000) 11/23 16:28:44 Job executing on host: <172.20.15.189:47154?noUDP>
...
006 (119487.096.000) 11/23 16:28:53 Image size of job updated: 257892
	252  -  MemoryUsage of job (MB)
	257892  -  ResidentSetSize of job (KB)
...
006 (119487.096.000) 11/23 16:33:54 Image size of job updated: 1769720
	1729  -  MemoryUsage of job (MB)
	1769720  -  ResidentSetSize of job (KB)
...
006 (119487.096.000) 11/23 16:38:54 Image size of job updated: 1816640
	1775  -  MemoryUsage of job (MB)
	1816640  -  ResidentSetSize of job (KB)
...
006 (119487.096.000) 11/23 16:43:54 Image size of job updated: 2649252
	2588  -  MemoryUsage of job (MB)
	2649252  -  ResidentSetSize of job (KB)
...
006 (119487.096.000) 11/23 16:48:55 Image size of job updated: 3043836
	2973  -  MemoryUsage of job (MB)
	3043836  -  ResidentSetSize of job (KB)
...
006 (119487.096.000) 11/23 16:52:52 Image size of job updated: 3476776
	2973  -  MemoryUsage of job (MB)
	3043836  -  ResidentSetSize of job (KB)
...
005 (119487.096.000) 11/23 16:52:52 Job terminated.
	(1) Normal termination (return value 0)
		Usr 0 00:23:15, Sys 0 00:00:47  -  Run Remote Usage
		Usr 0 00:00:00, Sys 0 00:00:00  -  Run Local Usage
		Usr 0 00:23:15, Sys 0 00:00:47  -  Total Remote Usage
		Usr 0 00:00:00, Sys 0 00:00:00  -  Total Local Usage
	0  -  Run Bytes Sent By Job
	0  -  Run Bytes Received By Job
	0  -  Total Bytes Sent By Job
	0  -  Total Bytes Received By Job
	Partitionable Resources :    Usage  Request Allocated
	   Cpus                 :                 1         1
	   Disk (KB)            :       15       15   2192468
	   Memory (MB)          :     2973     8192      8192
	   Multinode            :                           1
...
