000 (119485.019.000) 11/23 16:27:45 Job submitted from host: <172.20.12.20:41606>
...
001 (119485.019.000) 11/23 16:27:48 Job executing on host: <172.20.15.63:46351?noUDP>
...
006 (119485.019.000) 11/23 16:27:56 Image size of job updated: 202708
	197  -  MemoryUsage of job (MB)
	200904  -  ResidentSetSize of job (KB)
...
006 (119485.019.000) 11/23 16:32:56 Image size of job updated: 928632
	905  -  MemoryUsage of job (MB)
	926644  -  ResidentSetSize of job (KB)
...
006 (119485.019.000) 11/23 16:37:57 Image size of job updated: 1037372
	1012  -  MemoryUsage of job (MB)
	1035384  -  ResidentSetSize of job (KB)
...
006 (119485.019.000) 11/23 16:42:58 Image size of job updated: 1539508
	1502  -  MemoryUsage of job (MB)
	1537520  -  ResidentSetSize of job (KB)
...
006 (119485.019.000) 11/23 16:52:58 Image size of job updated: 1678436
	1638  -  MemoryUsage of job (MB)
	1676456  -  ResidentSetSize of job (KB)
...
006 (119485.019.000) 11/23 17:07:59 Image size of job updated: 1931000
	1884  -  MemoryUsage of job (MB)
	1929020  -  ResidentSetSize of job (KB)
...
006 (119485.019.000) 11/23 17:23:00 Image size of job updated: 2006428
	1958  -  MemoryUsage of job (MB)
	2004448  -  ResidentSetSize of job (KB)
...
006 (119485.019.000) 11/23 17:33:02 Image size of job updated: 2190800
	2138  -  MemoryUsage of job (MB)
	2188820  -  ResidentSetSize of job (KB)
...
005 (119485.019.000) 11/23 17:36:21 Job terminated.
	(1) Normal termination (return value 0)
		Usr 0 00:12:38, Sys 0 00:55:32  -  Run Remote Usage
		Usr 0 00:00:00, Sys 0 00:00:00  -  Run Local Usage
		Usr 0 00:12:38, Sys 0 00:55:32  -  Total Remote Usage
		Usr 0 00:00:00, Sys 0 00:00:00  -  Total Local Usage
	0  -  Run Bytes Sent By Job
	0  -  Run Bytes Received By Job
	0  -  Total Bytes Sent By Job
	0  -  Total Bytes Received By Job
	Partitionable Resources :    Usage  Request Allocated
	   Cpus                 :                 1         1
	   Disk (KB)            :       15       15   2052571
	   Memory (MB)          :     2138     8192      8192
	   Multinode            :                           1
...
