000 (119487.158.000) 11/23 16:28:02 Job submitted from host: <172.20.12.20:41606>
...
001 (119487.158.000) 11/23 16:28:45 Job executing on host: <172.20.15.182:41314?noUDP>
...
006 (119487.158.000) 11/23 16:28:53 Image size of job updated: 206716
	202  -  MemoryUsage of job (MB)
	206716  -  ResidentSetSize of job (KB)
...
006 (119487.158.000) 11/23 16:33:53 Image size of job updated: 1459868
	1426  -  MemoryUsage of job (MB)
	1459868  -  ResidentSetSize of job (KB)
...
006 (119487.158.000) 11/23 16:38:54 Image size of job updated: 1946172
	1901  -  MemoryUsage of job (MB)
	1946172  -  ResidentSetSize of job (KB)
...
006 (119487.158.000) 11/23 16:43:55 Image size of job updated: 2064232
	2016  -  MemoryUsage of job (MB)
	2064232  -  ResidentSetSize of job (KB)
...
006 (119487.158.000) 11/23 16:53:56 Image size of job updated: 2426832
	2370  -  MemoryUsage of job (MB)
	2426832  -  ResidentSetSize of job (KB)
...
006 (119487.158.000) 11/23 16:58:57 Image size of job updated: 2967752
	2899  -  MemoryUsage of job (MB)
	2967752  -  ResidentSetSize of job (KB)
...
006 (119487.158.000) 11/23 17:03:57 Image size of job updated: 3154984
	3082  -  MemoryUsage of job (MB)
	3154984  -  ResidentSetSize of job (KB)
...
006 (119487.158.000) 11/23 17:13:59 Image size of job updated: 3325928
	3248  -  MemoryUsage of job (MB)
	3325928  -  ResidentSetSize of job (KB)
...
006 (119487.158.000) 11/23 17:34:00 Image size of job updated: 3402624
	3323  -  MemoryUsage of job (MB)
	3402624  -  ResidentSetSize of job (KB)
...
006 (119487.158.000) 11/23 17:44:01 Image size of job updated: 3933928
	3842  -  MemoryUsage of job (MB)
	3933928  -  ResidentSetSize of job (KB)
...
006 (119487.158.000) 11/23 17:49:02 Image size of job updated: 4569420
	4463  -  MemoryUsage of job (MB)
	4569420  -  ResidentSetSize of job (KB)
...
005 (119487.158.000) 11/23 17:50:13 Job terminated.
	(1) Normal termination (return value 0)
		Usr 0 00:25:02, Sys 0 00:56:23  -  Run Remote Usage
		Usr 0 00:00:00, Sys 0 00:00:00  -  Run Local Usage
		Usr 0 00:25:02, Sys 0 00:56:23  -  Total Remote Usage
		Usr 0 00:00:00, Sys 0 00:00:00  -  Total Local Usage
	0  -  Run Bytes Sent By Job
	0  -  Run Bytes Received By Job
	0  -  Total Bytes Sent By Job
	0  -  Total Bytes Received By Job
	Partitionable Resources :    Usage  Request Allocated
	   Cpus                 :                 1         1
	   Disk (KB)            :       15       15   2210904
	   Memory (MB)          :     4463     8192      8192
	   Multinode            :                           1
...
