000 (119485.106.000) 11/23 16:27:46 Job submitted from host: <172.20.12.20:41606>
...
001 (119485.106.000) 11/23 16:27:48 Job executing on host: <172.20.15.196:49052?noUDP>
...
006 (119485.106.000) 11/23 16:27:57 Image size of job updated: 260592
	255  -  MemoryUsage of job (MB)
	260592  -  ResidentSetSize of job (KB)
...
006 (119485.106.000) 11/23 16:32:58 Image size of job updated: 1972980
	1927  -  MemoryUsage of job (MB)
	1972980  -  ResidentSetSize of job (KB)
...
006 (119485.106.000) 11/23 16:37:59 Image size of job updated: 2683012
	2621  -  MemoryUsage of job (MB)
	2683012  -  ResidentSetSize of job (KB)
...
006 (119485.106.000) 11/23 16:42:59 Image size of job updated: 3423524
	3344  -  MemoryUsage of job (MB)
	3423524  -  ResidentSetSize of job (KB)
...
006 (119485.106.000) 11/23 16:48:00 Image size of job updated: 3519712
	3438  -  MemoryUsage of job (MB)
	3519712  -  ResidentSetSize of job (KB)
...
006 (119485.106.000) 11/23 16:58:01 Image size of job updated: 3711864
	3625  -  MemoryUsage of job (MB)
	3711864  -  ResidentSetSize of job (KB)
...
006 (119485.106.000) 11/23 17:08:03 Image size of job updated: 3850872
	3761  -  MemoryUsage of job (MB)
	3850872  -  ResidentSetSize of job (KB)
...
006 (119485.106.000) 11/23 17:13:03 Image size of job updated: 4017768
	3924  -  MemoryUsage of job (MB)
	4017768  -  ResidentSetSize of job (KB)
...
006 (119485.106.000) 11/23 17:18:03 Image size of job updated: 4534456
	4429  -  MemoryUsage of job (MB)
	4534456  -  ResidentSetSize of job (KB)
...
005 (119485.106.000) 11/23 17:18:11 Job terminated.
	(1) Normal termination (return value 0)
		Usr 0 00:26:42, Sys 0 00:23:36  -  Run Remote Usage
		Usr 0 00:00:00, Sys 0 00:00:00  -  Run Local Usage
		Usr 0 00:26:42, Sys 0 00:23:36  -  Total Remote Usage
		Usr 0 00:00:00, Sys 0 00:00:00  -  Total Local Usage
	0  -  Run Bytes Sent By Job
	0  -  Run Bytes Received By Job
	0  -  Total Bytes Sent By Job
	0  -  Total Bytes Received By Job
	Partitionable Resources :    Usage  Request Allocated
	   Cpus                 :                 1         1
	   Disk (KB)            :       15       15   2192068
	   Memory (MB)          :     4429     8192      8192
	   Multinode            :                           1
...
