000 (119485.108.000) 11/23 16:27:46 Job submitted from host: <172.20.12.20:41606>
...
001 (119485.108.000) 11/23 16:27:48 Job executing on host: <172.20.15.66:41606?noUDP>
...
006 (119485.108.000) 11/23 16:27:57 Image size of job updated: 210676
	206  -  MemoryUsage of job (MB)
	210676  -  ResidentSetSize of job (KB)
...
006 (119485.108.000) 11/23 16:32:58 Image size of job updated: 979732
	957  -  MemoryUsage of job (MB)
	979732  -  ResidentSetSize of job (KB)
...
006 (119485.108.000) 11/23 16:37:59 Image size of job updated: 1141812
	1116  -  MemoryUsage of job (MB)
	1141812  -  ResidentSetSize of job (KB)
...
006 (119485.108.000) 11/23 16:53:01 Image size of job updated: 1300468
	1270  -  MemoryUsage of job (MB)
	1300468  -  ResidentSetSize of job (KB)
...
006 (119485.108.000) 11/23 17:03:02 Image size of job updated: 1469836
	1436  -  MemoryUsage of job (MB)
	1469836  -  ResidentSetSize of job (KB)
...
006 (119485.108.000) 11/23 17:08:03 Image size of job updated: 1720220
	1680  -  MemoryUsage of job (MB)
	1720220  -  ResidentSetSize of job (KB)
...
006 (119485.108.000) 11/23 17:28:04 Image size of job updated: 1828808
	1786  -  MemoryUsage of job (MB)
	1828808  -  ResidentSetSize of job (KB)
...
006 (119485.108.000) 11/23 17:38:05 Image size of job updated: 2000812
	1954  -  MemoryUsage of job (MB)
	2000812  -  ResidentSetSize of job (KB)
...
006 (119485.108.000) 11/23 17:53:06 Image size of job updated: 2061024
	2013  -  MemoryUsage of job (MB)
	2061024  -  ResidentSetSize of job (KB)
...
006 (119485.108.000) 11/23 17:58:07 Image size of job updated: 2119864
	2071  -  MemoryUsage of job (MB)
	2119864  -  ResidentSetSize of job (KB)
...
006 (119485.108.000) 11/23 18:08:08 Image size of job updated: 2310116
	2256  -  MemoryUsage of job (MB)
	2310116  -  ResidentSetSize of job (KB)
...
006 (119485.108.000) 11/23 18:18:09 Image size of job updated: 2422080
	2366  -  MemoryUsage of job (MB)
	2422080  -  ResidentSetSize of job (KB)
...
006 (119485.108.000) 11/23 18:48:12 Image size of job updated: 2513964
	2456  -  MemoryUsage of job (MB)
	2513964  -  ResidentSetSize of job (KB)
...
006 (119485.108.000) 11/23 18:57:55 Image size of job updated: 2946328
	2456  -  MemoryUsage of job (MB)
	2513964  -  ResidentSetSize of job (KB)
...
005 (119485.108.000) 11/23 18:57:55 Job terminated.
	(1) Normal termination (return value 0)
		Usr 0 00:16:48, Sys 0 02:11:30  -  Run Remote Usage
		Usr 0 00:00:00, Sys 0 00:00:00  -  Run Local Usage
		Usr 0 00:16:48, Sys 0 02:11:30  -  Total Remote Usage
		Usr 0 00:00:00, Sys 0 00:00:00  -  Total Local Usage
	0  -  Run Bytes Sent By Job
	0  -  Run Bytes Received By Job
	0  -  Total Bytes Sent By Job
	0  -  Total Bytes Received By Job
	Partitionable Resources :    Usage  Request Allocated
	   Cpus                 :                 1         1
	   Disk (KB)            :       15       15   1040894
	   Memory (MB)          :     2456     8192      8192
	   Multinode            :                           1
...
