000 (119487.123.000) 11/23 16:28:02 Job submitted from host: <172.20.12.20:41606>
...
001 (119487.123.000) 11/23 16:28:45 Job executing on host: <172.20.15.206:44672?noUDP>
...
006 (119487.123.000) 11/23 16:28:53 Image size of job updated: 210460
	206  -  MemoryUsage of job (MB)
	210460  -  ResidentSetSize of job (KB)
...
006 (119487.123.000) 11/23 16:33:53 Image size of job updated: 674712
	659  -  MemoryUsage of job (MB)
	674712  -  ResidentSetSize of job (KB)
...
006 (119487.123.000) 11/23 16:38:53 Image size of job updated: 835740
	817  -  MemoryUsage of job (MB)
	835740  -  ResidentSetSize of job (KB)
...
006 (119487.123.000) 11/23 16:43:54 Image size of job updated: 923364
	902  -  MemoryUsage of job (MB)
	923364  -  ResidentSetSize of job (KB)
...
006 (119487.123.000) 11/23 16:47:23 Image size of job updated: 1059776
	902  -  MemoryUsage of job (MB)
	923364  -  ResidentSetSize of job (KB)
...
005 (119487.123.000) 11/23 16:47:23 Job terminated.
	(1) Normal termination (return value 0)
		Usr 0 00:07:02, Sys 0 00:11:31  -  Run Remote Usage
		Usr 0 00:00:00, Sys 0 00:00:00  -  Run Local Usage
		Usr 0 00:07:02, Sys 0 00:11:31  -  Total Remote Usage
		Usr 0 00:00:00, Sys 0 00:00:00  -  Total Local Usage
	0  -  Run Bytes Sent By Job
	0  -  Run Bytes Received By Job
	0  -  Total Bytes Sent By Job
	0  -  Total Bytes Received By Job
	Partitionable Resources :    Usage  Request Allocated
	   Cpus                 :                 1         1
	   Disk (KB)            :       15       15   2191113
	   Memory (MB)          :      902     8192      8192
	   Multinode            :                           1
...
