000 (119487.011.000) 11/23 16:28:01 Job submitted from host: <172.20.12.20:41606>
...
001 (119487.011.000) 11/23 16:28:09 Job executing on host: <172.20.15.226:40876?noUDP>
...
006 (119487.011.000) 11/23 16:28:18 Image size of job updated: 211916
	207  -  MemoryUsage of job (MB)
	211916  -  ResidentSetSize of job (KB)
...
006 (119487.011.000) 11/23 16:33:18 Image size of job updated: 715012
	699  -  MemoryUsage of job (MB)
	715012  -  ResidentSetSize of job (KB)
...
006 (119487.011.000) 11/23 16:38:18 Image size of job updated: 847252
	828  -  MemoryUsage of job (MB)
	847252  -  ResidentSetSize of job (KB)
...
006 (119487.011.000) 11/23 16:48:20 Image size of job updated: 936688
	915  -  MemoryUsage of job (MB)
	936688  -  ResidentSetSize of job (KB)
...
005 (119487.011.000) 11/23 16:54:17 Job terminated.
	(1) Normal termination (return value 0)
		Usr 0 00:08:04, Sys 0 00:17:38  -  Run Remote Usage
		Usr 0 00:00:00, Sys 0 00:00:00  -  Run Local Usage
		Usr 0 00:08:04, Sys 0 00:17:38  -  Total Remote Usage
		Usr 0 00:00:00, Sys 0 00:00:00  -  Total Local Usage
	0  -  Run Bytes Sent By Job
	0  -  Run Bytes Received By Job
	0  -  Total Bytes Sent By Job
	0  -  Total Bytes Received By Job
	Partitionable Resources :    Usage  Request Allocated
	   Cpus                 :                 1         1
	   Disk (KB)            :       15       15   2260949
	   Memory (MB)          :      915     8192      8192
	   Multinode            :                           1
...
