000 (119485.160.000) 11/23 16:27:46 Job submitted from host: <172.20.12.20:41606>
...
001 (119485.160.000) 11/23 16:28:09 Job executing on host: <172.20.15.123:48541?noUDP>
...
006 (119485.160.000) 11/23 16:28:18 Image size of job updated: 211968
	207  -  MemoryUsage of job (MB)
	211968  -  ResidentSetSize of job (KB)
...
006 (119485.160.000) 11/23 16:33:19 Image size of job updated: 553704
	541  -  MemoryUsage of job (MB)
	553704  -  ResidentSetSize of job (KB)
...
006 (119485.160.000) 11/23 16:35:37 Image size of job updated: 795060
	541  -  MemoryUsage of job (MB)
	553704  -  ResidentSetSize of job (KB)
...
005 (119485.160.000) 11/23 16:35:37 Job terminated.
	(1) Normal termination (return value 0)
		Usr 0 00:06:57, Sys 0 00:00:01  -  Run Remote Usage
		Usr 0 00:00:00, Sys 0 00:00:00  -  Run Local Usage
		Usr 0 00:06:57, Sys 0 00:00:01  -  Total Remote Usage
		Usr 0 00:00:00, Sys 0 00:00:00  -  Total Local Usage
	0  -  Run Bytes Sent By Job
	0  -  Run Bytes Received By Job
	0  -  Total Bytes Sent By Job
	0  -  Total Bytes Received By Job
	Partitionable Resources :    Usage  Request Allocated
	   Cpus                 :                 1         1
	   Disk (KB)            :       15       15   2191820
	   Memory (MB)          :      541     8192      8192
	   Multinode            :                           1
...
