000 (119487.051.000) 11/23 16:28:01 Job submitted from host: <172.20.12.20:41606>
...
001 (119487.051.000) 11/23 16:28:10 Job executing on host: <172.20.15.219:41898?noUDP>
...
006 (119487.051.000) 11/23 16:28:18 Image size of job updated: 208900
	205  -  MemoryUsage of job (MB)
	208900  -  ResidentSetSize of job (KB)
...
006 (119487.051.000) 11/23 16:33:18 Image size of job updated: 840228
	821  -  MemoryUsage of job (MB)
	840228  -  ResidentSetSize of job (KB)
...
006 (119487.051.000) 11/23 16:38:19 Image size of job updated: 1071344
	1047  -  MemoryUsage of job (MB)
	1071344  -  ResidentSetSize of job (KB)
...
006 (119487.051.000) 11/23 16:48:20 Image size of job updated: 1288504
	1259  -  MemoryUsage of job (MB)
	1288504  -  ResidentSetSize of job (KB)
...
006 (119487.051.000) 11/23 16:53:20 Image size of job updated: 1298032
	1268  -  MemoryUsage of job (MB)
	1298032  -  ResidentSetSize of job (KB)
...
005 (119487.051.000) 11/23 17:04:59 Job terminated.
	(1) Normal termination (return value 0)
		Usr 0 00:09:45, Sys 0 00:26:58  -  Run Remote Usage
		Usr 0 00:00:00, Sys 0 00:00:00  -  Run Local Usage
		Usr 0 00:09:45, Sys 0 00:26:58  -  Total Remote Usage
		Usr 0 00:00:00, Sys 0 00:00:00  -  Total Local Usage
	0  -  Run Bytes Sent By Job
	0  -  Run Bytes Received By Job
	0  -  Total Bytes Sent By Job
	0  -  Total Bytes Received By Job
	Partitionable Resources :    Usage  Request Allocated
	   Cpus                 :                 1         1
	   Disk (KB)            :       15       15   2042674
	   Memory (MB)          :     1268     8192      8192
	   Multinode            :                           1
...
