000 (119487.058.000) 11/23 16:28:01 Job submitted from host: <172.20.12.20:41606>
...
001 (119487.058.000) 11/23 16:28:10 Job executing on host: <172.20.15.134:41825?noUDP>
...
006 (119487.058.000) 11/23 16:28:18 Image size of job updated: 208900
	205  -  MemoryUsage of job (MB)
	208900  -  ResidentSetSize of job (KB)
...
006 (119487.058.000) 11/23 16:33:18 Image size of job updated: 817176
	799  -  MemoryUsage of job (MB)
	817176  -  ResidentSetSize of job (KB)
...
006 (119487.058.000) 11/23 16:38:19 Image size of job updated: 1142560
	1116  -  MemoryUsage of job (MB)
	1142560  -  ResidentSetSize of job (KB)
...
006 (119487.058.000) 11/23 16:53:20 Image size of job updated: 1145160
	1119  -  MemoryUsage of job (MB)
	1145160  -  ResidentSetSize of job (KB)
...
006 (119487.058.000) 11/23 16:58:21 Image size of job updated: 1393920
	1362  -  MemoryUsage of job (MB)
	1393920  -  ResidentSetSize of job (KB)
...
005 (119487.058.000) 11/23 16:59:59 Job terminated.
	(1) Normal termination (return value 0)
		Usr 0 00:11:00, Sys 0 00:20:40  -  Run Remote Usage
		Usr 0 00:00:00, Sys 0 00:00:00  -  Run Local Usage
		Usr 0 00:11:00, Sys 0 00:20:40  -  Total Remote Usage
		Usr 0 00:00:00, Sys 0 00:00:00  -  Total Local Usage
	0  -  Run Bytes Sent By Job
	0  -  Run Bytes Received By Job
	0  -  Total Bytes Sent By Job
	0  -  Total Bytes Received By Job
	Partitionable Resources :    Usage  Request Allocated
	   Cpus                 :                 1         1
	   Disk (KB)            :       15       15   2184300
	   Memory (MB)          :     1362     8192      8192
	   Multinode            :                           1
...
