000 (119487.000.000) 11/23 16:28:01 Job submitted from host: <172.20.12.20:41606>
...
001 (119487.000.000) 11/23 16:28:09 Job executing on host: <172.20.15.210:42117?noUDP>
...
006 (119487.000.000) 11/23 16:28:18 Image size of job updated: 210096
	206  -  MemoryUsage of job (MB)
	210096  -  ResidentSetSize of job (KB)
...
006 (119487.000.000) 11/23 16:33:19 Image size of job updated: 583316
	570  -  MemoryUsage of job (MB)
	583316  -  ResidentSetSize of job (KB)
...
006 (119487.000.000) 11/23 16:38:19 Image size of job updated: 606328
	593  -  MemoryUsage of job (MB)
	606328  -  ResidentSetSize of job (KB)
...
006 (119487.000.000) 11/23 16:43:20 Image size of job updated: 673320
	658  -  MemoryUsage of job (MB)
	673320  -  ResidentSetSize of job (KB)
...
006 (119487.000.000) 11/23 16:43:55 Image size of job updated: 695556
	658  -  MemoryUsage of job (MB)
	673320  -  ResidentSetSize of job (KB)
...
005 (119487.000.000) 11/23 16:43:55 Job terminated.
	(1) Normal termination (return value 0)
		Usr 0 00:07:57, Sys 0 00:07:23  -  Run Remote Usage
		Usr 0 00:00:00, Sys 0 00:00:00  -  Run Local Usage
		Usr 0 00:07:57, Sys 0 00:07:23  -  Total Remote Usage
		Usr 0 00:00:00, Sys 0 00:00:00  -  Total Local Usage
	0  -  Run Bytes Sent By Job
	0  -  Run Bytes Received By Job
	0  -  Total Bytes Sent By Job
	0  -  Total Bytes Received By Job
	Partitionable Resources :    Usage  Request Allocated
	   Cpus                 :                 1         1
	   Disk (KB)            :       15       15   1372791
	   Memory (MB)          :      658     8192      8192
	   Multinode            :                           1
...
