000 (119485.039.000) 11/23 16:27:45 Job submitted from host: <172.20.12.20:41606>
...
001 (119485.039.000) 11/23 16:27:48 Job executing on host: <172.20.15.187:44599?noUDP>
...
006 (119485.039.000) 11/23 16:27:56 Image size of job updated: 206528
	202  -  MemoryUsage of job (MB)
	206528  -  ResidentSetSize of job (KB)
...
006 (119485.039.000) 11/23 16:32:56 Image size of job updated: 1441240
	1408  -  MemoryUsage of job (MB)
	1441240  -  ResidentSetSize of job (KB)
...
006 (119485.039.000) 11/23 16:37:57 Image size of job updated: 2066176
	2018  -  MemoryUsage of job (MB)
	2066176  -  ResidentSetSize of job (KB)
...
006 (119485.039.000) 11/23 16:42:58 Image size of job updated: 2697460
	2635  -  MemoryUsage of job (MB)
	2697460  -  ResidentSetSize of job (KB)
...
005 (119485.039.000) 11/23 16:45:29 Job terminated.
	(1) Normal termination (return value 0)
		Usr 0 00:16:28, Sys 0 00:00:27  -  Run Remote Usage
		Usr 0 00:00:00, Sys 0 00:00:00  -  Run Local Usage
		Usr 0 00:16:28, Sys 0 00:00:27  -  Total Remote Usage
		Usr 0 00:00:00, Sys 0 00:00:00  -  Total Local Usage
	0  -  Run Bytes Sent By Job
	0  -  Run Bytes Received By Job
	0  -  Total Bytes Sent By Job
	0  -  Total Bytes Received By Job
	Partitionable Resources :    Usage  Request Allocated
	   Cpus                 :                 1         1
	   Disk (KB)            :       15       15   2224944
	   Memory (MB)          :     2635     8192      8192
	   Multinode            :                           1
...
