000 (119485.086.000) 11/23 16:27:46 Job submitted from host: <172.20.12.20:41606>
...
001 (119485.086.000) 11/23 16:27:48 Job executing on host: <172.20.15.204:49782?noUDP>
...
006 (119485.086.000) 11/23 16:27:57 Image size of job updated: 204804
	201  -  MemoryUsage of job (MB)
	204804  -  ResidentSetSize of job (KB)
...
006 (119485.086.000) 11/23 16:32:58 Image size of job updated: 701088
	685  -  MemoryUsage of job (MB)
	701088  -  ResidentSetSize of job (KB)
...
006 (119485.086.000) 11/23 16:37:59 Image size of job updated: 906324
	886  -  MemoryUsage of job (MB)
	906324  -  ResidentSetSize of job (KB)
...
005 (119485.086.000) 11/23 16:38:24 Job terminated.
	(1) Normal termination (return value 0)
		Usr 0 00:07:41, Sys 0 00:02:09  -  Run Remote Usage
		Usr 0 00:00:00, Sys 0 00:00:00  -  Run Local Usage
		Usr 0 00:07:41, Sys 0 00:02:09  -  Total Remote Usage
		Usr 0 00:00:00, Sys 0 00:00:00  -  Total Local Usage
	0  -  Run Bytes Sent By Job
	0  -  Run Bytes Received By Job
	0  -  Total Bytes Sent By Job
	0  -  Total Bytes Received By Job
	Partitionable Resources :    Usage  Request Allocated
	   Cpus                 :                 1         1
	   Disk (KB)            :       15       15   2221394
	   Memory (MB)          :      886     8192      8192
	   Multinode            :                           1
...
