000 (119487.124.000) 11/23 16:28:02 Job submitted from host: <172.20.12.20:41606>
...
001 (119487.124.000) 11/23 16:28:45 Job executing on host: <172.20.15.180:49198?noUDP>
...
006 (119487.124.000) 11/23 16:28:53 Image size of job updated: 168320
	165  -  MemoryUsage of job (MB)
	168320  -  ResidentSetSize of job (KB)
...
006 (119487.124.000) 11/23 16:33:53 Image size of job updated: 964224
	942  -  MemoryUsage of job (MB)
	964224  -  ResidentSetSize of job (KB)
...
006 (119487.124.000) 11/23 16:38:53 Image size of job updated: 1186512
	1159  -  MemoryUsage of job (MB)
	1186512  -  ResidentSetSize of job (KB)
...
006 (119487.124.000) 11/23 16:43:54 Image size of job updated: 1340252
	1309  -  MemoryUsage of job (MB)
	1340252  -  ResidentSetSize of job (KB)
...
006 (119487.124.000) 11/23 16:53:54 Image size of job updated: 1357804
	1326  -  MemoryUsage of job (MB)
	1357804  -  ResidentSetSize of job (KB)
...
006 (119487.124.000) 11/23 16:58:55 Image size of job updated: 1442328
	1409  -  MemoryUsage of job (MB)
	1442328  -  ResidentSetSize of job (KB)
...
006 (119487.124.000) 11/23 17:08:56 Image size of job updated: 1478136
	1444  -  MemoryUsage of job (MB)
	1478136  -  ResidentSetSize of job (KB)
...
006 (119487.124.000) 11/23 17:18:58 Image size of job updated: 1868056
	1825  -  MemoryUsage of job (MB)
	1868056  -  ResidentSetSize of job (KB)
...
005 (119487.124.000) 11/23 17:20:29 Job terminated.
	(1) Normal termination (return value 0)
		Usr 0 00:13:35, Sys 0 00:38:06  -  Run Remote Usage
		Usr 0 00:00:00, Sys 0 00:00:00  -  Run Local Usage
		Usr 0 00:13:35, Sys 0 00:38:06  -  Total Remote Usage
		Usr 0 00:00:00, Sys 0 00:00:00  -  Total Local Usage
	0  -  Run Bytes Sent By Job
	0  -  Run Bytes Received By Job
	0  -  Total Bytes Sent By Job
	0  -  Total Bytes Received By Job
	Partitionable Resources :    Usage  Request Allocated
	   Cpus                 :                 1         1
	   Disk (KB)            :       15       15   2225483
	   Memory (MB)          :     1825     8192      8192
	   Multinode            :                           1
...
