000 (119485.060.000) 11/23 16:27:45 Job submitted from host: <172.20.12.20:41606>
...
001 (119485.060.000) 11/23 16:27:48 Job executing on host: <172.20.15.140:45913?noUDP>
...
006 (119485.060.000) 11/23 16:27:56 Image size of job updated: 207876
	204  -  MemoryUsage of job (MB)
	207876  -  ResidentSetSize of job (KB)
...
006 (119485.060.000) 11/23 16:32:56 Image size of job updated: 775372
	758  -  MemoryUsage of job (MB)
	775372  -  ResidentSetSize of job (KB)
...
006 (119485.060.000) 11/23 16:42:23 Image size of job updated: 784376
	758  -  MemoryUsage of job (MB)
	775372  -  ResidentSetSize of job (KB)
...
005 (119485.060.000) 11/23 16:42:23 Job terminated.
	(1) Normal termination (return value 0)
		Usr 0 00:07:14, Sys 0 00:06:59  -  Run Remote Usage
		Usr 0 00:00:00, Sys 0 00:00:00  -  Run Local Usage
		Usr 0 00:07:14, Sys 0 00:06:59  -  Total Remote Usage
		Usr 0 00:00:00, Sys 0 00:00:00  -  Total Local Usage
	0  -  Run Bytes Sent By Job
	0  -  Run Bytes Received By Job
	0  -  Total Bytes Sent By Job
	0  -  Total Bytes Received By Job
	Partitionable Resources :    Usage  Request Allocated
	   Cpus                 :                 1         1
	   Disk (KB)            :       15       15   2222523
	   Memory (MB)          :      758     8192      8192
	   Multinode            :                           1
...
