000 (119485.078.000) 11/23 16:27:46 Job submitted from host: <172.20.12.20:41606>
...
001 (119485.078.000) 11/23 16:27:51 Job executing on host: <172.20.15.166:42117?noUDP>
...
006 (119485.078.000) 11/23 16:27:59 Image size of job updated: 208904
	205  -  MemoryUsage of job (MB)
	208904  -  ResidentSetSize of job (KB)
...
006 (119485.078.000) 11/23 16:33:00 Image size of job updated: 867884
	848  -  MemoryUsage of job (MB)
	867884  -  ResidentSetSize of job (KB)
...
006 (119485.078.000) 11/23 16:46:52 Image size of job updated: 1171752
	848  -  MemoryUsage of job (MB)
	867884  -  ResidentSetSize of job (KB)
...
005 (119485.078.000) 11/23 16:46:52 Job terminated.
	(1) Normal termination (return value 0)
		Usr 0 00:09:32, Sys 0 00:09:22  -  Run Remote Usage
		Usr 0 00:00:00, Sys 0 00:00:00  -  Run Local Usage
		Usr 0 00:09:32, Sys 0 00:09:22  -  Total Remote Usage
		Usr 0 00:00:00, Sys 0 00:00:00  -  Total Local Usage
	0  -  Run Bytes Sent By Job
	0  -  Run Bytes Received By Job
	0  -  Total Bytes Sent By Job
	0  -  Total Bytes Received By Job
	Partitionable Resources :    Usage  Request Allocated
	   Cpus                 :                 1         1
	   Disk (KB)            :       15       15   2223298
	   Memory (MB)          :      848     8192      8192
	   Multinode            :                           1
...
