000 (119485.098.000) 11/23 16:27:46 Job submitted from host: <172.20.12.20:41606>
...
001 (119485.098.000) 11/23 16:27:48 Job executing on host: <172.20.15.77:46643?noUDP>
...
006 (119485.098.000) 11/23 16:27:57 Image size of job updated: 210736
	206  -  MemoryUsage of job (MB)
	210736  -  ResidentSetSize of job (KB)
...
006 (119485.098.000) 11/23 16:32:58 Image size of job updated: 785236
	767  -  MemoryUsage of job (MB)
	785236  -  ResidentSetSize of job (KB)
...
006 (119485.098.000) 11/23 16:37:59 Image size of job updated: 899264
	879  -  MemoryUsage of job (MB)
	899264  -  ResidentSetSize of job (KB)
...
005 (119485.098.000) 11/23 16:38:57 Job terminated.
	(1) Normal termination (return value 0)
		Usr 0 00:07:46, Sys 0 00:02:57  -  Run Remote Usage
		Usr 0 00:00:00, Sys 0 00:00:00  -  Run Local Usage
		Usr 0 00:07:46, Sys 0 00:02:57  -  Total Remote Usage
		Usr 0 00:00:00, Sys 0 00:00:00  -  Total Local Usage
	0  -  Run Bytes Sent By Job
	0  -  Run Bytes Received By Job
	0  -  Total Bytes Sent By Job
	0  -  Total Bytes Received By Job
	Partitionable Resources :    Usage  Request Allocated
	   Cpus                 :                 1         1
	   Disk (KB)            :       15       15   2220982
	   Memory (MB)          :      879     8192      8192
	   Multinode            :                           1
...
