000 (119485.154.000) 11/23 16:27:46 Job submitted from host: <172.20.12.20:41606>
...
001 (119485.154.000) 11/23 16:28:09 Job executing on host: <172.20.15.121:42920?noUDP>
...
006 (119485.154.000) 11/23 16:28:18 Image size of job updated: 210960
	207  -  MemoryUsage of job (MB)
	210960  -  ResidentSetSize of job (KB)
...
006 (119485.154.000) 11/23 16:33:19 Image size of job updated: 579864
	567  -  MemoryUsage of job (MB)
	579864  -  ResidentSetSize of job (KB)
...
006 (119485.154.000) 11/23 16:37:00 Image size of job updated: 588616
	567  -  MemoryUsage of job (MB)
	579864  -  ResidentSetSize of job (KB)
...
005 (119485.154.000) 11/23 16:37:00 Job terminated.
	(1) Normal termination (return value 0)
		Usr 0 00:08:22, Sys 0 00:00:01  -  Run Remote Usage
		Usr 0 00:00:00, Sys 0 00:00:00  -  Run Local Usage
		Usr 0 00:08:22, Sys 0 00:00:01  -  Total Remote Usage
		Usr 0 00:00:00, Sys 0 00:00:00  -  Total Local Usage
	0  -  Run Bytes Sent By Job
	0  -  Run Bytes Received By Job
	0  -  Total Bytes Sent By Job
	0  -  Total Bytes Received By Job
	Partitionable Resources :    Usage  Request Allocated
	   Cpus                 :                 1         1
	   Disk (KB)            :       15       15   2218777
	   Memory (MB)          :      567     8192      8192
	   Multinode            :                           1
...
