000 (119487.015.000) 11/23 16:28:01 Job submitted from host: <172.20.12.20:41606>
...
001 (119487.015.000) 11/23 16:28:10 Job executing on host: <172.20.15.56:43650?noUDP>
...
006 (119487.015.000) 11/23 16:28:18 Image size of job updated: 210340
	206  -  MemoryUsage of job (MB)
	210340  -  ResidentSetSize of job (KB)
...
006 (119487.015.000) 11/23 16:33:18 Image size of job updated: 662396
	647  -  MemoryUsage of job (MB)
	662396  -  ResidentSetSize of job (KB)
...
006 (119487.015.000) 11/23 16:38:18 Image size of job updated: 691384
	676  -  MemoryUsage of job (MB)
	691384  -  ResidentSetSize of job (KB)
...
006 (119487.015.000) 11/23 16:43:19 Image size of job updated: 831412
	812  -  MemoryUsage of job (MB)
	831412  -  ResidentSetSize of job (KB)
...
006 (119487.015.000) 11/23 16:58:20 Image size of job updated: 841120
	822  -  MemoryUsage of job (MB)
	841120  -  ResidentSetSize of job (KB)
...
006 (119487.015.000) 11/23 17:03:21 Image size of job updated: 902096
	881  -  MemoryUsage of job (MB)
	902096  -  ResidentSetSize of job (KB)
...
006 (119487.015.000) 11/23 17:08:21 Image size of job updated: 999928
	977  -  MemoryUsage of job (MB)
	999928  -  ResidentSetSize of job (KB)
...
005 (119487.015.000) 11/23 17:18:43 Job terminated.
	(1) Normal termination (return value 0)
		Usr 0 00:08:20, Sys 0 00:41:45  -  Run Remote Usage
		Usr 0 00:00:00, Sys 0 00:00:00  -  Run Local Usage
		Usr 0 00:08:20, Sys 0 00:41:45  -  Total Remote Usage
		Usr 0 00:00:00, Sys 0 00:00:00  -  Total Local Usage
	0  -  Run Bytes Sent By Job
	0  -  Run Bytes Received By Job
	0  -  Total Bytes Sent By Job
	0  -  Total Bytes Received By Job
	Partitionable Resources :    Usage  Request Allocated
	   Cpus                 :                 1         1
	   Disk (KB)            :       15       15   2184866
	   Memory (MB)          :      977     8192      8192
	   Multinode            :                           1
...
