000 (119485.079.000) 11/23 16:27:46 Job submitted from host: <172.20.12.20:41606>
...
001 (119485.079.000) 11/23 16:27:48 Job executing on host: <172.20.15.85:41022?noUDP>
...
006 (119485.079.000) 11/23 16:27:57 Image size of job updated: 183948
	180  -  MemoryUsage of job (MB)
	183948  -  ResidentSetSize of job (KB)
...
006 (119485.079.000) 11/23 16:32:58 Image size of job updated: 932040
	911  -  MemoryUsage of job (MB)
	932024  -  ResidentSetSize of job (KB)
...
006 (119485.079.000) 11/23 16:37:59 Image size of job updated: 1042704
	1019  -  MemoryUsage of job (MB)
	1042688  -  ResidentSetSize of job (KB)
...
006 (119485.079.000) 11/23 16:42:59 Image size of job updated: 1205016
	1177  -  MemoryUsage of job (MB)
	1205000  -  ResidentSetSize of job (KB)
...
006 (119485.079.000) 11/23 16:47:59 Image size of job updated: 1321592
	1291  -  MemoryUsage of job (MB)
	1321576  -  ResidentSetSize of job (KB)
...
005 (119485.079.000) 11/23 16:48:51 Job terminated.
	(1) Normal termination (return value 0)
		Usr 0 00:09:17, Sys 0 00:11:03  -  Run Remote Usage
		Usr 0 00:00:00, Sys 0 00:00:00  -  Run Local Usage
		Usr 0 00:09:17, Sys 0 00:11:03  -  Total Remote Usage
		Usr 0 00:00:00, Sys 0 00:00:00  -  Total Local Usage
	0  -  Run Bytes Sent By Job
	0  -  Run Bytes Received By Job
	0  -  Total Bytes Sent By Job
	0  -  Total Bytes Received By Job
	Partitionable Resources :    Usage  Request Allocated
	   Cpus                 :                 1         1
	   Disk (KB)            :       15       15   2100830
	   Memory (MB)          :     1291     8192      8192
	   Multinode            :                           1
...
