000 (119487.067.000) 11/23 16:28:01 Job submitted from host: <172.20.12.20:41606>
...
001 (119487.067.000) 11/23 16:28:10 Job executing on host: <172.20.15.135:49125?noUDP>
...
006 (119487.067.000) 11/23 16:28:18 Image size of job updated: 208904
	205  -  MemoryUsage of job (MB)
	208904  -  ResidentSetSize of job (KB)
...
006 (119487.067.000) 11/23 16:33:18 Image size of job updated: 1212252
	1184  -  MemoryUsage of job (MB)
	1212252  -  ResidentSetSize of job (KB)
...
006 (119487.067.000) 11/23 16:38:19 Image size of job updated: 1487692
	1453  -  MemoryUsage of job (MB)
	1487692  -  ResidentSetSize of job (KB)
...
006 (119487.067.000) 11/23 16:53:20 Image size of job updated: 2071208
	2023  -  MemoryUsage of job (MB)
	2071208  -  ResidentSetSize of job (KB)
...
006 (119487.067.000) 11/23 17:13:22 Image size of job updated: 2227592
	2176  -  MemoryUsage of job (MB)
	2227592  -  ResidentSetSize of job (KB)
...
005 (119487.067.000) 11/23 17:14:46 Job terminated.
	(1) Normal termination (return value 0)
		Usr 0 00:15:06, Sys 0 00:31:11  -  Run Remote Usage
		Usr 0 00:00:00, Sys 0 00:00:00  -  Run Local Usage
		Usr 0 00:15:06, Sys 0 00:31:11  -  Total Remote Usage
		Usr 0 00:00:00, Sys 0 00:00:00  -  Total Local Usage
	0  -  Run Bytes Sent By Job
	0  -  Run Bytes Received By Job
	0  -  Total Bytes Sent By Job
	0  -  Total Bytes Received By Job
	Partitionable Resources :    Usage  Request Allocated
	   Cpus                 :                 1         1
	   Disk (KB)            :       15       15   2213785
	   Memory (MB)          :     2176     8192      8192
	   Multinode            :                           1
...
