000 (119487.010.000) 11/23 16:28:01 Job submitted from host: <172.20.12.20:41606>
...
001 (119487.010.000) 11/23 16:28:09 Job executing on host: <172.20.15.136:46497?noUDP>
...
006 (119487.010.000) 11/23 16:28:18 Image size of job updated: 210852
	206  -  MemoryUsage of job (MB)
	210852  -  ResidentSetSize of job (KB)
...
006 (119487.010.000) 11/23 16:33:18 Image size of job updated: 777016
	759  -  MemoryUsage of job (MB)
	777016  -  ResidentSetSize of job (KB)
...
006 (119487.010.000) 11/23 16:38:18 Image size of job updated: 986560
	964  -  MemoryUsage of job (MB)
	986560  -  ResidentSetSize of job (KB)
...
006 (119487.010.000) 11/23 16:38:25 Image size of job updated: 993260
	964  -  MemoryUsage of job (MB)
	986560  -  ResidentSetSize of job (KB)
...
005 (119487.010.000) 11/23 16:38:25 Job terminated.
	(1) Normal termination (return value 0)
		Usr 0 00:10:08, Sys 0 00:00:03  -  Run Remote Usage
		Usr 0 00:00:00, Sys 0 00:00:00  -  Run Local Usage
		Usr 0 00:10:08, Sys 0 00:00:03  -  Total Remote Usage
		Usr 0 00:00:00, Sys 0 00:00:00  -  Total Local Usage
	0  -  Run Bytes Sent By Job
	0  -  Run Bytes Received By Job
	0  -  Total Bytes Sent By Job
	0  -  Total Bytes Received By Job
	Partitionable Resources :    Usage  Request Allocated
	   Cpus                 :                 1         1
	   Disk (KB)            :       15       15   2205183
	   Memory (MB)          :      964     8192      8192
	   Multinode            :                           1
...
