000 (119487.152.000) 11/23 16:28:02 Job submitted from host: <172.20.12.20:41606>
...
001 (119487.152.000) 11/23 16:28:45 Job executing on host: <172.20.15.225:42993?noUDP>
...
006 (119487.152.000) 11/23 16:28:53 Image size of job updated: 206576
	202  -  MemoryUsage of job (MB)
	206576  -  ResidentSetSize of job (KB)
...
006 (119487.152.000) 11/23 16:33:53 Image size of job updated: 1079892
	1055  -  MemoryUsage of job (MB)
	1079892  -  ResidentSetSize of job (KB)
...
006 (119487.152.000) 11/23 16:38:54 Image size of job updated: 1225932
	1198  -  MemoryUsage of job (MB)
	1225932  -  ResidentSetSize of job (KB)
...
006 (119487.152.000) 11/23 16:43:54 Image size of job updated: 1238936
	1210  -  MemoryUsage of job (MB)
	1238936  -  ResidentSetSize of job (KB)
...
006 (119487.152.000) 11/23 16:48:54 Image size of job updated: 1331904
	1301  -  MemoryUsage of job (MB)
	1331904  -  ResidentSetSize of job (KB)
...
006 (119487.152.000) 11/23 17:08:57 Image size of job updated: 1761656
	1721  -  MemoryUsage of job (MB)
	1761656  -  ResidentSetSize of job (KB)
...
006 (119487.152.000) 11/23 17:33:09 Image size of job updated: 1882756
	1721  -  MemoryUsage of job (MB)
	1761656  -  ResidentSetSize of job (KB)
...
005 (119487.152.000) 11/23 17:33:09 Job terminated.
	(1) Normal termination (return value 0)
		Usr 0 00:14:55, Sys 0 00:49:25  -  Run Remote Usage
		Usr 0 00:00:00, Sys 0 00:00:00  -  Run Local Usage
		Usr 0 00:14:55, Sys 0 00:49:25  -  Total Remote Usage
		Usr 0 00:00:00, Sys 0 00:00:00  -  Total Local Usage
	0  -  Run Bytes Sent By Job
	0  -  Run Bytes Received By Job
	0  -  Total Bytes Sent By Job
	0  -  Total Bytes Received By Job
	Partitionable Resources :    Usage  Request Allocated
	   Cpus                 :                 1         1
	   Disk (KB)            :       15       15   2217132
	   Memory (MB)          :     1721     8192      8192
	   Multinode            :                           1
...
