000 (119485.122.000) 11/23 16:27:46 Job submitted from host: <172.20.12.20:41606>
...
001 (119485.122.000) 11/23 16:27:50 Job executing on host: <172.20.15.59:45256?noUDP>
...
006 (119485.122.000) 11/23 16:27:59 Image size of job updated: 206876
	203  -  MemoryUsage of job (MB)
	206876  -  ResidentSetSize of job (KB)
...
006 (119485.122.000) 11/23 16:32:59 Image size of job updated: 1191368
	1164  -  MemoryUsage of job (MB)
	1191368  -  ResidentSetSize of job (KB)
...
006 (119485.122.000) 11/23 16:37:59 Image size of job updated: 1346148
	1315  -  MemoryUsage of job (MB)
	1346148  -  ResidentSetSize of job (KB)
...
006 (119485.122.000) 11/23 16:43:00 Image size of job updated: 1444560
	1411  -  MemoryUsage of job (MB)
	1444560  -  ResidentSetSize of job (KB)
...
006 (119485.122.000) 11/23 16:48:01 Image size of job updated: 1954384
	1909  -  MemoryUsage of job (MB)
	1954384  -  ResidentSetSize of job (KB)
...
006 (119485.122.000) 11/23 16:58:02 Image size of job updated: 2222908
	2171  -  MemoryUsage of job (MB)
	2222908  -  ResidentSetSize of job (KB)
...
006 (119485.122.000) 11/23 17:13:03 Image size of job updated: 2656908
	2595  -  MemoryUsage of job (MB)
	2656908  -  ResidentSetSize of job (KB)
...
006 (119485.122.000) 11/23 17:33:05 Image size of job updated: 2795384
	2730  -  MemoryUsage of job (MB)
	2795384  -  ResidentSetSize of job (KB)
...
006 (119485.122.000) 11/23 17:38:05 Image size of job updated: 2885328
	2818  -  MemoryUsage of job (MB)
	2885328  -  ResidentSetSize of job (KB)
...
006 (119485.122.000) 11/23 17:43:06 Image size of job updated: 3031412
	2961  -  MemoryUsage of job (MB)
	3031412  -  ResidentSetSize of job (KB)
...
006 (119485.122.000) 11/23 17:48:07 Image size of job updated: 3323060
	3246  -  MemoryUsage of job (MB)
	3323060  -  ResidentSetSize of job (KB)
...
006 (119485.122.000) 11/23 18:03:08 Image size of job updated: 3679748
	3594  -  MemoryUsage of job (MB)
	3679748  -  ResidentSetSize of job (KB)
...
006 (119485.122.000) 11/23 18:08:09 Image size of job updated: 3918532
	3827  -  MemoryUsage of job (MB)
	3918532  -  ResidentSetSize of job (KB)
...
006 (119485.122.000) 11/23 18:18:10 Image size of job updated: 4216260
	4118  -  MemoryUsage of job (MB)
	4216260  -  ResidentSetSize of job (KB)
...
006 (119485.122.000) 11/23 19:13:16 Image size of job updated: 4286612
	4187  -  MemoryUsage of job (MB)
	4286612  -  ResidentSetSize of job (KB)
...
006 (119485.122.000) 11/23 19:23:17 Image size of job updated: 4830636
	4718  -  MemoryUsage of job (MB)
	4830636  -  ResidentSetSize of job (KB)
...
006 (119485.122.000) 11/23 19:28:17 Image size of job updated: 5025632
	4908  -  MemoryUsage of job (MB)
	5025632  -  ResidentSetSize of job (KB)
...
006 (119485.122.000) 11/23 20:03:21 Image size of job updated: 5372388
	5247  -  MemoryUsage of job (MB)
	5372388  -  ResidentSetSize of job (KB)
...
006 (119485.122.000) 11/23 20:18:22 Image size of job updated: 5735664
	5602  -  MemoryUsage of job (MB)
	5735664  -  ResidentSetSize of job (KB)
...
006 (119485.122.000) 11/23 20:38:24 Image size of job updated: 6314244
	6167  -  MemoryUsage of job (MB)
	6314244  -  ResidentSetSize of job (KB)
...
006 (119485.122.000) 11/23 20:48:25 Image size of job updated: 6620392
	6466  -  MemoryUsage of job (MB)
	6620392  -  ResidentSetSize of job (KB)
...
006 (119485.122.000) 11/23 21:02:50 Image size of job updated: 6721404
	6466  -  MemoryUsage of job (MB)
	6620392  -  ResidentSetSize of job (KB)
...
005 (119485.122.000) 11/23 21:02:50 Job terminated.
	(1) Normal termination (return value 0)
		Usr 0 00:37:16, Sys 0 03:56:37  -  Run Remote Usage
		Usr 0 00:00:00, Sys 0 00:00:00  -  Run Local Usage
		Usr 0 00:37:16, Sys 0 03:56:37  -  Total Remote Usage
		Usr 0 00:00:00, Sys 0 00:00:00  -  Total Local Usage
	0  -  Run Bytes Sent By Job
	0  -  Run Bytes Received By Job
	0  -  Total Bytes Sent By Job
	0  -  Total Bytes Received By Job
	Partitionable Resources :    Usage  Request Allocated
	   Cpus                 :                 1         8
	   Disk (KB)            :       15       15   2215951
	   Memory (MB)          :     6466     8192     30720
	   Multinode            :                           0
...
