000 (119485.165.000) 11/23 16:27:46 Job submitted from host: <172.20.12.20:41606>
...
001 (119485.165.000) 11/23 16:28:09 Job executing on host: <172.20.15.141:42190?noUDP>
...
006 (119485.165.000) 11/23 16:28:18 Image size of job updated: 210204
	206  -  MemoryUsage of job (MB)
	210204  -  ResidentSetSize of job (KB)
...
006 (119485.165.000) 11/23 16:33:19 Image size of job updated: 640496
	626  -  MemoryUsage of job (MB)
	640496  -  ResidentSetSize of job (KB)
...
006 (119485.165.000) 11/23 16:38:19 Image size of job updated: 668084
	653  -  MemoryUsage of job (MB)
	668084  -  ResidentSetSize of job (KB)
...
006 (119485.165.000) 11/23 16:42:22 Image size of job updated: 841448
	653  -  MemoryUsage of job (MB)
	668084  -  ResidentSetSize of job (KB)
...
005 (119485.165.000) 11/23 16:42:22 Job terminated.
	(1) Normal termination (return value 0)
		Usr 0 00:10:04, Sys 0 00:03:39  -  Run Remote Usage
		Usr 0 00:00:00, Sys 0 00:00:00  -  Run Local Usage
		Usr 0 00:10:04, Sys 0 00:03:39  -  Total Remote Usage
		Usr 0 00:00:00, Sys 0 00:00:00  -  Total Local Usage
	0  -  Run Bytes Sent By Job
	0  -  Run Bytes Received By Job
	0  -  Total Bytes Sent By Job
	0  -  Total Bytes Received By Job
	Partitionable Resources :    Usage  Request Allocated
	   Cpus                 :                 1         1
	   Disk (KB)            :       15       15   2222513
	   Memory (MB)          :      653     8192      8192
	   Multinode            :                           1
...
