000 (119487.004.000) 11/23 16:28:01 Job submitted from host: <172.20.12.20:41606>
...
001 (119487.004.000) 11/23 16:28:09 Job executing on host: <172.20.15.214:40511?noUDP>
...
006 (119487.004.000) 11/23 16:28:18 Image size of job updated: 278228
	272  -  MemoryUsage of job (MB)
	278228  -  ResidentSetSize of job (KB)
...
006 (119487.004.000) 11/23 16:33:18 Image size of job updated: 595448
	582  -  MemoryUsage of job (MB)
	595448  -  ResidentSetSize of job (KB)
...
006 (119487.004.000) 11/23 16:38:18 Image size of job updated: 646956
	632  -  MemoryUsage of job (MB)
	646956  -  ResidentSetSize of job (KB)
...
006 (119487.004.000) 11/23 16:43:19 Image size of job updated: 760728
	743  -  MemoryUsage of job (MB)
	760728  -  ResidentSetSize of job (KB)
...
005 (119487.004.000) 11/23 16:43:21 Job terminated.
	(1) Normal termination (return value 0)
		Usr 0 00:05:58, Sys 0 00:09:11  -  Run Remote Usage
		Usr 0 00:00:00, Sys 0 00:00:00  -  Run Local Usage
		Usr 0 00:05:58, Sys 0 00:09:11  -  Total Remote Usage
		Usr 0 00:00:00, Sys 0 00:00:00  -  Total Local Usage
	0  -  Run Bytes Sent By Job
	0  -  Run Bytes Received By Job
	0  -  Total Bytes Sent By Job
	0  -  Total Bytes Received By Job
	Partitionable Resources :    Usage  Request Allocated
	   Cpus                 :                 1         1
	   Disk (KB)            :       15       15    909774
	   Memory (MB)          :      743     8192      8192
	   Multinode            :                           1
...
