000 (119485.044.000) 11/23 16:27:45 Job submitted from host: <172.20.12.20:41606>
...
001 (119485.044.000) 11/23 16:27:48 Job executing on host: <172.20.15.226:40876?noUDP>
...
006 (119485.044.000) 11/23 16:27:56 Image size of job updated: 209520
	205  -  MemoryUsage of job (MB)
	209520  -  ResidentSetSize of job (KB)
...
006 (119485.044.000) 11/23 16:32:56 Image size of job updated: 926852
	906  -  MemoryUsage of job (MB)
	926852  -  ResidentSetSize of job (KB)
...
006 (119485.044.000) 11/23 16:42:58 Image size of job updated: 1356676
	1325  -  MemoryUsage of job (MB)
	1356676  -  ResidentSetSize of job (KB)
...
006 (119485.044.000) 11/23 17:03:00 Image size of job updated: 1575536
	1539  -  MemoryUsage of job (MB)
	1575536  -  ResidentSetSize of job (KB)
...
006 (119485.044.000) 11/23 17:13:01 Image size of job updated: 1756348
	1716  -  MemoryUsage of job (MB)
	1756348  -  ResidentSetSize of job (KB)
...
006 (119485.044.000) 11/23 17:18:01 Image size of job updated: 1919048
	1875  -  MemoryUsage of job (MB)
	1919048  -  ResidentSetSize of job (KB)
...
005 (119485.044.000) 11/23 17:25:46 Job terminated.
	(1) Normal termination (return value 0)
		Usr 0 00:13:00, Sys 0 00:43:30  -  Run Remote Usage
		Usr 0 00:00:00, Sys 0 00:00:00  -  Run Local Usage
		Usr 0 00:13:00, Sys 0 00:43:30  -  Total Remote Usage
		Usr 0 00:00:00, Sys 0 00:00:00  -  Total Local Usage
	0  -  Run Bytes Sent By Job
	0  -  Run Bytes Received By Job
	0  -  Total Bytes Sent By Job
	0  -  Total Bytes Received By Job
	Partitionable Resources :    Usage  Request Allocated
	   Cpus                 :                 1         1
	   Disk (KB)            :       15       15   2261001
	   Memory (MB)          :     1875     8192      8192
	   Multinode            :                           1
...
