000 (119485.164.000) 11/23 16:27:46 Job submitted from host: <172.20.12.20:41606>
...
001 (119485.164.000) 11/23 16:28:09 Job executing on host: <172.20.15.190:41168?noUDP>
...
006 (119485.164.000) 11/23 16:28:19 Image size of job updated: 210708
	206  -  MemoryUsage of job (MB)
	210708  -  ResidentSetSize of job (KB)
...
006 (119485.164.000) 11/23 16:33:19 Image size of job updated: 717980
	702  -  MemoryUsage of job (MB)
	717980  -  ResidentSetSize of job (KB)
...
006 (119485.164.000) 11/23 16:36:02 Image size of job updated: 763140
	702  -  MemoryUsage of job (MB)
	717980  -  ResidentSetSize of job (KB)
...
005 (119485.164.000) 11/23 16:36:02 Job terminated.
	(1) Normal termination (return value 0)
		Usr 0 00:07:45, Sys 0 00:00:03  -  Run Remote Usage
		Usr 0 00:00:00, Sys 0 00:00:00  -  Run Local Usage
		Usr 0 00:07:45, Sys 0 00:00:03  -  Total Remote Usage
		Usr 0 00:00:00, Sys 0 00:00:00  -  Total Local Usage
	0  -  Run Bytes Sent By Job
	0  -  Run Bytes Received By Job
	0  -  Total Bytes Sent By Job
	0  -  Total Bytes Received By Job
	Partitionable Resources :    Usage  Request Allocated
	   Cpus                 :                 1         1
	   Disk (KB)            :       15       15   2183478
	   Memory (MB)          :      702     8192      8192
	   Multinode            :                           1
...
