000 (119485.126.000) 11/23 16:27:46 Job submitted from host: <172.20.12.20:41606>
...
001 (119485.126.000) 11/23 16:28:09 Job executing on host: <172.20.15.83:43942?noUDP>
...
006 (119485.126.000) 11/23 16:28:18 Image size of job updated: 208900
	205  -  MemoryUsage of job (MB)
	208900  -  ResidentSetSize of job (KB)
...
006 (119485.126.000) 11/23 16:33:19 Image size of job updated: 1112812
	1087  -  MemoryUsage of job (MB)
	1112812  -  ResidentSetSize of job (KB)
...
006 (119485.126.000) 11/23 16:38:19 Image size of job updated: 1191044
	1164  -  MemoryUsage of job (MB)
	1191044  -  ResidentSetSize of job (KB)
...
006 (119485.126.000) 11/23 16:40:08 Image size of job updated: 1283836
	1164  -  MemoryUsage of job (MB)
	1191044  -  ResidentSetSize of job (KB)
...
005 (119485.126.000) 11/23 16:40:08 Job terminated.
	(1) Normal termination (return value 0)
		Usr 0 00:11:26, Sys 0 00:00:04  -  Run Remote Usage
		Usr 0 00:00:00, Sys 0 00:00:00  -  Run Local Usage
		Usr 0 00:11:26, Sys 0 00:00:04  -  Total Remote Usage
		Usr 0 00:00:00, Sys 0 00:00:00  -  Total Local Usage
	0  -  Run Bytes Sent By Job
	0  -  Run Bytes Received By Job
	0  -  Total Bytes Sent By Job
	0  -  Total Bytes Received By Job
	Partitionable Resources :    Usage  Request Allocated
	   Cpus                 :                 1         1
	   Disk (KB)            :       15       15   2186972
	   Memory (MB)          :     1164     8192      8192
	   Multinode            :                           1
...
