000 (119485.069.000) 11/23 16:27:45 Job submitted from host: <172.20.12.20:41606>
...
001 (119485.069.000) 11/23 16:27:48 Job executing on host: <172.20.15.150:48760?noUDP>
...
006 (119485.069.000) 11/23 16:27:56 Image size of job updated: 205832
	202  -  MemoryUsage of job (MB)
	205832  -  ResidentSetSize of job (KB)
...
006 (119485.069.000) 11/23 16:32:56 Image size of job updated: 854728
	835  -  MemoryUsage of job (MB)
	854728  -  ResidentSetSize of job (KB)
...
006 (119485.069.000) 11/23 16:37:57 Image size of job updated: 902936
	882  -  MemoryUsage of job (MB)
	902936  -  ResidentSetSize of job (KB)
...
006 (119485.069.000) 11/23 16:42:57 Image size of job updated: 1087468
	1062  -  MemoryUsage of job (MB)
	1087468  -  ResidentSetSize of job (KB)
...
006 (119485.069.000) 11/23 16:47:42 Image size of job updated: 1151144
	1062  -  MemoryUsage of job (MB)
	1087468  -  ResidentSetSize of job (KB)
...
005 (119485.069.000) 11/23 16:47:42 Job terminated.
	(1) Normal termination (return value 0)
		Usr 0 00:11:19, Sys 0 00:08:11  -  Run Remote Usage
		Usr 0 00:00:00, Sys 0 00:00:00  -  Run Local Usage
		Usr 0 00:11:19, Sys 0 00:08:11  -  Total Remote Usage
		Usr 0 00:00:00, Sys 0 00:00:00  -  Total Local Usage
	0  -  Run Bytes Sent By Job
	0  -  Run Bytes Received By Job
	0  -  Total Bytes Sent By Job
	0  -  Total Bytes Received By Job
	Partitionable Resources :    Usage  Request Allocated
	   Cpus                 :                 1         1
	   Disk (KB)            :       15       15   2224828
	   Memory (MB)          :     1062     8192      8192
	   Multinode            :                           1
...
