000 (119485.090.000) 11/23 16:27:46 Job submitted from host: <172.20.12.20:41606>
...
001 (119485.090.000) 11/23 16:28:19 Job executing on host: <172.20.15.181:42409?noUDP>
...
006 (119485.090.000) 11/23 16:28:28 Image size of job updated: 245796
	241  -  MemoryUsage of job (MB)
	245796  -  ResidentSetSize of job (KB)
...
006 (119485.090.000) 11/23 16:33:29 Image size of job updated: 1050056
	1026  -  MemoryUsage of job (MB)
	1050056  -  ResidentSetSize of job (KB)
...
006 (119485.090.000) 11/23 16:38:30 Image size of job updated: 1105588
	1080  -  MemoryUsage of job (MB)
	1105588  -  ResidentSetSize of job (KB)
...
006 (119485.090.000) 11/23 16:43:30 Image size of job updated: 1338048
	1307  -  MemoryUsage of job (MB)
	1338048  -  ResidentSetSize of job (KB)
...
006 (119485.090.000) 11/23 16:53:32 Image size of job updated: 1626048
	1588  -  MemoryUsage of job (MB)
	1626048  -  ResidentSetSize of job (KB)
...
005 (119485.090.000) 11/23 17:00:26 Job terminated.
	(1) Normal termination (return value 0)
		Usr 0 00:15:46, Sys 0 00:16:12  -  Run Remote Usage
		Usr 0 00:00:00, Sys 0 00:00:00  -  Run Local Usage
		Usr 0 00:15:46, Sys 0 00:16:12  -  Total Remote Usage
		Usr 0 00:00:00, Sys 0 00:00:00  -  Total Local Usage
	0  -  Run Bytes Sent By Job
	0  -  Run Bytes Received By Job
	0  -  Total Bytes Sent By Job
	0  -  Total Bytes Received By Job
	Partitionable Resources :    Usage  Request Allocated
	   Cpus                 :                 1         1
	   Disk (KB)            :       15       15   2221684
	   Memory (MB)          :     1588     8192      8192
	   Multinode            :                           1
...
