000 (119485.166.000) 11/23 16:27:46 Job submitted from host: <172.20.12.20:41606>
...
001 (119485.166.000) 11/23 16:28:09 Job executing on host: <172.20.15.54:41898?noUDP>
...
006 (119485.166.000) 11/23 16:28:19 Image size of job updated: 210744
	206  -  MemoryUsage of job (MB)
	210744  -  ResidentSetSize of job (KB)
...
006 (119485.166.000) 11/23 16:33:19 Image size of job updated: 1621560
	1584  -  MemoryUsage of job (MB)
	1621560  -  ResidentSetSize of job (KB)
...
006 (119485.166.000) 11/23 16:38:19 Image size of job updated: 2390200
	2335  -  MemoryUsage of job (MB)
	2390200  -  ResidentSetSize of job (KB)
...
006 (119485.166.000) 11/23 16:44:08 Image size of job updated: 2949136
	2335  -  MemoryUsage of job (MB)
	2390200  -  ResidentSetSize of job (KB)
...
005 (119485.166.000) 11/23 16:44:08 Job terminated.
	(1) Normal termination (return value 0)
		Usr 0 00:15:02, Sys 0 00:00:27  -  Run Remote Usage
		Usr 0 00:00:00, Sys 0 00:00:00  -  Run Local Usage
		Usr 0 00:15:02, Sys 0 00:00:27  -  Total Remote Usage
		Usr 0 00:00:00, Sys 0 00:00:00  -  Total Local Usage
	0  -  Run Bytes Sent By Job
	0  -  Run Bytes Received By Job
	0  -  Total Bytes Sent By Job
	0  -  Total Bytes Received By Job
	Partitionable Resources :    Usage  Request Allocated
	   Cpus                 :                 1         1
	   Disk (KB)            :       15       15   2207522
	   Memory (MB)          :     2335     8192      8192
	   Multinode            :                           1
...
