000 (119487.085.000) 11/23 16:28:02 Job submitted from host: <172.20.12.20:41606>
...
001 (119487.085.000) 11/23 16:28:44 Job executing on host: <172.20.15.148:47884?noUDP>
...
006 (119487.085.000) 11/23 16:28:53 Image size of job updated: 348300
	341  -  MemoryUsage of job (MB)
	348300  -  ResidentSetSize of job (KB)
...
006 (119487.085.000) 11/23 16:33:54 Image size of job updated: 720592
	704  -  MemoryUsage of job (MB)
	720592  -  ResidentSetSize of job (KB)
...
006 (119487.085.000) 11/23 16:38:54 Image size of job updated: 754296
	737  -  MemoryUsage of job (MB)
	754296  -  ResidentSetSize of job (KB)
...
006 (119487.085.000) 11/23 16:43:54 Image size of job updated: 888308
	868  -  MemoryUsage of job (MB)
	888308  -  ResidentSetSize of job (KB)
...
006 (119487.085.000) 11/23 16:48:55 Image size of job updated: 971024
	949  -  MemoryUsage of job (MB)
	971024  -  ResidentSetSize of job (KB)
...
006 (119487.085.000) 11/23 16:53:55 Image size of job updated: 1122100
	1096  -  MemoryUsage of job (MB)
	1122100  -  ResidentSetSize of job (KB)
...
006 (119487.085.000) 11/23 16:57:21 Image size of job updated: 1185792
	1096  -  MemoryUsage of job (MB)
	1122100  -  ResidentSetSize of job (KB)
...
005 (119487.085.000) 11/23 16:57:21 Job terminated.
	(1) Normal termination (return value 0)
		Usr 0 00:07:35, Sys 0 00:20:58  -  Run Remote Usage
		Usr 0 00:00:00, Sys 0 00:00:00  -  Run Local Usage
		Usr 0 00:07:35, Sys 0 00:20:58  -  Total Remote Usage
		Usr 0 00:00:00, Sys 0 00:00:00  -  Total Local Usage
	0  -  Run Bytes Sent By Job
	0  -  Run Bytes Received By Job
	0  -  Total Bytes Sent By Job
	0  -  Total Bytes Received By Job
	Partitionable Resources :    Usage  Request Allocated
	   Cpus                 :                 1         1
	   Disk (KB)            :       15       15   2087211
	   Memory (MB)          :     1096     8192      8192
	   Multinode            :                           1
...
