000 (119485.025.000) 11/23 16:27:45 Job submitted from host: <172.20.12.20:41606>
...
001 (119485.025.000) 11/23 16:27:48 Job executing on host: <172.20.15.64:41679?noUDP>
...
006 (119485.025.000) 11/23 16:27:56 Image size of job updated: 208960
	205  -  MemoryUsage of job (MB)
	208960  -  ResidentSetSize of job (KB)
...
006 (119485.025.000) 11/23 16:32:56 Image size of job updated: 1041644
	1018  -  MemoryUsage of job (MB)
	1041644  -  ResidentSetSize of job (KB)
...
006 (119485.025.000) 11/23 16:37:56 Image size of job updated: 1491036
	1457  -  MemoryUsage of job (MB)
	1491036  -  ResidentSetSize of job (KB)
...
005 (119485.025.000) 11/23 16:58:50 Job terminated.
	(1) Normal termination (return value 0)
		Usr 0 00:10:48, Sys 0 00:19:58  -  Run Remote Usage
		Usr 0 00:00:00, Sys 0 00:00:00  -  Run Local Usage
		Usr 0 00:10:48, Sys 0 00:19:58  -  Total Remote Usage
		Usr 0 00:00:00, Sys 0 00:00:00  -  Total Local Usage
	0  -  Run Bytes Sent By Job
	0  -  Run Bytes Received By Job
	0  -  Total Bytes Sent By Job
	0  -  Total Bytes Received By Job
	Partitionable Resources :    Usage  Request Allocated
	   Cpus                 :                 1         1
	   Disk (KB)            :       15       15   2180703
	   Memory (MB)          :     1457     8192      8192
	   Multinode            :                           1
...
