000 (119487.126.000) 11/23 16:28:02 Job submitted from host: <172.20.12.20:41606>
...
001 (119487.126.000) 11/23 16:28:45 Job executing on host: <172.20.15.208:44745?noUDP>
...
006 (119487.126.000) 11/23 16:28:53 Image size of job updated: 210280
	206  -  MemoryUsage of job (MB)
	210280  -  ResidentSetSize of job (KB)
...
006 (119487.126.000) 11/23 16:33:53 Image size of job updated: 891688
	871  -  MemoryUsage of job (MB)
	891688  -  ResidentSetSize of job (KB)
...
006 (119487.126.000) 11/23 16:38:53 Image size of job updated: 1035564
	1012  -  MemoryUsage of job (MB)
	1035564  -  ResidentSetSize of job (KB)
...
006 (119487.126.000) 11/23 16:48:54 Image size of job updated: 1076160
	1051  -  MemoryUsage of job (MB)
	1076160  -  ResidentSetSize of job (KB)
...
006 (119487.126.000) 11/23 16:58:56 Image size of job updated: 1089196
	1064  -  MemoryUsage of job (MB)
	1089196  -  ResidentSetSize of job (KB)
...
006 (119487.126.000) 11/23 17:01:12 Image size of job updated: 1137348
	1064  -  MemoryUsage of job (MB)
	1089196  -  ResidentSetSize of job (KB)
...
005 (119487.126.000) 11/23 17:01:12 Job terminated.
	(1) Normal termination (return value 0)
		Usr 0 00:11:37, Sys 0 00:20:42  -  Run Remote Usage
		Usr 0 00:00:00, Sys 0 00:00:00  -  Run Local Usage
		Usr 0 00:11:37, Sys 0 00:20:42  -  Total Remote Usage
		Usr 0 00:00:00, Sys 0 00:00:00  -  Total Local Usage
	0  -  Run Bytes Sent By Job
	0  -  Run Bytes Received By Job
	0  -  Total Bytes Sent By Job
	0  -  Total Bytes Received By Job
	Partitionable Resources :    Usage  Request Allocated
	   Cpus                 :                 1         1
	   Disk (KB)            :       15       15   2215993
	   Memory (MB)          :     1064     8192      8192
	   Multinode            :                           1
...
