000 (119485.028.000) 11/23 16:27:45 Job submitted from host: <172.20.12.20:41606>
...
001 (119485.028.000) 11/23 16:27:48 Job executing on host: <172.20.15.123:48541?noUDP>
...
006 (119485.028.000) 11/23 16:27:56 Image size of job updated: 206196
	202  -  MemoryUsage of job (MB)
	206196  -  ResidentSetSize of job (KB)
...
006 (119485.028.000) 11/23 16:32:56 Image size of job updated: 2089596
	2041  -  MemoryUsage of job (MB)
	2089596  -  ResidentSetSize of job (KB)
...
006 (119485.028.000) 11/23 16:37:56 Image size of job updated: 2456884
	2400  -  MemoryUsage of job (MB)
	2456884  -  ResidentSetSize of job (KB)
...
006 (119485.028.000) 11/23 16:47:57 Image size of job updated: 2682720
	2620  -  MemoryUsage of job (MB)
	2682720  -  ResidentSetSize of job (KB)
...
006 (119485.028.000) 11/23 16:57:35 Image size of job updated: 3451200
	2620  -  MemoryUsage of job (MB)
	2682720  -  ResidentSetSize of job (KB)
...
005 (119485.028.000) 11/23 16:57:42 Job terminated.
	(1) Normal termination (return value 0)
		Usr 0 00:21:39, Sys 0 00:07:58  -  Run Remote Usage
		Usr 0 00:00:00, Sys 0 00:00:00  -  Run Local Usage
		Usr 0 00:21:39, Sys 0 00:07:58  -  Total Remote Usage
		Usr 0 00:00:00, Sys 0 00:00:00  -  Total Local Usage
	0  -  Run Bytes Sent By Job
	0  -  Run Bytes Received By Job
	0  -  Total Bytes Sent By Job
	0  -  Total Bytes Received By Job
	Partitionable Resources :    Usage  Request Allocated
	   Cpus                 :                 1         1
	   Disk (KB)            :       15       15   2191820
	   Memory (MB)          :     2620     8192      8192
	   Multinode            :                           1
...
