000 (119487.057.000) 11/23 16:28:01 Job submitted from host: <172.20.12.20:41606>
...
001 (119487.057.000) 11/23 16:28:10 Job executing on host: <172.20.15.73:43285?noUDP>
...
006 (119487.057.000) 11/23 16:28:18 Image size of job updated: 211932
	207  -  MemoryUsage of job (MB)
	211932  -  ResidentSetSize of job (KB)
...
006 (119487.057.000) 11/23 16:33:18 Image size of job updated: 890312
	870  -  MemoryUsage of job (MB)
	890312  -  ResidentSetSize of job (KB)
...
006 (119487.057.000) 11/23 16:36:23 Image size of job updated: 978588
	870  -  MemoryUsage of job (MB)
	890312  -  ResidentSetSize of job (KB)
...
005 (119487.057.000) 11/23 16:36:23 Job terminated.
	(1) Normal termination (return value 0)
		Usr 0 00:07:45, Sys 0 00:00:04  -  Run Remote Usage
		Usr 0 00:00:00, Sys 0 00:00:00  -  Run Local Usage
		Usr 0 00:07:45, Sys 0 00:00:04  -  Total Remote Usage
		Usr 0 00:00:00, Sys 0 00:00:00  -  Total Local Usage
	0  -  Run Bytes Sent By Job
	0  -  Run Bytes Received By Job
	0  -  Total Bytes Sent By Job
	0  -  Total Bytes Received By Job
	Partitionable Resources :    Usage  Request Allocated
	   Cpus                 :                 1         1
	   Disk (KB)            :       15       15   1317411
	   Memory (MB)          :      870     8192      8192
	   Multinode            :                           1
...
