000 (119485.013.000) 11/23 16:27:45 Job submitted from host: <172.20.12.20:41606>
...
001 (119485.013.000) 11/23 16:27:47 Job executing on host: <172.20.15.228:44891?noUDP>
...
006 (119485.013.000) 11/23 16:27:56 Image size of job updated: 209988
	206  -  MemoryUsage of job (MB)
	209988  -  ResidentSetSize of job (KB)
...
006 (119485.013.000) 11/23 16:32:56 Image size of job updated: 825016
	806  -  MemoryUsage of job (MB)
	825016  -  ResidentSetSize of job (KB)
...
005 (119485.013.000) 11/23 16:36:16 Job terminated.
	(1) Normal termination (return value 0)
		Usr 0 00:07:39, Sys 0 00:00:02  -  Run Remote Usage
		Usr 0 00:00:00, Sys 0 00:00:00  -  Run Local Usage
		Usr 0 00:07:39, Sys 0 00:00:02  -  Total Remote Usage
		Usr 0 00:00:00, Sys 0 00:00:00  -  Total Local Usage
	0  -  Run Bytes Sent By Job
	0  -  Run Bytes Received By Job
	0  -  Total Bytes Sent By Job
	0  -  Total Bytes Received By Job
	Partitionable Resources :    Usage  Request Allocated
	   Cpus                 :                 1         1
	   Disk (KB)            :       15       15   1418718
	   Memory (MB)          :      806     8192      8192
	   Multinode            :                           1
...
