000 (119487.122.000) 11/23 16:28:02 Job submitted from host: <172.20.12.20:41606>
...
001 (119487.122.000) 11/23 16:28:45 Job executing on host: <172.20.15.166:42117?noUDP>
...
006 (119487.122.000) 11/23 16:28:53 Image size of job updated: 208900
	205  -  MemoryUsage of job (MB)
	208900  -  ResidentSetSize of job (KB)
...
006 (119487.122.000) 11/23 16:33:53 Image size of job updated: 1849604
	1807  -  MemoryUsage of job (MB)
	1849604  -  ResidentSetSize of job (KB)
...
006 (119487.122.000) 11/23 16:43:54 Image size of job updated: 2167756
	2117  -  MemoryUsage of job (MB)
	2167756  -  ResidentSetSize of job (KB)
...
006 (119487.122.000) 11/23 16:48:55 Image size of job updated: 3072024
	3001  -  MemoryUsage of job (MB)
	3072024  -  ResidentSetSize of job (KB)
...
006 (119487.122.000) 11/23 17:03:57 Image size of job updated: 4108036
	4012  -  MemoryUsage of job (MB)
	4108036  -  ResidentSetSize of job (KB)
...
006 (119487.122.000) 11/23 17:08:57 Image size of job updated: 4124664
	4028  -  MemoryUsage of job (MB)
	4124664  -  ResidentSetSize of job (KB)
...
006 (119487.122.000) 11/23 17:28:59 Image size of job updated: 5082228
	4964  -  MemoryUsage of job (MB)
	5082228  -  ResidentSetSize of job (KB)
...
006 (119487.122.000) 11/23 17:54:02 Image size of job updated: 5668332
	5536  -  MemoryUsage of job (MB)
	5668332  -  ResidentSetSize of job (KB)
...
006 (119487.122.000) 11/23 18:14:04 Image size of job updated: 6423232
	6273  -  MemoryUsage of job (MB)
	6423232  -  ResidentSetSize of job (KB)
...
006 (119487.122.000) 11/23 18:21:27 Image size of job updated: 6754048
	6273  -  MemoryUsage of job (MB)
	6423232  -  ResidentSetSize of job (KB)
...
005 (119487.122.000) 11/23 18:21:27 Job terminated.
	(1) Normal termination (return value 0)
		Usr 0 00:35:50, Sys 0 01:16:45  -  Run Remote Usage
		Usr 0 00:00:00, Sys 0 00:00:00  -  Run Local Usage
		Usr 0 00:35:50, Sys 0 01:16:45  -  Total Remote Usage
		Usr 0 00:00:00, Sys 0 00:00:00  -  Total Local Usage
	0  -  Run Bytes Sent By Job
	0  -  Run Bytes Received By Job
	0  -  Total Bytes Sent By Job
	0  -  Total Bytes Received By Job
	Partitionable Resources :    Usage  Request Allocated
	   Cpus                 :                 1         1
	   Disk (KB)            :       15       15   2223296
	   Memory (MB)          :     6273     8192      8192
	   Multinode            :                           1
...
