000 (119485.082.000) 11/23 16:27:46 Job submitted from host: <172.20.12.20:41606>
...
001 (119485.082.000) 11/23 16:27:48 Job executing on host: <172.20.15.182:41314?noUDP>
...
006 (119485.082.000) 11/23 16:27:57 Image size of job updated: 210352
	205  -  MemoryUsage of job (MB)
	208904  -  ResidentSetSize of job (KB)
...
006 (119485.082.000) 11/23 16:32:58 Image size of job updated: 654536
	638  -  MemoryUsage of job (MB)
	653088  -  ResidentSetSize of job (KB)
...
006 (119485.082.000) 11/23 16:37:59 Image size of job updated: 804916
	785  -  MemoryUsage of job (MB)
	803468  -  ResidentSetSize of job (KB)
...
005 (119485.082.000) 11/23 16:41:55 Job terminated.
	(1) Normal termination (return value 0)
		Usr 0 00:07:48, Sys 0 00:06:12  -  Run Remote Usage
		Usr 0 00:00:00, Sys 0 00:00:00  -  Run Local Usage
		Usr 0 00:07:48, Sys 0 00:06:12  -  Total Remote Usage
		Usr 0 00:00:00, Sys 0 00:00:00  -  Total Local Usage
	0  -  Run Bytes Sent By Job
	0  -  Run Bytes Received By Job
	0  -  Total Bytes Sent By Job
	0  -  Total Bytes Received By Job
	Partitionable Resources :    Usage  Request Allocated
	   Cpus                 :                 1         1
	   Disk (KB)            :       15       15   2210908
	   Memory (MB)          :      785     8192      8192
	   Multinode            :                           1
...
