000 (119485.022.000) 11/23 16:27:45 Job submitted from host: <172.20.12.20:41606>
...
001 (119485.022.000) 11/23 16:27:48 Job executing on host: <172.20.15.172:44380?noUDP>
...
006 (119485.022.000) 11/23 16:27:56 Image size of job updated: 206464
	202  -  MemoryUsage of job (MB)
	206464  -  ResidentSetSize of job (KB)
...
006 (119485.022.000) 11/23 16:32:56 Image size of job updated: 833312
	814  -  MemoryUsage of job (MB)
	833312  -  ResidentSetSize of job (KB)
...
006 (119485.022.000) 11/23 16:35:59 Image size of job updated: 879600
	814  -  MemoryUsage of job (MB)
	833312  -  ResidentSetSize of job (KB)
...
005 (119485.022.000) 11/23 16:35:59 Job terminated.
	(1) Normal termination (return value 0)
		Usr 0 00:08:03, Sys 0 00:00:03  -  Run Remote Usage
		Usr 0 00:00:00, Sys 0 00:00:00  -  Run Local Usage
		Usr 0 00:08:03, Sys 0 00:00:03  -  Total Remote Usage
		Usr 0 00:00:00, Sys 0 00:00:00  -  Total Local Usage
	0  -  Run Bytes Sent By Job
	0  -  Run Bytes Received By Job
	0  -  Total Bytes Sent By Job
	0  -  Total Bytes Received By Job
	Partitionable Resources :    Usage  Request Allocated
	   Cpus                 :                 1         1
	   Disk (KB)            :       15       15   2214718
	   Memory (MB)          :      814     8192      8192
	   Multinode            :                           1
...
