000 (119487.017.000) 11/23 16:28:01 Job submitted from host: <172.20.12.20:41606>
...
001 (119487.017.000) 11/23 16:28:10 Job executing on host: <172.20.15.143:48979?noUDP>
...
006 (119487.017.000) 11/23 16:28:18 Image size of job updated: 205828
	202  -  MemoryUsage of job (MB)
	205828  -  ResidentSetSize of job (KB)
...
006 (119487.017.000) 11/23 16:33:18 Image size of job updated: 867180
	847  -  MemoryUsage of job (MB)
	867180  -  ResidentSetSize of job (KB)
...
006 (119487.017.000) 11/23 16:38:18 Image size of job updated: 1199232
	1172  -  MemoryUsage of job (MB)
	1199232  -  ResidentSetSize of job (KB)
...
006 (119487.017.000) 11/23 16:48:20 Image size of job updated: 1214264
	1186  -  MemoryUsage of job (MB)
	1214264  -  ResidentSetSize of job (KB)
...
006 (119487.017.000) 11/23 16:49:05 Image size of job updated: 1561168
	1186  -  MemoryUsage of job (MB)
	1214264  -  ResidentSetSize of job (KB)
...
005 (119487.017.000) 11/23 16:49:05 Job terminated.
	(1) Normal termination (return value 0)
		Usr 0 00:13:16, Sys 0 00:07:12  -  Run Remote Usage
		Usr 0 00:00:00, Sys 0 00:00:00  -  Run Local Usage
		Usr 0 00:13:16, Sys 0 00:07:12  -  Total Remote Usage
		Usr 0 00:00:00, Sys 0 00:00:00  -  Total Local Usage
	0  -  Run Bytes Sent By Job
	0  -  Run Bytes Received By Job
	0  -  Total Bytes Sent By Job
	0  -  Total Bytes Received By Job
	Partitionable Resources :    Usage  Request Allocated
	   Cpus                 :                 1         1
	   Disk (KB)            :       15       15   2217714
	   Memory (MB)          :     1186     8192      8192
	   Multinode            :                           1
...
