000 (119487.097.000) 11/23 16:28:02 Job submitted from host: <172.20.12.20:41606>
...
001 (119487.097.000) 11/23 16:28:44 Job executing on host: <172.20.15.52:49271?noUDP>
...
006 (119487.097.000) 11/23 16:28:53 Image size of job updated: 23256
	23  -  MemoryUsage of job (MB)
	23256  -  ResidentSetSize of job (KB)
...
006 (119487.097.000) 11/23 16:33:54 Image size of job updated: 609872
	596  -  MemoryUsage of job (MB)
	609872  -  ResidentSetSize of job (KB)
...
006 (119487.097.000) 11/23 16:38:54 Image size of job updated: 646664
	632  -  MemoryUsage of job (MB)
	646664  -  ResidentSetSize of job (KB)
...
006 (119487.097.000) 11/23 16:43:55 Image size of job updated: 677604
	662  -  MemoryUsage of job (MB)
	677604  -  ResidentSetSize of job (KB)
...
006 (119487.097.000) 11/23 16:58:56 Image size of job updated: 826592
	808  -  MemoryUsage of job (MB)
	826592  -  ResidentSetSize of job (KB)
...
006 (119487.097.000) 11/23 16:59:01 Image size of job updated: 909004
	808  -  MemoryUsage of job (MB)
	826592  -  ResidentSetSize of job (KB)
...
005 (119487.097.000) 11/23 16:59:01 Job terminated.
	(1) Normal termination (return value 0)
		Usr 0 00:06:31, Sys 0 00:23:44  -  Run Remote Usage
		Usr 0 00:00:00, Sys 0 00:00:00  -  Run Local Usage
		Usr 0 00:06:31, Sys 0 00:23:44  -  Total Remote Usage
		Usr 0 00:00:00, Sys 0 00:00:00  -  Total Local Usage
	0  -  Run Bytes Sent By Job
	0  -  Run Bytes Received By Job
	0  -  Total Bytes Sent By Job
	0  -  Total Bytes Received By Job
	Partitionable Resources :    Usage  Request Allocated
	   Cpus                 :                 1         1
	   Disk (KB)            :       15       15   2181113
	   Memory (MB)          :      808     8192      8192
	   Multinode            :                           1
...
