000 (119485.147.000) 11/23 16:27:46 Job submitted from host: <172.20.12.20:41606>
...
001 (119485.147.000) 11/23 16:28:09 Job executing on host: <172.20.15.80:49636?noUDP>
...
006 (119485.147.000) 11/23 16:28:18 Image size of job updated: 207904
	204  -  MemoryUsage of job (MB)
	207904  -  ResidentSetSize of job (KB)
...
006 (119485.147.000) 11/23 16:33:19 Image size of job updated: 840476
	821  -  MemoryUsage of job (MB)
	840476  -  ResidentSetSize of job (KB)
...
006 (119485.147.000) 11/23 16:38:19 Image size of job updated: 1038140
	1014  -  MemoryUsage of job (MB)
	1038140  -  ResidentSetSize of job (KB)
...
006 (119485.147.000) 11/23 16:43:19 Image size of job updated: 1046604
	1023  -  MemoryUsage of job (MB)
	1046604  -  ResidentSetSize of job (KB)
...
006 (119485.147.000) 11/23 17:03:21 Image size of job updated: 1047688
	1024  -  MemoryUsage of job (MB)
	1047688  -  ResidentSetSize of job (KB)
...
006 (119485.147.000) 11/23 17:13:22 Image size of job updated: 1090812
	1066  -  MemoryUsage of job (MB)
	1090812  -  ResidentSetSize of job (KB)
...
006 (119485.147.000) 11/23 17:28:14 Image size of job updated: 1135828
	1066  -  MemoryUsage of job (MB)
	1090812  -  ResidentSetSize of job (KB)
...
005 (119485.147.000) 11/23 17:28:14 Job terminated.
	(1) Normal termination (return value 0)
		Usr 0 00:11:38, Sys 0 00:47:56  -  Run Remote Usage
		Usr 0 00:00:00, Sys 0 00:00:00  -  Run Local Usage
		Usr 0 00:11:38, Sys 0 00:47:56  -  Total Remote Usage
		Usr 0 00:00:00, Sys 0 00:00:00  -  Total Local Usage
	0  -  Run Bytes Sent By Job
	0  -  Run Bytes Received By Job
	0  -  Total Bytes Sent By Job
	0  -  Total Bytes Received By Job
	Partitionable Resources :    Usage  Request Allocated
	   Cpus                 :                 1         1
	   Disk (KB)            :       15       15   2188025
	   Memory (MB)          :     1066     8192      8192
	   Multinode            :                           1
...
