000 (119487.079.000) 11/23 16:28:01 Job submitted from host: <172.20.12.20:41606>
...
001 (119487.079.000) 11/23 16:28:53 Job executing on host: <172.20.15.78:44964?noUDP>
...
006 (119487.079.000) 11/23 16:29:01 Image size of job updated: 88264
	87  -  MemoryUsage of job (MB)
	88264  -  ResidentSetSize of job (KB)
...
006 (119487.079.000) 11/23 16:34:01 Image size of job updated: 872056
	852  -  MemoryUsage of job (MB)
	872056  -  ResidentSetSize of job (KB)
...
006 (119487.079.000) 11/23 16:39:02 Image size of job updated: 1055412
	1031  -  MemoryUsage of job (MB)
	1055412  -  ResidentSetSize of job (KB)
...
006 (119487.079.000) 11/23 16:49:02 Image size of job updated: 1192552
	1165  -  MemoryUsage of job (MB)
	1192552  -  ResidentSetSize of job (KB)
...
006 (119487.079.000) 11/23 16:59:04 Image size of job updated: 1317268
	1287  -  MemoryUsage of job (MB)
	1317268  -  ResidentSetSize of job (KB)
...
006 (119487.079.000) 11/23 17:04:04 Image size of job updated: 1351524
	1320  -  MemoryUsage of job (MB)
	1351524  -  ResidentSetSize of job (KB)
...
005 (119487.079.000) 11/23 17:05:06 Job terminated.
	(1) Normal termination (return value 0)
		Usr 0 00:09:16, Sys 0 00:26:54  -  Run Remote Usage
		Usr 0 00:00:00, Sys 0 00:00:00  -  Run Local Usage
		Usr 0 00:09:16, Sys 0 00:26:54  -  Total Remote Usage
		Usr 0 00:00:00, Sys 0 00:00:00  -  Total Local Usage
	0  -  Run Bytes Sent By Job
	0  -  Run Bytes Received By Job
	0  -  Total Bytes Sent By Job
	0  -  Total Bytes Received By Job
	Partitionable Resources :    Usage  Request Allocated
	   Cpus                 :                 1         1
	   Disk (KB)            :       15       15   1977645
	   Memory (MB)          :     1320     8192      8192
	   Multinode            :                           1
...
