000 (119485.111.000) 11/23 16:27:46 Job submitted from host: <172.20.12.20:41606>
...
001 (119485.111.000) 11/23 16:27:48 Job executing on host: <172.20.15.176:49563?noUDP>
...
006 (119485.111.000) 11/23 16:27:57 Image size of job updated: 204804
	201  -  MemoryUsage of job (MB)
	204804  -  ResidentSetSize of job (KB)
...
006 (119485.111.000) 11/23 16:32:58 Image size of job updated: 817000
	798  -  MemoryUsage of job (MB)
	816988  -  ResidentSetSize of job (KB)
...
006 (119485.111.000) 11/23 16:37:58 Image size of job updated: 1002060
	979  -  MemoryUsage of job (MB)
	1002048  -  ResidentSetSize of job (KB)
...
005 (119485.111.000) 11/23 16:38:46 Job terminated.
	(1) Normal termination (return value 0)
		Usr 0 00:07:43, Sys 0 00:03:06  -  Run Remote Usage
		Usr 0 00:00:00, Sys 0 00:00:00  -  Run Local Usage
		Usr 0 00:07:43, Sys 0 00:03:06  -  Total Remote Usage
		Usr 0 00:00:00, Sys 0 00:00:00  -  Total Local Usage
	0  -  Run Bytes Sent By Job
	0  -  Run Bytes Received By Job
	0  -  Total Bytes Sent By Job
	0  -  Total Bytes Received By Job
	Partitionable Resources :    Usage  Request Allocated
	   Cpus                 :                 1         1
	   Disk (KB)            :       15       15   2044720
	   Memory (MB)          :      979     8192      8192
	   Multinode            :                           1
...
