000 (119487.160.000) 11/23 16:28:02 Job submitted from host: <172.20.12.20:41606>
...
001 (119487.160.000) 11/23 16:28:45 Job executing on host: <172.20.15.150:48760?noUDP>
...
006 (119487.160.000) 11/23 16:28:53 Image size of job updated: 206416
	202  -  MemoryUsage of job (MB)
	206416  -  ResidentSetSize of job (KB)
...
006 (119487.160.000) 11/23 16:33:53 Image size of job updated: 581664
	569  -  MemoryUsage of job (MB)
	581664  -  ResidentSetSize of job (KB)
...
006 (119487.160.000) 11/23 16:38:54 Image size of job updated: 613232
	599  -  MemoryUsage of job (MB)
	613232  -  ResidentSetSize of job (KB)
...
006 (119487.160.000) 11/23 16:39:05 Image size of job updated: 663188
	599  -  MemoryUsage of job (MB)
	613232  -  ResidentSetSize of job (KB)
...
005 (119487.160.000) 11/23 16:39:05 Job terminated.
	(1) Normal termination (return value 0)
		Usr 0 00:06:55, Sys 0 00:03:22  -  Run Remote Usage
		Usr 0 00:00:00, Sys 0 00:00:00  -  Run Local Usage
		Usr 0 00:06:55, Sys 0 00:03:22  -  Total Remote Usage
		Usr 0 00:00:00, Sys 0 00:00:00  -  Total Local Usage
	0  -  Run Bytes Sent By Job
	0  -  Run Bytes Received By Job
	0  -  Total Bytes Sent By Job
	0  -  Total Bytes Received By Job
	Partitionable Resources :    Usage  Request Allocated
	   Cpus                 :                 1         1
	   Disk (KB)            :       15       15   2224824
	   Memory (MB)          :      599     8192      8192
	   Multinode            :                           1
...
