000 (119487.059.000) 11/23 16:28:01 Job submitted from host: <172.20.12.20:41606>
...
001 (119487.059.000) 11/23 16:28:10 Job executing on host: <172.20.15.82:40366?noUDP>
...
006 (119487.059.000) 11/23 16:28:18 Image size of job updated: 209984
	206  -  MemoryUsage of job (MB)
	209984  -  ResidentSetSize of job (KB)
...
006 (119487.059.000) 11/23 16:33:18 Image size of job updated: 1114880
	1089  -  MemoryUsage of job (MB)
	1114880  -  ResidentSetSize of job (KB)
...
006 (119487.059.000) 11/23 16:38:19 Image size of job updated: 1258880
	1230  -  MemoryUsage of job (MB)
	1258880  -  ResidentSetSize of job (KB)
...
006 (119487.059.000) 11/23 16:41:47 Image size of job updated: 1529236
	1230  -  MemoryUsage of job (MB)
	1258880  -  ResidentSetSize of job (KB)
...
005 (119487.059.000) 11/23 16:41:47 Job terminated.
	(1) Normal termination (return value 0)
		Usr 0 00:13:07, Sys 0 00:00:06  -  Run Remote Usage
		Usr 0 00:00:00, Sys 0 00:00:00  -  Run Local Usage
		Usr 0 00:13:07, Sys 0 00:00:06  -  Total Remote Usage
		Usr 0 00:00:00, Sys 0 00:00:00  -  Total Local Usage
	0  -  Run Bytes Sent By Job
	0  -  Run Bytes Received By Job
	0  -  Total Bytes Sent By Job
	0  -  Total Bytes Received By Job
	Partitionable Resources :    Usage  Request Allocated
	   Cpus                 :                 1         1
	   Disk (KB)            :       15       15   2161729
	   Memory (MB)          :     1230     8192      8192
	   Multinode            :                           1
...
