000 (119487.091.000) 11/23 16:28:02 Job submitted from host: <172.20.12.20:41606>
...
001 (119487.091.000) 11/23 16:28:44 Job executing on host: <172.20.15.172:44380?noUDP>
...
006 (119487.091.000) 11/23 16:28:53 Image size of job updated: 247188
	242  -  MemoryUsage of job (MB)
	247188  -  ResidentSetSize of job (KB)
...
006 (119487.091.000) 11/23 16:33:54 Image size of job updated: 847748
	828  -  MemoryUsage of job (MB)
	847748  -  ResidentSetSize of job (KB)
...
005 (119487.091.000) 11/23 16:34:23 Job terminated.
	(1) Normal termination (return value 0)
		Usr 0 00:05:33, Sys 0 00:00:02  -  Run Remote Usage
		Usr 0 00:00:00, Sys 0 00:00:00  -  Run Local Usage
		Usr 0 00:05:33, Sys 0 00:00:02  -  Total Remote Usage
		Usr 0 00:00:00, Sys 0 00:00:00  -  Total Local Usage
	0  -  Run Bytes Sent By Job
	0  -  Run Bytes Received By Job
	0  -  Total Bytes Sent By Job
	0  -  Total Bytes Received By Job
	Partitionable Resources :    Usage  Request Allocated
	   Cpus                 :                 1         1
	   Disk (KB)            :       15       15   2214714
	   Memory (MB)          :      828     8192      8192
	   Multinode            :                           1
...
