000 (119487.111.000) 11/23 16:28:02 Job submitted from host: <172.20.12.20:41606>
...
001 (119487.111.000) 11/23 16:28:44 Job executing on host: <172.20.15.209:48176?noUDP>
...
006 (119487.111.000) 11/23 16:28:53 Image size of job updated: 210524
	206  -  MemoryUsage of job (MB)
	210524  -  ResidentSetSize of job (KB)
...
006 (119487.111.000) 11/23 16:33:53 Image size of job updated: 765648
	748  -  MemoryUsage of job (MB)
	765648  -  ResidentSetSize of job (KB)
...
006 (119487.111.000) 11/23 16:38:53 Image size of job updated: 946864
	925  -  MemoryUsage of job (MB)
	946864  -  ResidentSetSize of job (KB)
...
006 (119487.111.000) 11/23 16:48:55 Image size of job updated: 1104164
	1079  -  MemoryUsage of job (MB)
	1104164  -  ResidentSetSize of job (KB)
...
006 (119487.111.000) 11/23 16:58:00 Image size of job updated: 1161560
	1079  -  MemoryUsage of job (MB)
	1104164  -  ResidentSetSize of job (KB)
...
005 (119487.111.000) 11/23 16:58:00 Job terminated.
	(1) Normal termination (return value 0)
		Usr 0 00:07:06, Sys 0 00:22:04  -  Run Remote Usage
		Usr 0 00:00:00, Sys 0 00:00:00  -  Run Local Usage
		Usr 0 00:07:06, Sys 0 00:22:04  -  Total Remote Usage
		Usr 0 00:00:00, Sys 0 00:00:00  -  Total Local Usage
	0  -  Run Bytes Sent By Job
	0  -  Run Bytes Received By Job
	0  -  Total Bytes Sent By Job
	0  -  Total Bytes Received By Job
	Partitionable Resources :    Usage  Request Allocated
	   Cpus                 :                 1         1
	   Disk (KB)            :       15       15   2184153
	   Memory (MB)          :     1079     8192      8192
	   Multinode            :                           1
...
