000 (119487.157.000) 11/23 16:28:02 Job submitted from host: <172.20.12.20:41606>
...
001 (119487.157.000) 11/23 16:28:45 Job executing on host: <172.20.15.219:41898?noUDP>
...
006 (119487.157.000) 11/23 16:28:53 Image size of job updated: 99584
	98  -  MemoryUsage of job (MB)
	99584  -  ResidentSetSize of job (KB)
...
006 (119487.157.000) 11/23 16:33:53 Image size of job updated: 566668
	554  -  MemoryUsage of job (MB)
	566668  -  ResidentSetSize of job (KB)
...
006 (119487.157.000) 11/23 16:38:48 Image size of job updated: 627896
	554  -  MemoryUsage of job (MB)
	566668  -  ResidentSetSize of job (KB)
...
005 (119487.157.000) 11/23 16:38:48 Job terminated.
	(1) Normal termination (return value 0)
		Usr 0 00:06:35, Sys 0 00:03:26  -  Run Remote Usage
		Usr 0 00:00:00, Sys 0 00:00:00  -  Run Local Usage
		Usr 0 00:06:35, Sys 0 00:03:26  -  Total Remote Usage
		Usr 0 00:00:00, Sys 0 00:00:00  -  Total Local Usage
	0  -  Run Bytes Sent By Job
	0  -  Run Bytes Received By Job
	0  -  Total Bytes Sent By Job
	0  -  Total Bytes Received By Job
	Partitionable Resources :    Usage  Request Allocated
	   Cpus                 :                 1         1
	   Disk (KB)            :       15       15   2042672
	   Memory (MB)          :      554     8192      8192
	   Multinode            :                           1
...
