000 (119487.076.000) 11/23 16:28:01 Job submitted from host: <172.20.12.20:41606>
...
001 (119487.076.000) 11/23 16:28:10 Job executing on host: <172.20.15.176:49563?noUDP>
...
006 (119487.076.000) 11/23 16:28:19 Image size of job updated: 208904
	205  -  MemoryUsage of job (MB)
	208904  -  ResidentSetSize of job (KB)
...
006 (119487.076.000) 11/23 16:33:20 Image size of job updated: 692252
	677  -  MemoryUsage of job (MB)
	692252  -  ResidentSetSize of job (KB)
...
006 (119487.076.000) 11/23 16:38:21 Image size of job updated: 789804
	772  -  MemoryUsage of job (MB)
	789804  -  ResidentSetSize of job (KB)
...
005 (119487.076.000) 11/23 16:41:01 Job terminated.
	(1) Normal termination (return value 0)
		Usr 0 00:10:23, Sys 0 00:02:16  -  Run Remote Usage
		Usr 0 00:00:00, Sys 0 00:00:00  -  Run Local Usage
		Usr 0 00:10:23, Sys 0 00:02:16  -  Total Remote Usage
		Usr 0 00:00:00, Sys 0 00:00:00  -  Total Local Usage
	0  -  Run Bytes Sent By Job
	0  -  Run Bytes Received By Job
	0  -  Total Bytes Sent By Job
	0  -  Total Bytes Received By Job
	Partitionable Resources :    Usage  Request Allocated
	   Cpus                 :                 1         1
	   Disk (KB)            :       15       15   2044720
	   Memory (MB)          :      772     8192      8192
	   Multinode            :                           1
...
