000 (119487.080.000) 11/23 16:28:01 Job submitted from host: <172.20.12.20:41606>
...
001 (119487.080.000) 11/23 16:28:44 Job executing on host: <172.20.15.232:45913?noUDP>
...
006 (119487.080.000) 11/23 16:28:53 Image size of job updated: 210724
	206  -  MemoryUsage of job (MB)
	210724  -  ResidentSetSize of job (KB)
...
006 (119487.080.000) 11/23 16:33:54 Image size of job updated: 786460
	769  -  MemoryUsage of job (MB)
	786460  -  ResidentSetSize of job (KB)
...
006 (119487.080.000) 11/23 16:38:54 Image size of job updated: 916168
	895  -  MemoryUsage of job (MB)
	916168  -  ResidentSetSize of job (KB)
...
006 (119487.080.000) 11/23 16:40:09 Image size of job updated: 938960
	895  -  MemoryUsage of job (MB)
	916168  -  ResidentSetSize of job (KB)
...
005 (119487.080.000) 11/23 16:40:09 Job terminated.
	(1) Normal termination (return value 0)
		Usr 0 00:11:18, Sys 0 00:00:02  -  Run Remote Usage
		Usr 0 00:00:00, Sys 0 00:00:00  -  Run Local Usage
		Usr 0 00:11:18, Sys 0 00:00:02  -  Total Remote Usage
		Usr 0 00:00:00, Sys 0 00:00:00  -  Total Local Usage
	0  -  Run Bytes Sent By Job
	0  -  Run Bytes Received By Job
	0  -  Total Bytes Sent By Job
	0  -  Total Bytes Received By Job
	Partitionable Resources :    Usage  Request Allocated
	   Cpus                 :                 1         1
	   Disk (KB)            :       15       15   2162328
	   Memory (MB)          :      895     8192      8192
	   Multinode            :                           1
...
