000 (119487.117.000) 11/23 16:28:02 Job submitted from host: <172.20.12.20:41606>
...
001 (119487.117.000) 11/23 16:28:44 Job executing on host: <172.20.15.207:42774?noUDP>
...
006 (119487.117.000) 11/23 16:28:53 Image size of job updated: 210656
	206  -  MemoryUsage of job (MB)
	210656  -  ResidentSetSize of job (KB)
...
006 (119487.117.000) 11/23 16:33:53 Image size of job updated: 1729616
	1690  -  MemoryUsage of job (MB)
	1729616  -  ResidentSetSize of job (KB)
...
006 (119487.117.000) 11/23 16:38:53 Image size of job updated: 2443348
	2387  -  MemoryUsage of job (MB)
	2443348  -  ResidentSetSize of job (KB)
...
006 (119487.117.000) 11/23 16:43:54 Image size of job updated: 2502844
	2445  -  MemoryUsage of job (MB)
	2502844  -  ResidentSetSize of job (KB)
...
006 (119487.117.000) 11/23 16:48:55 Image size of job updated: 2879472
	2812  -  MemoryUsage of job (MB)
	2879472  -  ResidentSetSize of job (KB)
...
006 (119487.117.000) 11/23 16:53:55 Image size of job updated: 2882596
	2816  -  MemoryUsage of job (MB)
	2882596  -  ResidentSetSize of job (KB)
...
006 (119487.117.000) 11/23 16:58:56 Image size of job updated: 3016856
	2947  -  MemoryUsage of job (MB)
	3016856  -  ResidentSetSize of job (KB)
...
006 (119487.117.000) 11/23 17:02:41 Image size of job updated: 3127300
	2947  -  MemoryUsage of job (MB)
	3016856  -  ResidentSetSize of job (KB)
...
005 (119487.117.000) 11/23 17:02:41 Job terminated.
	(1) Normal termination (return value 0)
		Usr 0 00:16:51, Sys 0 00:16:38  -  Run Remote Usage
		Usr 0 00:00:00, Sys 0 00:00:00  -  Run Local Usage
		Usr 0 00:16:51, Sys 0 00:16:38  -  Total Remote Usage
		Usr 0 00:00:00, Sys 0 00:00:00  -  Total Local Usage
	0  -  Run Bytes Sent By Job
	0  -  Run Bytes Received By Job
	0  -  Total Bytes Sent By Job
	0  -  Total Bytes Received By Job
	Partitionable Resources :    Usage  Request Allocated
	   Cpus                 :                 1         1
	   Disk (KB)            :       15       15   2223083
	   Memory (MB)          :     2947     8192      8192
	   Multinode            :                           1
...
