000 (119485.015.000) 11/23 16:27:45 Job submitted from host: <172.20.12.20:41606>
...
001 (119485.015.000) 11/23 16:27:47 Job executing on host: <172.20.15.165:46351?noUDP>
...
006 (119485.015.000) 11/23 16:27:56 Image size of job updated: 202020
	196  -  MemoryUsage of job (MB)
	200216  -  ResidentSetSize of job (KB)
...
006 (119485.015.000) 11/23 16:32:56 Image size of job updated: 724076
	706  -  MemoryUsage of job (MB)
	722088  -  ResidentSetSize of job (KB)
...
006 (119485.015.000) 11/23 16:37:56 Image size of job updated: 820768
	800  -  MemoryUsage of job (MB)
	818780  -  ResidentSetSize of job (KB)
...
006 (119485.015.000) 11/23 16:47:57 Image size of job updated: 846304
	825  -  MemoryUsage of job (MB)
	844316  -  ResidentSetSize of job (KB)
...
006 (119485.015.000) 11/23 16:57:58 Image size of job updated: 1063308
	1037  -  MemoryUsage of job (MB)
	1061328  -  ResidentSetSize of job (KB)
...
005 (119485.015.000) 11/23 16:58:38 Job terminated.
	(1) Normal termination (return value 0)
		Usr 0 00:07:56, Sys 0 00:21:46  -  Run Remote Usage
		Usr 0 00:00:00, Sys 0 00:00:00  -  Run Local Usage
		Usr 0 00:07:56, Sys 0 00:21:46  -  Total Remote Usage
		Usr 0 00:00:00, Sys 0 00:00:00  -  Total Local Usage
	0  -  Run Bytes Sent By Job
	0  -  Run Bytes Received By Job
	0  -  Total Bytes Sent By Job
	0  -  Total Bytes Received By Job
	Partitionable Resources :    Usage  Request Allocated
	   Cpus                 :                 1         1
	   Disk (KB)            :       15       15   2181759
	   Memory (MB)          :     1037     8192      8192
	   Multinode            :                           1
...
