000 (119487.018.000) 11/23 16:28:01 Job submitted from host: <172.20.12.20:41606>
...
001 (119487.018.000) 11/23 16:28:10 Job executing on host: <172.20.15.188:40949?noUDP>
...
006 (119487.018.000) 11/23 16:28:18 Image size of job updated: 265288
	260  -  MemoryUsage of job (MB)
	265288  -  ResidentSetSize of job (KB)
...
006 (119487.018.000) 11/23 16:33:18 Image size of job updated: 625780
	612  -  MemoryUsage of job (MB)
	625780  -  ResidentSetSize of job (KB)
...
006 (119487.018.000) 11/23 16:38:18 Image size of job updated: 756464
	739  -  MemoryUsage of job (MB)
	756464  -  ResidentSetSize of job (KB)
...
005 (119487.018.000) 11/23 16:42:52 Job terminated.
	(1) Normal termination (return value 0)
		Usr 0 00:07:19, Sys 0 00:07:21  -  Run Remote Usage
		Usr 0 00:00:00, Sys 0 00:00:00  -  Run Local Usage
		Usr 0 00:07:19, Sys 0 00:07:21  -  Total Remote Usage
		Usr 0 00:00:00, Sys 0 00:00:00  -  Total Local Usage
	0  -  Run Bytes Sent By Job
	0  -  Run Bytes Received By Job
	0  -  Total Bytes Sent By Job
	0  -  Total Bytes Received By Job
	Partitionable Resources :    Usage  Request Allocated
	   Cpus                 :                 1         1
	   Disk (KB)            :       15       15   2216556
	   Memory (MB)          :      739     8192      8192
	   Multinode            :                           1
...
