000 (125990.005.000) 12/15 14:01:31 Job submitted from host: <172.20.12.20:41606>
...
001 (125990.005.000) 12/15 14:01:32 Job executing on host: <172.20.15.146:44161?noUDP>
...
006 (125990.005.000) 12/15 14:01:41 Image size of job updated: 210776
	205  -  MemoryUsage of job (MB)
	208912  -  ResidentSetSize of job (KB)
...
006 (125990.005.000) 12/15 14:02:29 Image size of job updated: 1509056
	205  -  MemoryUsage of job (MB)
	208912  -  ResidentSetSize of job (KB)
...
005 (125990.005.000) 12/15 14:02:29 Job terminated.
	(1) Normal termination (return value 0)
		Usr 0 00:00:43, Sys 0 00:00:03  -  Run Remote Usage
		Usr 0 00:00:00, Sys 0 00:00:00  -  Run Local Usage
		Usr 0 00:00:43, Sys 0 00:00:03  -  Total Remote Usage
		Usr 0 00:00:00, Sys 0 00:00:00  -  Total Local Usage
	0  -  Run Bytes Sent By Job
	0  -  Run Bytes Received By Job
	0  -  Total Bytes Sent By Job
	0  -  Total Bytes Received By Job
	Partitionable Resources :    Usage  Request Allocated
	   Cpus                 :                 1         1
	   Disk (KB)            :       15       15   2213823
	   Memory (MB)          :      205     8192      8192
	   Multinode            :                           1
...
