000 (125990.032.000) 12/15 14:01:31 Job submitted from host: <172.20.12.20:41606>
...
001 (125990.032.000) 12/15 14:01:32 Job executing on host: <172.20.15.82:40366?noUDP>
...
006 (125990.032.000) 12/15 14:01:41 Image size of job updated: 208916
	205  -  MemoryUsage of job (MB)
	208916  -  ResidentSetSize of job (KB)
...
006 (125990.032.000) 12/15 14:02:19 Image size of job updated: 1330136
	205  -  MemoryUsage of job (MB)
	208916  -  ResidentSetSize of job (KB)
...
005 (125990.032.000) 12/15 14:02:19 Job terminated.
	(1) Normal termination (return value 0)
		Usr 0 00:00:35, Sys 0 00:00:02  -  Run Remote Usage
		Usr 0 00:00:00, Sys 0 00:00:00  -  Run Local Usage
		Usr 0 00:00:35, Sys 0 00:00:02  -  Total Remote Usage
		Usr 0 00:00:00, Sys 0 00:00:00  -  Total Local Usage
	0  -  Run Bytes Sent By Job
	0  -  Run Bytes Received By Job
	0  -  Total Bytes Sent By Job
	0  -  Total Bytes Received By Job
	Partitionable Resources :    Usage  Request Allocated
	   Cpus                 :                 1         1
	   Disk (KB)            :       15       15   2151803
	   Memory (MB)          :      205     8192      8192
	   Multinode            :                           1
...
