000 (125990.028.000) 12/15 14:01:31 Job submitted from host: <172.20.12.20:41606>
...
001 (125990.028.000) 12/15 14:01:32 Job executing on host: <172.20.15.154:46497?noUDP>
...
006 (125990.028.000) 12/15 14:01:41 Image size of job updated: 207704
	202  -  MemoryUsage of job (MB)
	205840  -  ResidentSetSize of job (KB)
...
006 (125990.028.000) 12/15 14:02:44 Image size of job updated: 2159668
	202  -  MemoryUsage of job (MB)
	205840  -  ResidentSetSize of job (KB)
...
005 (125990.028.000) 12/15 14:02:44 Job terminated.
	(1) Normal termination (return value 0)
		Usr 0 00:00:56, Sys 0 00:00:03  -  Run Remote Usage
		Usr 0 00:00:00, Sys 0 00:00:00  -  Run Local Usage
		Usr 0 00:00:56, Sys 0 00:00:03  -  Total Remote Usage
		Usr 0 00:00:00, Sys 0 00:00:00  -  Total Local Usage
	0  -  Run Bytes Sent By Job
	0  -  Run Bytes Received By Job
	0  -  Total Bytes Sent By Job
	0  -  Total Bytes Received By Job
	Partitionable Resources :    Usage  Request Allocated
	   Cpus                 :                 1         1
	   Disk (KB)            :       15       15   2215041
	   Memory (MB)          :      202     8192      8192
	   Multinode            :                           1
...
