000 (119648.072.000) 11/24 08:43:38 Job submitted from host: <172.20.12.20:41606>
...
001 (119648.072.000) 11/24 08:43:40 Job executing on host: <172.20.15.210:42117?noUDP>
...
006 (119648.072.000) 11/24 08:43:48 Image size of job updated: 165448
	162  -  MemoryUsage of job (MB)
	165448  -  ResidentSetSize of job (KB)
...
006 (119648.072.000) 11/24 08:48:48 Image size of job updated: 7724548
	7544  -  MemoryUsage of job (MB)
	7724548  -  ResidentSetSize of job (KB)
...
005 (119648.072.000) 11/24 08:49:35 Job terminated.
	(1) Normal termination (return value 0)
		Usr 0 00:03:52, Sys 0 00:01:57  -  Run Remote Usage
		Usr 0 00:00:00, Sys 0 00:00:00  -  Run Local Usage
		Usr 0 00:03:52, Sys 0 00:01:57  -  Total Remote Usage
		Usr 0 00:00:00, Sys 0 00:00:00  -  Total Local Usage
	0  -  Run Bytes Sent By Job
	0  -  Run Bytes Received By Job
	0  -  Total Bytes Sent By Job
	0  -  Total Bytes Received By Job
	Partitionable Resources :    Usage  Request Allocated
	   Cpus                 :                 1         1
	   Disk (KB)            :       15       15   1372775
	   Memory (MB)          :     7544     4096      4096
	   Multinode            :                           1
...
