000 (119648.009.000) 11/24 08:43:37 Job submitted from host: <172.20.12.20:41606>
...
001 (119648.009.000) 11/24 08:43:39 Job executing on host: <172.20.15.64:41679?noUDP>
...
006 (119648.009.000) 11/24 08:43:48 Image size of job updated: 205972
	202  -  MemoryUsage of job (MB)
	205972  -  ResidentSetSize of job (KB)
...
006 (119648.009.000) 11/24 08:44:27 Image size of job updated: 1331228
	202  -  MemoryUsage of job (MB)
	205972  -  ResidentSetSize of job (KB)
...
005 (119648.009.000) 11/24 08:44:27 Job terminated.
	(1) Normal termination (return value 0)
		Usr 0 00:00:38, Sys 0 00:00:02  -  Run Remote Usage
		Usr 0 00:00:00, Sys 0 00:00:00  -  Run Local Usage
		Usr 0 00:00:38, Sys 0 00:00:02  -  Total Remote Usage
		Usr 0 00:00:00, Sys 0 00:00:00  -  Total Local Usage
	0  -  Run Bytes Sent By Job
	0  -  Run Bytes Received By Job
	0  -  Total Bytes Sent By Job
	0  -  Total Bytes Received By Job
	Partitionable Resources :    Usage  Request Allocated
	   Cpus                 :                 1         1
	   Disk (KB)            :       15       15   2180685
	   Memory (MB)          :      202     4096      4096
	   Multinode            :                           1
...
