000 (119648.127.000) 11/24 08:43:38 Job submitted from host: <172.20.12.20:41606>
...
001 (119648.127.000) 11/24 08:45:01 Job executing on host: <172.20.15.226:40876?noUDP>
...
006 (119648.127.000) 11/24 08:45:09 Image size of job updated: 205976
	202  -  MemoryUsage of job (MB)
	205976  -  ResidentSetSize of job (KB)
...
006 (119648.127.000) 11/24 08:50:09 Image size of job updated: 6732340
	6575  -  MemoryUsage of job (MB)
	6732340  -  ResidentSetSize of job (KB)
...
005 (119648.127.000) 11/24 08:51:02 Job terminated.
	(1) Normal termination (return value 0)
		Usr 0 00:03:57, Sys 0 00:01:55  -  Run Remote Usage
		Usr 0 00:00:00, Sys 0 00:00:00  -  Run Local Usage
		Usr 0 00:03:57, Sys 0 00:01:55  -  Total Remote Usage
		Usr 0 00:00:00, Sys 0 00:00:00  -  Total Local Usage
	0  -  Run Bytes Sent By Job
	0  -  Run Bytes Received By Job
	0  -  Total Bytes Sent By Job
	0  -  Total Bytes Received By Job
	Partitionable Resources :    Usage  Request Allocated
	   Cpus                 :                 1         1
	   Disk (KB)            :       15       15   2260942
	   Memory (MB)          :     6575     4096      4096
	   Multinode            :                           1
...
