000 (119648.095.000) 11/24 08:43:38 Job submitted from host: <172.20.12.20:41606>
...
001 (119648.095.000) 11/24 08:43:40 Job executing on host: <172.20.15.73:43285?noUDP>
...
006 (119648.095.000) 11/24 08:43:49 Image size of job updated: 338132
	331  -  MemoryUsage of job (MB)
	338132  -  ResidentSetSize of job (KB)
...
006 (119648.095.000) 11/24 08:45:06 Image size of job updated: 2103864
	331  -  MemoryUsage of job (MB)
	338132  -  ResidentSetSize of job (KB)
...
005 (119648.095.000) 11/24 08:45:06 Job terminated.
	(1) Normal termination (return value 0)
		Usr 0 00:01:18, Sys 0 00:00:05  -  Run Remote Usage
		Usr 0 00:00:00, Sys 0 00:00:00  -  Run Local Usage
		Usr 0 00:01:18, Sys 0 00:00:05  -  Total Remote Usage
		Usr 0 00:00:00, Sys 0 00:00:00  -  Total Local Usage
	0  -  Run Bytes Sent By Job
	0  -  Run Bytes Received By Job
	0  -  Total Bytes Sent By Job
	0  -  Total Bytes Received By Job
	Partitionable Resources :    Usage  Request Allocated
	   Cpus                 :                 1         1
	   Disk (KB)            :       15       15   1317406
	   Memory (MB)          :      331     4096      4096
	   Multinode            :                           1
...
