000 (119648.065.000) 11/24 08:43:38 Job submitted from host: <172.20.12.20:41606>
...
001 (119648.065.000) 11/24 08:43:40 Job executing on host: <172.20.15.182:41314?noUDP>
...
006 (119648.065.000) 11/24 08:43:48 Image size of job updated: 211688
	207  -  MemoryUsage of job (MB)
	211688  -  ResidentSetSize of job (KB)
...
006 (119648.065.000) 11/24 08:45:40 Image size of job updated: 2901624
	207  -  MemoryUsage of job (MB)
	211688  -  ResidentSetSize of job (KB)
...
005 (119648.065.000) 11/24 08:45:40 Job terminated.
	(1) Normal termination (return value 0)
		Usr 0 00:01:49, Sys 0 00:00:07  -  Run Remote Usage
		Usr 0 00:00:00, Sys 0 00:00:00  -  Run Local Usage
		Usr 0 00:01:49, Sys 0 00:00:07  -  Total Remote Usage
		Usr 0 00:00:00, Sys 0 00:00:00  -  Total Local Usage
	0  -  Run Bytes Sent By Job
	0  -  Run Bytes Received By Job
	0  -  Total Bytes Sent By Job
	0  -  Total Bytes Received By Job
	Partitionable Resources :    Usage  Request Allocated
	   Cpus                 :                 1         1
	   Disk (KB)            :       15       15   2210893
	   Memory (MB)          :      207     4096      4096
	   Multinode            :                           1
...
