000 (119648.034.000) 11/24 08:43:37 Job submitted from host: <172.20.12.20:41606>
...
001 (119648.034.000) 11/24 08:43:40 Job executing on host: <172.20.15.219:41898?noUDP>
...
006 (119648.034.000) 11/24 08:43:48 Image size of job updated: 210948
	207  -  MemoryUsage of job (MB)
	210948  -  ResidentSetSize of job (KB)
...
006 (119648.034.000) 11/24 08:48:48 Image size of job updated: 4610820
	4503  -  MemoryUsage of job (MB)
	4610820  -  ResidentSetSize of job (KB)
...
006 (119648.034.000) 11/24 08:53:49 Image size of job updated: 42043168
	37452  -  MemoryUsage of job (MB)
	38350140  -  ResidentSetSize of job (KB)
...
005 (119648.034.000) 11/24 09:06:06 Job terminated.
	(1) Normal termination (return value 0)
		Usr 0 00:16:01, Sys 0 00:04:05  -  Run Remote Usage
		Usr 0 00:00:00, Sys 0 00:00:00  -  Run Local Usage
		Usr 0 00:16:01, Sys 0 00:04:05  -  Total Remote Usage
		Usr 0 00:00:00, Sys 0 00:00:00  -  Total Local Usage
	0  -  Run Bytes Sent By Job
	0  -  Run Bytes Received By Job
	0  -  Total Bytes Sent By Job
	0  -  Total Bytes Received By Job
	Partitionable Resources :    Usage  Request Allocated
	   Cpus                 :                 1         1
	   Disk (KB)            :       15       15   2042669
	   Memory (MB)          :    37452     4096      4096
	   Multinode            :                           1
...
