000 (119648.159.000) 11/24 08:43:38 Job submitted from host: <172.20.12.20:41606>
...
001 (119648.159.000) 11/24 08:45:01 Job executing on host: <172.20.15.177:40876?noUDP>
...
006 (119648.159.000) 11/24 08:45:10 Image size of job updated: 208940
	205  -  MemoryUsage of job (MB)
	208940  -  ResidentSetSize of job (KB)
...
006 (119648.159.000) 11/24 08:47:49 Image size of job updated: 1451404
	205  -  MemoryUsage of job (MB)
	208940  -  ResidentSetSize of job (KB)
...
005 (119648.159.000) 11/24 08:47:49 Job terminated.
	(1) Normal termination (return value 0)
		Usr 0 00:00:35, Sys 0 00:02:10  -  Run Remote Usage
		Usr 0 00:00:00, Sys 0 00:00:00  -  Run Local Usage
		Usr 0 00:00:35, Sys 0 00:02:10  -  Total Remote Usage
		Usr 0 00:00:00, Sys 0 00:00:00  -  Total Local Usage
	0  -  Run Bytes Sent By Job
	0  -  Run Bytes Received By Job
	0  -  Total Bytes Sent By Job
	0  -  Total Bytes Received By Job
	Partitionable Resources :    Usage  Request Allocated
	   Cpus                 :                 1         1
	   Disk (KB)            :       15       15   2192886
	   Memory (MB)          :      205     4096      4096
	   Multinode            :                           1
...
