000 (119648.026.000) 11/24 08:43:37 Job submitted from host: <172.20.12.20:41606>
...
001 (119648.026.000) 11/24 08:43:40 Job executing on host: <172.20.15.138:45767?noUDP>
...
006 (119648.026.000) 11/24 08:43:48 Image size of job updated: 208940
	205  -  MemoryUsage of job (MB)
	208940  -  ResidentSetSize of job (KB)
...
006 (119648.026.000) 11/24 08:48:48 Image size of job updated: 3582260
	3499  -  MemoryUsage of job (MB)
	3582260  -  ResidentSetSize of job (KB)
...
006 (119648.026.000) 11/24 08:53:48 Image size of job updated: 11063532
	10559  -  MemoryUsage of job (MB)
	10811820  -  ResidentSetSize of job (KB)
...
006 (119648.026.000) 11/24 08:58:49 Image size of job updated: 11758292
	11237  -  MemoryUsage of job (MB)
	11506624  -  ResidentSetSize of job (KB)
...
006 (119648.026.000) 11/24 08:59:38 Image size of job updated: 11901128
	11237  -  MemoryUsage of job (MB)
	11506624  -  ResidentSetSize of job (KB)
...
005 (119648.026.000) 11/24 08:59:38 Job terminated.
	(1) Normal termination (return value 0)
		Usr 0 00:08:04, Sys 0 00:07:04  -  Run Remote Usage
		Usr 0 00:00:00, Sys 0 00:00:00  -  Run Local Usage
		Usr 0 00:08:04, Sys 0 00:07:04  -  Total Remote Usage
		Usr 0 00:00:00, Sys 0 00:00:00  -  Total Local Usage
	0  -  Run Bytes Sent By Job
	0  -  Run Bytes Received By Job
	0  -  Total Bytes Sent By Job
	0  -  Total Bytes Received By Job
	Partitionable Resources :    Usage  Request Allocated
	   Cpus                 :                 1         1
	   Disk (KB)            :       15       15    986908
	   Memory (MB)          :    11237     4096      4096
	   Multinode            :                           1
...
