000 (119648.098.000) 11/24 08:43:38 Job submitted from host: <172.20.12.20:41606>
...
001 (119648.098.000) 11/24 08:43:40 Job executing on host: <172.20.15.229:42044?noUDP>
...
006 (119648.098.000) 11/24 08:43:49 Image size of job updated: 268120
	262  -  MemoryUsage of job (MB)
	268120  -  ResidentSetSize of job (KB)
...
006 (119648.098.000) 11/24 08:45:58 Image size of job updated: 2940480
	262  -  MemoryUsage of job (MB)
	268120  -  ResidentSetSize of job (KB)
...
005 (119648.098.000) 11/24 08:45:58 Job terminated.
	(1) Normal termination (return value 0)
		Usr 0 00:01:52, Sys 0 00:00:22  -  Run Remote Usage
		Usr 0 00:00:00, Sys 0 00:00:00  -  Run Local Usage
		Usr 0 00:01:52, Sys 0 00:00:22  -  Total Remote Usage
		Usr 0 00:00:00, Sys 0 00:00:00  -  Total Local Usage
	0  -  Run Bytes Sent By Job
	0  -  Run Bytes Received By Job
	0  -  Total Bytes Sent By Job
	0  -  Total Bytes Received By Job
	Partitionable Resources :    Usage  Request Allocated
	   Cpus                 :                 1         1
	   Disk (KB)            :       15       15   2167953
	   Memory (MB)          :      262     4096      4096
	   Multinode            :                           1
...
