000 (119648.155.000) 11/24 08:43:38 Job submitted from host: <172.20.12.20:41606>
...
001 (119648.155.000) 11/24 08:45:01 Job executing on host: <172.20.15.63:46351?noUDP>
...
006 (119648.155.000) 11/24 08:45:10 Image size of job updated: 204724
	200  -  MemoryUsage of job (MB)
	204724  -  ResidentSetSize of job (KB)
...
006 (119648.155.000) 11/24 08:49:31 Image size of job updated: 1992008
	200  -  MemoryUsage of job (MB)
	204724  -  ResidentSetSize of job (KB)
...
005 (119648.155.000) 11/24 08:49:31 Job terminated.
	(1) Normal termination (return value 0)
		Usr 0 00:01:14, Sys 0 00:03:10  -  Run Remote Usage
		Usr 0 00:00:00, Sys 0 00:00:00  -  Run Local Usage
		Usr 0 00:01:14, Sys 0 00:03:10  -  Total Remote Usage
		Usr 0 00:00:00, Sys 0 00:00:00  -  Total Local Usage
	0  -  Run Bytes Sent By Job
	0  -  Run Bytes Received By Job
	0  -  Total Bytes Sent By Job
	0  -  Total Bytes Received By Job
	Partitionable Resources :    Usage  Request Allocated
	   Cpus                 :                 1         1
	   Disk (KB)            :       15       15   2052557
	   Memory (MB)          :      200     4096      4096
	   Multinode            :                           1
...
