000 (119648.151.000) 11/24 08:43:38 Job submitted from host: <172.20.12.20:41606>
...
001 (119648.151.000) 11/24 08:45:01 Job executing on host: <172.20.15.123:48541?noUDP>
...
006 (119648.151.000) 11/24 08:45:10 Image size of job updated: 211704
	207  -  MemoryUsage of job (MB)
	211704  -  ResidentSetSize of job (KB)
...
006 (119648.151.000) 11/24 08:50:11 Image size of job updated: 2243064
	2191  -  MemoryUsage of job (MB)
	2243064  -  ResidentSetSize of job (KB)
...
006 (119648.151.000) 11/24 08:55:12 Image size of job updated: 4668280
	4559  -  MemoryUsage of job (MB)
	4668280  -  ResidentSetSize of job (KB)
...
006 (119648.151.000) 11/24 09:00:12 Image size of job updated: 47849056
	38396  -  MemoryUsage of job (MB)
	39316592  -  ResidentSetSize of job (KB)
...
006 (119648.151.000) 11/24 09:05:12 Image size of job updated: 74621940
	60659  -  MemoryUsage of job (MB)
	62114508  -  ResidentSetSize of job (KB)
...
006 (119648.151.000) 11/24 09:25:14 Image size of job updated: 74621940
	62120  -  MemoryUsage of job (MB)
	63610056  -  ResidentSetSize of job (KB)
...
006 (119648.151.000) 11/24 09:30:15 Image size of job updated: 88659436
	62120  -  MemoryUsage of job (MB)
	63610056  -  ResidentSetSize of job (KB)
...
005 (119648.151.000) 11/24 09:43:28 Job terminated.
	(1) Normal termination (return value 0)
		Usr 0 00:35:28, Sys 0 00:07:32  -  Run Remote Usage
		Usr 0 00:00:00, Sys 0 00:00:00  -  Run Local Usage
		Usr 0 00:35:28, Sys 0 00:07:32  -  Total Remote Usage
		Usr 0 00:00:00, Sys 0 00:00:00  -  Total Local Usage
	0  -  Run Bytes Sent By Job
	0  -  Run Bytes Received By Job
	0  -  Total Bytes Sent By Job
	0  -  Total Bytes Received By Job
	Partitionable Resources :    Usage  Request Allocated
	   Cpus                 :                 1         1
	   Disk (KB)            :       15       15   2191816
	   Memory (MB)          :    62120     4096      4096
	   Multinode            :                           1
...
