000 (119648.036.000) 11/24 08:43:37 Job submitted from host: <172.20.12.20:41606>
...
001 (119648.036.000) 11/24 08:43:40 Job executing on host: <172.20.15.165:46351?noUDP>
...
006 (119648.036.000) 11/24 08:43:48 Image size of job updated: 210792
	206  -  MemoryUsage of job (MB)
	210792  -  ResidentSetSize of job (KB)
...
006 (119648.036.000) 11/24 08:48:48 Image size of job updated: 2698780
	2636  -  MemoryUsage of job (MB)
	2698780  -  ResidentSetSize of job (KB)
...
006 (119648.036.000) 11/24 08:53:49 Image size of job updated: 15425552
	14738  -  MemoryUsage of job (MB)
	15091500  -  ResidentSetSize of job (KB)
...
006 (119648.036.000) 11/24 08:58:50 Image size of job updated: 26809328
	25777  -  MemoryUsage of job (MB)
	26395416  -  ResidentSetSize of job (KB)
...
005 (119648.036.000) 11/24 09:02:36 Job terminated.
	(1) Normal termination (return value 0)
		Usr 0 00:12:26, Sys 0 00:04:55  -  Run Remote Usage
		Usr 0 00:00:00, Sys 0 00:00:00  -  Run Local Usage
		Usr 0 00:12:26, Sys 0 00:04:55  -  Total Remote Usage
		Usr 0 00:00:00, Sys 0 00:00:00  -  Total Local Usage
	0  -  Run Bytes Sent By Job
	0  -  Run Bytes Received By Job
	0  -  Total Bytes Sent By Job
	0  -  Total Bytes Received By Job
	Partitionable Resources :    Usage  Request Allocated
	   Cpus                 :                 1         1
	   Disk (KB)            :       15       15   2181753
	   Memory (MB)          :    25777     4096      4096
	   Multinode            :                           1
...
