000 (119648.082.000) 11/24 08:43:38 Job submitted from host: <172.20.12.20:41606>
...
001 (119648.082.000) 11/24 08:43:40 Job executing on host: <172.20.15.77:46643?noUDP>
...
006 (119648.082.000) 11/24 08:43:49 Image size of job updated: 203420
	199  -  MemoryUsage of job (MB)
	203420  -  ResidentSetSize of job (KB)
...
006 (119648.082.000) 11/24 08:45:35 Image size of job updated: 1753284
	199  -  MemoryUsage of job (MB)
	203420  -  ResidentSetSize of job (KB)
...
005 (119648.082.000) 11/24 08:45:35 Job terminated.
	(1) Normal termination (return value 0)
		Usr 0 00:01:17, Sys 0 00:00:32  -  Run Remote Usage
		Usr 0 00:00:00, Sys 0 00:00:00  -  Run Local Usage
		Usr 0 00:01:17, Sys 0 00:00:32  -  Total Remote Usage
		Usr 0 00:00:00, Sys 0 00:00:00  -  Total Local Usage
	0  -  Run Bytes Sent By Job
	0  -  Run Bytes Received By Job
	0  -  Total Bytes Sent By Job
	0  -  Total Bytes Received By Job
	Partitionable Resources :    Usage  Request Allocated
	   Cpus                 :                 1         1
	   Disk (KB)            :       15       15   2220976
	   Memory (MB)          :      199     4096      4096
	   Multinode            :                           1
...
