000 (119648.028.000) 11/24 08:43:37 Job submitted from host: <172.20.12.20:41606>
...
001 (119648.028.000) 11/24 08:43:40 Job executing on host: <172.20.15.188:40949?noUDP>
...
006 (119648.028.000) 11/24 08:43:48 Image size of job updated: 210572
	206  -  MemoryUsage of job (MB)
	210572  -  ResidentSetSize of job (KB)
...
006 (119648.028.000) 11/24 08:48:48 Image size of job updated: 13353224
	13041  -  MemoryUsage of job (MB)
	13353224  -  ResidentSetSize of job (KB)
...
006 (119648.028.000) 11/24 08:53:49 Image size of job updated: 19694196
	19224  -  MemoryUsage of job (MB)
	19684828  -  ResidentSetSize of job (KB)
...
006 (119648.028.000) 11/24 08:58:50 Image size of job updated: 43542360
	42194  -  MemoryUsage of job (MB)
	43206232  -  ResidentSetSize of job (KB)
...
005 (119648.028.000) 11/24 09:01:47 Job terminated.
	(1) Normal termination (return value 0)
		Usr 0 00:16:01, Sys 0 00:01:43  -  Run Remote Usage
		Usr 0 00:00:00, Sys 0 00:00:00  -  Run Local Usage
		Usr 0 00:16:01, Sys 0 00:01:43  -  Total Remote Usage
		Usr 0 00:00:00, Sys 0 00:00:00  -  Total Local Usage
	0  -  Run Bytes Sent By Job
	0  -  Run Bytes Received By Job
	0  -  Total Bytes Sent By Job
	0  -  Total Bytes Received By Job
	Partitionable Resources :    Usage  Request Allocated
	   Cpus                 :                 1         1
	   Disk (KB)            :       15       15   2216556
	   Memory (MB)          :    42194     4096      4096
	   Multinode            :                           1
...
