000 (119648.038.000) 11/24 08:43:38 Job submitted from host: <172.20.12.20:41606>
...
001 (119648.038.000) 11/24 08:43:40 Job executing on host: <172.20.15.56:43650?noUDP>
...
006 (119648.038.000) 11/24 08:43:48 Image size of job updated: 98536
	97  -  MemoryUsage of job (MB)
	98536  -  ResidentSetSize of job (KB)
...
006 (119648.038.000) 11/24 08:48:48 Image size of job updated: 1196340
	1169  -  MemoryUsage of job (MB)
	1196340  -  ResidentSetSize of job (KB)
...
006 (119648.038.000) 11/24 08:53:49 Image size of job updated: 9266636
	9050  -  MemoryUsage of job (MB)
	9266636  -  ResidentSetSize of job (KB)
...
006 (119648.038.000) 11/24 08:58:50 Image size of job updated: 10044792
	9810  -  MemoryUsage of job (MB)
	10044792  -  ResidentSetSize of job (KB)
...
005 (119648.038.000) 11/24 08:59:22 Job terminated.
	(1) Normal termination (return value 0)
		Usr 0 00:06:25, Sys 0 00:09:11  -  Run Remote Usage
		Usr 0 00:00:00, Sys 0 00:00:00  -  Run Local Usage
		Usr 0 00:06:25, Sys 0 00:09:11  -  Total Remote Usage
		Usr 0 00:00:00, Sys 0 00:00:00  -  Total Local Usage
	0  -  Run Bytes Sent By Job
	0  -  Run Bytes Received By Job
	0  -  Total Bytes Sent By Job
	0  -  Total Bytes Received By Job
	Partitionable Resources :    Usage  Request Allocated
	   Cpus                 :                 1         1
	   Disk (KB)            :       15       15   2184945
	   Memory (MB)          :     9810     4096      4096
	   Multinode            :                           1
...
