000 (119648.101.000) 11/24 08:43:38 Job submitted from host: <172.20.12.20:41606>
...
001 (119648.101.000) 11/24 08:43:40 Job executing on host: <172.20.15.60:46132?noUDP>
...
006 (119648.101.000) 11/24 08:43:49 Image size of job updated: 265080
	259  -  MemoryUsage of job (MB)
	265080  -  ResidentSetSize of job (KB)
...
006 (119648.101.000) 11/24 08:48:50 Image size of job updated: 1306000
	1276  -  MemoryUsage of job (MB)
	1306000  -  ResidentSetSize of job (KB)
...
006 (119648.101.000) 11/24 08:53:50 Image size of job updated: 2351904
	2297  -  MemoryUsage of job (MB)
	2351904  -  ResidentSetSize of job (KB)
...
006 (119648.101.000) 11/24 08:58:50 Image size of job updated: 30990720
	30265  -  MemoryUsage of job (MB)
	30990720  -  ResidentSetSize of job (KB)
...
006 (119648.101.000) 11/24 09:13:52 Image size of job updated: 35598876
	33709  -  MemoryUsage of job (MB)
	34517128  -  ResidentSetSize of job (KB)
...
005 (119648.101.000) 11/24 09:17:46 Job terminated.
	(1) Normal termination (return value 0)
		Usr 0 00:21:08, Sys 0 00:12:13  -  Run Remote Usage
		Usr 0 00:00:00, Sys 0 00:00:00  -  Run Local Usage
		Usr 0 00:21:08, Sys 0 00:12:13  -  Total Remote Usage
		Usr 0 00:00:00, Sys 0 00:00:00  -  Total Local Usage
	0  -  Run Bytes Sent By Job
	0  -  Run Bytes Received By Job
	0  -  Total Bytes Sent By Job
	0  -  Total Bytes Received By Job
	Partitionable Resources :    Usage  Request Allocated
	   Cpus                 :                 1         1
	   Disk (KB)            :       15       15   2217464
	   Memory (MB)          :    33709     4096      4096
	   Multinode            :                           1
...
