000 (119648.123.000) 11/24 08:43:38 Job submitted from host: <172.20.12.20:41606>
...
001 (119648.123.000) 11/24 08:45:01 Job executing on host: <172.20.15.170:45621?noUDP>
...
006 (119648.123.000) 11/24 08:45:09 Image size of job updated: 210968
	207  -  MemoryUsage of job (MB)
	210968  -  ResidentSetSize of job (KB)
...
006 (119648.123.000) 11/24 08:46:45 Image size of job updated: 2393272
	207  -  MemoryUsage of job (MB)
	210968  -  ResidentSetSize of job (KB)
...
005 (119648.123.000) 11/24 08:46:45 Job terminated.
	(1) Normal termination (return value 0)
		Usr 0 00:01:35, Sys 0 00:00:07  -  Run Remote Usage
		Usr 0 00:00:00, Sys 0 00:00:00  -  Run Local Usage
		Usr 0 00:01:35, Sys 0 00:00:07  -  Total Remote Usage
		Usr 0 00:00:00, Sys 0 00:00:00  -  Total Local Usage
	0  -  Run Bytes Sent By Job
	0  -  Run Bytes Received By Job
	0  -  Total Bytes Sent By Job
	0  -  Total Bytes Received By Job
	Partitionable Resources :    Usage  Request Allocated
	   Cpus                 :                 1         1
	   Disk (KB)            :       15       15   2124080
	   Memory (MB)          :      207     4096      4096
	   Multinode            :                           1
...
