000 (119648.048.000) 11/24 08:43:38 Job submitted from host: <172.20.12.20:41606>
...
001 (119648.048.000) 11/24 08:43:40 Job executing on host: <172.20.15.176:49563?noUDP>
...
006 (119648.048.000) 11/24 08:43:48 Image size of job updated: 210436
	206  -  MemoryUsage of job (MB)
	210436  -  ResidentSetSize of job (KB)
...
006 (119648.048.000) 11/24 08:48:48 Image size of job updated: 7644500
	7466  -  MemoryUsage of job (MB)
	7644500  -  ResidentSetSize of job (KB)
...
006 (119648.048.000) 11/24 08:50:27 Image size of job updated: 7933084
	7466  -  MemoryUsage of job (MB)
	7644500  -  ResidentSetSize of job (KB)
...
005 (119648.048.000) 11/24 08:50:27 Job terminated.
	(1) Normal termination (return value 0)
		Usr 0 00:05:32, Sys 0 00:01:06  -  Run Remote Usage
		Usr 0 00:00:00, Sys 0 00:00:00  -  Run Local Usage
		Usr 0 00:05:32, Sys 0 00:01:06  -  Total Remote Usage
		Usr 0 00:00:00, Sys 0 00:00:00  -  Total Local Usage
	0  -  Run Bytes Sent By Job
	0  -  Run Bytes Received By Job
	0  -  Total Bytes Sent By Job
	0  -  Total Bytes Received By Job
	Partitionable Resources :    Usage  Request Allocated
	   Cpus                 :                 1         1
	   Disk (KB)            :       15       15   2044710
	   Memory (MB)          :     7466     4096      4096
	   Multinode            :                           1
...
