000 (119648.102.000) 11/24 08:43:38 Job submitted from host: <172.20.12.20:41606>
...
001 (119648.102.000) 11/24 08:43:41 Job executing on host: <172.20.15.224:47884?noUDP>
...
006 (119648.102.000) 11/24 08:43:49 Image size of job updated: 136544
	134  -  MemoryUsage of job (MB)
	136544  -  ResidentSetSize of job (KB)
...
006 (119648.102.000) 11/24 08:47:04 Image size of job updated: 4251444
	134  -  MemoryUsage of job (MB)
	136544  -  ResidentSetSize of job (KB)
...
005 (119648.102.000) 11/24 08:47:04 Job terminated.
	(1) Normal termination (return value 0)
		Usr 0 00:02:57, Sys 0 00:00:23  -  Run Remote Usage
		Usr 0 00:00:00, Sys 0 00:00:00  -  Run Local Usage
		Usr 0 00:02:57, Sys 0 00:00:23  -  Total Remote Usage
		Usr 0 00:00:00, Sys 0 00:00:00  -  Total Local Usage
	0  -  Run Bytes Sent By Job
	0  -  Run Bytes Received By Job
	0  -  Total Bytes Sent By Job
	0  -  Total Bytes Received By Job
	Partitionable Resources :    Usage  Request Allocated
	   Cpus                 :                 1         1
	   Disk (KB)            :       15       15   2216836
	   Memory (MB)          :      134     4096      4096
	   Multinode            :                           1
...
