000 (119648.106.000) 11/24 08:43:38 Job submitted from host: <172.20.12.20:41606>
...
001 (119648.106.000) 11/24 08:43:42 Job executing on host: <172.20.15.150:48760?noUDP>
...
006 (119648.106.000) 11/24 08:43:51 Image size of job updated: 96748
	95  -  MemoryUsage of job (MB)
	96748  -  ResidentSetSize of job (KB)
...
006 (119648.106.000) 11/24 08:48:51 Image size of job updated: 1847364
	1805  -  MemoryUsage of job (MB)
	1847364  -  ResidentSetSize of job (KB)
...
006 (119648.106.000) 11/24 08:53:51 Image size of job updated: 3366976
	2901  -  MemoryUsage of job (MB)
	2969880  -  ResidentSetSize of job (KB)
...
006 (119648.106.000) 11/24 08:58:52 Image size of job updated: 6574312
	6033  -  MemoryUsage of job (MB)
	6177400  -  ResidentSetSize of job (KB)
...
006 (119648.106.000) 11/24 09:03:53 Image size of job updated: 38928212
	31381  -  MemoryUsage of job (MB)
	32133156  -  ResidentSetSize of job (KB)
...
006 (119648.106.000) 11/24 09:08:53 Image size of job updated: 60976684
	38965  -  MemoryUsage of job (MB)
	39899504  -  ResidentSetSize of job (KB)
...
006 (119648.106.000) 11/24 09:23:55 Image size of job updated: 67566204
	42592  -  MemoryUsage of job (MB)
	43613976  -  ResidentSetSize of job (KB)
...
005 (119648.106.000) 11/24 09:30:55 Job terminated.
	(1) Normal termination (return value 0)
		Usr 0 00:23:43, Sys 0 00:14:43  -  Run Remote Usage
		Usr 0 00:00:00, Sys 0 00:00:00  -  Run Local Usage
		Usr 0 00:23:43, Sys 0 00:14:43  -  Total Remote Usage
		Usr 0 00:00:00, Sys 0 00:00:00  -  Total Local Usage
	0  -  Run Bytes Sent By Job
	0  -  Run Bytes Received By Job
	0  -  Total Bytes Sent By Job
	0  -  Total Bytes Received By Job
	Partitionable Resources :    Usage  Request Allocated
	   Cpus                 :                 1         1
	   Disk (KB)            :       15       15   2224797
	   Memory (MB)          :    42592     4096      4096
	   Multinode            :                           1
...
