000 (119648.047.000) 11/24 08:43:38 Job submitted from host: <172.20.12.20:41606>
...
001 (119648.047.000) 11/24 08:43:40 Job executing on host: <172.20.15.85:41022?noUDP>
...
006 (119648.047.000) 11/24 08:43:48 Image size of job updated: 210516
	206  -  MemoryUsage of job (MB)
	210516  -  ResidentSetSize of job (KB)
...
006 (119648.047.000) 11/24 08:46:01 Image size of job updated: 2903692
	206  -  MemoryUsage of job (MB)
	210516  -  ResidentSetSize of job (KB)
...
005 (119648.047.000) 11/24 08:46:01 Job terminated.
	(1) Normal termination (return value 0)
		Usr 0 00:02:04, Sys 0 00:00:07  -  Run Remote Usage
		Usr 0 00:00:00, Sys 0 00:00:00  -  Run Local Usage
		Usr 0 00:02:04, Sys 0 00:00:07  -  Total Remote Usage
		Usr 0 00:00:00, Sys 0 00:00:00  -  Total Local Usage
	0  -  Run Bytes Sent By Job
	0  -  Run Bytes Received By Job
	0  -  Total Bytes Sent By Job
	0  -  Total Bytes Received By Job
	Partitionable Resources :    Usage  Request Allocated
	   Cpus                 :                 1         1
	   Disk (KB)            :       15       15   2100834
	   Memory (MB)          :      206     4096      4096
	   Multinode            :                           1
...
