000 (119648.134.000) 11/24 08:43:38 Job submitted from host: <172.20.12.20:41606>
...
001 (119648.134.000) 11/24 08:45:01 Job executing on host: <172.20.15.81:41022?noUDP>
...
006 (119648.134.000) 11/24 08:45:09 Image size of job updated: 210960
	207  -  MemoryUsage of job (MB)
	210960  -  ResidentSetSize of job (KB)
...
006 (119648.134.000) 11/24 08:46:16 Image size of job updated: 1665364
	207  -  MemoryUsage of job (MB)
	210960  -  ResidentSetSize of job (KB)
...
005 (119648.134.000) 11/24 08:46:16 Job terminated.
	(1) Normal termination (return value 0)
		Usr 0 00:01:05, Sys 0 00:00:04  -  Run Remote Usage
		Usr 0 00:00:00, Sys 0 00:00:00  -  Run Local Usage
		Usr 0 00:01:05, Sys 0 00:00:04  -  Total Remote Usage
		Usr 0 00:00:00, Sys 0 00:00:00  -  Total Local Usage
	0  -  Run Bytes Sent By Job
	0  -  Run Bytes Received By Job
	0  -  Total Bytes Sent By Job
	0  -  Total Bytes Received By Job
	Partitionable Resources :    Usage  Request Allocated
	   Cpus                 :                 1         1
	   Disk (KB)            :       15       15   1688909
	   Memory (MB)          :      207     4096      4096
	   Multinode            :                           1
...
