000 (119648.164.000) 11/24 08:43:38 Job submitted from host: <172.20.12.20:41606>
...
001 (119648.164.000) 11/24 08:45:01 Job executing on host: <172.20.15.204:49782?noUDP>
...
006 (119648.164.000) 11/24 08:45:10 Image size of job updated: 212448
	208  -  MemoryUsage of job (MB)
	212448  -  ResidentSetSize of job (KB)
...
006 (119648.164.000) 11/24 08:46:28 Image size of job updated: 2052012
	208  -  MemoryUsage of job (MB)
	212448  -  ResidentSetSize of job (KB)
...
005 (119648.164.000) 11/24 08:46:28 Job terminated.
	(1) Normal termination (return value 0)
		Usr 0 00:01:17, Sys 0 00:00:05  -  Run Remote Usage
		Usr 0 00:00:00, Sys 0 00:00:00  -  Run Local Usage
		Usr 0 00:01:17, Sys 0 00:00:05  -  Total Remote Usage
		Usr 0 00:00:00, Sys 0 00:00:00  -  Total Local Usage
	0  -  Run Bytes Sent By Job
	0  -  Run Bytes Received By Job
	0  -  Total Bytes Sent By Job
	0  -  Total Bytes Received By Job
	Partitionable Resources :    Usage  Request Allocated
	   Cpus                 :                 1         1
	   Disk (KB)            :       15       15   2221389
	   Memory (MB)          :      208     4096      4096
	   Multinode            :                           1
...
