000 (119648.117.000) 11/24 08:43:38 Job submitted from host: <172.20.12.20:41606>
...
001 (119648.117.000) 11/24 08:43:40 Job executing on host: <172.20.15.166:42117?noUDP>
...
006 (119648.117.000) 11/24 08:43:49 Image size of job updated: 210648
	206  -  MemoryUsage of job (MB)
	210648  -  ResidentSetSize of job (KB)
...
006 (119648.117.000) 11/24 08:48:50 Image size of job updated: 1408744
	1376  -  MemoryUsage of job (MB)
	1408744  -  ResidentSetSize of job (KB)
...
006 (119648.117.000) 11/24 08:53:50 Image size of job updated: 3708664
	3622  -  MemoryUsage of job (MB)
	3708664  -  ResidentSetSize of job (KB)
...
006 (119648.117.000) 11/24 08:58:50 Image size of job updated: 25690112
	23739  -  MemoryUsage of job (MB)
	24308428  -  ResidentSetSize of job (KB)
...
005 (119648.117.000) 11/24 09:10:51 Job terminated.
	(1) Normal termination (return value 0)
		Usr 0 00:14:52, Sys 0 00:11:32  -  Run Remote Usage
		Usr 0 00:00:00, Sys 0 00:00:00  -  Run Local Usage
		Usr 0 00:14:52, Sys 0 00:11:32  -  Total Remote Usage
		Usr 0 00:00:00, Sys 0 00:00:00  -  Total Local Usage
	0  -  Run Bytes Sent By Job
	0  -  Run Bytes Received By Job
	0  -  Total Bytes Sent By Job
	0  -  Total Bytes Received By Job
	Partitionable Resources :    Usage  Request Allocated
	   Cpus                 :                 1         1
	   Disk (KB)            :       15       15   2223288
	   Memory (MB)          :    23739     4096      4096
	   Multinode            :                           1
...
