000 (119648.161.000) 11/24 08:43:38 Job submitted from host: <172.20.12.20:41606>
...
001 (119648.161.000) 11/24 08:45:01 Job executing on host: <172.20.15.173:40657?noUDP>
...
006 (119648.161.000) 11/24 08:45:10 Image size of job updated: 23256
	23  -  MemoryUsage of job (MB)
	23256  -  ResidentSetSize of job (KB)
...
006 (119648.161.000) 11/24 08:50:11 Image size of job updated: 1159432
	1133  -  MemoryUsage of job (MB)
	1159432  -  ResidentSetSize of job (KB)
...
006 (119648.161.000) 11/24 08:51:31 Image size of job updated: 2490456
	1133  -  MemoryUsage of job (MB)
	1159432  -  ResidentSetSize of job (KB)
...
005 (119648.161.000) 11/24 08:51:31 Job terminated.
	(1) Normal termination (return value 0)
		Usr 0 00:01:37, Sys 0 00:04:50  -  Run Remote Usage
		Usr 0 00:00:00, Sys 0 00:00:00  -  Run Local Usage
		Usr 0 00:01:37, Sys 0 00:04:50  -  Total Remote Usage
		Usr 0 00:00:00, Sys 0 00:00:00  -  Total Local Usage
	0  -  Run Bytes Sent By Job
	0  -  Run Bytes Received By Job
	0  -  Total Bytes Sent By Job
	0  -  Total Bytes Received By Job
	Partitionable Resources :    Usage  Request Allocated
	   Cpus                 :                 1         1
	   Disk (KB)            :       15       15   2210892
	   Memory (MB)          :     1133     4096      4096
	   Multinode            :                           1
...
