000 (119648.166.000) 11/24 08:43:38 Job submitted from host: <172.20.12.20:41606>
...
001 (119648.166.000) 11/24 08:45:01 Job executing on host: <172.20.15.193:46059?noUDP>
...
006 (119648.166.000) 11/24 08:45:10 Image size of job updated: 210368
	206  -  MemoryUsage of job (MB)
	210368  -  ResidentSetSize of job (KB)
...
006 (119648.166.000) 11/24 08:50:11 Image size of job updated: 3903852
	3813  -  MemoryUsage of job (MB)
	3903852  -  ResidentSetSize of job (KB)
...
006 (119648.166.000) 11/24 08:55:12 Image size of job updated: 18150016
	17554  -  MemoryUsage of job (MB)
	17974764  -  ResidentSetSize of job (KB)
...
006 (119648.166.000) 11/24 09:00:12 Image size of job updated: 34233632
	32363  -  MemoryUsage of job (MB)
	33138860  -  ResidentSetSize of job (KB)
...
005 (119648.166.000) 11/24 09:04:20 Job terminated.
	(1) Normal termination (return value 0)
		Usr 0 00:13:39, Sys 0 00:04:15  -  Run Remote Usage
		Usr 0 00:00:00, Sys 0 00:00:00  -  Run Local Usage
		Usr 0 00:13:39, Sys 0 00:04:15  -  Total Remote Usage
		Usr 0 00:00:00, Sys 0 00:00:00  -  Total Local Usage
	0  -  Run Bytes Sent By Job
	0  -  Run Bytes Received By Job
	0  -  Total Bytes Sent By Job
	0  -  Total Bytes Received By Job
	Partitionable Resources :    Usage  Request Allocated
	   Cpus                 :                 1         1
	   Disk (KB)            :       15       15   2224124
	   Memory (MB)          :    32363     4096      4096
	   Multinode            :                           1
...
