000 (119648.030.000) 11/24 08:43:37 Job submitted from host: <172.20.12.20:41606>
...
001 (119648.030.000) 11/24 08:43:40 Job executing on host: <172.20.15.195:41825?noUDP>
...
006 (119648.030.000) 11/24 08:43:48 Image size of job updated: 211996
	208  -  MemoryUsage of job (MB)
	211996  -  ResidentSetSize of job (KB)
...
006 (119648.030.000) 11/24 08:48:48 Image size of job updated: 5096352
	4977  -  MemoryUsage of job (MB)
	5096352  -  ResidentSetSize of job (KB)
...
006 (119648.030.000) 11/24 08:53:49 Image size of job updated: 34219196
	29151  -  MemoryUsage of job (MB)
	29849780  -  ResidentSetSize of job (KB)
...
005 (119648.030.000) 11/24 09:05:23 Job terminated.
	(1) Normal termination (return value 0)
		Usr 0 00:17:01, Sys 0 00:02:31  -  Run Remote Usage
		Usr 0 00:00:00, Sys 0 00:00:00  -  Run Local Usage
		Usr 0 00:17:01, Sys 0 00:02:31  -  Total Remote Usage
		Usr 0 00:00:00, Sys 0 00:00:00  -  Total Local Usage
	0  -  Run Bytes Sent By Job
	0  -  Run Bytes Received By Job
	0  -  Total Bytes Sent By Job
	0  -  Total Bytes Received By Job
	Partitionable Resources :    Usage  Request Allocated
	   Cpus                 :                 1         1
	   Disk (KB)            :       15       15   2224972
	   Memory (MB)          :    29151     4096      4096
	   Multinode            :                           1
...
