000 (119648.018.000) 11/24 08:43:37 Job submitted from host: <172.20.12.20:41606>
...
001 (119648.018.000) 11/24 08:43:40 Job executing on host: <172.20.15.142:46132?noUDP>
...
006 (119648.018.000) 11/24 08:43:48 Image size of job updated: 210576
	206  -  MemoryUsage of job (MB)
	210576  -  ResidentSetSize of job (KB)
...
006 (119648.018.000) 11/24 08:44:45 Image size of job updated: 1443144
	206  -  MemoryUsage of job (MB)
	210576  -  ResidentSetSize of job (KB)
...
005 (119648.018.000) 11/24 08:44:45 Job terminated.
	(1) Normal termination (return value 0)
		Usr 0 00:00:56, Sys 0 00:00:04  -  Run Remote Usage
		Usr 0 00:00:00, Sys 0 00:00:00  -  Run Local Usage
		Usr 0 00:00:56, Sys 0 00:00:04  -  Total Remote Usage
		Usr 0 00:00:00, Sys 0 00:00:00  -  Total Local Usage
	0  -  Run Bytes Sent By Job
	0  -  Run Bytes Received By Job
	0  -  Total Bytes Sent By Job
	0  -  Total Bytes Received By Job
	Partitionable Resources :    Usage  Request Allocated
	   Cpus                 :                 1         1
	   Disk (KB)            :       15       15   2224093
	   Memory (MB)          :      206     4096      4096
	   Multinode            :                           1
...
