000 (119648.099.000) 11/24 08:43:38 Job submitted from host: <172.20.12.20:41606>
...
001 (119648.099.000) 11/24 08:43:41 Job executing on host: <172.20.15.189:47154?noUDP>
...
006 (119648.099.000) 11/24 08:43:50 Image size of job updated: 173268
	170  -  MemoryUsage of job (MB)
	173268  -  ResidentSetSize of job (KB)
...
006 (119648.099.000) 11/24 08:45:24 Image size of job updated: 1893440
	170  -  MemoryUsage of job (MB)
	173268  -  ResidentSetSize of job (KB)
...
005 (119648.099.000) 11/24 08:45:24 Job terminated.
	(1) Normal termination (return value 0)
		Usr 0 00:01:28, Sys 0 00:00:11  -  Run Remote Usage
		Usr 0 00:00:00, Sys 0 00:00:00  -  Run Local Usage
		Usr 0 00:01:28, Sys 0 00:00:11  -  Total Remote Usage
		Usr 0 00:00:00, Sys 0 00:00:00  -  Total Local Usage
	0  -  Run Bytes Sent By Job
	0  -  Run Bytes Received By Job
	0  -  Total Bytes Sent By Job
	0  -  Total Bytes Received By Job
	Partitionable Resources :    Usage  Request Allocated
	   Cpus                 :                 1         1
	   Disk (KB)            :       15       15   2192539
	   Memory (MB)          :      170     4096      4096
	   Multinode            :                           1
...
