000 (119648.116.000) 11/24 08:43:38 Job submitted from host: <172.20.12.20:41606>
...
001 (119648.116.000) 11/24 08:43:40 Job executing on host: <172.20.15.203:46497?noUDP>
...
006 (119648.116.000) 11/24 08:43:49 Image size of job updated: 209044
	205  -  MemoryUsage of job (MB)
	209044  -  ResidentSetSize of job (KB)
...
006 (119648.116.000) 11/24 08:48:50 Image size of job updated: 3166300
	3093  -  MemoryUsage of job (MB)
	3166300  -  ResidentSetSize of job (KB)
...
006 (119648.116.000) 11/24 08:53:50 Image size of job updated: 12766556
	12201  -  MemoryUsage of job (MB)
	12493156  -  ResidentSetSize of job (KB)
...
006 (119648.116.000) 11/24 08:58:50 Image size of job updated: 13099884
	12508  -  MemoryUsage of job (MB)
	12807288  -  ResidentSetSize of job (KB)
...
006 (119648.116.000) 11/24 08:59:42 Image size of job updated: 13206928
	12508  -  MemoryUsage of job (MB)
	12807288  -  ResidentSetSize of job (KB)
...
005 (119648.116.000) 11/24 08:59:42 Job terminated.
	(1) Normal termination (return value 0)
		Usr 0 00:09:26, Sys 0 00:05:20  -  Run Remote Usage
		Usr 0 00:00:00, Sys 0 00:00:00  -  Run Local Usage
		Usr 0 00:09:26, Sys 0 00:05:20  -  Total Remote Usage
		Usr 0 00:00:00, Sys 0 00:00:00  -  Total Local Usage
	0  -  Run Bytes Sent By Job
	0  -  Run Bytes Received By Job
	0  -  Total Bytes Sent By Job
	0  -  Total Bytes Received By Job
	Partitionable Resources :    Usage  Request Allocated
	   Cpus                 :                 1         1
	   Disk (KB)            :       15       15   2140332
	   Memory (MB)          :    12508     4096      4096
	   Multinode            :                           1
...
