000 (119648.109.000) 11/24 08:43:38 Job submitted from host: <172.20.12.20:41606>
...
001 (119648.109.000) 11/24 08:43:40 Job executing on host: <172.20.15.129:46351?noUDP>
...
006 (119648.109.000) 11/24 08:43:49 Image size of job updated: 117372
	115  -  MemoryUsage of job (MB)
	117372  -  ResidentSetSize of job (KB)
...
006 (119648.109.000) 11/24 08:48:50 Image size of job updated: 1304000
	1274  -  MemoryUsage of job (MB)
	1304000  -  ResidentSetSize of job (KB)
...
006 (119648.109.000) 11/24 08:53:50 Image size of job updated: 4601624
	4494  -  MemoryUsage of job (MB)
	4601624  -  ResidentSetSize of job (KB)
...
006 (119648.109.000) 11/24 08:58:50 Image size of job updated: 17324632
	16638  -  MemoryUsage of job (MB)
	17036804  -  ResidentSetSize of job (KB)
...
006 (119648.109.000) 11/24 09:03:51 Image size of job updated: 35722840
	32223  -  MemoryUsage of job (MB)
	32995652  -  ResidentSetSize of job (KB)
...
005 (119648.109.000) 11/24 09:08:05 Job terminated.
	(1) Normal termination (return value 0)
		Usr 0 00:13:33, Sys 0 00:09:07  -  Run Remote Usage
		Usr 0 00:00:00, Sys 0 00:00:00  -  Run Local Usage
		Usr 0 00:13:33, Sys 0 00:09:07  -  Total Remote Usage
		Usr 0 00:00:00, Sys 0 00:00:00  -  Total Local Usage
	0  -  Run Bytes Sent By Job
	0  -  Run Bytes Received By Job
	0  -  Total Bytes Sent By Job
	0  -  Total Bytes Received By Job
	Partitionable Resources :    Usage  Request Allocated
	   Cpus                 :                 1         1
	   Disk (KB)            :       15       15   2223180
	   Memory (MB)          :    32223     4096      4096
	   Multinode            :                           1
...
