000 (119648.011.000) 11/24 08:43:37 Job submitted from host: <172.20.12.20:41606>
...
001 (119648.011.000) 11/24 08:43:39 Job executing on host: <172.20.15.86:44745?noUDP>
...
006 (119648.011.000) 11/24 08:43:48 Image size of job updated: 208612
	204  -  MemoryUsage of job (MB)
	208612  -  ResidentSetSize of job (KB)
...
006 (119648.011.000) 11/24 08:45:23 Image size of job updated: 2352088
	204  -  MemoryUsage of job (MB)
	208612  -  ResidentSetSize of job (KB)
...
005 (119648.011.000) 11/24 08:45:23 Job terminated.
	(1) Normal termination (return value 0)
		Usr 0 00:01:30, Sys 0 00:00:06  -  Run Remote Usage
		Usr 0 00:00:00, Sys 0 00:00:00  -  Run Local Usage
		Usr 0 00:01:30, Sys 0 00:00:06  -  Total Remote Usage
		Usr 0 00:00:00, Sys 0 00:00:00  -  Total Local Usage
	0  -  Run Bytes Sent By Job
	0  -  Run Bytes Received By Job
	0  -  Total Bytes Sent By Job
	0  -  Total Bytes Received By Job
	Partitionable Resources :    Usage  Request Allocated
	   Cpus                 :                 1         1
	   Disk (KB)            :       15       15   2184106
	   Memory (MB)          :      204     4096      4096
	   Multinode            :                           1
...
