000 (119648.050.000) 11/24 08:43:38 Job submitted from host: <172.20.12.20:41606>
...
001 (119648.050.000) 11/24 08:43:40 Job executing on host: <172.20.15.228:44891?noUDP>
...
006 (119648.050.000) 11/24 08:43:48 Image size of job updated: 212080
	208  -  MemoryUsage of job (MB)
	212080  -  ResidentSetSize of job (KB)
...
006 (119648.050.000) 11/24 08:46:02 Image size of job updated: 2995968
	208  -  MemoryUsage of job (MB)
	212080  -  ResidentSetSize of job (KB)
...
005 (119648.050.000) 11/24 08:46:02 Job terminated.
	(1) Normal termination (return value 0)
		Usr 0 00:02:02, Sys 0 00:00:08  -  Run Remote Usage
		Usr 0 00:00:00, Sys 0 00:00:00  -  Run Local Usage
		Usr 0 00:02:02, Sys 0 00:00:08  -  Total Remote Usage
		Usr 0 00:00:00, Sys 0 00:00:00  -  Total Local Usage
	0  -  Run Bytes Sent By Job
	0  -  Run Bytes Received By Job
	0  -  Total Bytes Sent By Job
	0  -  Total Bytes Received By Job
	Partitionable Resources :    Usage  Request Allocated
	   Cpus                 :                 1         1
	   Disk (KB)            :       15       15   1411980
	   Memory (MB)          :      208     4096      4096
	   Multinode            :                           1
...
