000 (119648.149.000) 11/24 08:43:38 Job submitted from host: <172.20.12.20:41606>
...
001 (119648.149.000) 11/24 08:45:01 Job executing on host: <172.20.15.146:44161?noUDP>
...
006 (119648.149.000) 11/24 08:45:10 Image size of job updated: 224116
	219  -  MemoryUsage of job (MB)
	224116  -  ResidentSetSize of job (KB)
...
006 (119648.149.000) 11/24 08:48:21 Image size of job updated: 3184468
	219  -  MemoryUsage of job (MB)
	224116  -  ResidentSetSize of job (KB)
...
005 (119648.149.000) 11/24 08:48:21 Job terminated.
	(1) Normal termination (return value 0)
		Usr 0 00:03:03, Sys 0 00:00:13  -  Run Remote Usage
		Usr 0 00:00:00, Sys 0 00:00:00  -  Run Local Usage
		Usr 0 00:03:03, Sys 0 00:00:13  -  Total Remote Usage
		Usr 0 00:00:00, Sys 0 00:00:00  -  Total Local Usage
	0  -  Run Bytes Sent By Job
	0  -  Run Bytes Received By Job
	0  -  Total Bytes Sent By Job
	0  -  Total Bytes Received By Job
	Partitionable Resources :    Usage  Request Allocated
	   Cpus                 :                 1         1
	   Disk (KB)            :       15       15   2223735
	   Memory (MB)          :      219     4096      4096
	   Multinode            :                           1
...
