000 (119648.080.000) 11/24 08:43:38 Job submitted from host: <172.20.12.20:41606>
...
001 (119648.080.000) 11/24 08:43:40 Job executing on host: <172.20.15.133:43358?noUDP>
...
006 (119648.080.000) 11/24 08:43:49 Image size of job updated: 212548
	208  -  MemoryUsage of job (MB)
	212548  -  ResidentSetSize of job (KB)
...
006 (119648.080.000) 11/24 08:44:50 Image size of job updated: 1709824
	208  -  MemoryUsage of job (MB)
	212548  -  ResidentSetSize of job (KB)
...
005 (119648.080.000) 11/24 08:44:50 Job terminated.
	(1) Normal termination (return value 0)
		Usr 0 00:00:59, Sys 0 00:00:04  -  Run Remote Usage
		Usr 0 00:00:00, Sys 0 00:00:00  -  Run Local Usage
		Usr 0 00:00:59, Sys 0 00:00:04  -  Total Remote Usage
		Usr 0 00:00:00, Sys 0 00:00:00  -  Total Local Usage
	0  -  Run Bytes Sent By Job
	0  -  Run Bytes Received By Job
	0  -  Total Bytes Sent By Job
	0  -  Total Bytes Received By Job
	Partitionable Resources :    Usage  Request Allocated
	   Cpus                 :                 1         1
	   Disk (KB)            :       15       15   2211050
	   Memory (MB)          :      208     4096      4096
	   Multinode            :                           1
...
