000 (119648.027.000) 11/24 08:43:37 Job submitted from host: <172.20.12.20:41606>
...
001 (119648.027.000) 11/24 08:43:40 Job executing on host: <172.20.15.187:44599?noUDP>
...
006 (119648.027.000) 11/24 08:43:48 Image size of job updated: 210568
	206  -  MemoryUsage of job (MB)
	210568  -  ResidentSetSize of job (KB)
...
006 (119648.027.000) 11/24 08:48:48 Image size of job updated: 13503268
	13187  -  MemoryUsage of job (MB)
	13503268  -  ResidentSetSize of job (KB)
...
005 (119648.027.000) 11/24 08:53:37 Job terminated.
	(1) Normal termination (return value 0)
		Usr 0 00:09:06, Sys 0 00:00:41  -  Run Remote Usage
		Usr 0 00:00:00, Sys 0 00:00:00  -  Run Local Usage
		Usr 0 00:09:06, Sys 0 00:00:41  -  Total Remote Usage
		Usr 0 00:00:00, Sys 0 00:00:00  -  Total Local Usage
	0  -  Run Bytes Sent By Job
	0  -  Run Bytes Received By Job
	0  -  Total Bytes Sent By Job
	0  -  Total Bytes Received By Job
	Partitionable Resources :    Usage  Request Allocated
	   Cpus                 :                 1         1
	   Disk (KB)            :       15       15   2224939
	   Memory (MB)          :    13187     4096      4096
	   Multinode            :                           1
...
