000 (119648.142.000) 11/24 08:43:38 Job submitted from host: <172.20.12.20:41606>
...
001 (119648.142.000) 11/24 08:45:01 Job executing on host: <172.20.15.131:40876?noUDP>
...
006 (119648.142.000) 11/24 08:45:10 Image size of job updated: 212544
	208  -  MemoryUsage of job (MB)
	212544  -  ResidentSetSize of job (KB)
...
006 (119648.142.000) 11/24 08:50:11 Image size of job updated: 17380584
	16944  -  MemoryUsage of job (MB)
	17349768  -  ResidentSetSize of job (KB)
...
006 (119648.142.000) 11/24 08:55:12 Image size of job updated: 20568272
	19782  -  MemoryUsage of job (MB)
	20256732  -  ResidentSetSize of job (KB)
...
005 (119648.142.000) 11/24 08:56:08 Job terminated.
	(1) Normal termination (return value 0)
		Usr 0 00:08:08, Sys 0 00:02:45  -  Run Remote Usage
		Usr 0 00:00:00, Sys 0 00:00:00  -  Run Local Usage
		Usr 0 00:08:08, Sys 0 00:02:45  -  Total Remote Usage
		Usr 0 00:00:00, Sys 0 00:00:00  -  Total Local Usage
	0  -  Run Bytes Sent By Job
	0  -  Run Bytes Received By Job
	0  -  Total Bytes Sent By Job
	0  -  Total Bytes Received By Job
	Partitionable Resources :    Usage  Request Allocated
	   Cpus                 :                 1         1
	   Disk (KB)            :       15       15   2055929
	   Memory (MB)          :    19782     4096      4096
	   Multinode            :                           1
...
