000 (119648.081.000) 11/24 08:43:38 Job submitted from host: <172.20.12.20:41606>
...
001 (119648.081.000) 11/24 08:43:42 Job executing on host: <172.20.15.184:45329?noUDP>
...
006 (119648.081.000) 11/24 08:43:50 Image size of job updated: 206760
	201  -  MemoryUsage of job (MB)
	204952  -  ResidentSetSize of job (KB)
...
006 (119648.081.000) 11/24 08:46:31 Image size of job updated: 3234304
	201  -  MemoryUsage of job (MB)
	204952  -  ResidentSetSize of job (KB)
...
005 (119648.081.000) 11/24 08:46:31 Job terminated.
	(1) Normal termination (return value 0)
		Usr 0 00:02:15, Sys 0 00:00:27  -  Run Remote Usage
		Usr 0 00:00:00, Sys 0 00:00:00  -  Run Local Usage
		Usr 0 00:02:15, Sys 0 00:00:27  -  Total Remote Usage
		Usr 0 00:00:00, Sys 0 00:00:00  -  Total Local Usage
	0  -  Run Bytes Sent By Job
	0  -  Run Bytes Received By Job
	0  -  Total Bytes Sent By Job
	0  -  Total Bytes Received By Job
	Partitionable Resources :    Usage  Request Allocated
	   Cpus                 :                 1         1
	   Disk (KB)            :       15       15   2221316
	   Memory (MB)          :      201     4096      4096
	   Multinode            :                           1
...
