000 (119648.068.000) 11/24 08:43:38 Job submitted from host: <172.20.12.20:41606>
...
001 (119648.068.000) 11/24 08:43:40 Job executing on host: <172.20.15.191:46789?noUDP>
...
006 (119648.068.000) 11/24 08:43:48 Image size of job updated: 210544
	206  -  MemoryUsage of job (MB)
	210544  -  ResidentSetSize of job (KB)
...
006 (119648.068.000) 11/24 08:48:48 Image size of job updated: 2546088
	2487  -  MemoryUsage of job (MB)
	2546088  -  ResidentSetSize of job (KB)
...
006 (119648.068.000) 11/24 08:53:49 Image size of job updated: 14612124
	13990  -  MemoryUsage of job (MB)
	14324840  -  ResidentSetSize of job (KB)
...
005 (119648.068.000) 11/24 08:55:02 Job terminated.
	(1) Normal termination (return value 0)
		Usr 0 00:05:57, Sys 0 00:05:16  -  Run Remote Usage
		Usr 0 00:00:00, Sys 0 00:00:00  -  Run Local Usage
		Usr 0 00:05:57, Sys 0 00:05:16  -  Total Remote Usage
		Usr 0 00:00:00, Sys 0 00:00:00  -  Total Local Usage
	0  -  Run Bytes Sent By Job
	0  -  Run Bytes Received By Job
	0  -  Total Bytes Sent By Job
	0  -  Total Bytes Received By Job
	Partitionable Resources :    Usage  Request Allocated
	   Cpus                 :                 1         1
	   Disk (KB)            :       15       15   2223322
	   Memory (MB)          :    13990     4096      4096
	   Multinode            :                           1
...
