000 (119648.041.000) 11/24 08:43:38 Job submitted from host: <172.20.12.20:41606>
...
001 (119648.041.000) 11/24 08:43:40 Job executing on host: <172.20.15.173:40657?noUDP>
...
006 (119648.041.000) 11/24 08:43:48 Image size of job updated: 220224
	210  -  MemoryUsage of job (MB)
	214084  -  ResidentSetSize of job (KB)
...
006 (119648.041.000) 11/24 08:48:48 Image size of job updated: 1039764
	1010  -  MemoryUsage of job (MB)
	1033616  -  ResidentSetSize of job (KB)
...
006 (119648.041.000) 11/24 08:53:49 Image size of job updated: 2419892
	2358  -  MemoryUsage of job (MB)
	2413748  -  ResidentSetSize of job (KB)
...
006 (119648.041.000) 11/24 08:58:50 Image size of job updated: 3955892
	3858  -  MemoryUsage of job (MB)
	3949748  -  ResidentSetSize of job (KB)
...
006 (119648.041.000) 11/24 09:03:50 Image size of job updated: 5518660
	5384  -  MemoryUsage of job (MB)
	5512516  -  ResidentSetSize of job (KB)
...
006 (119648.041.000) 11/24 09:08:50 Image size of job updated: 51496748
	47392  -  MemoryUsage of job (MB)
	48528744  -  ResidentSetSize of job (KB)
...
006 (119648.041.000) 11/24 09:13:51 Image size of job updated: 60072740
	51937  -  MemoryUsage of job (MB)
	53183456  -  ResidentSetSize of job (KB)
...
006 (119648.041.000) 11/24 09:28:52 Image size of job updated: 67253252
	64604  -  MemoryUsage of job (MB)
	66154356  -  ResidentSetSize of job (KB)
...
005 (119648.041.000) 11/24 09:40:21 Job terminated.
	(1) Normal termination (return value 0)
		Usr 0 00:31:08, Sys 0 00:21:22  -  Run Remote Usage
		Usr 0 00:00:00, Sys 0 00:00:00  -  Run Local Usage
		Usr 0 00:31:08, Sys 0 00:21:22  -  Total Remote Usage
		Usr 0 00:00:00, Sys 0 00:00:00  -  Total Local Usage
	0  -  Run Bytes Sent By Job
	0  -  Run Bytes Received By Job
	0  -  Total Bytes Sent By Job
	0  -  Total Bytes Received By Job
	Partitionable Resources :    Usage  Request Allocated
	   Cpus                 :                 1         1
	   Disk (KB)            :       15       15   2210892
	   Memory (MB)          :    64604     4096      4096
	   Multinode            :                           1
...
