000 (119648.112.000) 11/24 08:43:38 Job submitted from host: <172.20.12.20:41606>
...
001 (119648.112.000) 11/24 08:43:40 Job executing on host: <172.20.15.192:40876?noUDP>
...
006 (119648.112.000) 11/24 08:43:49 Image size of job updated: 206612
	202  -  MemoryUsage of job (MB)
	206612  -  ResidentSetSize of job (KB)
...
006 (119648.112.000) 11/24 08:48:50 Image size of job updated: 1637300
	1599  -  MemoryUsage of job (MB)
	1637300  -  ResidentSetSize of job (KB)
...
006 (119648.112.000) 11/24 08:53:50 Image size of job updated: 3255984
	3180  -  MemoryUsage of job (MB)
	3255984  -  ResidentSetSize of job (KB)
...
006 (119648.112.000) 11/24 08:58:50 Image size of job updated: 4791984
	4680  -  MemoryUsage of job (MB)
	4791984  -  ResidentSetSize of job (KB)
...
006 (119648.112.000) 11/24 09:03:51 Image size of job updated: 5642560
	5511  -  MemoryUsage of job (MB)
	5642560  -  ResidentSetSize of job (KB)
...
006 (119648.112.000) 11/24 09:08:51 Image size of job updated: 59733044
	46275  -  MemoryUsage of job (MB)
	47385128  -  ResidentSetSize of job (KB)
...
006 (119648.112.000) 11/24 09:13:51 Image size of job updated: 80015592
	58880  -  MemoryUsage of job (MB)
	60292396  -  ResidentSetSize of job (KB)
...
006 (119648.112.000) 11/24 09:18:52 Image size of job updated: 97445988
	58880  -  MemoryUsage of job (MB)
	60292396  -  ResidentSetSize of job (KB)
...
006 (119648.112.000) 11/24 09:43:55 Image size of job updated: 97445988
	60254  -  MemoryUsage of job (MB)
	61699312  -  ResidentSetSize of job (KB)
...
006 (119648.112.000) 11/24 09:53:56 Image size of job updated: 105780300
	60254  -  MemoryUsage of job (MB)
	61699312  -  ResidentSetSize of job (KB)
...
006 (119648.112.000) 11/24 09:58:56 Image size of job updated: 118714464
	60254  -  MemoryUsage of job (MB)
	61699312  -  ResidentSetSize of job (KB)
...
005 (119648.112.000) 11/24 10:15:52 Job terminated.
	(1) Normal termination (return value 0)
		Usr 0 00:40:57, Sys 0 00:17:35  -  Run Remote Usage
		Usr 0 00:00:00, Sys 0 00:00:00  -  Run Local Usage
		Usr 0 00:40:57, Sys 0 00:17:35  -  Total Remote Usage
		Usr 0 00:00:00, Sys 0 00:00:00  -  Total Local Usage
	0  -  Run Bytes Sent By Job
	0  -  Run Bytes Received By Job
	0  -  Total Bytes Sent By Job
	0  -  Total Bytes Received By Job
	Partitionable Resources :    Usage  Request Allocated
	   Cpus                 :                 1         1
	   Disk (KB)            :       15       15   2259407
	   Memory (MB)          :    60254     4096      4096
	   Multinode            :                           1
...
