000 (119648.029.000) 11/24 08:43:37 Job submitted from host: <172.20.12.20:41606>
...
001 (119648.029.000) 11/24 08:43:40 Job executing on host: <172.20.15.194:40949?noUDP>
...
006 (119648.029.000) 11/24 08:43:48 Image size of job updated: 211768
	207  -  MemoryUsage of job (MB)
	211768  -  ResidentSetSize of job (KB)
...
006 (119648.029.000) 11/24 08:48:48 Image size of job updated: 3345560
	3268  -  MemoryUsage of job (MB)
	3345560  -  ResidentSetSize of job (KB)
...
006 (119648.029.000) 11/24 08:53:48 Image size of job updated: 4881560
	4768  -  MemoryUsage of job (MB)
	4881560  -  ResidentSetSize of job (KB)
...
006 (119648.029.000) 11/24 08:58:49 Image size of job updated: 7234492
	7065  -  MemoryUsage of job (MB)
	7234492  -  ResidentSetSize of job (KB)
...
006 (119648.029.000) 11/24 09:03:49 Image size of job updated: 7953560
	7065  -  MemoryUsage of job (MB)
	7234492  -  ResidentSetSize of job (KB)
...
006 (119648.029.000) 11/24 09:13:50 Image size of job updated: 9934884
	7065  -  MemoryUsage of job (MB)
	7234492  -  ResidentSetSize of job (KB)
...
006 (119648.029.000) 11/24 09:18:51 Image size of job updated: 17408036
	15644  -  MemoryUsage of job (MB)
	16018632  -  ResidentSetSize of job (KB)
...
006 (119648.029.000) 11/24 09:23:51 Image size of job updated: 56807340
	31377  -  MemoryUsage of job (MB)
	32130020  -  ResidentSetSize of job (KB)
...
006 (119648.029.000) 11/24 09:28:13 Image size of job updated: 64306768
	31377  -  MemoryUsage of job (MB)
	32130020  -  ResidentSetSize of job (KB)
...
005 (119648.029.000) 11/24 09:28:13 Job terminated.
	(0) Abnormal termination (signal 9)
	(0) No core file
		Usr 0 00:24:03, Sys 0 00:11:16  -  Run Remote Usage
		Usr 0 00:00:00, Sys 0 00:00:00  -  Run Local Usage
		Usr 0 00:24:03, Sys 0 00:11:16  -  Total Remote Usage
		Usr 0 00:00:00, Sys 0 00:00:00  -  Total Local Usage
	0  -  Run Bytes Sent By Job
	0  -  Run Bytes Received By Job
	0  -  Total Bytes Sent By Job
	0  -  Total Bytes Received By Job
	Partitionable Resources :    Usage  Request Allocated
	   Cpus                 :                 1         1
	   Disk (KB)            :       15       15   2167656
	   Memory (MB)          :    31377     4096      4096
	   Multinode            :                           1
...
