000 (119648.104.000) 11/24 08:43:38 Job submitted from host: <172.20.12.20:41606>
...
001 (119648.104.000) 11/24 08:43:40 Job executing on host: <172.20.15.171:44453?noUDP>
...
006 (119648.104.000) 11/24 08:43:49 Image size of job updated: 319952
	313  -  MemoryUsage of job (MB)
	319952  -  ResidentSetSize of job (KB)
...
006 (119648.104.000) 11/24 08:48:50 Image size of job updated: 15812028
	15442  -  MemoryUsage of job (MB)
	15812028  -  ResidentSetSize of job (KB)
...
005 (119648.104.000) 11/24 08:53:01 Job terminated.
	(1) Normal termination (return value 0)
		Usr 0 00:07:34, Sys 0 00:01:44  -  Run Remote Usage
		Usr 0 00:00:00, Sys 0 00:00:00  -  Run Local Usage
		Usr 0 00:07:34, Sys 0 00:01:44  -  Total Remote Usage
		Usr 0 00:00:00, Sys 0 00:00:00  -  Total Local Usage
	0  -  Run Bytes Sent By Job
	0  -  Run Bytes Received By Job
	0  -  Total Bytes Sent By Job
	0  -  Total Bytes Received By Job
	Partitionable Resources :    Usage  Request Allocated
	   Cpus                 :                 1         1
	   Disk (KB)            :       15       15   2148233
	   Memory (MB)          :    15442     4096      4096
	   Multinode            :                           1
...
