000 (119648.138.000) 11/24 08:43:38 Job submitted from host: <172.20.12.20:41606>
...
001 (119648.138.000) 11/24 08:45:01 Job executing on host: <172.20.15.74:43650?noUDP>
...
006 (119648.138.000) 11/24 08:45:09 Image size of job updated: 209044
	205  -  MemoryUsage of job (MB)
	209044  -  ResidentSetSize of job (KB)
...
006 (119648.138.000) 11/24 08:50:09 Image size of job updated: 20272588
	19798  -  MemoryUsage of job (MB)
	20272588  -  ResidentSetSize of job (KB)
...
006 (119648.138.000) 11/24 09:00:10 Image size of job updated: 47487740
	43913  -  MemoryUsage of job (MB)
	44966532  -  ResidentSetSize of job (KB)
...
005 (119648.138.000) 11/24 09:02:59 Job terminated.
	(1) Normal termination (return value 0)
		Usr 0 00:16:10, Sys 0 00:01:06  -  Run Remote Usage
		Usr 0 00:00:00, Sys 0 00:00:00  -  Run Local Usage
		Usr 0 00:16:10, Sys 0 00:01:06  -  Total Remote Usage
		Usr 0 00:00:00, Sys 0 00:00:00  -  Total Local Usage
	0  -  Run Bytes Sent By Job
	0  -  Run Bytes Received By Job
	0  -  Total Bytes Sent By Job
	0  -  Total Bytes Received By Job
	Partitionable Resources :    Usage  Request Allocated
	   Cpus                 :                 1         1
	   Disk (KB)            :       15       15   2220979
	   Memory (MB)          :    43913     4096      4096
	   Multinode            :                           1
...
