000 (119648.031.000) 11/24 08:43:37 Job submitted from host: <172.20.12.20:41606>
...
001 (119648.031.000) 11/24 08:43:40 Job executing on host: <172.20.15.196:49052?noUDP>
...
006 (119648.031.000) 11/24 08:43:48 Image size of job updated: 210552
	206  -  MemoryUsage of job (MB)
	210552  -  ResidentSetSize of job (KB)
...
006 (119648.031.000) 11/24 08:48:48 Image size of job updated: 17728152
	17313  -  MemoryUsage of job (MB)
	17728152  -  ResidentSetSize of job (KB)
...
005 (119648.031.000) 11/24 09:00:02 Job terminated.
	(1) Normal termination (return value 0)
		Usr 0 00:11:23, Sys 0 00:04:33  -  Run Remote Usage
		Usr 0 00:00:00, Sys 0 00:00:00  -  Run Local Usage
		Usr 0 00:11:23, Sys 0 00:04:33  -  Total Remote Usage
		Usr 0 00:00:00, Sys 0 00:00:00  -  Total Local Usage
	0  -  Run Bytes Sent By Job
	0  -  Run Bytes Received By Job
	0  -  Total Bytes Sent By Job
	0  -  Total Bytes Received By Job
	Partitionable Resources :    Usage  Request Allocated
	   Cpus                 :                 1         1
	   Disk (KB)            :       15       15   2192048
	   Memory (MB)          :    17313     4096      4096
	   Multinode            :                           1
...
