000 (119648.096.000) 11/24 08:43:38 Job submitted from host: <172.20.12.20:41606>
...
001 (119648.096.000) 11/24 08:43:40 Job executing on host: <172.20.15.79:40219?noUDP>
...
006 (119648.096.000) 11/24 08:43:49 Image size of job updated: 212712
	208  -  MemoryUsage of job (MB)
	212712  -  ResidentSetSize of job (KB)
...
006 (119648.096.000) 11/24 08:48:50 Image size of job updated: 4379872
	4278  -  MemoryUsage of job (MB)
	4379872  -  ResidentSetSize of job (KB)
...
006 (119648.096.000) 11/24 08:53:50 Image size of job updated: 38737968
	25375  -  MemoryUsage of job (MB)
	25983896  -  ResidentSetSize of job (KB)
...
006 (119648.096.000) 11/24 09:03:51 Image size of job updated: 38737968
	25847  -  MemoryUsage of job (MB)
	26466948  -  ResidentSetSize of job (KB)
...
005 (119648.096.000) 11/24 09:11:22 Job terminated.
	(1) Normal termination (return value 0)
		Usr 0 00:15:15, Sys 0 00:05:24  -  Run Remote Usage
		Usr 0 00:00:00, Sys 0 00:00:00  -  Run Local Usage
		Usr 0 00:15:15, Sys 0 00:05:24  -  Total Remote Usage
		Usr 0 00:00:00, Sys 0 00:00:00  -  Total Local Usage
	0  -  Run Bytes Sent By Job
	0  -  Run Bytes Received By Job
	0  -  Total Bytes Sent By Job
	0  -  Total Bytes Received By Job
	Partitionable Resources :    Usage  Request Allocated
	   Cpus                 :                 1         1
	   Disk (KB)            :       15       15   2217859
	   Memory (MB)          :    25847     4096      4096
	   Multinode            :                           1
...
