000 (119648.153.000) 11/24 08:43:38 Job submitted from host: <172.20.12.20:41606>
...
001 (119648.153.000) 11/24 08:45:01 Job executing on host: <172.20.15.194:40949?noUDP>
...
006 (119648.153.000) 11/24 08:45:10 Image size of job updated: 212712
	208  -  MemoryUsage of job (MB)
	212712  -  ResidentSetSize of job (KB)
...
006 (119648.153.000) 11/24 08:50:11 Image size of job updated: 2265632
	2213  -  MemoryUsage of job (MB)
	2265632  -  ResidentSetSize of job (KB)
...
006 (119648.153.000) 11/24 08:55:12 Image size of job updated: 4295836
	4196  -  MemoryUsage of job (MB)
	4295836  -  ResidentSetSize of job (KB)
...
006 (119648.153.000) 11/24 09:00:12 Image size of job updated: 9066144
	8854  -  MemoryUsage of job (MB)
	9066144  -  ResidentSetSize of job (KB)
...
006 (119648.153.000) 11/24 09:05:12 Image size of job updated: 53308408
	45419  -  MemoryUsage of job (MB)
	46508864  -  ResidentSetSize of job (KB)
...
006 (119648.153.000) 11/24 09:10:13 Image size of job updated: 72726168
	53793  -  MemoryUsage of job (MB)
	55083384  -  ResidentSetSize of job (KB)
...
006 (119648.153.000) 11/24 09:15:13 Image size of job updated: 72738524
	53793  -  MemoryUsage of job (MB)
	55083384  -  ResidentSetSize of job (KB)
...
006 (119648.153.000) 11/24 09:40:16 Image size of job updated: 74218224
	62465  -  MemoryUsage of job (MB)
	63963272  -  ResidentSetSize of job (KB)
...
006 (119648.153.000) 11/24 09:45:17 Image size of job updated: 88575924
	62465  -  MemoryUsage of job (MB)
	63963272  -  ResidentSetSize of job (KB)
...
005 (119648.153.000) 11/24 09:58:37 Job terminated.
	(1) Normal termination (return value 0)
		Usr 0 00:35:34, Sys 0 00:12:52  -  Run Remote Usage
		Usr 0 00:00:00, Sys 0 00:00:00  -  Run Local Usage
		Usr 0 00:35:34, Sys 0 00:12:52  -  Total Remote Usage
		Usr 0 00:00:00, Sys 0 00:00:00  -  Total Local Usage
	0  -  Run Bytes Sent By Job
	0  -  Run Bytes Received By Job
	0  -  Total Bytes Sent By Job
	0  -  Total Bytes Received By Job
	Partitionable Resources :    Usage  Request Allocated
	   Cpus                 :                 1         1
	   Disk (KB)            :       15       15   2167656
	   Memory (MB)          :    62465     4096      4096
	   Multinode            :                           1
...
