000 (119648.033.000) 11/24 08:43:37 Job submitted from host: <172.20.12.20:41606>
...
001 (119648.033.000) 11/24 08:43:40 Job executing on host: <172.20.15.141:42190?noUDP>
...
006 (119648.033.000) 11/24 08:43:48 Image size of job updated: 212296
	208  -  MemoryUsage of job (MB)
	212296  -  ResidentSetSize of job (KB)
...
006 (119648.033.000) 11/24 08:48:48 Image size of job updated: 2148968
	2099  -  MemoryUsage of job (MB)
	2148968  -  ResidentSetSize of job (KB)
...
006 (119648.033.000) 11/24 08:53:49 Image size of job updated: 19491100
	17799  -  MemoryUsage of job (MB)
	18225356  -  ResidentSetSize of job (KB)
...
006 (119648.033.000) 11/24 08:58:50 Image size of job updated: 19491100
	18685  -  MemoryUsage of job (MB)
	19133256  -  ResidentSetSize of job (KB)
...
006 (119648.033.000) 11/24 09:03:50 Image size of job updated: 21012176
	20173  -  MemoryUsage of job (MB)
	20656688  -  ResidentSetSize of job (KB)
...
005 (119648.033.000) 11/24 09:04:45 Job terminated.
	(1) Normal termination (return value 0)
		Usr 0 00:16:29, Sys 0 00:04:09  -  Run Remote Usage
		Usr 0 00:00:00, Sys 0 00:00:00  -  Run Local Usage
		Usr 0 00:16:29, Sys 0 00:04:09  -  Total Remote Usage
		Usr 0 00:00:00, Sys 0 00:00:00  -  Total Local Usage
	0  -  Run Bytes Sent By Job
	0  -  Run Bytes Received By Job
	0  -  Total Bytes Sent By Job
	0  -  Total Bytes Received By Job
	Partitionable Resources :    Usage  Request Allocated
	   Cpus                 :                 1         1
	   Disk (KB)            :       15       15   2222506
	   Memory (MB)          :    20173     4096      4096
	   Multinode            :                           1
...
