000 (119648.014.000) 11/24 08:43:37 Job submitted from host: <172.20.12.20:41606>
...
001 (119648.014.000) 11/24 08:43:40 Job executing on host: <172.20.15.53:49125?noUDP>
...
006 (119648.014.000) 11/24 08:43:48 Image size of job updated: 210544
	206  -  MemoryUsage of job (MB)
	210544  -  ResidentSetSize of job (KB)
...
006 (119648.014.000) 11/24 08:45:17 Image size of job updated: 2183108
	206  -  MemoryUsage of job (MB)
	210544  -  ResidentSetSize of job (KB)
...
005 (119648.014.000) 11/24 08:45:17 Job terminated.
	(1) Normal termination (return value 0)
		Usr 0 00:01:26, Sys 0 00:00:05  -  Run Remote Usage
		Usr 0 00:00:00, Sys 0 00:00:00  -  Run Local Usage
		Usr 0 00:01:26, Sys 0 00:00:05  -  Total Remote Usage
		Usr 0 00:00:00, Sys 0 00:00:00  -  Total Local Usage
	0  -  Run Bytes Sent By Job
	0  -  Run Bytes Received By Job
	0  -  Total Bytes Sent By Job
	0  -  Total Bytes Received By Job
	Partitionable Resources :    Usage  Request Allocated
	   Cpus                 :                 1         1
	   Disk (KB)            :       15       15   2191824
	   Memory (MB)          :      206     4096      4096
	   Multinode            :                           1
...
