000 (119648.042.000) 11/24 08:43:38 Job submitted from host: <172.20.12.20:41606>
...
001 (119648.042.000) 11/24 08:43:40 Job executing on host: <172.20.15.63:46351?noUDP>
...
006 (119648.042.000) 11/24 08:43:48 Image size of job updated: 210536
	206  -  MemoryUsage of job (MB)
	210536  -  ResidentSetSize of job (KB)
...
006 (119648.042.000) 11/24 08:48:48 Image size of job updated: 1436924
	1404  -  MemoryUsage of job (MB)
	1436924  -  ResidentSetSize of job (KB)
...
006 (119648.042.000) 11/24 08:53:49 Image size of job updated: 2204924
	2154  -  MemoryUsage of job (MB)
	2204924  -  ResidentSetSize of job (KB)
...
006 (119648.042.000) 11/24 08:58:50 Image size of job updated: 28149772
	27491  -  MemoryUsage of job (MB)
	28149772  -  ResidentSetSize of job (KB)
...
005 (119648.042.000) 11/24 09:16:48 Job terminated.
	(1) Normal termination (return value 0)
		Usr 0 00:19:31, Sys 0 00:12:24  -  Run Remote Usage
		Usr 0 00:00:00, Sys 0 00:00:00  -  Run Local Usage
		Usr 0 00:19:31, Sys 0 00:12:24  -  Total Remote Usage
		Usr 0 00:00:00, Sys 0 00:00:00  -  Total Local Usage
	0  -  Run Bytes Sent By Job
	0  -  Run Bytes Received By Job
	0  -  Total Bytes Sent By Job
	0  -  Total Bytes Received By Job
	Partitionable Resources :    Usage  Request Allocated
	   Cpus                 :                 1         1
	   Disk (KB)            :       15       15   2052557
	   Memory (MB)          :    27491     4096      4096
	   Multinode            :                           1
...
