000 (119648.067.000) 11/24 08:43:38 Job submitted from host: <172.20.12.20:41606>
...
001 (119648.067.000) 11/24 08:43:40 Job executing on host: <172.20.15.198:48687?noUDP>
...
006 (119648.067.000) 11/24 08:43:48 Image size of job updated: 212708
	208  -  MemoryUsage of job (MB)
	212708  -  ResidentSetSize of job (KB)
...
006 (119648.067.000) 11/24 08:48:48 Image size of job updated: 10526104
	9962  -  MemoryUsage of job (MB)
	10200380  -  ResidentSetSize of job (KB)
...
006 (119648.067.000) 11/24 08:51:42 Image size of job updated: 11350160
	9962  -  MemoryUsage of job (MB)
	10200380  -  ResidentSetSize of job (KB)
...
005 (119648.067.000) 11/24 08:51:42 Job terminated.
	(1) Normal termination (return value 0)
		Usr 0 00:06:57, Sys 0 00:00:31  -  Run Remote Usage
		Usr 0 00:00:00, Sys 0 00:00:00  -  Run Local Usage
		Usr 0 00:06:57, Sys 0 00:00:31  -  Total Remote Usage
		Usr 0 00:00:00, Sys 0 00:00:00  -  Total Local Usage
	0  -  Run Bytes Sent By Job
	0  -  Run Bytes Received By Job
	0  -  Total Bytes Sent By Job
	0  -  Total Bytes Received By Job
	Partitionable Resources :    Usage  Request Allocated
	   Cpus                 :                 1         1
	   Disk (KB)            :       15       15   2137629
	   Memory (MB)          :     9962     4096      4096
	   Multinode            :                           1
...
