000 (119648.107.000) 11/24 08:43:38 Job submitted from host: <172.20.12.20:41606>
...
001 (119648.107.000) 11/24 08:43:40 Job executing on host: <172.20.15.87:48468?noUDP>
...
006 (119648.107.000) 11/24 08:43:49 Image size of job updated: 224924
	208  -  MemoryUsage of job (MB)
	212732  -  ResidentSetSize of job (KB)
...
006 (119648.107.000) 11/24 08:48:50 Image size of job updated: 23732760
	16108  -  MemoryUsage of job (MB)
	16494288  -  ResidentSetSize of job (KB)
...
006 (119648.107.000) 11/24 08:58:50 Image size of job updated: 28150004
	20300  -  MemoryUsage of job (MB)
	20786436  -  ResidentSetSize of job (KB)
...
005 (119648.107.000) 11/24 09:03:28 Job terminated.
	(1) Normal termination (return value 0)
		Usr 0 00:11:02, Sys 0 00:02:20  -  Run Remote Usage
		Usr 0 00:00:00, Sys 0 00:00:00  -  Run Local Usage
		Usr 0 00:11:02, Sys 0 00:02:20  -  Total Remote Usage
		Usr 0 00:00:00, Sys 0 00:00:00  -  Total Local Usage
	0  -  Run Bytes Sent By Job
	0  -  Run Bytes Received By Job
	0  -  Total Bytes Sent By Job
	0  -  Total Bytes Received By Job
	Partitionable Resources :    Usage  Request Allocated
	   Cpus                 :                 1         1
	   Disk (KB)            :       15       15   2221391
	   Memory (MB)          :    20300     4096      4096
	   Multinode            :                           1
...
