000 (119648.160.000) 11/24 08:43:38 Job submitted from host: <172.20.12.20:41606>
...
001 (119648.160.000) 11/24 08:45:01 Job executing on host: <172.20.15.85:41022?noUDP>
...
006 (119648.160.000) 11/24 08:45:10 Image size of job updated: 206416
	202  -  MemoryUsage of job (MB)
	206416  -  ResidentSetSize of job (KB)
...
006 (119648.160.000) 11/24 08:45:47 Image size of job updated: 1217092
	202  -  MemoryUsage of job (MB)
	206416  -  ResidentSetSize of job (KB)
...
005 (119648.160.000) 11/24 08:45:47 Job terminated.
	(1) Normal termination (return value 0)
		Usr 0 00:00:35, Sys 0 00:00:02  -  Run Remote Usage
		Usr 0 00:00:00, Sys 0 00:00:00  -  Run Local Usage
		Usr 0 00:00:35, Sys 0 00:00:02  -  Total Remote Usage
		Usr 0 00:00:00, Sys 0 00:00:00  -  Total Local Usage
	0  -  Run Bytes Sent By Job
	0  -  Run Bytes Received By Job
	0  -  Total Bytes Sent By Job
	0  -  Total Bytes Received By Job
	Partitionable Resources :    Usage  Request Allocated
	   Cpus                 :                 1         1
	   Disk (KB)            :       15       15   2100834
	   Memory (MB)          :      202     4096      4096
	   Multinode            :                           1
...
