000 (119648.122.000) 11/24 08:43:38 Job submitted from host: <172.20.12.20:41606>
...
001 (119648.122.000) 11/24 08:45:01 Job executing on host: <172.20.15.205:49490?noUDP>
...
006 (119648.122.000) 11/24 08:45:09 Image size of job updated: 211944
	207  -  MemoryUsage of job (MB)
	211944  -  ResidentSetSize of job (KB)
...
006 (119648.122.000) 11/24 08:50:09 Image size of job updated: 2259236
	2207  -  MemoryUsage of job (MB)
	2259236  -  ResidentSetSize of job (KB)
...
006 (119648.122.000) 11/24 08:55:10 Image size of job updated: 3795236
	3707  -  MemoryUsage of job (MB)
	3795236  -  ResidentSetSize of job (KB)
...
006 (119648.122.000) 11/24 09:00:11 Image size of job updated: 7900404
	7716  -  MemoryUsage of job (MB)
	7900404  -  ResidentSetSize of job (KB)
...
006 (119648.122.000) 11/24 09:05:11 Image size of job updated: 62029028
	52303  -  MemoryUsage of job (MB)
	53557496  -  ResidentSetSize of job (KB)
...
006 (119648.122.000) 11/24 09:10:12 Image size of job updated: 83757360
	59981  -  MemoryUsage of job (MB)
	61420420  -  ResidentSetSize of job (KB)
...
006 (119648.122.000) 11/24 09:40:14 Image size of job updated: 86333996
	59981  -  MemoryUsage of job (MB)
	61420420  -  ResidentSetSize of job (KB)
...
005 (119648.122.000) 11/24 09:52:00 Job terminated.
	(1) Normal termination (return value 0)
		Usr 0 00:38:58, Sys 0 00:12:03  -  Run Remote Usage
		Usr 0 00:00:00, Sys 0 00:00:00  -  Run Local Usage
		Usr 0 00:38:58, Sys 0 00:12:03  -  Total Remote Usage
		Usr 0 00:00:00, Sys 0 00:00:00  -  Total Local Usage
	0  -  Run Bytes Sent By Job
	0  -  Run Bytes Received By Job
	0  -  Total Bytes Sent By Job
	0  -  Total Bytes Received By Job
	Partitionable Resources :    Usage  Request Allocated
	   Cpus                 :                 1         1
	   Disk (KB)            :       15       15   1989734
	   Memory (MB)          :    59981     4096      4096
	   Multinode            :                           1
...
