000 (119648.132.000) 11/24 08:43:38 Job submitted from host: <172.20.12.20:41606>
...
001 (119648.132.000) 11/24 08:45:01 Job executing on host: <172.20.15.56:43650?noUDP>
...
006 (119648.132.000) 11/24 08:45:09 Image size of job updated: 209048
	205  -  MemoryUsage of job (MB)
	209048  -  ResidentSetSize of job (KB)
...
006 (119648.132.000) 11/24 08:48:29 Image size of job updated: 2106392
	205  -  MemoryUsage of job (MB)
	209048  -  ResidentSetSize of job (KB)
...
005 (119648.132.000) 11/24 08:48:29 Job terminated.
	(1) Normal termination (return value 0)
		Usr 0 00:01:21, Sys 0 00:02:00  -  Run Remote Usage
		Usr 0 00:00:00, Sys 0 00:00:00  -  Run Local Usage
		Usr 0 00:01:21, Sys 0 00:02:00  -  Total Remote Usage
		Usr 0 00:00:00, Sys 0 00:00:00  -  Total Local Usage
	0  -  Run Bytes Sent By Job
	0  -  Run Bytes Received By Job
	0  -  Total Bytes Sent By Job
	0  -  Total Bytes Received By Job
	Partitionable Resources :    Usage  Request Allocated
	   Cpus                 :                 1         1
	   Disk (KB)            :       15       15   2184945
	   Memory (MB)          :      205     4096      4096
	   Multinode            :                           1
...
