000 (119648.040.000) 11/24 08:43:38 Job submitted from host: <172.20.12.20:41606>
...
001 (119648.040.000) 11/24 08:43:40 Job executing on host: <172.20.15.177:40876?noUDP>
...
006 (119648.040.000) 11/24 08:43:48 Image size of job updated: 211744
	207  -  MemoryUsage of job (MB)
	211744  -  ResidentSetSize of job (KB)
...
006 (119648.040.000) 11/24 08:48:48 Image size of job updated: 1292244
	1262  -  MemoryUsage of job (MB)
	1292244  -  ResidentSetSize of job (KB)
...
006 (119648.040.000) 11/24 08:53:49 Image size of job updated: 2209892
	2159  -  MemoryUsage of job (MB)
	2209892  -  ResidentSetSize of job (KB)
...
006 (119648.040.000) 11/24 08:58:50 Image size of job updated: 3745892
	3659  -  MemoryUsage of job (MB)
	3745892  -  ResidentSetSize of job (KB)
...
006 (119648.040.000) 11/24 09:03:50 Image size of job updated: 5404404
	5278  -  MemoryUsage of job (MB)
	5404404  -  ResidentSetSize of job (KB)
...
006 (119648.040.000) 11/24 09:08:51 Image size of job updated: 9631476
	9406  -  MemoryUsage of job (MB)
	9631476  -  ResidentSetSize of job (KB)
...
006 (119648.040.000) 11/24 09:13:52 Image size of job updated: 59414928
	57807  -  MemoryUsage of job (MB)
	59193744  -  ResidentSetSize of job (KB)
...
006 (119648.040.000) 11/24 09:28:53 Image size of job updated: 71916220
	66760  -  MemoryUsage of job (MB)
	68361736  -  ResidentSetSize of job (KB)
...
005 (119648.040.000) 11/24 09:38:34 Job terminated.
	(1) Normal termination (return value 0)
		Usr 0 00:26:01, Sys 0 00:27:48  -  Run Remote Usage
		Usr 0 00:00:00, Sys 0 00:00:00  -  Run Local Usage
		Usr 0 00:26:01, Sys 0 00:27:48  -  Total Remote Usage
		Usr 0 00:00:00, Sys 0 00:00:00  -  Total Local Usage
	0  -  Run Bytes Sent By Job
	0  -  Run Bytes Received By Job
	0  -  Total Bytes Sent By Job
	0  -  Total Bytes Received By Job
	Partitionable Resources :    Usage  Request Allocated
	   Cpus                 :                 1         1
	   Disk (KB)            :       15       15   2192886
	   Memory (MB)          :    66760     4096      4096
	   Multinode            :                           1
...
