000 (119648.119.000) 11/24 08:43:38 Job submitted from host: <172.20.12.20:41606>
...
001 (119648.119.000) 11/24 08:43:40 Job executing on host: <172.20.15.121:42920?noUDP>
...
006 (119648.119.000) 11/24 08:43:49 Image size of job updated: 312688
	306  -  MemoryUsage of job (MB)
	312688  -  ResidentSetSize of job (KB)
...
006 (119648.119.000) 11/24 08:48:50 Image size of job updated: 11429688
	10997  -  MemoryUsage of job (MB)
	11260844  -  ResidentSetSize of job (KB)
...
006 (119648.119.000) 11/24 08:52:08 Image size of job updated: 11803088
	10997  -  MemoryUsage of job (MB)
	11260844  -  ResidentSetSize of job (KB)
...
005 (119648.119.000) 11/24 08:52:08 Job terminated.
	(1) Normal termination (return value 0)
		Usr 0 00:07:47, Sys 0 00:00:31  -  Run Remote Usage
		Usr 0 00:00:00, Sys 0 00:00:00  -  Run Local Usage
		Usr 0 00:07:47, Sys 0 00:00:31  -  Total Remote Usage
		Usr 0 00:00:00, Sys 0 00:00:00  -  Total Local Usage
	0  -  Run Bytes Sent By Job
	0  -  Run Bytes Received By Job
	0  -  Total Bytes Sent By Job
	0  -  Total Bytes Received By Job
	Partitionable Resources :    Usage  Request Allocated
	   Cpus                 :                 1         1
	   Disk (KB)            :       15       15   2218779
	   Memory (MB)          :    10997     4096      4096
	   Multinode            :                           1
...
