000 (119648.115.000) 11/24 08:43:38 Job submitted from host: <172.20.12.20:41606>
...
001 (119648.115.000) 11/24 08:43:40 Job executing on host: <172.20.15.130:48103?noUDP>
...
006 (119648.115.000) 11/24 08:43:49 Image size of job updated: 265672
	260  -  MemoryUsage of job (MB)
	265656  -  ResidentSetSize of job (KB)
...
006 (119648.115.000) 11/24 08:48:50 Image size of job updated: 9073628
	8605  -  MemoryUsage of job (MB)
	8810928  -  ResidentSetSize of job (KB)
...
006 (119648.115.000) 11/24 08:52:08 Image size of job updated: 9956880
	8605  -  MemoryUsage of job (MB)
	8810928  -  ResidentSetSize of job (KB)
...
005 (119648.115.000) 11/24 08:52:08 Job terminated.
	(1) Normal termination (return value 0)
		Usr 0 00:06:24, Sys 0 00:01:47  -  Run Remote Usage
		Usr 0 00:00:00, Sys 0 00:00:00  -  Run Local Usage
		Usr 0 00:06:24, Sys 0 00:01:47  -  Total Remote Usage
		Usr 0 00:00:00, Sys 0 00:00:00  -  Total Local Usage
	0  -  Run Bytes Sent By Job
	0  -  Run Bytes Received By Job
	0  -  Total Bytes Sent By Job
	0  -  Total Bytes Received By Job
	Partitionable Resources :    Usage  Request Allocated
	   Cpus                 :                 1         1
	   Disk (KB)            :       15       15   2190134
	   Memory (MB)          :     8605     4096      4096
	   Multinode            :                           1
...
