000 (125995.011.000) 12/15 14:59:15 Job submitted from host: <172.20.12.20:41606>
...
001 (125995.011.000) 12/15 14:59:16 Job executing on host: <172.20.15.72:43942?noUDP>
...
006 (125995.011.000) 12/15 14:59:25 Image size of job updated: 209964
	206  -  MemoryUsage of job (MB)
	209964  -  ResidentSetSize of job (KB)
...
006 (125995.011.000) 12/15 15:04:26 Image size of job updated: 1541948
	1506  -  MemoryUsage of job (MB)
	1541948  -  ResidentSetSize of job (KB)
...
006 (125995.011.000) 12/15 15:24:28 Image size of job updated: 1546468
	1511  -  MemoryUsage of job (MB)
	1546468  -  ResidentSetSize of job (KB)
...
006 (125995.011.000) 12/15 15:29:28 Image size of job updated: 1546736
	1511  -  MemoryUsage of job (MB)
	1546736  -  ResidentSetSize of job (KB)
...
006 (125995.011.000) 12/15 15:39:29 Image size of job updated: 1812116
	1770  -  MemoryUsage of job (MB)
	1812116  -  ResidentSetSize of job (KB)
...
006 (125995.011.000) 12/15 15:44:30 Image size of job updated: 1822796
	1781  -  MemoryUsage of job (MB)
	1822796  -  ResidentSetSize of job (KB)
...
006 (125995.011.000) 12/15 15:49:30 Image size of job updated: 1830296
	1788  -  MemoryUsage of job (MB)
	1830296  -  ResidentSetSize of job (KB)
...
006 (125995.011.000) 12/15 15:59:32 Image size of job updated: 1831204
	1789  -  MemoryUsage of job (MB)
	1831204  -  ResidentSetSize of job (KB)
...
005 (125995.011.000) 12/15 16:01:32 Job terminated.
	(1) Normal termination (return value 0)
		Usr 0 01:02:09, Sys 0 00:00:03  -  Run Remote Usage
		Usr 0 00:00:00, Sys 0 00:00:00  -  Run Local Usage
		Usr 0 01:02:09, Sys 0 00:00:03  -  Total Remote Usage
		Usr 0 00:00:00, Sys 0 00:00:00  -  Total Local Usage
	0  -  Run Bytes Sent By Job
	0  -  Run Bytes Received By Job
	0  -  Total Bytes Sent By Job
	0  -  Total Bytes Received By Job
	Partitionable Resources :    Usage  Request Allocated
	   Cpus                 :                 1         1
	   Disk (KB)            :       15       15   2203830
	   Memory (MB)          :     1789     8192      8192
	   Multinode            :                           1
...
