000 (125995.032.000) 12/15 14:59:15 Job submitted from host: <172.20.12.20:41606>
...
001 (125995.032.000) 12/15 14:59:16 Job executing on host: <172.20.15.214:40511?noUDP>
...
006 (125995.032.000) 12/15 14:59:25 Image size of job updated: 206684
	201  -  MemoryUsage of job (MB)
	204820  -  ResidentSetSize of job (KB)
...
006 (125995.032.000) 12/15 15:04:26 Image size of job updated: 1545300
	1508  -  MemoryUsage of job (MB)
	1543320  -  ResidentSetSize of job (KB)
...
006 (125995.032.000) 12/15 15:34:29 Image size of job updated: 1573360
	1535  -  MemoryUsage of job (MB)
	1571380  -  ResidentSetSize of job (KB)
...
005 (125995.032.000) 12/15 16:07:34 Job terminated.
	(1) Normal termination (return value 0)
		Usr 0 01:08:04, Sys 0 00:00:03  -  Run Remote Usage
		Usr 0 00:00:00, Sys 0 00:00:00  -  Run Local Usage
		Usr 0 01:08:04, Sys 0 00:00:03  -  Total Remote Usage
		Usr 0 00:00:00, Sys 0 00:00:00  -  Total Local Usage
	0  -  Run Bytes Sent By Job
	0  -  Run Bytes Received By Job
	0  -  Total Bytes Sent By Job
	0  -  Total Bytes Received By Job
	Partitionable Resources :    Usage  Request Allocated
	   Cpus                 :                 1         1
	   Disk (KB)            :       15       15    900027
	   Memory (MB)          :     1535     8192      8192
	   Multinode            :                           1
...
