000 (125995.004.000) 12/15 14:59:15 Job submitted from host: <172.20.12.20:41606>
...
001 (125995.004.000) 12/15 14:59:16 Job executing on host: <172.20.15.83:43942?noUDP>
...
006 (125995.004.000) 12/15 14:59:25 Image size of job updated: 218496
	212  -  MemoryUsage of job (MB)
	216632  -  ResidentSetSize of job (KB)
...
006 (125995.004.000) 12/15 15:04:26 Image size of job updated: 1183488
	1154  -  MemoryUsage of job (MB)
	1181508  -  ResidentSetSize of job (KB)
...
006 (125995.004.000) 12/15 15:09:27 Image size of job updated: 1402240
	1368  -  MemoryUsage of job (MB)
	1400260  -  ResidentSetSize of job (KB)
...
006 (125995.004.000) 12/15 15:29:28 Image size of job updated: 1406816
	1372  -  MemoryUsage of job (MB)
	1404836  -  ResidentSetSize of job (KB)
...
006 (125995.004.000) 12/15 15:59:32 Image size of job updated: 1412436
	1378  -  MemoryUsage of job (MB)
	1410456  -  ResidentSetSize of job (KB)
...
006 (125995.004.000) 12/15 16:00:24 Image size of job updated: 1618480
	1378  -  MemoryUsage of job (MB)
	1410456  -  ResidentSetSize of job (KB)
...
005 (125995.004.000) 12/15 16:00:24 Job terminated.
	(1) Normal termination (return value 0)
		Usr 0 01:01:02, Sys 0 00:00:02  -  Run Remote Usage
		Usr 0 00:00:00, Sys 0 00:00:00  -  Run Local Usage
		Usr 0 01:01:02, Sys 0 00:00:02  -  Total Remote Usage
		Usr 0 00:00:00, Sys 0 00:00:00  -  Total Local Usage
	0  -  Run Bytes Sent By Job
	0  -  Run Bytes Received By Job
	0  -  Total Bytes Sent By Job
	0  -  Total Bytes Received By Job
	Partitionable Resources :    Usage  Request Allocated
	   Cpus                 :                 1         1
	   Disk (KB)            :       15       15   2177118
	   Memory (MB)          :     1378     8192      8192
	   Multinode            :                           1
...
