000 (125995.030.000) 12/15 14:59:15 Job submitted from host: <172.20.12.20:41606>
...
001 (125995.030.000) 12/15 14:59:16 Job executing on host: <172.20.15.232:45913?noUDP>
...
006 (125995.030.000) 12/15 14:59:25 Image size of job updated: 210780
	205  -  MemoryUsage of job (MB)
	208916  -  ResidentSetSize of job (KB)
...
006 (125995.030.000) 12/15 15:04:26 Image size of job updated: 1913116
	1867  -  MemoryUsage of job (MB)
	1911136  -  ResidentSetSize of job (KB)
...
006 (125995.030.000) 12/15 15:24:27 Image size of job updated: 2225776
	2172  -  MemoryUsage of job (MB)
	2223796  -  ResidentSetSize of job (KB)
...
006 (125995.030.000) 12/15 15:29:27 Image size of job updated: 2236940
	2183  -  MemoryUsage of job (MB)
	2234960  -  ResidentSetSize of job (KB)
...
006 (125995.030.000) 12/15 15:39:29 Image size of job updated: 2264536
	2210  -  MemoryUsage of job (MB)
	2262556  -  ResidentSetSize of job (KB)
...
006 (125995.030.000) 12/15 16:14:32 Image size of job updated: 2274800
	2220  -  MemoryUsage of job (MB)
	2272820  -  ResidentSetSize of job (KB)
...
005 (125995.030.000) 12/15 16:21:46 Job terminated.
	(1) Normal termination (return value 0)
		Usr 0 01:22:15, Sys 0 00:00:04  -  Run Remote Usage
		Usr 0 00:00:00, Sys 0 00:00:00  -  Run Local Usage
		Usr 0 01:22:15, Sys 0 00:00:04  -  Total Remote Usage
		Usr 0 00:00:00, Sys 0 00:00:00  -  Total Local Usage
	0  -  Run Bytes Sent By Job
	0  -  Run Bytes Received By Job
	0  -  Total Bytes Sent By Job
	0  -  Total Bytes Received By Job
	Partitionable Resources :    Usage  Request Allocated
	   Cpus                 :                 1         1
	   Disk (KB)            :       15       15   2152481
	   Memory (MB)          :     2220     8192      8192
	   Multinode            :                           1
...
