000 (125995.009.000) 12/15 14:59:15 Job submitted from host: <172.20.12.20:41606>
...
001 (125995.009.000) 12/15 14:59:16 Job executing on host: <172.20.15.54:41898?noUDP>
...
006 (125995.009.000) 12/15 14:59:25 Image size of job updated: 208900
	204  -  MemoryUsage of job (MB)
	208896  -  ResidentSetSize of job (KB)
...
006 (125995.009.000) 12/15 15:04:26 Image size of job updated: 1794532
	1753  -  MemoryUsage of job (MB)
	1794516  -  ResidentSetSize of job (KB)
...
006 (125995.009.000) 12/15 15:19:28 Image size of job updated: 2105376
	2057  -  MemoryUsage of job (MB)
	2105360  -  ResidentSetSize of job (KB)
...
006 (125995.009.000) 12/15 15:24:29 Image size of job updated: 2126100
	2077  -  MemoryUsage of job (MB)
	2126084  -  ResidentSetSize of job (KB)
...
006 (125995.009.000) 12/15 15:44:30 Image size of job updated: 2136460
	2087  -  MemoryUsage of job (MB)
	2136444  -  ResidentSetSize of job (KB)
...
006 (125995.009.000) 12/15 15:59:32 Image size of job updated: 2167544
	2117  -  MemoryUsage of job (MB)
	2167528  -  ResidentSetSize of job (KB)
...
005 (125995.009.000) 12/15 16:16:27 Job terminated.
	(1) Normal termination (return value 0)
		Usr 0 01:17:00, Sys 0 00:00:04  -  Run Remote Usage
		Usr 0 00:00:00, Sys 0 00:00:00  -  Run Local Usage
		Usr 0 01:17:00, Sys 0 00:00:04  -  Total Remote Usage
		Usr 0 00:00:00, Sys 0 00:00:00  -  Total Local Usage
	0  -  Run Bytes Sent By Job
	0  -  Run Bytes Received By Job
	0  -  Total Bytes Sent By Job
	0  -  Total Bytes Received By Job
	Partitionable Resources :    Usage  Request Allocated
	   Cpus                 :                 1         1
	   Disk (KB)            :       15       15   2197604
	   Memory (MB)          :     2117     8192      8192
	   Multinode            :                           1
...
