000 (125995.010.000) 12/15 14:59:15 Job submitted from host: <172.20.12.20:41606>
...
001 (125995.010.000) 12/15 14:59:16 Job executing on host: <172.20.15.66:41606?noUDP>
...
006 (125995.010.000) 12/15 14:59:25 Image size of job updated: 208900
	205  -  MemoryUsage of job (MB)
	208900  -  ResidentSetSize of job (KB)
...
006 (125995.010.000) 12/15 15:04:26 Image size of job updated: 1642240
	1604  -  MemoryUsage of job (MB)
	1642240  -  ResidentSetSize of job (KB)
...
006 (125995.010.000) 12/15 15:09:27 Image size of job updated: 1723216
	1683  -  MemoryUsage of job (MB)
	1723216  -  ResidentSetSize of job (KB)
...
006 (125995.010.000) 12/15 15:19:27 Image size of job updated: 2006632
	1960  -  MemoryUsage of job (MB)
	2006632  -  ResidentSetSize of job (KB)
...
006 (125995.010.000) 12/15 15:24:28 Image size of job updated: 2026876
	1980  -  MemoryUsage of job (MB)
	2026876  -  ResidentSetSize of job (KB)
...
006 (125995.010.000) 12/15 15:29:28 Image size of job updated: 2036996
	1990  -  MemoryUsage of job (MB)
	2036996  -  ResidentSetSize of job (KB)
...
006 (125995.010.000) 12/15 16:04:32 Image size of job updated: 2038304
	1991  -  MemoryUsage of job (MB)
	2038304  -  ResidentSetSize of job (KB)
...
005 (125995.010.000) 12/15 16:14:09 Job terminated.
	(1) Normal termination (return value 0)
		Usr 0 01:14:40, Sys 0 00:00:04  -  Run Remote Usage
		Usr 0 00:00:00, Sys 0 00:00:00  -  Run Local Usage
		Usr 0 01:14:40, Sys 0 00:00:04  -  Total Remote Usage
		Usr 0 00:00:00, Sys 0 00:00:00  -  Total Local Usage
	0  -  Run Bytes Sent By Job
	0  -  Run Bytes Received By Job
	0  -  Total Bytes Sent By Job
	0  -  Total Bytes Received By Job
	Partitionable Resources :    Usage  Request Allocated
	   Cpus                 :                 1         1
	   Disk (KB)            :       15       15   1031018
	   Memory (MB)          :     1991     8192      8192
	   Multinode            :                           1
...
