000 (125995.001.000) 12/15 14:59:15 Job submitted from host: <172.20.12.20:41606>
...
001 (125995.001.000) 12/15 14:59:16 Job executing on host: <172.20.15.179:47665?noUDP>
...
006 (125995.001.000) 12/15 14:59:25 Image size of job updated: 206668
	201  -  MemoryUsage of job (MB)
	204816  -  ResidentSetSize of job (KB)
...
006 (125995.001.000) 12/15 15:04:26 Image size of job updated: 1051852
	1026  -  MemoryUsage of job (MB)
	1049872  -  ResidentSetSize of job (KB)
...
006 (125995.001.000) 12/15 15:09:27 Image size of job updated: 1232628
	1202  -  MemoryUsage of job (MB)
	1230648  -  ResidentSetSize of job (KB)
...
006 (125995.001.000) 12/15 15:39:30 Image size of job updated: 1236140
	1206  -  MemoryUsage of job (MB)
	1234160  -  ResidentSetSize of job (KB)
...
005 (125995.001.000) 12/15 15:51:11 Job terminated.
	(1) Normal termination (return value 0)
		Usr 0 00:51:42, Sys 0 00:00:02  -  Run Remote Usage
		Usr 0 00:00:00, Sys 0 00:00:00  -  Run Local Usage
		Usr 0 00:51:42, Sys 0 00:00:02  -  Total Remote Usage
		Usr 0 00:00:00, Sys 0 00:00:00  -  Total Local Usage
	0  -  Run Bytes Sent By Job
	0  -  Run Bytes Received By Job
	0  -  Total Bytes Sent By Job
	0  -  Total Bytes Received By Job
	Partitionable Resources :    Usage  Request Allocated
	   Cpus                 :                 1         1
	   Disk (KB)            :       15       15   2240239
	   Memory (MB)          :     1206     8192      8192
	   Multinode            :                           1
...
