000 (125995.000.000) 12/15 14:59:15 Job submitted from host: <172.20.12.20:41606>
...
001 (125995.000.000) 12/15 14:59:16 Job executing on host: <172.20.15.225:42993?noUDP>
...
006 (125995.000.000) 12/15 14:59:25 Image size of job updated: 206684
	201  -  MemoryUsage of job (MB)
	204820  -  ResidentSetSize of job (KB)
...
006 (125995.000.000) 12/15 15:04:26 Image size of job updated: 1038956
	1013  -  MemoryUsage of job (MB)
	1036976  -  ResidentSetSize of job (KB)
...
006 (125995.000.000) 12/15 15:09:27 Image size of job updated: 1216460
	1187  -  MemoryUsage of job (MB)
	1214480  -  ResidentSetSize of job (KB)
...
006 (125995.000.000) 12/15 15:29:28 Image size of job updated: 1230736
	1200  -  MemoryUsage of job (MB)
	1228756  -  ResidentSetSize of job (KB)
...
006 (125995.000.000) 12/15 15:39:29 Image size of job updated: 1238132
	1208  -  MemoryUsage of job (MB)
	1236152  -  ResidentSetSize of job (KB)
...
006 (125995.000.000) 12/15 15:52:50 Image size of job updated: 1377620
	1208  -  MemoryUsage of job (MB)
	1236152  -  ResidentSetSize of job (KB)
...
005 (125995.000.000) 12/15 15:52:50 Job terminated.
	(1) Normal termination (return value 0)
		Usr 0 00:53:22, Sys 0 00:00:02  -  Run Remote Usage
		Usr 0 00:00:00, Sys 0 00:00:00  -  Run Local Usage
		Usr 0 00:53:22, Sys 0 00:00:02  -  Total Remote Usage
		Usr 0 00:00:00, Sys 0 00:00:00  -  Total Local Usage
	0  -  Run Bytes Sent By Job
	0  -  Run Bytes Received By Job
	0  -  Total Bytes Sent By Job
	0  -  Total Bytes Received By Job
	Partitionable Resources :    Usage  Request Allocated
	   Cpus                 :                 1         1
	   Disk (KB)            :       15       15   2207189
	   Memory (MB)          :     1208     8192      8192
	   Multinode            :                           1
...
