000 (125995.023.000) 12/15 14:59:15 Job submitted from host: <172.20.12.20:41606>
...
001 (125995.023.000) 12/15 14:59:16 Job executing on host: <172.20.15.130:48103?noUDP>
...
006 (125995.023.000) 12/15 14:59:25 Image size of job updated: 206672
	201  -  MemoryUsage of job (MB)
	204820  -  ResidentSetSize of job (KB)
...
006 (125995.023.000) 12/15 15:04:26 Image size of job updated: 1626484
	1587  -  MemoryUsage of job (MB)
	1624504  -  ResidentSetSize of job (KB)
...
006 (125995.023.000) 12/15 15:09:27 Image size of job updated: 1631068
	1591  -  MemoryUsage of job (MB)
	1629088  -  ResidentSetSize of job (KB)
...
006 (125995.023.000) 12/15 15:19:28 Image size of job updated: 1900416
	1854  -  MemoryUsage of job (MB)
	1898436  -  ResidentSetSize of job (KB)
...
006 (125995.023.000) 12/15 15:24:29 Image size of job updated: 1921756
	1875  -  MemoryUsage of job (MB)
	1919776  -  ResidentSetSize of job (KB)
...
006 (125995.023.000) 12/15 15:34:29 Image size of job updated: 1955488
	1908  -  MemoryUsage of job (MB)
	1953508  -  ResidentSetSize of job (KB)
...
006 (125995.023.000) 12/15 15:54:31 Image size of job updated: 1959680
	1912  -  MemoryUsage of job (MB)
	1957700  -  ResidentSetSize of job (KB)
...
006 (125995.023.000) 12/15 15:59:32 Image size of job updated: 1984980
	1937  -  MemoryUsage of job (MB)
	1983000  -  ResidentSetSize of job (KB)
...
006 (125995.023.000) 12/15 16:02:25 Image size of job updated: 2207892
	1937  -  MemoryUsage of job (MB)
	1983000  -  ResidentSetSize of job (KB)
...
005 (125995.023.000) 12/15 16:02:25 Job terminated.
	(1) Normal termination (return value 0)
		Usr 0 01:02:51, Sys 0 00:00:03  -  Run Remote Usage
		Usr 0 00:00:00, Sys 0 00:00:00  -  Run Local Usage
		Usr 0 01:02:51, Sys 0 00:00:03  -  Total Remote Usage
		Usr 0 00:00:00, Sys 0 00:00:00  -  Total Local Usage
	0  -  Run Bytes Sent By Job
	0  -  Run Bytes Received By Job
	0  -  Total Bytes Sent By Job
	0  -  Total Bytes Received By Job
	Partitionable Resources :    Usage  Request Allocated
	   Cpus                 :                 1         1
	   Disk (KB)            :       15       15   2180269
	   Memory (MB)          :     1937     8192      8192
	   Multinode            :                           1
...
