000 (125995.013.000) 12/15 14:59:15 Job submitted from host: <172.20.12.20:41606>
...
001 (125995.013.000) 12/15 14:59:16 Job executing on host: <172.20.15.78:44964?noUDP>
...
006 (125995.013.000) 12/15 14:59:25 Image size of job updated: 208912
	205  -  MemoryUsage of job (MB)
	208912  -  ResidentSetSize of job (KB)
...
006 (125995.013.000) 12/15 15:04:26 Image size of job updated: 1858724
	1816  -  MemoryUsage of job (MB)
	1858724  -  ResidentSetSize of job (KB)
...
006 (125995.013.000) 12/15 15:09:27 Image size of job updated: 1865480
	1822  -  MemoryUsage of job (MB)
	1865480  -  ResidentSetSize of job (KB)
...
006 (125995.013.000) 12/15 15:14:27 Image size of job updated: 1876068
	1833  -  MemoryUsage of job (MB)
	1876068  -  ResidentSetSize of job (KB)
...
006 (125995.013.000) 12/15 15:19:28 Image size of job updated: 2203744
	2153  -  MemoryUsage of job (MB)
	2203744  -  ResidentSetSize of job (KB)
...
006 (125995.013.000) 12/15 15:24:29 Image size of job updated: 2214332
	2163  -  MemoryUsage of job (MB)
	2214332  -  ResidentSetSize of job (KB)
...
006 (125995.013.000) 12/15 15:29:29 Image size of job updated: 2235504
	2184  -  MemoryUsage of job (MB)
	2235504  -  ResidentSetSize of job (KB)
...
006 (125995.013.000) 12/15 15:39:30 Image size of job updated: 2246092
	2194  -  MemoryUsage of job (MB)
	2246092  -  ResidentSetSize of job (KB)
...
006 (125995.013.000) 12/15 15:49:30 Image size of job updated: 2256676
	2204  -  MemoryUsage of job (MB)
	2256676  -  ResidentSetSize of job (KB)
...
006 (125995.013.000) 12/15 15:54:31 Image size of job updated: 2277852
	2225  -  MemoryUsage of job (MB)
	2277852  -  ResidentSetSize of job (KB)
...
006 (125995.013.000) 12/15 15:59:32 Image size of job updated: 2288436
	2235  -  MemoryUsage of job (MB)
	2288436  -  ResidentSetSize of job (KB)
...
005 (125995.013.000) 12/15 16:18:16 Job terminated.
	(1) Normal termination (return value 0)
		Usr 0 01:18:48, Sys 0 00:00:05  -  Run Remote Usage
		Usr 0 00:00:00, Sys 0 00:00:00  -  Run Local Usage
		Usr 0 01:18:48, Sys 0 00:00:05  -  Total Remote Usage
		Usr 0 00:00:00, Sys 0 00:00:00  -  Total Local Usage
	0  -  Run Bytes Sent By Job
	0  -  Run Bytes Received By Job
	0  -  Total Bytes Sent By Job
	0  -  Total Bytes Received By Job
	Partitionable Resources :    Usage  Request Allocated
	   Cpus                 :                 1         1
	   Disk (KB)            :       15       15   2091303
	   Memory (MB)          :     2235     8192      8192
	   Multinode            :                           1
...
