000 (125995.008.000) 12/15 14:59:15 Job submitted from host: <172.20.12.20:41606>
...
001 (125995.008.000) 12/15 14:59:16 Job executing on host: <172.20.15.85:41022?noUDP>
...
006 (125995.008.000) 12/15 14:59:25 Image size of job updated: 217056
	212  -  MemoryUsage of job (MB)
	217056  -  ResidentSetSize of job (KB)
...
006 (125995.008.000) 12/15 15:04:26 Image size of job updated: 1036172
	1012  -  MemoryUsage of job (MB)
	1036172  -  ResidentSetSize of job (KB)
...
006 (125995.008.000) 12/15 15:09:27 Image size of job updated: 1216512
	1188  -  MemoryUsage of job (MB)
	1216512  -  ResidentSetSize of job (KB)
...
006 (125995.008.000) 12/15 15:29:28 Image size of job updated: 1220336
	1192  -  MemoryUsage of job (MB)
	1220336  -  ResidentSetSize of job (KB)
...
006 (125995.008.000) 12/15 15:39:30 Image size of job updated: 1227272
	1199  -  MemoryUsage of job (MB)
	1227272  -  ResidentSetSize of job (KB)
...
005 (125995.008.000) 12/15 15:49:39 Job terminated.
	(1) Normal termination (return value 0)
		Usr 0 00:50:18, Sys 0 00:00:02  -  Run Remote Usage
		Usr 0 00:00:00, Sys 0 00:00:00  -  Run Local Usage
		Usr 0 00:50:18, Sys 0 00:00:02  -  Total Remote Usage
		Usr 0 00:00:00, Sys 0 00:00:00  -  Total Local Usage
	0  -  Run Bytes Sent By Job
	0  -  Run Bytes Received By Job
	0  -  Total Bytes Sent By Job
	0  -  Total Bytes Received By Job
	Partitionable Resources :    Usage  Request Allocated
	   Cpus                 :                 1         1
	   Disk (KB)            :       15       15   2090962
	   Memory (MB)          :     1199     8192      8192
	   Multinode            :                           1
...
