000 (125995.015.000) 12/15 14:59:15 Job submitted from host: <172.20.12.20:41606>
...
001 (125995.015.000) 12/15 14:59:16 Job executing on host: <172.20.15.74:43650?noUDP>
...
006 (125995.015.000) 12/15 14:59:25 Image size of job updated: 210780
	205  -  MemoryUsage of job (MB)
	208916  -  ResidentSetSize of job (KB)
...
006 (125995.015.000) 12/15 15:04:26 Image size of job updated: 1662780
	1622  -  MemoryUsage of job (MB)
	1660800  -  ResidentSetSize of job (KB)
...
006 (125995.015.000) 12/15 15:09:27 Image size of job updated: 1788244
	1745  -  MemoryUsage of job (MB)
	1786264  -  ResidentSetSize of job (KB)
...
006 (125995.015.000) 12/15 15:14:27 Image size of job updated: 1798708
	1755  -  MemoryUsage of job (MB)
	1796728  -  ResidentSetSize of job (KB)
...
006 (125995.015.000) 12/15 15:19:28 Image size of job updated: 2085500
	2035  -  MemoryUsage of job (MB)
	2083520  -  ResidentSetSize of job (KB)
...
006 (125995.015.000) 12/15 15:24:29 Image size of job updated: 2116892
	2066  -  MemoryUsage of job (MB)
	2114912  -  ResidentSetSize of job (KB)
...
006 (125995.015.000) 12/15 15:34:29 Image size of job updated: 2126820
	2076  -  MemoryUsage of job (MB)
	2124840  -  ResidentSetSize of job (KB)
...
006 (125995.015.000) 12/15 15:49:30 Image size of job updated: 2133612
	2082  -  MemoryUsage of job (MB)
	2131632  -  ResidentSetSize of job (KB)
...
006 (125995.015.000) 12/15 15:59:32 Image size of job updated: 2147752
	2096  -  MemoryUsage of job (MB)
	2145772  -  ResidentSetSize of job (KB)
...
006 (125995.015.000) 12/15 16:09:33 Image size of job updated: 2157700
	2106  -  MemoryUsage of job (MB)
	2155720  -  ResidentSetSize of job (KB)
...
006 (125995.015.000) 12/15 16:14:34 Image size of job updated: 2168168
	2116  -  MemoryUsage of job (MB)
	2166188  -  ResidentSetSize of job (KB)
...
006 (125995.015.000) 12/15 16:16:33 Image size of job updated: 2168172
	2116  -  MemoryUsage of job (MB)
	2166188  -  ResidentSetSize of job (KB)
...
005 (125995.015.000) 12/15 16:16:33 Job terminated.
	(1) Normal termination (return value 0)
		Usr 0 01:17:04, Sys 0 00:00:03  -  Run Remote Usage
		Usr 0 00:00:00, Sys 0 00:00:00  -  Run Local Usage
		Usr 0 01:17:04, Sys 0 00:00:03  -  Total Remote Usage
		Usr 0 00:00:00, Sys 0 00:00:00  -  Total Local Usage
	0  -  Run Bytes Sent By Job
	0  -  Run Bytes Received By Job
	0  -  Total Bytes Sent By Job
	0  -  Total Bytes Received By Job
	Partitionable Resources :    Usage  Request Allocated
	   Cpus                 :                 1         1
	   Disk (KB)            :       15       15   2211112
	   Memory (MB)          :     2116     8192      8192
	   Multinode            :                           1
...
