000 (125995.006.000) 12/15 14:59:15 Job submitted from host: <172.20.12.20:41606>
...
001 (125995.006.000) 12/15 14:59:16 Job executing on host: <172.20.15.60:46132?noUDP>
...
006 (125995.006.000) 12/15 14:59:24 Image size of job updated: 208900
	205  -  MemoryUsage of job (MB)
	208900  -  ResidentSetSize of job (KB)
...
006 (125995.006.000) 12/15 15:04:24 Image size of job updated: 1391804
	1360  -  MemoryUsage of job (MB)
	1391804  -  ResidentSetSize of job (KB)
...
006 (125995.006.000) 12/15 15:09:25 Image size of job updated: 1674856
	1636  -  MemoryUsage of job (MB)
	1674856  -  ResidentSetSize of job (KB)
...
006 (125995.006.000) 12/15 15:19:25 Image size of job updated: 1958036
	1913  -  MemoryUsage of job (MB)
	1958036  -  ResidentSetSize of job (KB)
...
006 (125995.006.000) 12/15 15:24:26 Image size of job updated: 1979012
	1933  -  MemoryUsage of job (MB)
	1979012  -  ResidentSetSize of job (KB)
...
006 (125995.006.000) 12/15 15:39:28 Image size of job updated: 1989500
	1943  -  MemoryUsage of job (MB)
	1989500  -  ResidentSetSize of job (KB)
...
006 (125995.006.000) 12/15 16:14:31 Image size of job updated: 1999988
	1954  -  MemoryUsage of job (MB)
	1999988  -  ResidentSetSize of job (KB)
...
005 (125995.006.000) 12/15 16:28:49 Job terminated.
	(1) Normal termination (return value 0)
		Usr 0 01:29:26, Sys 0 00:00:03  -  Run Remote Usage
		Usr 0 00:00:00, Sys 0 00:00:00  -  Run Local Usage
		Usr 0 01:29:26, Sys 0 00:00:03  -  Total Remote Usage
		Usr 0 00:00:00, Sys 0 00:00:00  -  Total Local Usage
	0  -  Run Bytes Sent By Job
	0  -  Run Bytes Received By Job
	0  -  Total Bytes Sent By Job
	0  -  Total Bytes Received By Job
	Partitionable Resources :    Usage  Request Allocated
	   Cpus                 :                 1         1
	   Disk (KB)            :       15       15   2207654
	   Memory (MB)          :     1954     8192      8192
	   Multinode            :                           1
...
