000 (125995.005.000) 12/15 14:59:15 Job submitted from host: <172.20.12.20:41606>
...
001 (125995.005.000) 12/15 14:59:16 Job executing on host: <172.20.15.171:44453?noUDP>
...
006 (125995.005.000) 12/15 14:59:25 Image size of job updated: 206672
	201  -  MemoryUsage of job (MB)
	204820  -  ResidentSetSize of job (KB)
...
006 (125995.005.000) 12/15 15:04:26 Image size of job updated: 1798732
	1755  -  MemoryUsage of job (MB)
	1796752  -  ResidentSetSize of job (KB)
...
006 (125995.005.000) 12/15 15:09:27 Image size of job updated: 1822552
	1778  -  MemoryUsage of job (MB)
	1820572  -  ResidentSetSize of job (KB)
...
006 (125995.005.000) 12/15 15:14:27 Image size of job updated: 2108424
	2058  -  MemoryUsage of job (MB)
	2106444  -  ResidentSetSize of job (KB)
...
006 (125995.005.000) 12/15 15:19:28 Image size of job updated: 2132240
	2081  -  MemoryUsage of job (MB)
	2130260  -  ResidentSetSize of job (KB)
...
006 (125995.005.000) 12/15 15:29:29 Image size of job updated: 2144148
	2092  -  MemoryUsage of job (MB)
	2142168  -  ResidentSetSize of job (KB)
...
006 (125995.005.000) 12/15 15:44:30 Image size of job updated: 2156060
	2104  -  MemoryUsage of job (MB)
	2154080  -  ResidentSetSize of job (KB)
...
006 (125995.005.000) 12/15 15:49:30 Image size of job updated: 2191792
	2139  -  MemoryUsage of job (MB)
	2189812  -  ResidentSetSize of job (KB)
...
005 (125995.005.000) 12/15 16:26:47 Job terminated.
	(1) Normal termination (return value 0)
		Usr 0 01:27:16, Sys 0 00:00:04  -  Run Remote Usage
		Usr 0 00:00:00, Sys 0 00:00:00  -  Run Local Usage
		Usr 0 01:27:16, Sys 0 00:00:04  -  Total Remote Usage
		Usr 0 00:00:00, Sys 0 00:00:00  -  Total Local Usage
	0  -  Run Bytes Sent By Job
	0  -  Run Bytes Received By Job
	0  -  Total Bytes Sent By Job
	0  -  Total Bytes Received By Job
	Partitionable Resources :    Usage  Request Allocated
	   Cpus                 :                 1         1
	   Disk (KB)            :       15       15   2138399
	   Memory (MB)          :     2139     8192      8192
	   Multinode            :                           1
...
