000 (125995.007.000) 12/15 14:59:15 Job submitted from host: <172.20.12.20:41606>
...
001 (125995.007.000) 12/15 14:59:16 Job executing on host: <172.20.15.80:49636?noUDP>
...
006 (125995.007.000) 12/15 14:59:25 Image size of job updated: 235628
	231  -  MemoryUsage of job (MB)
	235628  -  ResidentSetSize of job (KB)
...
006 (125995.007.000) 12/15 15:04:26 Image size of job updated: 1080252
	1055  -  MemoryUsage of job (MB)
	1080252  -  ResidentSetSize of job (KB)
...
006 (125995.007.000) 12/15 15:09:27 Image size of job updated: 1262984
	1234  -  MemoryUsage of job (MB)
	1262984  -  ResidentSetSize of job (KB)
...
006 (125995.007.000) 12/15 15:19:27 Image size of job updated: 1277604
	1248  -  MemoryUsage of job (MB)
	1277604  -  ResidentSetSize of job (KB)
...
006 (125995.007.000) 12/15 15:29:28 Image size of job updated: 1282572
	1253  -  MemoryUsage of job (MB)
	1282572  -  ResidentSetSize of job (KB)
...
006 (125995.007.000) 12/15 15:52:21 Image size of job updated: 1490600
	1253  -  MemoryUsage of job (MB)
	1282572  -  ResidentSetSize of job (KB)
...
005 (125995.007.000) 12/15 15:52:21 Job terminated.
	(1) Normal termination (return value 0)
		Usr 0 00:52:59, Sys 0 00:00:02  -  Run Remote Usage
		Usr 0 00:00:00, Sys 0 00:00:00  -  Run Local Usage
		Usr 0 00:52:59, Sys 0 00:00:02  -  Total Remote Usage
		Usr 0 00:00:00, Sys 0 00:00:00  -  Total Local Usage
	0  -  Run Bytes Sent By Job
	0  -  Run Bytes Received By Job
	0  -  Total Bytes Sent By Job
	0  -  Total Bytes Received By Job
	Partitionable Resources :    Usage  Request Allocated
	   Cpus                 :                 1         1
	   Disk (KB)            :       15       15   2178146
	   Memory (MB)          :     1253     8192      8192
	   Multinode            :                           1
...
