000 (125995.022.000) 12/15 14:59:15 Job submitted from host: <172.20.12.20:41606>
...
001 (125995.022.000) 12/15 14:59:16 Job executing on host: <172.20.15.120:42993?noUDP>
...
006 (125995.022.000) 12/15 14:59:25 Image size of job updated: 210780
	205  -  MemoryUsage of job (MB)
	208916  -  ResidentSetSize of job (KB)
...
006 (125995.022.000) 12/15 15:04:26 Image size of job updated: 1959872
	1913  -  MemoryUsage of job (MB)
	1957892  -  ResidentSetSize of job (KB)
...
006 (125995.022.000) 12/15 15:19:28 Image size of job updated: 2312576
	2257  -  MemoryUsage of job (MB)
	2310596  -  ResidentSetSize of job (KB)
...
006 (125995.022.000) 12/15 15:34:30 Image size of job updated: 2325620
	2270  -  MemoryUsage of job (MB)
	2323640  -  ResidentSetSize of job (KB)
...
005 (125995.022.000) 12/15 16:34:53 Job terminated.
	(1) Normal termination (return value 0)
		Usr 0 01:35:14, Sys 0 00:00:04  -  Run Remote Usage
		Usr 0 00:00:00, Sys 0 00:00:00  -  Run Local Usage
		Usr 0 01:35:14, Sys 0 00:00:04  -  Total Remote Usage
		Usr 0 00:00:00, Sys 0 00:00:00  -  Total Local Usage
	0  -  Run Bytes Sent By Job
	0  -  Run Bytes Received By Job
	0  -  Total Bytes Sent By Job
	0  -  Total Bytes Received By Job
	Partitionable Resources :    Usage  Request Allocated
	   Cpus                 :                 1         1
	   Disk (KB)            :       15       15   2214966
	   Memory (MB)          :     2270     8192      8192
	   Multinode            :                           1
...
