000 (125995.020.000) 12/15 14:59:15 Job submitted from host: <172.20.12.20:41606>
...
001 (125995.020.000) 12/15 14:59:16 Job executing on host: <172.20.15.200:43212?noUDP>
...
006 (125995.020.000) 12/15 14:59:25 Image size of job updated: 206668
	201  -  MemoryUsage of job (MB)
	204816  -  ResidentSetSize of job (KB)
...
006 (125995.020.000) 12/15 15:04:26 Image size of job updated: 1871348
	1826  -  MemoryUsage of job (MB)
	1869368  -  ResidentSetSize of job (KB)
...
006 (125995.020.000) 12/15 15:09:27 Image size of job updated: 1936328
	1890  -  MemoryUsage of job (MB)
	1934348  -  ResidentSetSize of job (KB)
...
006 (125995.020.000) 12/15 15:14:27 Image size of job updated: 2083264
	2033  -  MemoryUsage of job (MB)
	2081284  -  ResidentSetSize of job (KB)
...
006 (125995.020.000) 12/15 15:19:28 Image size of job updated: 2304196
	2249  -  MemoryUsage of job (MB)
	2302216  -  ResidentSetSize of job (KB)
...
006 (125995.020.000) 12/15 16:19:34 Image size of job updated: 2307616
	2252  -  MemoryUsage of job (MB)
	2305636  -  ResidentSetSize of job (KB)
...
006 (125995.020.000) 12/15 16:24:35 Image size of job updated: 2333596
	2277  -  MemoryUsage of job (MB)
	2331616  -  ResidentSetSize of job (KB)
...
006 (125995.020.000) 12/15 16:34:11 Image size of job updated: 2346592
	2277  -  MemoryUsage of job (MB)
	2331616  -  ResidentSetSize of job (KB)
...
005 (125995.020.000) 12/15 16:34:11 Job terminated.
	(1) Normal termination (return value 0)
		Usr 0 01:34:42, Sys 0 00:00:03  -  Run Remote Usage
		Usr 0 00:00:00, Sys 0 00:00:00  -  Run Local Usage
		Usr 0 01:34:42, Sys 0 00:00:03  -  Total Remote Usage
		Usr 0 00:00:00, Sys 0 00:00:00  -  Total Local Usage
	0  -  Run Bytes Sent By Job
	0  -  Run Bytes Received By Job
	0  -  Total Bytes Sent By Job
	0  -  Total Bytes Received By Job
	Partitionable Resources :    Usage  Request Allocated
	   Cpus                 :                 1         1
	   Disk (KB)            :       15       15   2213703
	   Memory (MB)          :     2277     8192      8192
	   Multinode            :                           1
...
