000 (125995.033.000) 12/15 14:59:15 Job submitted from host: <172.20.12.20:41606>
...
001 (125995.033.000) 12/15 14:59:16 Job executing on host: <172.20.15.204:49782?noUDP>
...
006 (125995.033.000) 12/15 14:59:25 Image size of job updated: 210780
	205  -  MemoryUsage of job (MB)
	208916  -  ResidentSetSize of job (KB)
...
006 (125995.033.000) 12/15 15:04:26 Image size of job updated: 1189404
	1160  -  MemoryUsage of job (MB)
	1187424  -  ResidentSetSize of job (KB)
...
006 (125995.033.000) 12/15 15:09:26 Image size of job updated: 1386868
	1353  -  MemoryUsage of job (MB)
	1384888  -  ResidentSetSize of job (KB)
...
006 (125995.033.000) 12/15 15:14:26 Image size of job updated: 1395844
	1362  -  MemoryUsage of job (MB)
	1393864  -  ResidentSetSize of job (KB)
...
006 (125995.033.000) 12/15 15:24:28 Image size of job updated: 1404820
	1370  -  MemoryUsage of job (MB)
	1402840  -  ResidentSetSize of job (KB)
...
006 (125995.033.000) 12/15 15:54:30 Image size of job updated: 1418096
	1383  -  MemoryUsage of job (MB)
	1416116  -  ResidentSetSize of job (KB)
...
005 (125995.033.000) 12/15 16:04:03 Job terminated.
	(1) Normal termination (return value 0)
		Usr 0 01:04:39, Sys 0 00:00:02  -  Run Remote Usage
		Usr 0 00:00:00, Sys 0 00:00:00  -  Run Local Usage
		Usr 0 01:04:39, Sys 0 00:00:02  -  Total Remote Usage
		Usr 0 00:00:00, Sys 0 00:00:00  -  Total Local Usage
	0  -  Run Bytes Sent By Job
	0  -  Run Bytes Received By Job
	0  -  Total Bytes Sent By Job
	0  -  Total Bytes Received By Job
	Partitionable Resources :    Usage  Request Allocated
	   Cpus                 :                 1         1
	   Disk (KB)            :       15       15   2211449
	   Memory (MB)          :     1383     8192      8192
	   Multinode            :                           1
...
