000 (125995.028.000) 12/15 14:59:15 Job submitted from host: <172.20.12.20:41606>
...
001 (125995.028.000) 12/15 14:59:16 Job executing on host: <172.20.15.141:42190?noUDP>
...
006 (125995.028.000) 12/15 14:59:25 Image size of job updated: 210780
	205  -  MemoryUsage of job (MB)
	208916  -  ResidentSetSize of job (KB)
...
006 (125995.028.000) 12/15 15:04:26 Image size of job updated: 2118380
	2067  -  MemoryUsage of job (MB)
	2116400  -  ResidentSetSize of job (KB)
...
006 (125995.028.000) 12/15 15:09:26 Image size of job updated: 2129856
	2079  -  MemoryUsage of job (MB)
	2127876  -  ResidentSetSize of job (KB)
...
006 (125995.028.000) 12/15 15:14:26 Image size of job updated: 2513580
	2453  -  MemoryUsage of job (MB)
	2511600  -  ResidentSetSize of job (KB)
...
006 (125995.028.000) 12/15 15:19:27 Image size of job updated: 2513600
	2453  -  MemoryUsage of job (MB)
	2511620  -  ResidentSetSize of job (KB)
...
006 (125995.028.000) 12/15 15:24:28 Image size of job updated: 2525572
	2465  -  MemoryUsage of job (MB)
	2523592  -  ResidentSetSize of job (KB)
...
006 (125995.028.000) 12/15 15:39:30 Image size of job updated: 2561548
	2500  -  MemoryUsage of job (MB)
	2559568  -  ResidentSetSize of job (KB)
...
006 (125995.028.000) 12/15 16:04:31 Image size of job updated: 2621500
	2559  -  MemoryUsage of job (MB)
	2619520  -  ResidentSetSize of job (KB)
...
006 (125995.028.000) 12/15 16:14:32 Image size of job updated: 2717436
	2652  -  MemoryUsage of job (MB)
	2715456  -  ResidentSetSize of job (KB)
...
006 (125995.028.000) 12/15 16:29:05 Image size of job updated: 2965356
	2652  -  MemoryUsage of job (MB)
	2715456  -  ResidentSetSize of job (KB)
...
005 (125995.028.000) 12/15 16:29:05 Job terminated.
	(1) Normal termination (return value 0)
		Usr 0 01:29:34, Sys 0 00:00:04  -  Run Remote Usage
		Usr 0 00:00:00, Sys 0 00:00:00  -  Run Local Usage
		Usr 0 01:29:34, Sys 0 00:00:04  -  Total Remote Usage
		Usr 0 00:00:00, Sys 0 00:00:00  -  Total Local Usage
	0  -  Run Bytes Sent By Job
	0  -  Run Bytes Received By Job
	0  -  Total Bytes Sent By Job
	0  -  Total Bytes Received By Job
	Partitionable Resources :    Usage  Request Allocated
	   Cpus                 :                 1         1
	   Disk (KB)            :       15       15   2212641
	   Memory (MB)          :     2652     8192      8192
	   Multinode            :                           1
...
