000 (125995.002.000) 12/15 14:59:15 Job submitted from host: <172.20.12.20:41606>
...
001 (125995.002.000) 12/15 14:59:16 Job executing on host: <172.20.15.81:41022?noUDP>
...
006 (125995.002.000) 12/15 14:59:25 Image size of job updated: 222548
	208  -  MemoryUsage of job (MB)
	212588  -  ResidentSetSize of job (KB)
...
006 (125995.002.000) 12/15 15:04:26 Image size of job updated: 1123592
	1088  -  MemoryUsage of job (MB)
	1113460  -  ResidentSetSize of job (KB)
...
006 (125995.002.000) 12/15 15:09:27 Image size of job updated: 1319668
	1279  -  MemoryUsage of job (MB)
	1309536  -  ResidentSetSize of job (KB)
...
006 (125995.002.000) 12/15 15:14:27 Image size of job updated: 1327508
	1287  -  MemoryUsage of job (MB)
	1317376  -  ResidentSetSize of job (KB)
...
006 (125995.002.000) 12/15 15:39:30 Image size of job updated: 1337896
	1297  -  MemoryUsage of job (MB)
	1327764  -  ResidentSetSize of job (KB)
...
005 (125995.002.000) 12/15 15:55:59 Job terminated.
	(1) Normal termination (return value 0)
		Usr 0 00:56:34, Sys 0 00:00:03  -  Run Remote Usage
		Usr 0 00:00:00, Sys 0 00:00:00  -  Run Local Usage
		Usr 0 00:56:34, Sys 0 00:00:03  -  Total Remote Usage
		Usr 0 00:00:00, Sys 0 00:00:00  -  Total Local Usage
	0  -  Run Bytes Sent By Job
	0  -  Run Bytes Received By Job
	0  -  Total Bytes Sent By Job
	0  -  Total Bytes Received By Job
	Partitionable Resources :    Usage  Request Allocated
	   Cpus                 :                 1         1
	   Disk (KB)            :       15       15   1678995
	   Memory (MB)          :     1297     8192      8192
	   Multinode            :                           1
...
