000 (125995.018.000) 12/15 14:59:15 Job submitted from host: <172.20.12.20:41606>
...
001 (125995.018.000) 12/15 14:59:16 Job executing on host: <172.20.15.220:48541?noUDP>
...
006 (125995.018.000) 12/15 14:59:25 Image size of job updated: 206680
	201  -  MemoryUsage of job (MB)
	204816  -  ResidentSetSize of job (KB)
...
006 (125995.018.000) 12/15 15:04:26 Image size of job updated: 3052180
	2979  -  MemoryUsage of job (MB)
	3050200  -  ResidentSetSize of job (KB)
...
006 (125995.018.000) 12/15 15:14:27 Image size of job updated: 3071672
	2998  -  MemoryUsage of job (MB)
	3069692  -  ResidentSetSize of job (KB)
...
006 (125995.018.000) 12/15 16:19:34 Image size of job updated: 3090648
	3017  -  MemoryUsage of job (MB)
	3088668  -  ResidentSetSize of job (KB)
...
006 (125995.018.000) 12/15 16:44:37 Image size of job updated: 3096128
	3022  -  MemoryUsage of job (MB)
	3094148  -  ResidentSetSize of job (KB)
...
005 (125995.018.000) 12/15 17:22:36 Job terminated.
	(1) Normal termination (return value 0)
		Usr 0 02:23:02, Sys 0 00:00:07  -  Run Remote Usage
		Usr 0 00:00:00, Sys 0 00:00:00  -  Run Local Usage
		Usr 0 02:23:02, Sys 0 00:00:07  -  Total Remote Usage
		Usr 0 00:00:00, Sys 0 00:00:00  -  Total Local Usage
	0  -  Run Bytes Sent By Job
	0  -  Run Bytes Received By Job
	0  -  Total Bytes Sent By Job
	0  -  Total Bytes Received By Job
	Partitionable Resources :    Usage  Request Allocated
	   Cpus                 :                 1         1
	   Disk (KB)            :       15       15   2178819
	   Memory (MB)          :     3022     8192      8192
	   Multinode            :                           1
...
