3049208 fastq reads to process
	1290 spikes detected
	4044 spikes detected
	83 spikes detected
	1164 spikes detected
	2621 spikes detected
	1127 spikes detected
	2662 spikes detected
	2574 spikes detected
	279 spikes detected
Processing spike 10 out of 260
	1 spikes detected
	2533 spikes detected
	682 spikes detected
	109 spikes detected
	410 spikes detected
	1978 spikes detected
	16 spikes detected
	648 spikes detected
	451 spikes detected
	1046 spikes detected
Processing spike 20 out of 260
	673 spikes detected
	954 spikes detected
	183 spikes detected
	577 spikes detected
	808 spikes detected
	724 spikes detected
	111 spikes detected
	567 spikes detected
	1601 spikes detected
	405 spikes detected
Processing spike 30 out of 260
	85 spikes detected
	113 spikes detected
	790 spikes detected
	836 spikes detected
	121 spikes detected
	727 spikes detected
	71 spikes detected
	60 spikes detected
	80 spikes detected
	741 spikes detected
Processing spike 40 out of 260
	501 spikes detected
	728 spikes detected
	182 spikes detected
	63 spikes detected
	74 spikes detected
	311 spikes detected
	579 spikes detected
	26 spikes detected
	521 spikes detected
	43 spikes detected
Processing spike 50 out of 260
	34 spikes detected
	35 spikes detected
	98 spikes detected
	712 spikes detected
	531 spikes detected
	607 spikes detected
	75 spikes detected
	35 spikes detected
	307 spikes detected
	979 spikes detected
Processing spike 60 out of 260
	85 spikes detected
	694 spikes detected
	115 spikes detected
	19 spikes detected
	5 spikes detected
	449 spikes detected
	895 spikes detected
	6462 spikes detected
	130 spikes detected
	103 spikes detected
Processing spike 70 out of 260
	1080 spikes detected
	335 spikes detected
	718 spikes detected
	2534 spikes detected
	85 spikes detected
	3093 spikes detected
	1382 spikes detected
	2493 spikes detected
	289 spikes detected
	879 spikes detected
Processing spike 80 out of 260
	1219 spikes detected
	1506 spikes detected
	1570 spikes detected
	651 spikes detected
	1466 spikes detected
	1020 spikes detected
	2452 spikes detected
	2308 spikes detected
	1955 spikes detected
	2657 spikes detected
Processing spike 90 out of 260
	1948 spikes detected
	1916 spikes detected
	694 spikes detected
	1123 spikes detected
	876 spikes detected
	1813 spikes detected
	669 spikes detected
	1534 spikes detected
	389 spikes detected
	2050 spikes detected
Processing spike 100 out of 260
	2636 spikes detected
	1210 spikes detected
	1373 spikes detected
	1154 spikes detected
	2135 spikes detected
	573 spikes detected
	666 spikes detected
	446 spikes detected
	533 spikes detected
	588 spikes detected
Processing spike 110 out of 260
	495 spikes detected
	770 spikes detected
	988 spikes detected
	1222 spikes detected
	801 spikes detected
	596 spikes detected
	1527 spikes detected
	1082 spikes detected
	2104 spikes detected
	3545 spikes detected
Processing spike 120 out of 260
	1189 spikes detected
	101 spikes detected
	77 spikes detected
	728 spikes detected
	1933 spikes detected
	382 spikes detected
	1998 spikes detected
	201 spikes detected
	301 spikes detected
	432 spikes detected
Processing spike 130 out of 260
	1513 spikes detected
	454 spikes detected
	775 spikes detected
	627 spikes detected
	62 spikes detected
	55 spikes detected
	508 spikes detected
	1228 spikes detected
	215 spikes detected
	2601 spikes detected
Processing spike 140 out of 260
	247 spikes detected
	145 spikes detected
	72 spikes detected
	1403 spikes detected
	1270 spikes detected
	1270 spikes detected
	101 spikes detected
	435 spikes detected
	920 spikes detected
	1840 spikes detected
Processing spike 150 out of 260
	1340 spikes detected
	1583 spikes detected
	32 spikes detected
	820 spikes detected
	2051 spikes detected
	1989 spikes detected
	180 spikes detected
	653 spikes detected
	1223 spikes detected
	31 spikes detected
Processing spike 160 out of 260
	626 spikes detected
	935 spikes detected
	446 spikes detected
	796 spikes detected
	1147 spikes detected
	112 spikes detected
	983 spikes detected
	755 spikes detected
	750 spikes detected
	33 spikes detected
Processing spike 170 out of 260
	993 spikes detected
	5310 spikes detected
	743 spikes detected
	43 spikes detected
	65 spikes detected
	1156 spikes detected
	1907 spikes detected
	246 spikes detected
	2483 spikes detected
	193 spikes detected
Processing spike 180 out of 260
	292 spikes detected
	214 spikes detected
	1453 spikes detected
	104 spikes detected
	75 spikes detected
	40 spikes detected
	85 spikes detected
	56 spikes detected
	20 spikes detected
	78 spikes detected
Processing spike 190 out of 260
	38 spikes detected
	4 spikes detected
	52 spikes detected
	35 spikes detected
	69 spikes detected
	78 spikes detected
	746 spikes detected
	2487 spikes detected
	44 spikes detected
	345 spikes detected
Processing spike 200 out of 260
	806 spikes detected
	1076 spikes detected
	679 spikes detected
	2810 spikes detected
	598 spikes detected
	1510 spikes detected
	1429 spikes detected
	1121 spikes detected
	164 spikes detected
	643 spikes detected
Processing spike 210 out of 260
	2325 spikes detected
	865 spikes detected
	713 spikes detected
	566 spikes detected
	1885 spikes detected
	2781 spikes detected
	715 spikes detected
	1222 spikes detected
	1156 spikes detected
	1930 spikes detected
Processing spike 220 out of 260
	945 spikes detected
	1312 spikes detected
	264 spikes detected
	355 spikes detected
	81 spikes detected
	19 spikes detected
	37 spikes detected
	216 spikes detected
	352 spikes detected
	19 spikes detected
Processing spike 230 out of 260
	209 spikes detected
	20 spikes detected
	27 spikes detected
	15 spikes detected
	223 spikes detected
	468 spikes detected
	1384 spikes detected
	514 spikes detected
	908 spikes detected
	1020 spikes detected
Processing spike 240 out of 260
	1316 spikes detected
	779 spikes detected
	1847 spikes detected
	1221 spikes detected
	2513 spikes detected
	1004 spikes detected
	1246 spikes detected
	968 spikes detected
	1684 spikes detected
	2104 spikes detected
Processing spike 250 out of 260
	34 spikes detected
	218 spikes detected
	509 spikes detected
	200 spikes detected
	396 spikes detected
	333 spikes detected
	41 spikes detected
	925 spikes detected
	264 spikes detected
	668 spikes detected
Processing spike 260 out of 260
	98 spikes detected
Writing spike count file to: /mnt/lustre1/CompBio/data/tcrseq/dhaarini/DNA150624LC/redux/peared_fastqs/assembled/DNA150624LC_15_S27.assembled.spike.counts.25bp.txt
Writing list of reads to remove to: /mnt/lustre1/CompBio/data/tcrseq/dhaarini/DNA150624LC/redux/peared_fastqs/assembled/DNA150624LC_15_S27.assembled.reads.to.remove.txt
Writing QC summary to: /mnt/lustre1/CompBio/data/tcrseq/dhaarini/DNA150624LC/redux/peared_fastqs/assembled/DNA150624LC_15_S27.assembled.qc.txt
25bp,fwd processed:  /mnt/lustre1/CompBio/data/tcrseq/dhaarini/DNA150624LC/redux/peared_fastqs/assembled/DNA150624LC_15_S27.assembled.fastq 
