2007771 fastq reads to process
	910 spikes detected
	2901 spikes detected
	73 spikes detected
	817 spikes detected
	1881 spikes detected
	826 spikes detected
	1911 spikes detected
	1737 spikes detected
	219 spikes detected
Processing spike 10 out of 260
	1 spikes detected
	1810 spikes detected
	474 spikes detected
	75 spikes detected
	280 spikes detected
	1321 spikes detected
	11 spikes detected
	446 spikes detected
	310 spikes detected
	766 spikes detected
Processing spike 20 out of 260
	477 spikes detected
	629 spikes detected
	149 spikes detected
	453 spikes detected
	547 spikes detected
	477 spikes detected
	66 spikes detected
	391 spikes detected
	1185 spikes detected
	294 spikes detected
Processing spike 30 out of 260
	52 spikes detected
	82 spikes detected
	546 spikes detected
	644 spikes detected
	78 spikes detected
	516 spikes detected
	66 spikes detected
	34 spikes detected
	54 spikes detected
	494 spikes detected
Processing spike 40 out of 260
	299 spikes detected
	538 spikes detected
	141 spikes detected
	37 spikes detected
	47 spikes detected
	199 spikes detected
	433 spikes detected
	25 spikes detected
	384 spikes detected
	32 spikes detected
Processing spike 50 out of 260
	34 spikes detected
	14 spikes detected
	79 spikes detected
	461 spikes detected
	378 spikes detected
	406 spikes detected
	56 spikes detected
	30 spikes detected
	242 spikes detected
	649 spikes detected
Processing spike 60 out of 260
	74 spikes detected
	479 spikes detected
	79 spikes detected
	7 spikes detected
	5 spikes detected
	349 spikes detected
	654 spikes detected
	4251 spikes detected
	90 spikes detected
	73 spikes detected
Processing spike 70 out of 260
	821 spikes detected
	269 spikes detected
	497 spikes detected
	1722 spikes detected
	65 spikes detected
	2135 spikes detected
	954 spikes detected
	1730 spikes detected
	186 spikes detected
	587 spikes detected
Processing spike 80 out of 260
	843 spikes detected
	1043 spikes detected
	1176 spikes detected
	442 spikes detected
	1031 spikes detected
	719 spikes detected
	1780 spikes detected
	1654 spikes detected
	1470 spikes detected
	1810 spikes detected
Processing spike 90 out of 260
	1370 spikes detected
	1410 spikes detected
	517 spikes detected
	820 spikes detected
	627 spikes detected
	1244 spikes detected
	423 spikes detected
	1070 spikes detected
	310 spikes detected
	1481 spikes detected
Processing spike 100 out of 260
	1851 spikes detected
	931 spikes detected
	972 spikes detected
	782 spikes detected
	1442 spikes detected
	469 spikes detected
	496 spikes detected
	284 spikes detected
	385 spikes detected
	430 spikes detected
Processing spike 110 out of 260
	386 spikes detected
	523 spikes detected
	694 spikes detected
	920 spikes detected
	587 spikes detected
	407 spikes detected
	1066 spikes detected
	776 spikes detected
	1492 spikes detected
	2692 spikes detected
Processing spike 120 out of 260
	833 spikes detected
	65 spikes detected
	68 spikes detected
	541 spikes detected
	1300 spikes detected
	296 spikes detected
	1409 spikes detected
	129 spikes detected
	203 spikes detected
	292 spikes detected
Processing spike 130 out of 260
	1049 spikes detected
	294 spikes detected
	509 spikes detected
	439 spikes detected
	42 spikes detected
	42 spikes detected
	365 spikes detected
	863 spikes detected
	180 spikes detected
	1772 spikes detected
Processing spike 140 out of 260
	172 spikes detected
	80 spikes detected
	64 spikes detected
	951 spikes detected
	851 spikes detected
	945 spikes detected
	68 spikes detected
	321 spikes detected
	649 spikes detected
	1246 spikes detected
Processing spike 150 out of 260
	912 spikes detected
	1098 spikes detected
	27 spikes detected
	634 spikes detected
	1397 spikes detected
	1389 spikes detected
	122 spikes detected
	465 spikes detected
	859 spikes detected
	20 spikes detected
Processing spike 160 out of 260
	470 spikes detected
	715 spikes detected
	368 spikes detected
	581 spikes detected
	819 spikes detected
	81 spikes detected
	725 spikes detected
	508 spikes detected
	497 spikes detected
	47 spikes detected
Processing spike 170 out of 260
	727 spikes detected
	3581 spikes detected
	525 spikes detected
	36 spikes detected
	42 spikes detected
	835 spikes detected
	1451 spikes detected
	195 spikes detected
	1799 spikes detected
	107 spikes detected
Processing spike 180 out of 260
	210 spikes detected
	177 spikes detected
	1091 spikes detected
	76 spikes detected
	47 spikes detected
	48 spikes detected
	58 spikes detected
	38 spikes detected
	11 spikes detected
	45 spikes detected
Processing spike 190 out of 260
	24 spikes detected
	4 spikes detected
	26 spikes detected
	42 spikes detected
	47 spikes detected
	58 spikes detected
	633 spikes detected
	2144 spikes detected
	31 spikes detected
	345 spikes detected
Processing spike 200 out of 260
	668 spikes detected
	881 spikes detected
	599 spikes detected
	1836 spikes detected
	439 spikes detected
	1202 spikes detected
	1128 spikes detected
	932 spikes detected
	139 spikes detected
	466 spikes detected
Processing spike 210 out of 260
	1571 spikes detected
	571 spikes detected
	510 spikes detected
	387 spikes detected
	1306 spikes detected
	1995 spikes detected
	552 spikes detected
	919 spikes detected
	889 spikes detected
	1330 spikes detected
Processing spike 220 out of 260
	689 spikes detected
	930 spikes detected
	215 spikes detected
	276 spikes detected
	64 spikes detected
	13 spikes detected
	30 spikes detected
	159 spikes detected
	247 spikes detected
	13 spikes detected
Processing spike 230 out of 260
	138 spikes detected
	17 spikes detected
	7 spikes detected
	14 spikes detected
	168 spikes detected
	330 spikes detected
	893 spikes detected
	394 spikes detected
	643 spikes detected
	677 spikes detected
Processing spike 240 out of 260
	872 spikes detected
	579 spikes detected
	1304 spikes detected
	856 spikes detected
	1832 spikes detected
	699 spikes detected
	821 spikes detected
	642 spikes detected
	1204 spikes detected
	1491 spikes detected
Processing spike 250 out of 260
	22 spikes detected
	165 spikes detected
	393 spikes detected
	152 spikes detected
	301 spikes detected
	217 spikes detected
	42 spikes detected
	704 spikes detected
	180 spikes detected
	459 spikes detected
Processing spike 260 out of 260
	83 spikes detected
Writing spike count file to: /mnt/lustre1/CompBio/data/tcrseq/dhaarini/DNA150624LC/redux/peared_fastqs/assembled/DNA150624LC_12_S18.assembled.spike.counts.25bp.txt
Writing list of reads to remove to: /mnt/lustre1/CompBio/data/tcrseq/dhaarini/DNA150624LC/redux/peared_fastqs/assembled/DNA150624LC_12_S18.assembled.reads.to.remove.txt
Writing QC summary to: /mnt/lustre1/CompBio/data/tcrseq/dhaarini/DNA150624LC/redux/peared_fastqs/assembled/DNA150624LC_12_S18.assembled.qc.txt
25bp,fwd processed:  /mnt/lustre1/CompBio/data/tcrseq/dhaarini/DNA150624LC/redux/peared_fastqs/assembled/DNA150624LC_12_S18.assembled.fastq 
