1775643 fastq reads to process
	1159 spikes detected
	3755 spikes detected
	90 spikes detected
	988 spikes detected
	2294 spikes detected
	1085 spikes detected
	2411 spikes detected
	2172 spikes detected
	263 spikes detected
Processing spike 10 out of 260
	0 spikes detected
	2452 spikes detected
	630 spikes detected
	103 spikes detected
	355 spikes detected
	1703 spikes detected
	22 spikes detected
	519 spikes detected
	355 spikes detected
	892 spikes detected
Processing spike 20 out of 260
	569 spikes detected
	778 spikes detected
	179 spikes detected
	475 spikes detected
	626 spikes detected
	623 spikes detected
	83 spikes detected
	417 spikes detected
	1424 spikes detected
	325 spikes detected
Processing spike 30 out of 260
	68 spikes detected
	86 spikes detected
	611 spikes detected
	684 spikes detected
	108 spikes detected
	564 spikes detected
	67 spikes detected
	54 spikes detected
	54 spikes detected
	583 spikes detected
Processing spike 40 out of 260
	337 spikes detected
	517 spikes detected
	129 spikes detected
	45 spikes detected
	52 spikes detected
	204 spikes detected
	420 spikes detected
	30 spikes detected
	465 spikes detected
	38 spikes detected
Processing spike 50 out of 260
	32 spikes detected
	27 spikes detected
	71 spikes detected
	586 spikes detected
	456 spikes detected
	456 spikes detected
	56 spikes detected
	19 spikes detected
	329 spikes detected
	847 spikes detected
Processing spike 60 out of 260
	93 spikes detected
	585 spikes detected
	82 spikes detected
	11 spikes detected
	6 spikes detected
	352 spikes detected
	761 spikes detected
	6093 spikes detected
	106 spikes detected
	83 spikes detected
Processing spike 70 out of 260
	1055 spikes detected
	311 spikes detected
	627 spikes detected
	2151 spikes detected
	90 spikes detected
	2869 spikes detected
	1299 spikes detected
	2249 spikes detected
	227 spikes detected
	765 spikes detected
Processing spike 80 out of 260
	1038 spikes detected
	1385 spikes detected
	1352 spikes detected
	525 spikes detected
	1313 spikes detected
	830 spikes detected
	2165 spikes detected
	2072 spikes detected
	1676 spikes detected
	2413 spikes detected
Processing spike 90 out of 260
	1702 spikes detected
	1650 spikes detected
	585 spikes detected
	1014 spikes detected
	706 spikes detected
	1450 spikes detected
	585 spikes detected
	1323 spikes detected
	301 spikes detected
	1873 spikes detected
Processing spike 100 out of 260
	2438 spikes detected
	1093 spikes detected
	1226 spikes detected
	917 spikes detected
	1900 spikes detected
	516 spikes detected
	610 spikes detected
	342 spikes detected
	443 spikes detected
	464 spikes detected
Processing spike 110 out of 260
	495 spikes detected
	661 spikes detected
	871 spikes detected
	1046 spikes detected
	662 spikes detected
	476 spikes detected
	1318 spikes detected
	967 spikes detected
	1777 spikes detected
	3180 spikes detected
Processing spike 120 out of 260
	958 spikes detected
	76 spikes detected
	61 spikes detected
	602 spikes detected
	1594 spikes detected
	351 spikes detected
	1910 spikes detected
	191 spikes detected
	262 spikes detected
	396 spikes detected
Processing spike 130 out of 260
	1290 spikes detected
	363 spikes detected
	633 spikes detected
	562 spikes detected
	52 spikes detected
	52 spikes detected
	401 spikes detected
	1044 spikes detected
	174 spikes detected
	2191 spikes detected
Processing spike 140 out of 260
	199 spikes detected
	116 spikes detected
	52 spikes detected
	1090 spikes detected
	1129 spikes detected
	1157 spikes detected
	86 spikes detected
	402 spikes detected
	823 spikes detected
	1663 spikes detected
Processing spike 150 out of 260
	1146 spikes detected
	1400 spikes detected
	32 spikes detected
	756 spikes detected
	1808 spikes detected
	1750 spikes detected
	157 spikes detected
	585 spikes detected
	1070 spikes detected
	22 spikes detected
Processing spike 160 out of 260
	539 spikes detected
	830 spikes detected
	417 spikes detected
	738 spikes detected
	914 spikes detected
	101 spikes detected
	942 spikes detected
	596 spikes detected
	615 spikes detected
	47 spikes detected
Processing spike 170 out of 260
	843 spikes detected
	4975 spikes detected
	635 spikes detected
	46 spikes detected
	54 spikes detected
	1073 spikes detected
	1793 spikes detected
	230 spikes detected
	2403 spikes detected
	148 spikes detected
Processing spike 180 out of 260
	298 spikes detected
	251 spikes detected
	1281 spikes detected
	69 spikes detected
	66 spikes detected
	46 spikes detected
	55 spikes detected
	54 spikes detected
	22 spikes detected
	62 spikes detected
Processing spike 190 out of 260
	36 spikes detected
	2 spikes detected
	31 spikes detected
	43 spikes detected
	54 spikes detected
	64 spikes detected
	715 spikes detected
	2856 spikes detected
	45 spikes detected
	364 spikes detected
Processing spike 200 out of 260
	787 spikes detected
	1194 spikes detected
	810 spikes detected
	2174 spikes detected
	645 spikes detected
	1657 spikes detected
	1500 spikes detected
	1243 spikes detected
	180 spikes detected
	572 spikes detected
Processing spike 210 out of 260
	2094 spikes detected
	743 spikes detected
	584 spikes detected
	426 spikes detected
	1610 spikes detected
	2605 spikes detected
	542 spikes detected
	1076 spikes detected
	1008 spikes detected
	1691 spikes detected
Processing spike 220 out of 260
	840 spikes detected
	1115 spikes detected
	254 spikes detected
	297 spikes detected
	77 spikes detected
	14 spikes detected
	33 spikes detected
	163 spikes detected
	274 spikes detected
	12 spikes detected
Processing spike 230 out of 260
	165 spikes detected
	8 spikes detected
	15 spikes detected
	15 spikes detected
	167 spikes detected
	429 spikes detected
	1236 spikes detected
	458 spikes detected
	761 spikes detected
	806 spikes detected
Processing spike 240 out of 260
	1090 spikes detected
	701 spikes detected
	1509 spikes detected
	1193 spikes detected
	2168 spikes detected
	800 spikes detected
	985 spikes detected
	782 spikes detected
	1402 spikes detected
	1820 spikes detected
Processing spike 250 out of 260
	36 spikes detected
	182 spikes detected
	484 spikes detected
	190 spikes detected
	389 spikes detected
	267 spikes detected
	31 spikes detected
	864 spikes detected
	203 spikes detected
	578 spikes detected
Processing spike 260 out of 260
	99 spikes detected
Writing spike count file to: /mnt/lustre1/CompBio/data/tcrseq/dhaarini/DNA150624LC/redux/peared_fastqs/assembled/DNA150624LC_18_S29.assembled.spike.counts.25bp.txt
Writing list of reads to remove to: /mnt/lustre1/CompBio/data/tcrseq/dhaarini/DNA150624LC/redux/peared_fastqs/assembled/DNA150624LC_18_S29.assembled.reads.to.remove.txt
Writing QC summary to: /mnt/lustre1/CompBio/data/tcrseq/dhaarini/DNA150624LC/redux/peared_fastqs/assembled/DNA150624LC_18_S29.assembled.qc.txt
25bp,fwd processed:  /mnt/lustre1/CompBio/data/tcrseq/dhaarini/DNA150624LC/redux/peared_fastqs/assembled/DNA150624LC_18_S29.assembled.fastq 
