4989439 fastq reads to process
	1670 spikes detected
	4889 spikes detected
	101 spikes detected
	1397 spikes detected
	3228 spikes detected
	1624 spikes detected
	3392 spikes detected
	3342 spikes detected
	518 spikes detected
Processing spike 10 out of 260
	0 spikes detected
	3763 spikes detected
	910 spikes detected
	120 spikes detected
	407 spikes detected
	2376 spikes detected
	20 spikes detected
	614 spikes detected
	426 spikes detected
	1065 spikes detected
Processing spike 20 out of 260
	626 spikes detected
	1152 spikes detected
	279 spikes detected
	588 spikes detected
	785 spikes detected
	721 spikes detected
	119 spikes detected
	546 spikes detected
	1727 spikes detected
	421 spikes detected
Processing spike 30 out of 260
	81 spikes detected
	106 spikes detected
	787 spikes detected
	821 spikes detected
	177 spikes detected
	934 spikes detected
	89 spikes detected
	61 spikes detected
	88 spikes detected
	712 spikes detected
Processing spike 40 out of 260
	416 spikes detected
	816 spikes detected
	150 spikes detected
	63 spikes detected
	69 spikes detected
	253 spikes detected
	528 spikes detected
	29 spikes detected
	533 spikes detected
	82 spikes detected
Processing spike 50 out of 260
	48 spikes detected
	37 spikes detected
	108 spikes detected
	738 spikes detected
	641 spikes detected
	505 spikes detected
	64 spikes detected
	51 spikes detected
	617 spikes detected
	1482 spikes detected
Processing spike 60 out of 260
	167 spikes detected
	663 spikes detected
	133 spikes detected
	19 spikes detected
	20 spikes detected
	553 spikes detected
	975 spikes detected
	6849 spikes detected
	126 spikes detected
	108 spikes detected
Processing spike 70 out of 260
	1271 spikes detected
	535 spikes detected
	679 spikes detected
	2515 spikes detected
	118 spikes detected
	3322 spikes detected
	1881 spikes detected
	2706 spikes detected
	284 spikes detected
	1043 spikes detected
Processing spike 80 out of 260
	1766 spikes detected
	1553 spikes detected
	1792 spikes detected
	754 spikes detected
	2129 spikes detected
	1101 spikes detected
	3262 spikes detected
	3327 spikes detected
	2737 spikes detected
	3337 spikes detected
Processing spike 90 out of 260
	2240 spikes detected
	2378 spikes detected
	847 spikes detected
	1727 spikes detected
	858 spikes detected
	2054 spikes detected
	873 spikes detected
	2161 spikes detected
	535 spikes detected
	2482 spikes detected
Processing spike 100 out of 260
	3413 spikes detected
	1407 spikes detected
	2009 spikes detected
	1642 spikes detected
	2192 spikes detected
	653 spikes detected
	987 spikes detected
	447 spikes detected
	612 spikes detected
	641 spikes detected
Processing spike 110 out of 260
	866 spikes detected
	930 spikes detected
	1074 spikes detected
	1505 spikes detected
	2579 spikes detected
	711 spikes detected
	1639 spikes detected
	1398 spikes detected
	2033 spikes detected
	3816 spikes detected
Processing spike 120 out of 260
	1098 spikes detected
	83 spikes detected
	87 spikes detected
	937 spikes detected
	1888 spikes detected
	401 spikes detected
	2335 spikes detected
	192 spikes detected
	333 spikes detected
	675 spikes detected
Processing spike 130 out of 260
	1591 spikes detected
	455 spikes detected
	788 spikes detected
	612 spikes detected
	60 spikes detected
	54 spikes detected
	514 spikes detected
	1252 spikes detected
	288 spikes detected
	2633 spikes detected
Processing spike 140 out of 260
	219 spikes detected
	155 spikes detected
	92 spikes detected
	1442 spikes detected
	1411 spikes detected
	1438 spikes detected
	91 spikes detected
	457 spikes detected
	902 spikes detected
	2018 spikes detected
Processing spike 150 out of 260
	1366 spikes detected
	1893 spikes detected
	38 spikes detected
	983 spikes detected
	2019 spikes detected
	2091 spikes detected
	199 spikes detected
	588 spikes detected
	1184 spikes detected
	24 spikes detected
Processing spike 160 out of 260
	542 spikes detected
	884 spikes detected
	433 spikes detected
	716 spikes detected
	1333 spikes detected
	191 spikes detected
	916 spikes detected
	635 spikes detected
	686 spikes detected
	50 spikes detected
Processing spike 170 out of 260
	974 spikes detected
	5947 spikes detected
	700 spikes detected
	39 spikes detected
	65 spikes detected
	1243 spikes detected
	2038 spikes detected
	282 spikes detected
	2501 spikes detected
	201 spikes detected
Processing spike 180 out of 260
	284 spikes detected
	296 spikes detected
	1343 spikes detected
	83 spikes detected
	65 spikes detected
	40 spikes detected
	55 spikes detected
	46 spikes detected
	23 spikes detected
	64 spikes detected
Processing spike 190 out of 260
	34 spikes detected
	8 spikes detected
	30 spikes detected
	36 spikes detected
	58 spikes detected
	54 spikes detected
	804 spikes detected
	3563 spikes detected
	78 spikes detected
	413 spikes detected
Processing spike 200 out of 260
	1134 spikes detected
	1356 spikes detected
	966 spikes detected
	2879 spikes detected
	935 spikes detected
	1872 spikes detected
	2181 spikes detected
	1454 spikes detected
	198 spikes detected
	824 spikes detected
Processing spike 210 out of 260
	3170 spikes detected
	853 spikes detected
	881 spikes detected
	713 spikes detected
	2502 spikes detected
	3124 spikes detected
	959 spikes detected
	1614 spikes detected
	1962 spikes detected
	1972 spikes detected
Processing spike 220 out of 260
	1210 spikes detected
	1635 spikes detected
	221 spikes detected
	313 spikes detected
	68 spikes detected
	16 spikes detected
	32 spikes detected
	146 spikes detected
	277 spikes detected
	15 spikes detected
Processing spike 230 out of 260
	147 spikes detected
	16 spikes detected
	15 spikes detected
	12 spikes detected
	193 spikes detected
	419 spikes detected
	1450 spikes detected
	509 spikes detected
	952 spikes detected
	973 spikes detected
Processing spike 240 out of 260
	1381 spikes detected
	711 spikes detected
	1776 spikes detected
	1163 spikes detected
	2378 spikes detected
	971 spikes detected
	1120 spikes detected
	889 spikes detected
	1639 spikes detected
	2142 spikes detected
Processing spike 250 out of 260
	35 spikes detected
	225 spikes detected
	554 spikes detected
	230 spikes detected
	429 spikes detected
	370 spikes detected
	48 spikes detected
	993 spikes detected
	255 spikes detected
	678 spikes detected
Processing spike 260 out of 260
	111 spikes detected
Writing spike count file to: /mnt/lustre1/CompBio/data/tcrseq/dhaarini/DNA150624LC/redux/peared_fastqs/assembled/DNA150624LC_27_S22.assembled.spike.counts.25bp.txt
Writing list of reads to remove to: /mnt/lustre1/CompBio/data/tcrseq/dhaarini/DNA150624LC/redux/peared_fastqs/assembled/DNA150624LC_27_S22.assembled.reads.to.remove.txt
Writing QC summary to: /mnt/lustre1/CompBio/data/tcrseq/dhaarini/DNA150624LC/redux/peared_fastqs/assembled/DNA150624LC_27_S22.assembled.qc.txt
25bp,fwd processed:  /mnt/lustre1/CompBio/data/tcrseq/dhaarini/DNA150624LC/redux/peared_fastqs/assembled/DNA150624LC_27_S22.assembled.fastq 
