2962876 fastq reads to process
	1414 spikes detected
	4713 spikes detected
	105 spikes detected
	1318 spikes detected
	3032 spikes detected
	1344 spikes detected
	2933 spikes detected
	2906 spikes detected
	368 spikes detected
Processing spike 10 out of 260
	0 spikes detected
	3008 spikes detected
	773 spikes detected
	110 spikes detected
	491 spikes detected
	2264 spikes detected
	29 spikes detected
	787 spikes detected
	577 spikes detected
	1251 spikes detected
Processing spike 20 out of 260
	778 spikes detected
	1058 spikes detected
	271 spikes detected
	717 spikes detected
	917 spikes detected
	804 spikes detected
	115 spikes detected
	653 spikes detected
	1964 spikes detected
	505 spikes detected
Processing spike 30 out of 260
	95 spikes detected
	127 spikes detected
	917 spikes detected
	1077 spikes detected
	169 spikes detected
	898 spikes detected
	88 spikes detected
	71 spikes detected
	99 spikes detected
	862 spikes detected
Processing spike 40 out of 260
	564 spikes detected
	831 spikes detected
	238 spikes detected
	48 spikes detected
	87 spikes detected
	336 spikes detected
	659 spikes detected
	48 spikes detected
	665 spikes detected
	39 spikes detected
Processing spike 50 out of 260
	36 spikes detected
	33 spikes detected
	132 spikes detected
	849 spikes detected
	647 spikes detected
	705 spikes detected
	87 spikes detected
	55 spikes detected
	383 spikes detected
	1025 spikes detected
Processing spike 60 out of 260
	129 spikes detected
	794 spikes detected
	126 spikes detected
	17 spikes detected
	9 spikes detected
	517 spikes detected
	1162 spikes detected
	7138 spikes detected
	142 spikes detected
	111 spikes detected
Processing spike 70 out of 260
	1348 spikes detected
	408 spikes detected
	761 spikes detected
	2967 spikes detected
	131 spikes detected
	3729 spikes detected
	1710 spikes detected
	2885 spikes detected
	333 spikes detected
	1082 spikes detected
Processing spike 80 out of 260
	1579 spikes detected
	1813 spikes detected
	1890 spikes detected
	698 spikes detected
	1859 spikes detected
	1249 spikes detected
	2986 spikes detected
	2731 spikes detected
	2365 spikes detected
	3100 spikes detected
Processing spike 90 out of 260
	2391 spikes detected
	2371 spikes detected
	867 spikes detected
	1341 spikes detected
	1050 spikes detected
	2098 spikes detected
	780 spikes detected
	1849 spikes detected
	473 spikes detected
	2409 spikes detected
Processing spike 100 out of 260
	3165 spikes detected
	1449 spikes detected
	1682 spikes detected
	1351 spikes detected
	2515 spikes detected
	727 spikes detected
	811 spikes detected
	567 spikes detected
	666 spikes detected
	690 spikes detected
Processing spike 110 out of 260
	683 spikes detected
	956 spikes detected
	1208 spikes detected
	1508 spikes detected
	1014 spikes detected
	737 spikes detected
	1871 spikes detected
	1430 spikes detected
	2573 spikes detected
	3974 spikes detected
Processing spike 120 out of 260
	1388 spikes detected
	129 spikes detected
	75 spikes detected
	876 spikes detected
	2169 spikes detected
	449 spikes detected
	2338 spikes detected
	215 spikes detected
	358 spikes detected
	470 spikes detected
Processing spike 130 out of 260
	1797 spikes detected
	556 spikes detected
	872 spikes detected
	719 spikes detected
	83 spikes detected
	83 spikes detected
	653 spikes detected
	1479 spikes detected
	281 spikes detected
	2968 spikes detected
Processing spike 140 out of 260
	269 spikes detected
	170 spikes detected
	100 spikes detected
	1606 spikes detected
	1503 spikes detected
	1536 spikes detected
	104 spikes detected
	530 spikes detected
	1032 spikes detected
	2104 spikes detected
Processing spike 150 out of 260
	1469 spikes detected
	1777 spikes detected
	39 spikes detected
	1051 spikes detected
	2282 spikes detected
	2218 spikes detected
	181 spikes detected
	834 spikes detected
	1409 spikes detected
	30 spikes detected
Processing spike 160 out of 260
	729 spikes detected
	1140 spikes detected
	530 spikes detected
	909 spikes detected
	1384 spikes detected
	144 spikes detected
	1151 spikes detected
	859 spikes detected
	848 spikes detected
	63 spikes detected
Processing spike 170 out of 260
	1204 spikes detected
	5895 spikes detected
	860 spikes detected
	49 spikes detected
	74 spikes detected
	1354 spikes detected
	2184 spikes detected
	308 spikes detected
	2812 spikes detected
	197 spikes detected
Processing spike 180 out of 260
	350 spikes detected
	246 spikes detected
	1800 spikes detected
	116 spikes detected
	82 spikes detected
	65 spikes detected
	96 spikes detected
	61 spikes detected
	39 spikes detected
	89 spikes detected
Processing spike 190 out of 260
	50 spikes detected
	7 spikes detected
	60 spikes detected
	56 spikes detected
	77 spikes detected
	96 spikes detected
	1020 spikes detected
	3507 spikes detected
	40 spikes detected
	561 spikes detected
Processing spike 200 out of 260
	1070 spikes detected
	1445 spikes detected
	942 spikes detected
	2876 spikes detected
	642 spikes detected
	1930 spikes detected
	1836 spikes detected
	1492 spikes detected
	214 spikes detected
	787 spikes detected
Processing spike 210 out of 260
	2572 spikes detected
	976 spikes detected
	854 spikes detected
	632 spikes detected
	2139 spikes detected
	3213 spikes detected
	861 spikes detected
	1414 spikes detected
	1360 spikes detected
	2177 spikes detected
Processing spike 220 out of 260
	1073 spikes detected
	1451 spikes detected
	323 spikes detected
	440 spikes detected
	105 spikes detected
	20 spikes detected
	51 spikes detected
	258 spikes detected
	416 spikes detected
	28 spikes detected
Processing spike 230 out of 260
	222 spikes detected
	25 spikes detected
	27 spikes detected
	13 spikes detected
	248 spikes detected
	577 spikes detected
	1576 spikes detected
	669 spikes detected
	1121 spikes detected
	1164 spikes detected
Processing spike 240 out of 260
	1594 spikes detected
	992 spikes detected
	2124 spikes detected
	1500 spikes detected
	2960 spikes detected
	1211 spikes detected
	1420 spikes detected
	1116 spikes detected
	1978 spikes detected
	2362 spikes detected
Processing spike 250 out of 260
	45 spikes detected
	270 spikes detected
	597 spikes detected
	246 spikes detected
	510 spikes detected
	335 spikes detected
	60 spikes detected
	1082 spikes detected
	317 spikes detected
	810 spikes detected
Processing spike 260 out of 260
	117 spikes detected
Writing spike count file to: /mnt/lustre1/CompBio/data/tcrseq/dhaarini/DNA150624LC/redux/peared_fastqs/assembled/DNA150624LC_3_S33.assembled.spike.counts.25bp.txt
Writing list of reads to remove to: /mnt/lustre1/CompBio/data/tcrseq/dhaarini/DNA150624LC/redux/peared_fastqs/assembled/DNA150624LC_3_S33.assembled.reads.to.remove.txt
Writing QC summary to: /mnt/lustre1/CompBio/data/tcrseq/dhaarini/DNA150624LC/redux/peared_fastqs/assembled/DNA150624LC_3_S33.assembled.qc.txt
25bp,fwd processed:  /mnt/lustre1/CompBio/data/tcrseq/dhaarini/DNA150624LC/redux/peared_fastqs/assembled/DNA150624LC_3_S33.assembled.fastq 
