3537487 fastq reads to process
	1276 spikes detected
	4252 spikes detected
	88 spikes detected
	1178 spikes detected
	2651 spikes detected
	1126 spikes detected
	2701 spikes detected
	2554 spikes detected
	284 spikes detected
Processing spike 10 out of 260
	0 spikes detected
	2608 spikes detected
	691 spikes detected
	84 spikes detected
	397 spikes detected
	1872 spikes detected
	24 spikes detected
	651 spikes detected
	400 spikes detected
	916 spikes detected
Processing spike 20 out of 260
	664 spikes detected
	920 spikes detected
	215 spikes detected
	546 spikes detected
	696 spikes detected
	655 spikes detected
	97 spikes detected
	517 spikes detected
	1596 spikes detected
	373 spikes detected
Processing spike 30 out of 260
	83 spikes detected
	112 spikes detected
	725 spikes detected
	788 spikes detected
	137 spikes detected
	732 spikes detected
	86 spikes detected
	52 spikes detected
	61 spikes detected
	676 spikes detected
Processing spike 40 out of 260
	468 spikes detected
	643 spikes detected
	167 spikes detected
	47 spikes detected
	64 spikes detected
	257 spikes detected
	516 spikes detected
	38 spikes detected
	571 spikes detected
	28 spikes detected
Processing spike 50 out of 260
	28 spikes detected
	20 spikes detected
	89 spikes detected
	599 spikes detected
	468 spikes detected
	570 spikes detected
	64 spikes detected
	36 spikes detected
	333 spikes detected
	860 spikes detected
Processing spike 60 out of 260
	90 spikes detected
	651 spikes detected
	100 spikes detected
	12 spikes detected
	10 spikes detected
	475 spikes detected
	925 spikes detected
	6200 spikes detected
	138 spikes detected
	114 spikes detected
Processing spike 70 out of 260
	1003 spikes detected
	371 spikes detected
	636 spikes detected
	2398 spikes detected
	95 spikes detected
	3117 spikes detected
	1357 spikes detected
	2353 spikes detected
	233 spikes detected
	987 spikes detected
Processing spike 80 out of 260
	1217 spikes detected
	1595 spikes detected
	1644 spikes detected
	633 spikes detected
	1602 spikes detected
	943 spikes detected
	2480 spikes detected
	2539 spikes detected
	2116 spikes detected
	2754 spikes detected
Processing spike 90 out of 260
	1974 spikes detected
	2033 spikes detected
	772 spikes detected
	1236 spikes detected
	863 spikes detected
	1800 spikes detected
	671 spikes detected
	1620 spikes detected
	397 spikes detected
	2167 spikes detected
Processing spike 100 out of 260
	2970 spikes detected
	1308 spikes detected
	1420 spikes detected
	1151 spikes detected
	2132 spikes detected
	557 spikes detected
	700 spikes detected
	466 spikes detected
	534 spikes detected
	554 spikes detected
Processing spike 110 out of 260
	569 spikes detected
	812 spikes detected
	939 spikes detected
	1385 spikes detected
	831 spikes detected
	590 spikes detected
	1465 spikes detected
	1167 spikes detected
	2011 spikes detected
	3537 spikes detected
Processing spike 120 out of 260
	1179 spikes detected
	97 spikes detected
	85 spikes detected
	734 spikes detected
	1806 spikes detected
	412 spikes detected
	2081 spikes detected
	190 spikes detected
	288 spikes detected
	405 spikes detected
Processing spike 130 out of 260
	1492 spikes detected
	449 spikes detected
	720 spikes detected
	585 spikes detected
	73 spikes detected
	56 spikes detected
	512 spikes detected
	1219 spikes detected
	210 spikes detected
	2675 spikes detected
Processing spike 140 out of 260
	230 spikes detected
	123 spikes detected
	88 spikes detected
	1326 spikes detected
	1119 spikes detected
	1162 spikes detected
	84 spikes detected
	440 spikes detected
	854 spikes detected
	1668 spikes detected
Processing spike 150 out of 260
	1203 spikes detected
	1435 spikes detected
	37 spikes detected
	904 spikes detected
	1940 spikes detected
	1928 spikes detected
	184 spikes detected
	619 spikes detected
	1087 spikes detected
	37 spikes detected
Processing spike 160 out of 260
	645 spikes detected
	926 spikes detected
	439 spikes detected
	718 spikes detected
	1021 spikes detected
	132 spikes detected
	987 spikes detected
	664 spikes detected
	700 spikes detected
	39 spikes detected
Processing spike 170 out of 260
	898 spikes detected
	4940 spikes detected
	741 spikes detected
	38 spikes detected
	49 spikes detected
	1163 spikes detected
	1921 spikes detected
	244 spikes detected
	2513 spikes detected
	163 spikes detected
Processing spike 180 out of 260
	290 spikes detected
	195 spikes detected
	1389 spikes detected
	113 spikes detected
	59 spikes detected
	40 spikes detected
	70 spikes detected
	59 spikes detected
	19 spikes detected
	61 spikes detected
Processing spike 190 out of 260
	24 spikes detected
	7 spikes detected
	33 spikes detected
	49 spikes detected
	74 spikes detected
	72 spikes detected
	712 spikes detected
	2876 spikes detected
	39 spikes detected
	426 spikes detected
Processing spike 200 out of 260
	898 spikes detected
	1213 spikes detected
	732 spikes detected
	2418 spikes detected
	602 spikes detected
	1651 spikes detected
	1565 spikes detected
	1239 spikes detected
	182 spikes detected
	593 spikes detected
Processing spike 210 out of 260
	2296 spikes detected
	859 spikes detected
	758 spikes detected
	494 spikes detected
	1841 spikes detected
	2750 spikes detected
	753 spikes detected
	1249 spikes detected
	1192 spikes detected
	1765 spikes detected
Processing spike 220 out of 260
	884 spikes detected
	1326 spikes detected
	251 spikes detected
	271 spikes detected
	78 spikes detected
	29 spikes detected
	28 spikes detected
	193 spikes detected
	311 spikes detected
	14 spikes detected
Processing spike 230 out of 260
	203 spikes detected
	14 spikes detected
	17 spikes detected
	14 spikes detected
	178 spikes detected
	488 spikes detected
	1307 spikes detected
	523 spikes detected
	880 spikes detected
	951 spikes detected
Processing spike 240 out of 260
	1236 spikes detected
	782 spikes detected
	1767 spikes detected
	1437 spikes detected
	2522 spikes detected
	1064 spikes detected
	1323 spikes detected
	877 spikes detected
	1748 spikes detected
	1993 spikes detected
Processing spike 250 out of 260
	30 spikes detected
	232 spikes detected
	520 spikes detected
	198 spikes detected
	418 spikes detected
	319 spikes detected
	33 spikes detected
	863 spikes detected
	236 spikes detected
	607 spikes detected
Processing spike 260 out of 260
	109 spikes detected
Writing spike count file to: /mnt/lustre1/CompBio/data/tcrseq/dhaarini/DNA150624LC/redux/peared_fastqs/assembled/DNA150624LC_25_S35.assembled.spike.counts.25bp.txt
Writing list of reads to remove to: /mnt/lustre1/CompBio/data/tcrseq/dhaarini/DNA150624LC/redux/peared_fastqs/assembled/DNA150624LC_25_S35.assembled.reads.to.remove.txt
Writing QC summary to: /mnt/lustre1/CompBio/data/tcrseq/dhaarini/DNA150624LC/redux/peared_fastqs/assembled/DNA150624LC_25_S35.assembled.qc.txt
25bp,fwd processed:  /mnt/lustre1/CompBio/data/tcrseq/dhaarini/DNA150624LC/redux/peared_fastqs/assembled/DNA150624LC_25_S35.assembled.fastq 
