3535634 fastq reads to process
	1694 spikes detected
	5401 spikes detected
	96 spikes detected
	1508 spikes detected
	3462 spikes detected
	1783 spikes detected
	3468 spikes detected
	3434 spikes detected
	490 spikes detected
Processing spike 10 out of 260
	0 spikes detected
	3759 spikes detected
	971 spikes detected
	119 spikes detected
	494 spikes detected
	2525 spikes detected
	35 spikes detected
	737 spikes detected
	491 spikes detected
	1224 spikes detected
Processing spike 20 out of 260
	843 spikes detected
	1240 spikes detected
	302 spikes detected
	679 spikes detected
	852 spikes detected
	820 spikes detected
	134 spikes detected
	636 spikes detected
	1920 spikes detected
	460 spikes detected
Processing spike 30 out of 260
	89 spikes detected
	126 spikes detected
	919 spikes detected
	1036 spikes detected
	173 spikes detected
	865 spikes detected
	97 spikes detected
	66 spikes detected
	93 spikes detected
	868 spikes detected
Processing spike 40 out of 260
	486 spikes detected
	879 spikes detected
	193 spikes detected
	54 spikes detected
	71 spikes detected
	326 spikes detected
	601 spikes detected
	38 spikes detected
	623 spikes detected
	59 spikes detected
Processing spike 50 out of 260
	46 spikes detected
	38 spikes detected
	101 spikes detected
	803 spikes detected
	635 spikes detected
	628 spikes detected
	80 spikes detected
	57 spikes detected
	586 spikes detected
	1454 spikes detected
Processing spike 60 out of 260
	163 spikes detected
	750 spikes detected
	131 spikes detected
	20 spikes detected
	12 spikes detected
	573 spikes detected
	1136 spikes detected
	7536 spikes detected
	133 spikes detected
	120 spikes detected
Processing spike 70 out of 260
	1385 spikes detected
	507 spikes detected
	771 spikes detected
	2869 spikes detected
	132 spikes detected
	3911 spikes detected
	1897 spikes detected
	2976 spikes detected
	329 spikes detected
	1093 spikes detected
Processing spike 80 out of 260
	1738 spikes detected
	1843 spikes detected
	1999 spikes detected
	823 spikes detected
	2282 spikes detected
	1224 spikes detected
	3377 spikes detected
	3415 spikes detected
	2852 spikes detected
	3439 spikes detected
Processing spike 90 out of 260
	2511 spikes detected
	2611 spikes detected
	927 spikes detected
	1666 spikes detected
	1070 spikes detected
	2169 spikes detected
	849 spikes detected
	2282 spikes detected
	533 spikes detected
	2705 spikes detected
Processing spike 100 out of 260
	3575 spikes detected
	1533 spikes detected
	1948 spikes detected
	1709 spikes detected
	2582 spikes detected
	755 spikes detected
	1025 spikes detected
	563 spikes detected
	659 spikes detected
	658 spikes detected
Processing spike 110 out of 260
	901 spikes detected
	1036 spikes detected
	1280 spikes detected
	1670 spikes detected
	2050 spikes detected
	738 spikes detected
	1906 spikes detected
	1489 spikes detected
	2468 spikes detected
	4214 spikes detected
Processing spike 120 out of 260
	1264 spikes detected
	93 spikes detected
	100 spikes detected
	924 spikes detected
	2227 spikes detected
	446 spikes detected
	2550 spikes detected
	227 spikes detected
	334 spikes detected
	627 spikes detected
Processing spike 130 out of 260
	1805 spikes detected
	521 spikes detected
	903 spikes detected
	685 spikes detected
	64 spikes detected
	50 spikes detected
	643 spikes detected
	1397 spikes detected
	290 spikes detected
	2954 spikes detected
Processing spike 140 out of 260
	271 spikes detected
	146 spikes detected
	82 spikes detected
	1636 spikes detected
	1473 spikes detected
	1663 spikes detected
	117 spikes detected
	520 spikes detected
	1055 spikes detected
	2144 spikes detected
Processing spike 150 out of 260
	1498 spikes detected
	1953 spikes detected
	51 spikes detected
	1063 spikes detected
	2349 spikes detected
	2322 spikes detected
	223 spikes detected
	615 spikes detected
	1318 spikes detected
	25 spikes detected
Processing spike 160 out of 260
	661 spikes detected
	1034 spikes detected
	494 spikes detected
	851 spikes detected
	1509 spikes detected
	198 spikes detected
	1063 spikes detected
	797 spikes detected
	783 spikes detected
	47 spikes detected
Processing spike 170 out of 260
	1138 spikes detected
	6392 spikes detected
	820 spikes detected
	43 spikes detected
	97 spikes detected
	1414 spikes detected
	2268 spikes detected
	304 spikes detected
	2900 spikes detected
	202 spikes detected
Processing spike 180 out of 260
	334 spikes detected
	295 spikes detected
	1650 spikes detected
	106 spikes detected
	71 spikes detected
	54 spikes detected
	82 spikes detected
	66 spikes detected
	31 spikes detected
	89 spikes detected
Processing spike 190 out of 260
	41 spikes detected
	7 spikes detected
	51 spikes detected
	47 spikes detected
	64 spikes detected
	79 spikes detected
	957 spikes detected
	3916 spikes detected
	58 spikes detected
	535 spikes detected
Processing spike 200 out of 260
	1137 spikes detected
	1528 spikes detected
	1059 spikes detected
	3063 spikes detected
	832 spikes detected
	2108 spikes detected
	2200 spikes detected
	1589 spikes detected
	250 spikes detected
	912 spikes detected
Processing spike 210 out of 260
	3214 spikes detected
	1010 spikes detected
	929 spikes detected
	701 spikes detected
	2693 spikes detected
	3354 spikes detected
	1025 spikes detected
	1738 spikes detected
	1781 spikes detected
	2304 spikes detected
Processing spike 220 out of 260
	1380 spikes detected
	1708 spikes detected
	293 spikes detected
	407 spikes detected
	94 spikes detected
	21 spikes detected
	33 spikes detected
	213 spikes detected
	326 spikes detected
	21 spikes detected
Processing spike 230 out of 260
	207 spikes detected
	11 spikes detected
	22 spikes detected
	12 spikes detected
	211 spikes detected
	566 spikes detected
	1551 spikes detected
	579 spikes detected
	1039 spikes detected
	1060 spikes detected
Processing spike 240 out of 260
	1549 spikes detected
	897 spikes detected
	2074 spikes detected
	1445 spikes detected
	2803 spikes detected
	1187 spikes detected
	1325 spikes detected
	1114 spikes detected
	1889 spikes detected
	2415 spikes detected
Processing spike 250 out of 260
	36 spikes detected
	271 spikes detected
	635 spikes detected
	244 spikes detected
	472 spikes detected
	391 spikes detected
	57 spikes detected
	1101 spikes detected
	268 spikes detected
	751 spikes detected
Processing spike 260 out of 260
	121 spikes detected
Writing spike count file to: /mnt/lustre1/CompBio/data/tcrseq/dhaarini/DNA150624LC/redux/peared_fastqs/assembled/DNA150624LC_28_S26.assembled.spike.counts.25bp.txt
Writing list of reads to remove to: /mnt/lustre1/CompBio/data/tcrseq/dhaarini/DNA150624LC/redux/peared_fastqs/assembled/DNA150624LC_28_S26.assembled.reads.to.remove.txt
Writing QC summary to: /mnt/lustre1/CompBio/data/tcrseq/dhaarini/DNA150624LC/redux/peared_fastqs/assembled/DNA150624LC_28_S26.assembled.qc.txt
25bp,fwd processed:  /mnt/lustre1/CompBio/data/tcrseq/dhaarini/DNA150624LC/redux/peared_fastqs/assembled/DNA150624LC_28_S26.assembled.fastq 
