1893353 fastq reads to process
	1013 spikes detected
	3476 spikes detected
	65 spikes detected
	899 spikes detected
	2099 spikes detected
	995 spikes detected
	2200 spikes detected
	2063 spikes detected
	245 spikes detected
Processing spike 10 out of 260
	0 spikes detected
	2220 spikes detected
	603 spikes detected
	78 spikes detected
	316 spikes detected
	1598 spikes detected
	18 spikes detected
	531 spikes detected
	343 spikes detected
	808 spikes detected
Processing spike 20 out of 260
	607 spikes detected
	793 spikes detected
	178 spikes detected
	480 spikes detected
	638 spikes detected
	613 spikes detected
	104 spikes detected
	438 spikes detected
	1371 spikes detected
	347 spikes detected
Processing spike 30 out of 260
	71 spikes detected
	84 spikes detected
	598 spikes detected
	724 spikes detected
	92 spikes detected
	574 spikes detected
	64 spikes detected
	44 spikes detected
	68 spikes detected
	576 spikes detected
Processing spike 40 out of 260
	383 spikes detected
	577 spikes detected
	152 spikes detected
	42 spikes detected
	51 spikes detected
	232 spikes detected
	417 spikes detected
	22 spikes detected
	464 spikes detected
	40 spikes detected
Processing spike 50 out of 260
	28 spikes detected
	12 spikes detected
	97 spikes detected
	504 spikes detected
	452 spikes detected
	455 spikes detected
	57 spikes detected
	41 spikes detected
	304 spikes detected
	752 spikes detected
Processing spike 60 out of 260
	77 spikes detected
	527 spikes detected
	81 spikes detected
	12 spikes detected
	8 spikes detected
	387 spikes detected
	778 spikes detected
	5065 spikes detected
	109 spikes detected
	97 spikes detected
Processing spike 70 out of 260
	928 spikes detected
	293 spikes detected
	611 spikes detected
	2036 spikes detected
	73 spikes detected
	5548 spikes detected
	1075 spikes detected
	1978 spikes detected
	220 spikes detected
	741 spikes detected
Processing spike 80 out of 260
	1021 spikes detected
	1295 spikes detected
	1320 spikes detected
	501 spikes detected
	1236 spikes detected
	848 spikes detected
	2016 spikes detected
	1899 spikes detected
	1710 spikes detected
	2184 spikes detected
Processing spike 90 out of 260
	1594 spikes detected
	1627 spikes detected
	559 spikes detected
	986 spikes detected
	746 spikes detected
	1333 spikes detected
	564 spikes detected
	1227 spikes detected
	344 spikes detected
	1760 spikes detected
Processing spike 100 out of 260
	2194 spikes detected
	1067 spikes detected
	1170 spikes detected
	938 spikes detected
	1713 spikes detected
	518 spikes detected
	576 spikes detected
	342 spikes detected
	449 spikes detected
	477 spikes detected
Processing spike 110 out of 260
	456 spikes detected
	630 spikes detected
	820 spikes detected
	989 spikes detected
	693 spikes detected
	487 spikes detected
	1230 spikes detected
	928 spikes detected
	1699 spikes detected
	3204 spikes detected
Processing spike 120 out of 260
	1036 spikes detected
	75 spikes detected
	74 spikes detected
	633 spikes detected
	1526 spikes detected
	324 spikes detected
	1640 spikes detected
	170 spikes detected
	240 spikes detected
	325 spikes detected
Processing spike 130 out of 260
	1227 spikes detected
	343 spikes detected
	654 spikes detected
	475 spikes detected
	44 spikes detected
	42 spikes detected
	389 spikes detected
	1049 spikes detected
	196 spikes detected
	2079 spikes detected
Processing spike 140 out of 260
	191 spikes detected
	126 spikes detected
	63 spikes detected
	1045 spikes detected
	989 spikes detected
	1049 spikes detected
	68 spikes detected
	362 spikes detected
	752 spikes detected
	1368 spikes detected
Processing spike 150 out of 260
	1093 spikes detected
	1268 spikes detected
	33 spikes detected
	757 spikes detected
	1679 spikes detected
	1600 spikes detected
	154 spikes detected
	631 spikes detected
	1052 spikes detected
	32 spikes detected
Processing spike 160 out of 260
	522 spikes detected
	807 spikes detected
	380 spikes detected
	665 spikes detected
	911 spikes detected
	101 spikes detected
	847 spikes detected
	596 spikes detected
	612 spikes detected
	47 spikes detected
Processing spike 170 out of 260
	827 spikes detected
	4188 spikes detected
	695 spikes detected
	31 spikes detected
	40 spikes detected
	1010 spikes detected
	1635 spikes detected
	198 spikes detected
	2049 spikes detected
	133 spikes detected
Processing spike 180 out of 260
	249 spikes detected
	197 spikes detected
	1212 spikes detected
	93 spikes detected
	66 spikes detected
	39 spikes detected
	57 spikes detected
	44 spikes detected
	19 spikes detected
	79 spikes detected
Processing spike 190 out of 260
	48 spikes detected
	0 spikes detected
	28 spikes detected
	44 spikes detected
	62 spikes detected
	88 spikes detected
	663 spikes detected
	2515 spikes detected
	41 spikes detected
	393 spikes detected
Processing spike 200 out of 260
	740 spikes detected
	1008 spikes detected
	697 spikes detected
	2082 spikes detected
	466 spikes detected
	1437 spikes detected
	1245 spikes detected
	1087 spikes detected
	158 spikes detected
	578 spikes detected
Processing spike 210 out of 260
	1872 spikes detected
	691 spikes detected
	606 spikes detected
	454 spikes detected
	1624 spikes detected
	2339 spikes detected
	659 spikes detected
	1030 spikes detected
	992 spikes detected
	1499 spikes detected
Processing spike 220 out of 260
	814 spikes detected
	1095 spikes detected
	229 spikes detected
	358 spikes detected
	71 spikes detected
	22 spikes detected
	29 spikes detected
	160 spikes detected
	303 spikes detected
	20 spikes detected
Processing spike 230 out of 260
	184 spikes detected
	13 spikes detected
	18 spikes detected
	15 spikes detected
	193 spikes detected
	399 spikes detected
	1063 spikes detected
	379 spikes detected
	792 spikes detected
	775 spikes detected
Processing spike 240 out of 260
	1003 spikes detected
	663 spikes detected
	1557 spikes detected
	993 spikes detected
	2104 spikes detected
	839 spikes detected
	941 spikes detected
	705 spikes detected
	1446 spikes detected
	1650 spikes detected
Processing spike 250 out of 260
	17 spikes detected
	196 spikes detected
	434 spikes detected
	148 spikes detected
	375 spikes detected
	238 spikes detected
	40 spikes detected
	801 spikes detected
	208 spikes detected
	556 spikes detected
Processing spike 260 out of 260
	97 spikes detected
Writing spike count file to: /mnt/lustre1/CompBio/data/tcrseq/dhaarini/DNA150624LC/redux/peared_fastqs/assembled/DNA150624LC_10_S28.assembled.spike.counts.25bp.txt
Writing list of reads to remove to: /mnt/lustre1/CompBio/data/tcrseq/dhaarini/DNA150624LC/redux/peared_fastqs/assembled/DNA150624LC_10_S28.assembled.reads.to.remove.txt
Writing QC summary to: /mnt/lustre1/CompBio/data/tcrseq/dhaarini/DNA150624LC/redux/peared_fastqs/assembled/DNA150624LC_10_S28.assembled.qc.txt
25bp,fwd processed:  /mnt/lustre1/CompBio/data/tcrseq/dhaarini/DNA150624LC/redux/peared_fastqs/assembled/DNA150624LC_10_S28.assembled.fastq 
