2732034 fastq reads to process
	9161 spikes detected
	32202 spikes detected
	703 spikes detected
	8014 spikes detected
	18038 spikes detected
	9379 spikes detected
	20314 spikes detected
	18479 spikes detected
	2468 spikes detected
Processing spike 10 out of 260
	4 spikes detected
	19270 spikes detected
	5786 spikes detected
	771 spikes detected
	2468 spikes detected
	13292 spikes detected
	135 spikes detected
	3293 spikes detected
	2731 spikes detected
	6088 spikes detected
Processing spike 20 out of 260
	4325 spikes detected
	5632 spikes detected
	1443 spikes detected
	4081 spikes detected
	4495 spikes detected
	4673 spikes detected
	654 spikes detected
	2825 spikes detected
	10092 spikes detected
	3089 spikes detected
Processing spike 30 out of 260
	422 spikes detected
	649 spikes detected
	4501 spikes detected
	5047 spikes detected
	712 spikes detected
	4592 spikes detected
	501 spikes detected
	314 spikes detected
	523 spikes detected
	4224 spikes detected
Processing spike 40 out of 260
	2456 spikes detected
	4558 spikes detected
	1165 spikes detected
	288 spikes detected
	428 spikes detected
	2048 spikes detected
	3296 spikes detected
	225 spikes detected
	3332 spikes detected
	267 spikes detected
Processing spike 50 out of 260
	217 spikes detected
	198 spikes detected
	669 spikes detected
	3470 spikes detected
	3806 spikes detected
	3197 spikes detected
	358 spikes detected
	167 spikes detected
	2367 spikes detected
	5344 spikes detected
Processing spike 60 out of 260
	493 spikes detected
	4512 spikes detected
	682 spikes detected
	107 spikes detected
	59 spikes detected
	2949 spikes detected
	5734 spikes detected
	37844 spikes detected
	833 spikes detected
	604 spikes detected
Processing spike 70 out of 260
	6861 spikes detected
	2446 spikes detected
	4626 spikes detected
	13753 spikes detected
	679 spikes detected
	20217 spikes detected
	8676 spikes detected
	14655 spikes detected
	1630 spikes detected
	5968 spikes detected
Processing spike 80 out of 260
	8840 spikes detected
	9733 spikes detected
	8793 spikes detected
	4001 spikes detected
	9529 spikes detected
	6948 spikes detected
	15311 spikes detected
	16039 spikes detected
	13935 spikes detected
	18108 spikes detected
Processing spike 90 out of 260
	13586 spikes detected
	11982 spikes detected
	5035 spikes detected
	10185 spikes detected
	6452 spikes detected
	10357 spikes detected
	4692 spikes detected
	11116 spikes detected
	3162 spikes detected
	13615 spikes detected
Processing spike 100 out of 260
	20024 spikes detected
	9421 spikes detected
	9905 spikes detected
	8656 spikes detected
	14023 spikes detected
	3560 spikes detected
	5298 spikes detected
	2857 spikes detected
	3027 spikes detected
	3747 spikes detected
Processing spike 110 out of 260
	3843 spikes detected
	5090 spikes detected
	6323 spikes detected
	8395 spikes detected
	6044 spikes detected
	3995 spikes detected
	10335 spikes detected
	7061 spikes detected
	10443 spikes detected
	21533 spikes detected
Processing spike 120 out of 260
	6636 spikes detected
	505 spikes detected
	524 spikes detected
	5061 spikes detected
	10584 spikes detected
	2353 spikes detected
	12952 spikes detected
	1282 spikes detected
	1795 spikes detected
	2828 spikes detected
Processing spike 130 out of 260
	8612 spikes detected
	2263 spikes detected
	4688 spikes detected
	3033 spikes detected
	258 spikes detected
	275 spikes detected
	2835 spikes detected
	5689 spikes detected
	1199 spikes detected
	12529 spikes detected
Processing spike 140 out of 260
	1243 spikes detected
	657 spikes detected
	383 spikes detected
	6763 spikes detected
	7388 spikes detected
	10072 spikes detected
	658 spikes detected
	3158 spikes detected
	5911 spikes detected
	10835 spikes detected
Processing spike 150 out of 260
	9066 spikes detected
	9347 spikes detected
	251 spikes detected
	6779 spikes detected
	13095 spikes detected
	12420 spikes detected
	1263 spikes detected
	3008 spikes detected
	6447 spikes detected
	182 spikes detected
Processing spike 160 out of 260
	2699 spikes detected
	4548 spikes detected
	2470 spikes detected
	4033 spikes detected
	5364 spikes detected
	628 spikes detected
	5193 spikes detected
	3718 spikes detected
	3900 spikes detected
	263 spikes detected
Processing spike 170 out of 260
	4697 spikes detected
	24027 spikes detected
	3799 spikes detected
	197 spikes detected
	366 spikes detected
	6511 spikes detected
	9971 spikes detected
	1362 spikes detected
	12142 spikes detected
	1008 spikes detected
Processing spike 180 out of 260
	1673 spikes detected
	1286 spikes detected
	7303 spikes detected
	443 spikes detected
	413 spikes detected
	285 spikes detected
	308 spikes detected
	307 spikes detected
	147 spikes detected
	445 spikes detected
Processing spike 190 out of 260
	209 spikes detected
	32 spikes detected
	242 spikes detected
	289 spikes detected
	408 spikes detected
	429 spikes detected
	5698 spikes detected
	21919 spikes detected
	342 spikes detected
	3163 spikes detected
Processing spike 200 out of 260
	6355 spikes detected
	8764 spikes detected
	6899 spikes detected
	18224 spikes detected
	5385 spikes detected
	13157 spikes detected
	11544 spikes detected
	10538 spikes detected
	1501 spikes detected
	4120 spikes detected
Processing spike 210 out of 260
	15184 spikes detected
	5152 spikes detected
	4166 spikes detected
	3547 spikes detected
	10832 spikes detected
	17111 spikes detected
	5673 spikes detected
	10063 spikes detected
	8434 spikes detected
	12730 spikes detected
Processing spike 220 out of 260
	6801 spikes detected
	8515 spikes detected
	1039 spikes detected
	1713 spikes detected
	402 spikes detected
	89 spikes detected
	150 spikes detected
	1055 spikes detected
	1445 spikes detected
	96 spikes detected
Processing spike 230 out of 260
	915 spikes detected
	134 spikes detected
	146 spikes detected
	87 spikes detected
	897 spikes detected
	2249 spikes detected
	7487 spikes detected
	2527 spikes detected
	4188 spikes detected
	4799 spikes detected
Processing spike 240 out of 260
	6254 spikes detected
	4110 spikes detected
	8883 spikes detected
	6652 spikes detected
	12295 spikes detected
	5188 spikes detected
	6255 spikes detected
	4529 spikes detected
	6857 spikes detected
	10070 spikes detected
Processing spike 250 out of 260
	187 spikes detected
	1000 spikes detected
	2783 spikes detected
	1096 spikes detected
	2266 spikes detected
	1780 spikes detected
	265 spikes detected
	4665 spikes detected
	1523 spikes detected
	3488 spikes detected
Processing spike 260 out of 260
	551 spikes detected
Writing spike count file to: /mnt/lustre1/CompBio/data/tcrseq/dhaarini/DNA150624LC/redux/peared_fastqs/assembled/DNA150624LC_33_S15.assembled.spike.counts.25bp.txt
Writing list of reads to remove to: /mnt/lustre1/CompBio/data/tcrseq/dhaarini/DNA150624LC/redux/peared_fastqs/assembled/DNA150624LC_33_S15.assembled.reads.to.remove.txt
Writing QC summary to: /mnt/lustre1/CompBio/data/tcrseq/dhaarini/DNA150624LC/redux/peared_fastqs/assembled/DNA150624LC_33_S15.assembled.qc.txt
25bp,fwd processed:  /mnt/lustre1/CompBio/data/tcrseq/dhaarini/DNA150624LC/redux/peared_fastqs/assembled/DNA150624LC_33_S15.assembled.fastq 
