2400511 fastq reads to process
	4543 spikes detected
	16548 spikes detected
	426 spikes detected
	3905 spikes detected
	8754 spikes detected
	4796 spikes detected
	10355 spikes detected
	8955 spikes detected
	1341 spikes detected
Processing spike 10 out of 260
	1 spikes detected
	10188 spikes detected
	3515 spikes detected
	443 spikes detected
	995 spikes detected
	5348 spikes detected
	84 spikes detected
	1240 spikes detected
	1195 spikes detected
	2277 spikes detected
Processing spike 20 out of 260
	1730 spikes detected
	2526 spikes detected
	712 spikes detected
	1789 spikes detected
	1924 spikes detected
	1966 spikes detected
	363 spikes detected
	1374 spikes detected
	4924 spikes detected
	1442 spikes detected
Processing spike 30 out of 260
	194 spikes detected
	319 spikes detected
	1941 spikes detected
	2311 spikes detected
	356 spikes detected
	2421 spikes detected
	269 spikes detected
	173 spikes detected
	260 spikes detected
	1818 spikes detected
Processing spike 40 out of 260
	1054 spikes detected
	2270 spikes detected
	523 spikes detected
	144 spikes detected
	205 spikes detected
	926 spikes detected
	1690 spikes detected
	128 spikes detected
	1539 spikes detected
	127 spikes detected
Processing spike 50 out of 260
	107 spikes detected
	92 spikes detected
	308 spikes detected
	1425 spikes detected
	1684 spikes detected
	1199 spikes detected
	174 spikes detected
	80 spikes detected
	977 spikes detected
	2245 spikes detected
Processing spike 60 out of 260
	265 spikes detected
	1901 spikes detected
	303 spikes detected
	32 spikes detected
	34 spikes detected
	1340 spikes detected
	2436 spikes detected
	17988 spikes detected
	371 spikes detected
	297 spikes detected
Processing spike 70 out of 260
	3146 spikes detected
	1086 spikes detected
	1948 spikes detected
	5661 spikes detected
	298 spikes detected
	8005 spikes detected
	3797 spikes detected
	5928 spikes detected
	764 spikes detected
	2785 spikes detected
Processing spike 80 out of 260
	4184 spikes detected
	4391 spikes detected
	3804 spikes detected
	1786 spikes detected
	4198 spikes detected
	3063 spikes detected
	7155 spikes detected
	6922 spikes detected
	7004 spikes detected
	9273 spikes detected
Processing spike 90 out of 260
	6565 spikes detected
	5143 spikes detected
	2569 spikes detected
	5306 spikes detected
	2847 spikes detected
	4559 spikes detected
	2077 spikes detected
	5027 spikes detected
	1361 spikes detected
	6067 spikes detected
Processing spike 100 out of 260
	9213 spikes detected
	4668 spikes detected
	4599 spikes detected
	3860 spikes detected
	6077 spikes detected
	1661 spikes detected
	2616 spikes detected
	1223 spikes detected
	1395 spikes detected
	1667 spikes detected
Processing spike 110 out of 260
	1701 spikes detected
	2378 spikes detected
	2939 spikes detected
	3569 spikes detected
	2904 spikes detected
	1868 spikes detected
	4688 spikes detected
	3018 spikes detected
	4151 spikes detected
	9959 spikes detected
Processing spike 120 out of 260
	2448 spikes detected
	209 spikes detected
	242 spikes detected
	2249 spikes detected
	4332 spikes detected
	1147 spikes detected
	6094 spikes detected
	596 spikes detected
	902 spikes detected
	1322 spikes detected
Processing spike 130 out of 260
	3506 spikes detected
	970 spikes detected
	2271 spikes detected
	1371 spikes detected
	142 spikes detected
	145 spikes detected
	1252 spikes detected
	2520 spikes detected
	612 spikes detected
	6054 spikes detected
Processing spike 140 out of 260
	659 spikes detected
	362 spikes detected
	208 spikes detected
	3043 spikes detected
	3353 spikes detected
	5057 spikes detected
	308 spikes detected
	1412 spikes detected
	2712 spikes detected
	4621 spikes detected
Processing spike 150 out of 260
	4312 spikes detected
	3949 spikes detected
	109 spikes detected
	2785 spikes detected
	5756 spikes detected
	5173 spikes detected
	635 spikes detected
	1335 spikes detected
	2961 spikes detected
	77 spikes detected
Processing spike 160 out of 260
	1096 spikes detected
	1797 spikes detected
	1119 spikes detected
	1814 spikes detected
	2097 spikes detected
	304 spikes detected
	2231 spikes detected
	1525 spikes detected
	1621 spikes detected
	106 spikes detected
Processing spike 170 out of 260
	1967 spikes detected
	9903 spikes detected
	1622 spikes detected
	92 spikes detected
	141 spikes detected
	2701 spikes detected
	4097 spikes detected
	675 spikes detected
	5077 spikes detected
	477 spikes detected
Processing spike 180 out of 260
	826 spikes detected
	681 spikes detected
	3055 spikes detected
	198 spikes detected
	206 spikes detected
	135 spikes detected
	165 spikes detected
	152 spikes detected
	84 spikes detected
	214 spikes detected
Processing spike 190 out of 260
	123 spikes detected
	11 spikes detected
	116 spikes detected
	157 spikes detected
	171 spikes detected
	198 spikes detected
	2712 spikes detected
	9931 spikes detected
	171 spikes detected
	1265 spikes detected
Processing spike 200 out of 260
	2779 spikes detected
	4049 spikes detected
	3661 spikes detected
	7912 spikes detected
	3271 spikes detected
	5929 spikes detected
	5560 spikes detected
	4879 spikes detected
	680 spikes detected
	1897 spikes detected
Processing spike 210 out of 260
	7321 spikes detected
	2193 spikes detected
	2047 spikes detected
	1687 spikes detected
	4900 spikes detected
	7487 spikes detected
	2824 spikes detected
	4723 spikes detected
	4499 spikes detected
	5586 spikes detected
Processing spike 220 out of 260
	3234 spikes detected
	3874 spikes detected
	442 spikes detected
	674 spikes detected
	153 spikes detected
	46 spikes detected
	73 spikes detected
	527 spikes detected
	551 spikes detected
	42 spikes detected
Processing spike 230 out of 260
	384 spikes detected
	65 spikes detected
	62 spikes detected
	32 spikes detected
	377 spikes detected
	1013 spikes detected
	3408 spikes detected
	984 spikes detected
	1813 spikes detected
	2224 spikes detected
Processing spike 240 out of 260
	2426 spikes detected
	1749 spikes detected
	4580 spikes detected
	3217 spikes detected
	5175 spikes detected
	2124 spikes detected
	2779 spikes detected
	1829 spikes detected
	3031 spikes detected
	4906 spikes detected
Processing spike 250 out of 260
	65 spikes detected
	435 spikes detected
	1274 spikes detected
	500 spikes detected
	954 spikes detected
	822 spikes detected
	132 spikes detected
	2095 spikes detected
	630 spikes detected
	1784 spikes detected
Processing spike 260 out of 260
	297 spikes detected
Writing spike count file to: /mnt/lustre1/CompBio/data/tcrseq/dhaarini/DNA150624LC/redux/peared_fastqs/assembled/DNA150624LC_32_S12.assembled.spike.counts.25bp.txt
Writing list of reads to remove to: /mnt/lustre1/CompBio/data/tcrseq/dhaarini/DNA150624LC/redux/peared_fastqs/assembled/DNA150624LC_32_S12.assembled.reads.to.remove.txt
Writing QC summary to: /mnt/lustre1/CompBio/data/tcrseq/dhaarini/DNA150624LC/redux/peared_fastqs/assembled/DNA150624LC_32_S12.assembled.qc.txt
25bp,fwd processed:  /mnt/lustre1/CompBio/data/tcrseq/dhaarini/DNA150624LC/redux/peared_fastqs/assembled/DNA150624LC_32_S12.assembled.fastq 
