3339339 fastq reads to process
	1766 spikes detected
	5557 spikes detected
	120 spikes detected
	1406 spikes detected
	3251 spikes detected
	1589 spikes detected
	3276 spikes detected
	3462 spikes detected
	513 spikes detected
Processing spike 10 out of 260
	0 spikes detected
	3751 spikes detected
	892 spikes detected
	128 spikes detected
	484 spikes detected
	2699 spikes detected
	29 spikes detected
	758 spikes detected
	604 spikes detected
	1276 spikes detected
Processing spike 20 out of 260
	893 spikes detected
	1280 spikes detected
	291 spikes detected
	653 spikes detected
	872 spikes detected
	842 spikes detected
	123 spikes detected
	667 spikes detected
	2129 spikes detected
	581 spikes detected
Processing spike 30 out of 260
	99 spikes detected
	145 spikes detected
	904 spikes detected
	986 spikes detected
	214 spikes detected
	933 spikes detected
	138 spikes detected
	69 spikes detected
	103 spikes detected
	916 spikes detected
Processing spike 40 out of 260
	524 spikes detected
	940 spikes detected
	222 spikes detected
	59 spikes detected
	76 spikes detected
	329 spikes detected
	685 spikes detected
	43 spikes detected
	673 spikes detected
	66 spikes detected
Processing spike 50 out of 260
	28 spikes detected
	37 spikes detected
	121 spikes detected
	756 spikes detected
	680 spikes detected
	686 spikes detected
	90 spikes detected
	50 spikes detected
	504 spikes detected
	1429 spikes detected
Processing spike 60 out of 260
	159 spikes detected
	837 spikes detected
	163 spikes detected
	19 spikes detected
	25 spikes detected
	586 spikes detected
	1108 spikes detected
	7582 spikes detected
	132 spikes detected
	150 spikes detected
Processing spike 70 out of 260
	1282 spikes detected
	455 spikes detected
	846 spikes detected
	2963 spikes detected
	106 spikes detected
	3790 spikes detected
	1879 spikes detected
	3166 spikes detected
	308 spikes detected
	1145 spikes detected
Processing spike 80 out of 260
	1607 spikes detected
	1898 spikes detected
	1942 spikes detected
	868 spikes detected
	1989 spikes detected
	1361 spikes detected
	3159 spikes detected
	3311 spikes detected
	2589 spikes detected
	3225 spikes detected
Processing spike 90 out of 260
	2449 spikes detected
	2398 spikes detected
	980 spikes detected
	1702 spikes detected
	1068 spikes detected
	2230 spikes detected
	967 spikes detected
	1813 spikes detected
	527 spikes detected
	2500 spikes detected
Processing spike 100 out of 260
	3579 spikes detected
	1599 spikes detected
	1740 spikes detected
	1482 spikes detected
	2664 spikes detected
	743 spikes detected
	938 spikes detected
	476 spikes detected
	616 spikes detected
	730 spikes detected
Processing spike 110 out of 260
	751 spikes detected
	921 spikes detected
	1264 spikes detected
	1545 spikes detected
	2024 spikes detected
	704 spikes detected
	1870 spikes detected
	1420 spikes detected
	2423 spikes detected
	4502 spikes detected
Processing spike 120 out of 260
	1353 spikes detected
	100 spikes detected
	84 spikes detected
	978 spikes detected
	2170 spikes detected
	533 spikes detected
	2580 spikes detected
	235 spikes detected
	356 spikes detected
	582 spikes detected
Processing spike 130 out of 260
	1716 spikes detected
	489 spikes detected
	922 spikes detected
	709 spikes detected
	65 spikes detected
	63 spikes detected
	533 spikes detected
	1283 spikes detected
	338 spikes detected
	2966 spikes detected
Processing spike 140 out of 260
	253 spikes detected
	188 spikes detected
	104 spikes detected
	1520 spikes detected
	1522 spikes detected
	1541 spikes detected
	119 spikes detected
	595 spikes detected
	1063 spikes detected
	2053 spikes detected
Processing spike 150 out of 260
	1580 spikes detected
	1745 spikes detected
	54 spikes detected
	1019 spikes detected
	2414 spikes detected
	2294 spikes detected
	229 spikes detected
	718 spikes detected
	1456 spikes detected
	47 spikes detected
Processing spike 160 out of 260
	656 spikes detected
	1077 spikes detected
	538 spikes detected
	877 spikes detected
	1519 spikes detected
	148 spikes detected
	1100 spikes detected
	764 spikes detected
	820 spikes detected
	61 spikes detected
Processing spike 170 out of 260
	1203 spikes detected
	5733 spikes detected
	861 spikes detected
	53 spikes detected
	62 spikes detected
	1471 spikes detected
	2194 spikes detected
	380 spikes detected
	2948 spikes detected
	225 spikes detected
Processing spike 180 out of 260
	367 spikes detected
	244 spikes detected
	1678 spikes detected
	103 spikes detected
	87 spikes detected
	66 spikes detected
	90 spikes detected
	68 spikes detected
	25 spikes detected
	89 spikes detected
Processing spike 190 out of 260
	46 spikes detected
	7 spikes detected
	52 spikes detected
	53 spikes detected
	70 spikes detected
	82 spikes detected
	982 spikes detected
	3985 spikes detected
	76 spikes detected
	528 spikes detected
Processing spike 200 out of 260
	1062 spikes detected
	1651 spikes detected
	1045 spikes detected
	3011 spikes detected
	803 spikes detected
	2100 spikes detected
	1938 spikes detected
	1713 spikes detected
	254 spikes detected
	841 spikes detected
Processing spike 210 out of 260
	3303 spikes detected
	1012 spikes detected
	909 spikes detected
	623 spikes detected
	2490 spikes detected
	3327 spikes detected
	1118 spikes detected
	1712 spikes detected
	1707 spikes detected
	2354 spikes detected
Processing spike 220 out of 260
	1225 spikes detected
	1513 spikes detected
	305 spikes detected
	416 spikes detected
	102 spikes detected
	21 spikes detected
	43 spikes detected
	280 spikes detected
	375 spikes detected
	18 spikes detected
Processing spike 230 out of 260
	246 spikes detected
	21 spikes detected
	19 spikes detected
	17 spikes detected
	244 spikes detected
	552 spikes detected
	1732 spikes detected
	627 spikes detected
	1059 spikes detected
	1253 spikes detected
Processing spike 240 out of 260
	1446 spikes detected
	978 spikes detected
	2276 spikes detected
	1532 spikes detected
	2944 spikes detected
	1049 spikes detected
	1346 spikes detected
	1046 spikes detected
	1914 spikes detected
	2375 spikes detected
Processing spike 250 out of 260
	34 spikes detected
	234 spikes detected
	659 spikes detected
	244 spikes detected
	487 spikes detected
	396 spikes detected
	63 spikes detected
	1242 spikes detected
	277 spikes detected
	756 spikes detected
Processing spike 260 out of 260
	115 spikes detected
Writing spike count file to: /mnt/lustre1/CompBio/data/tcrseq/dhaarini/DNA150624LC/redux/peared_fastqs/assembled/DNA150624LC_30_S23.assembled.spike.counts.25bp.txt
Writing list of reads to remove to: /mnt/lustre1/CompBio/data/tcrseq/dhaarini/DNA150624LC/redux/peared_fastqs/assembled/DNA150624LC_30_S23.assembled.reads.to.remove.txt
Writing QC summary to: /mnt/lustre1/CompBio/data/tcrseq/dhaarini/DNA150624LC/redux/peared_fastqs/assembled/DNA150624LC_30_S23.assembled.qc.txt
25bp,fwd processed:  /mnt/lustre1/CompBio/data/tcrseq/dhaarini/DNA150624LC/redux/peared_fastqs/assembled/DNA150624LC_30_S23.assembled.fastq 
