38 fastq reads to process
	0 spikes detected
	0 spikes detected
	0 spikes detected
	0 spikes detected
	0 spikes detected
	0 spikes detected
	0 spikes detected
	0 spikes detected
	0 spikes detected
Processing spike 10 out of 260
	0 spikes detected
	0 spikes detected
	0 spikes detected
	0 spikes detected
	0 spikes detected
	0 spikes detected
	0 spikes detected
	0 spikes detected
	0 spikes detected
	0 spikes detected
Processing spike 20 out of 260
	0 spikes detected
	0 spikes detected
	0 spikes detected
	0 spikes detected
	0 spikes detected
	0 spikes detected
	0 spikes detected
	0 spikes detected
	0 spikes detected
	0 spikes detected
Processing spike 30 out of 260
	0 spikes detected
	0 spikes detected
	0 spikes detected
	0 spikes detected
	0 spikes detected
	0 spikes detected
	0 spikes detected
	0 spikes detected
	0 spikes detected
	0 spikes detected
Processing spike 40 out of 260
	0 spikes detected
	0 spikes detected
	0 spikes detected
	0 spikes detected
	0 spikes detected
	0 spikes detected
	0 spikes detected
	0 spikes detected
	0 spikes detected
	0 spikes detected
Processing spike 50 out of 260
	0 spikes detected
	0 spikes detected
	0 spikes detected
	0 spikes detected
	0 spikes detected
	0 spikes detected
	0 spikes detected
	0 spikes detected
	0 spikes detected
	0 spikes detected
Processing spike 60 out of 260
	0 spikes detected
	0 spikes detected
	0 spikes detected
	0 spikes detected
	0 spikes detected
	0 spikes detected
	0 spikes detected
	0 spikes detected
	0 spikes detected
	0 spikes detected
Processing spike 70 out of 260
	0 spikes detected
	0 spikes detected
	0 spikes detected
	0 spikes detected
	0 spikes detected
	0 spikes detected
	0 spikes detected
	0 spikes detected
	0 spikes detected
	0 spikes detected
Processing spike 80 out of 260
	0 spikes detected
	0 spikes detected
	0 spikes detected
	0 spikes detected
	0 spikes detected
	0 spikes detected
	0 spikes detected
	0 spikes detected
	0 spikes detected
	0 spikes detected
Processing spike 90 out of 260
	0 spikes detected
	0 spikes detected
	0 spikes detected
	0 spikes detected
	0 spikes detected
	0 spikes detected
	0 spikes detected
	0 spikes detected
	0 spikes detected
	0 spikes detected
Processing spike 100 out of 260
	0 spikes detected
	0 spikes detected
	0 spikes detected
	0 spikes detected
	0 spikes detected
	0 spikes detected
	0 spikes detected
	0 spikes detected
	0 spikes detected
	0 spikes detected
Processing spike 110 out of 260
	0 spikes detected
	0 spikes detected
	0 spikes detected
	0 spikes detected
	0 spikes detected
	0 spikes detected
	0 spikes detected
	0 spikes detected
	0 spikes detected
	0 spikes detected
Processing spike 120 out of 260
	0 spikes detected
	0 spikes detected
	0 spikes detected
	0 spikes detected
	0 spikes detected
	0 spikes detected
	0 spikes detected
	0 spikes detected
	0 spikes detected
	0 spikes detected
Processing spike 130 out of 260
	0 spikes detected
	0 spikes detected
	0 spikes detected
	0 spikes detected
	0 spikes detected
	0 spikes detected
	0 spikes detected
	0 spikes detected
	0 spikes detected
	0 spikes detected
Processing spike 140 out of 260
	0 spikes detected
	0 spikes detected
	0 spikes detected
	0 spikes detected
	0 spikes detected
	0 spikes detected
	0 spikes detected
	0 spikes detected
	0 spikes detected
	0 spikes detected
Processing spike 150 out of 260
	0 spikes detected
	0 spikes detected
	0 spikes detected
	0 spikes detected
	0 spikes detected
	0 spikes detected
	0 spikes detected
	0 spikes detected
	0 spikes detected
	0 spikes detected
Processing spike 160 out of 260
	0 spikes detected
	0 spikes detected
	0 spikes detected
	0 spikes detected
	0 spikes detected
	0 spikes detected
	0 spikes detected
	0 spikes detected
	0 spikes detected
	0 spikes detected
Processing spike 170 out of 260
	0 spikes detected
	0 spikes detected
	0 spikes detected
	0 spikes detected
	0 spikes detected
	0 spikes detected
	0 spikes detected
	0 spikes detected
	0 spikes detected
	0 spikes detected
Processing spike 180 out of 260
	0 spikes detected
	0 spikes detected
	0 spikes detected
	0 spikes detected
	0 spikes detected
	0 spikes detected
	0 spikes detected
	0 spikes detected
	0 spikes detected
	0 spikes detected
Processing spike 190 out of 260
	0 spikes detected
	0 spikes detected
	0 spikes detected
	0 spikes detected
	0 spikes detected
	0 spikes detected
	0 spikes detected
	0 spikes detected
	0 spikes detected
	0 spikes detected
Processing spike 200 out of 260
	0 spikes detected
	0 spikes detected
	0 spikes detected
	0 spikes detected
	0 spikes detected
	0 spikes detected
	0 spikes detected
	0 spikes detected
	0 spikes detected
	0 spikes detected
Processing spike 210 out of 260
	0 spikes detected
	0 spikes detected
	0 spikes detected
	0 spikes detected
	0 spikes detected
	0 spikes detected
	0 spikes detected
	0 spikes detected
	0 spikes detected
	0 spikes detected
Processing spike 220 out of 260
	0 spikes detected
	0 spikes detected
	0 spikes detected
	0 spikes detected
	0 spikes detected
	0 spikes detected
	0 spikes detected
	0 spikes detected
	0 spikes detected
	0 spikes detected
Processing spike 230 out of 260
	0 spikes detected
	0 spikes detected
	0 spikes detected
	0 spikes detected
	0 spikes detected
	0 spikes detected
	0 spikes detected
	0 spikes detected
	0 spikes detected
	0 spikes detected
Processing spike 240 out of 260
	0 spikes detected
	0 spikes detected
	0 spikes detected
	0 spikes detected
	0 spikes detected
	0 spikes detected
	0 spikes detected
	0 spikes detected
	0 spikes detected
	0 spikes detected
Processing spike 250 out of 260
	0 spikes detected
	0 spikes detected
	0 spikes detected
	0 spikes detected
	0 spikes detected
	0 spikes detected
	0 spikes detected
	0 spikes detected
	0 spikes detected
	0 spikes detected
Processing spike 260 out of 260
	0 spikes detected
Writing spike count file to: /mnt/lustre1/CompBio/data/tcrseq/dhaarini/DNA150624LC/redux/peared_fastqs/assembled/DNA150624LC_2_S17.assembled.spike.counts.25bp.txt
Writing list of reads to remove to: /mnt/lustre1/CompBio/data/tcrseq/dhaarini/DNA150624LC/redux/peared_fastqs/assembled/DNA150624LC_2_S17.assembled.reads.to.remove.txt
Writing QC summary to: /mnt/lustre1/CompBio/data/tcrseq/dhaarini/DNA150624LC/redux/peared_fastqs/assembled/DNA150624LC_2_S17.assembled.qc.txt
25bp,fwd processed:  /mnt/lustre1/CompBio/data/tcrseq/dhaarini/DNA150624LC/redux/peared_fastqs/assembled/DNA150624LC_2_S17.assembled.fastq 
