2566024 fastq reads to process
	9788 spikes detected
	34179 spikes detected
	814 spikes detected
	8136 spikes detected
	19041 spikes detected
	9894 spikes detected
	21703 spikes detected
	19705 spikes detected
	2601 spikes detected
Processing spike 10 out of 260
	5 spikes detected
	21112 spikes detected
	6296 spikes detected
	759 spikes detected
	2465 spikes detected
	13684 spikes detected
	152 spikes detected
	3160 spikes detected
	2797 spikes detected
	6441 spikes detected
Processing spike 20 out of 260
	4533 spikes detected
	5727 spikes detected
	1514 spikes detected
	4196 spikes detected
	4744 spikes detected
	4879 spikes detected
	724 spikes detected
	3026 spikes detected
	10365 spikes detected
	3068 spikes detected
Processing spike 30 out of 260
	436 spikes detected
	692 spikes detected
	4705 spikes detected
	5310 spikes detected
	775 spikes detected
	4743 spikes detected
	521 spikes detected
	309 spikes detected
	502 spikes detected
	4262 spikes detected
Processing spike 40 out of 260
	2276 spikes detected
	4808 spikes detected
	1135 spikes detected
	292 spikes detected
	364 spikes detected
	2036 spikes detected
	3494 spikes detected
	234 spikes detected
	3488 spikes detected
	228 spikes detected
Processing spike 50 out of 260
	256 spikes detected
	200 spikes detected
	703 spikes detected
	3380 spikes detected
	3712 spikes detected
	3275 spikes detected
	340 spikes detected
	155 spikes detected
	2402 spikes detected
	5353 spikes detected
Processing spike 60 out of 260
	548 spikes detected
	4720 spikes detected
	611 spikes detected
	98 spikes detected
	55 spikes detected
	3048 spikes detected
	5880 spikes detected
	40480 spikes detected
	802 spikes detected
	608 spikes detected
Processing spike 70 out of 260
	7270 spikes detected
	2536 spikes detected
	4828 spikes detected
	13695 spikes detected
	729 spikes detected
	20969 spikes detected
	9386 spikes detected
	15643 spikes detected
	1777 spikes detected
	6260 spikes detected
Processing spike 80 out of 260
	9367 spikes detected
	10369 spikes detected
	8821 spikes detected
	4203 spikes detected
	10287 spikes detected
	7438 spikes detected
	16363 spikes detected
	17557 spikes detected
	14912 spikes detected
	19025 spikes detected
Processing spike 90 out of 260
	14479 spikes detected
	12321 spikes detected
	5290 spikes detected
	11260 spikes detected
	7138 spikes detected
	10760 spikes detected
	5110 spikes detected
	12269 spikes detected
	3467 spikes detected
	14690 spikes detected
Processing spike 100 out of 260
	22349 spikes detected
	10647 spikes detected
	10845 spikes detected
	9504 spikes detected
	15201 spikes detected
	3645 spikes detected
	5587 spikes detected
	2954 spikes detected
	3061 spikes detected
	3855 spikes detected
Processing spike 110 out of 260
	4103 spikes detected
	5345 spikes detected
	6465 spikes detected
	9051 spikes detected
	6312 spikes detected
	4228 spikes detected
	11136 spikes detected
	7298 spikes detected
	10284 spikes detected
	22337 spikes detected
Processing spike 120 out of 260
	6776 spikes detected
	532 spikes detected
	503 spikes detected
	5376 spikes detected
	10825 spikes detected
	2511 spikes detected
	13784 spikes detected
	1312 spikes detected
	1953 spikes detected
	2891 spikes detected
Processing spike 130 out of 260
	8631 spikes detected
	2226 spikes detected
	4842 spikes detected
	3151 spikes detected
	290 spikes detected
	272 spikes detected
	2953 spikes detected
	6046 spikes detected
	1196 spikes detected
	13253 spikes detected
Processing spike 140 out of 260
	1344 spikes detected
	717 spikes detected
	407 spikes detected
	6903 spikes detected
	7722 spikes detected
	11098 spikes detected
	661 spikes detected
	3343 spikes detected
	6269 spikes detected
	11956 spikes detected
Processing spike 150 out of 260
	9762 spikes detected
	9874 spikes detected
	262 spikes detected
	7371 spikes detected
	13881 spikes detected
	13282 spikes detected
	1335 spikes detected
	3006 spikes detected
	6619 spikes detected
	171 spikes detected
Processing spike 160 out of 260
	2484 spikes detected
	4465 spikes detected
	2571 spikes detected
	4084 spikes detected
	5174 spikes detected
	687 spikes detected
	5273 spikes detected
	3769 spikes detected
	3835 spikes detected
	263 spikes detected
Processing spike 170 out of 260
	4518 spikes detected
	23248 spikes detected
	3810 spikes detected
	186 spikes detected
	297 spikes detected
	6465 spikes detected
	9560 spikes detected
	1343 spikes detected
	12416 spikes detected
	976 spikes detected
Processing spike 180 out of 260
	1667 spikes detected
	1289 spikes detected
	6951 spikes detected
	397 spikes detected
	401 spikes detected
	247 spikes detected
	345 spikes detected
	288 spikes detected
	175 spikes detected
	442 spikes detected
Processing spike 190 out of 260
	208 spikes detected
	30 spikes detected
	227 spikes detected
	297 spikes detected
	386 spikes detected
	393 spikes detected
	6070 spikes detected
	24074 spikes detected
	368 spikes detected
	3224 spikes detected
Processing spike 200 out of 260
	6912 spikes detected
	10152 spikes detected
	7996 spikes detected
	19254 spikes detected
	5800 spikes detected
	14615 spikes detected
	13050 spikes detected
	11427 spikes detected
	1569 spikes detected
	4183 spikes detected
Processing spike 210 out of 260
	16333 spikes detected
	5533 spikes detected
	4384 spikes detected
	3816 spikes detected
	11689 spikes detected
	17980 spikes detected
	6003 spikes detected
	10767 spikes detected
	8845 spikes detected
	13319 spikes detected
Processing spike 220 out of 260
	7133 spikes detected
	8819 spikes detected
	841 spikes detected
	1370 spikes detected
	346 spikes detected
	85 spikes detected
	148 spikes detected
	838 spikes detected
	1171 spikes detected
	60 spikes detected
Processing spike 230 out of 260
	768 spikes detected
	147 spikes detected
	139 spikes detected
	82 spikes detected
	684 spikes detected
	2277 spikes detected
	7527 spikes detected
	2548 spikes detected
	4042 spikes detected
	4730 spikes detected
Processing spike 240 out of 260
	6338 spikes detected
	4203 spikes detected
	8376 spikes detected
	6959 spikes detected
	12072 spikes detected
	5225 spikes detected
	6549 spikes detected
	4401 spikes detected
	6544 spikes detected
	9899 spikes detected
Processing spike 250 out of 260
	181 spikes detected
	973 spikes detected
	2716 spikes detected
	1115 spikes detected
	2151 spikes detected
	1755 spikes detected
	249 spikes detected
	4465 spikes detected
	1433 spikes detected
	3625 spikes detected
Processing spike 260 out of 260
	515 spikes detected
Writing spike count file to: /mnt/lustre1/CompBio/data/tcrseq/dhaarini/DNA150624LC/redux/peared_fastqs/assembled/DNA150624LC_35_S13.assembled.spike.counts.25bp.txt
Writing list of reads to remove to: /mnt/lustre1/CompBio/data/tcrseq/dhaarini/DNA150624LC/redux/peared_fastqs/assembled/DNA150624LC_35_S13.assembled.reads.to.remove.txt
Writing QC summary to: /mnt/lustre1/CompBio/data/tcrseq/dhaarini/DNA150624LC/redux/peared_fastqs/assembled/DNA150624LC_35_S13.assembled.qc.txt
25bp,fwd processed:  /mnt/lustre1/CompBio/data/tcrseq/dhaarini/DNA150624LC/redux/peared_fastqs/assembled/DNA150624LC_35_S13.assembled.fastq 
