1927199 fastq reads to process
	1302 spikes detected
	4585 spikes detected
	97 spikes detected
	1169 spikes detected
	2639 spikes detected
	1375 spikes detected
	2691 spikes detected
	2850 spikes detected
	372 spikes detected
Processing spike 10 out of 260
	2 spikes detected
	2835 spikes detected
	866 spikes detected
	106 spikes detected
	382 spikes detected
	2051 spikes detected
	22 spikes detected
	599 spikes detected
	482 spikes detected
	1009 spikes detected
Processing spike 20 out of 260
	702 spikes detected
	912 spikes detected
	229 spikes detected
	617 spikes detected
	783 spikes detected
	691 spikes detected
	101 spikes detected
	512 spikes detected
	1711 spikes detected
	409 spikes detected
Processing spike 30 out of 260
	91 spikes detected
	121 spikes detected
	812 spikes detected
	898 spikes detected
	107 spikes detected
	743 spikes detected
	103 spikes detected
	51 spikes detected
	66 spikes detected
	767 spikes detected
Processing spike 40 out of 260
	472 spikes detected
	790 spikes detected
	189 spikes detected
	57 spikes detected
	60 spikes detected
	308 spikes detected
	531 spikes detected
	32 spikes detected
	561 spikes detected
	42 spikes detected
Processing spike 50 out of 260
	38 spikes detected
	34 spikes detected
	93 spikes detected
	653 spikes detected
	575 spikes detected
	577 spikes detected
	71 spikes detected
	37 spikes detected
	420 spikes detected
	1082 spikes detected
Processing spike 60 out of 260
	105 spikes detected
	661 spikes detected
	106 spikes detected
	20 spikes detected
	13 spikes detected
	463 spikes detected
	946 spikes detected
	6215 spikes detected
	107 spikes detected
	96 spikes detected
Processing spike 70 out of 260
	1171 spikes detected
	380 spikes detected
	796 spikes detected
	2453 spikes detected
	101 spikes detected
	3010 spikes detected
	1447 spikes detected
	2360 spikes detected
	290 spikes detected
	871 spikes detected
Processing spike 80 out of 260
	1341 spikes detected
	1400 spikes detected
	1619 spikes detected
	670 spikes detected
	1568 spikes detected
	962 spikes detected
	2599 spikes detected
	2432 spikes detected
	2090 spikes detected
	2528 spikes detected
Processing spike 90 out of 260
	2129 spikes detected
	1935 spikes detected
	831 spikes detected
	1398 spikes detected
	841 spikes detected
	1772 spikes detected
	634 spikes detected
	1717 spikes detected
	400 spikes detected
	2308 spikes detected
Processing spike 100 out of 260
	2880 spikes detected
	1339 spikes detected
	1391 spikes detected
	1226 spikes detected
	2160 spikes detected
	649 spikes detected
	759 spikes detected
	425 spikes detected
	559 spikes detected
	569 spikes detected
Processing spike 110 out of 260
	557 spikes detected
	723 spikes detected
	1041 spikes detected
	1298 spikes detected
	1129 spikes detected
	627 spikes detected
	1535 spikes detected
	1247 spikes detected
	2030 spikes detected
	3392 spikes detected
Processing spike 120 out of 260
	1172 spikes detected
	91 spikes detected
	83 spikes detected
	796 spikes detected
	1728 spikes detected
	337 spikes detected
	2021 spikes detected
	205 spikes detected
	247 spikes detected
	473 spikes detected
Processing spike 130 out of 260
	1462 spikes detected
	458 spikes detected
	803 spikes detected
	554 spikes detected
	66 spikes detected
	41 spikes detected
	568 spikes detected
	1183 spikes detected
	262 spikes detected
	2537 spikes detected
Processing spike 140 out of 260
	247 spikes detected
	141 spikes detected
	90 spikes detected
	1314 spikes detected
	1254 spikes detected
	1282 spikes detected
	94 spikes detected
	502 spikes detected
	844 spikes detected
	1862 spikes detected
Processing spike 150 out of 260
	1260 spikes detected
	1515 spikes detected
	43 spikes detected
	908 spikes detected
	1891 spikes detected
	1849 spikes detected
	212 spikes detected
	567 spikes detected
	1123 spikes detected
	26 spikes detected
Processing spike 160 out of 260
	561 spikes detected
	893 spikes detected
	439 spikes detected
	718 spikes detected
	1005 spikes detected
	100 spikes detected
	900 spikes detected
	717 spikes detected
	759 spikes detected
	40 spikes detected
Processing spike 170 out of 260
	975 spikes detected
	5059 spikes detected
	655 spikes detected
	29 spikes detected
	71 spikes detected
	1197 spikes detected
	1731 spikes detected
	244 spikes detected
	2310 spikes detected
	142 spikes detected
Processing spike 180 out of 260
	282 spikes detected
	224 spikes detected
	1470 spikes detected
	98 spikes detected
	81 spikes detected
	57 spikes detected
	80 spikes detected
	38 spikes detected
	26 spikes detected
	71 spikes detected
Processing spike 190 out of 260
	44 spikes detected
	2 spikes detected
	43 spikes detected
	57 spikes detected
	58 spikes detected
	65 spikes detected
	805 spikes detected
	2991 spikes detected
	48 spikes detected
	435 spikes detected
Processing spike 200 out of 260
	845 spikes detected
	2038 spikes detected
	831 spikes detected
	2573 spikes detected
	738 spikes detected
	1643 spikes detected
	1553 spikes detected
	1312 spikes detected
	266 spikes detected
	774 spikes detected
Processing spike 210 out of 260
	2370 spikes detected
	800 spikes detected
	715 spikes detected
	595 spikes detected
	1928 spikes detected
	2691 spikes detected
	779 spikes detected
	1454 spikes detected
	1255 spikes detected
	1856 spikes detected
Processing spike 220 out of 260
	1001 spikes detected
	1284 spikes detected
	260 spikes detected
	349 spikes detected
	84 spikes detected
	29 spikes detected
	57 spikes detected
	215 spikes detected
	296 spikes detected
	17 spikes detected
Processing spike 230 out of 260
	195 spikes detected
	24 spikes detected
	29 spikes detected
	15 spikes detected
	201 spikes detected
	469 spikes detected
	1374 spikes detected
	530 spikes detected
	931 spikes detected
	1044 spikes detected
Processing spike 240 out of 260
	1344 spikes detected
	760 spikes detected
	1871 spikes detected
	1247 spikes detected
	2451 spikes detected
	958 spikes detected
	1171 spikes detected
	902 spikes detected
	1582 spikes detected
	1958 spikes detected
Processing spike 250 out of 260
	29 spikes detected
	236 spikes detected
	499 spikes detected
	193 spikes detected
	388 spikes detected
	319 spikes detected
	42 spikes detected
	966 spikes detected
	259 spikes detected
	784 spikes detected
Processing spike 260 out of 260
	107 spikes detected
Writing spike count file to: /mnt/lustre1/CompBio/data/tcrseq/dhaarini/DNA150624LC/redux/peared_fastqs/assembled/DNA150624LC_5_S5.assembled.spike.counts.25bp.txt
Writing list of reads to remove to: /mnt/lustre1/CompBio/data/tcrseq/dhaarini/DNA150624LC/redux/peared_fastqs/assembled/DNA150624LC_5_S5.assembled.reads.to.remove.txt
Writing QC summary to: /mnt/lustre1/CompBio/data/tcrseq/dhaarini/DNA150624LC/redux/peared_fastqs/assembled/DNA150624LC_5_S5.assembled.qc.txt
25bp,fwd processed:  /mnt/lustre1/CompBio/data/tcrseq/dhaarini/DNA150624LC/redux/peared_fastqs/assembled/DNA150624LC_5_S5.assembled.fastq 
