2710210 fastq reads to process
	5535 spikes detected
	19533 spikes detected
	451 spikes detected
	4766 spikes detected
	10657 spikes detected
	5072 spikes detected
	11907 spikes detected
	11222 spikes detected
	1344 spikes detected
Processing spike 10 out of 260
	4 spikes detected
	11500 spikes detected
	3504 spikes detected
	421 spikes detected
	1426 spikes detected
	8114 spikes detected
	83 spikes detected
	1917 spikes detected
	1642 spikes detected
	3370 spikes detected
Processing spike 20 out of 260
	2545 spikes detected
	3168 spikes detected
	773 spikes detected
	2331 spikes detected
	2711 spikes detected
	2840 spikes detected
	433 spikes detected
	1812 spikes detected
	5860 spikes detected
	1911 spikes detected
Processing spike 30 out of 260
	268 spikes detected
	383 spikes detected
	2587 spikes detected
	2974 spikes detected
	429 spikes detected
	2671 spikes detected
	300 spikes detected
	184 spikes detected
	308 spikes detected
	2473 spikes detected
Processing spike 40 out of 260
	1428 spikes detected
	2893 spikes detected
	626 spikes detected
	151 spikes detected
	281 spikes detected
	1086 spikes detected
	2391 spikes detected
	101 spikes detected
	2149 spikes detected
	124 spikes detected
Processing spike 50 out of 260
	148 spikes detected
	114 spikes detected
	405 spikes detected
	2167 spikes detected
	2216 spikes detected
	1916 spikes detected
	217 spikes detected
	111 spikes detected
	1537 spikes detected
	3395 spikes detected
Processing spike 60 out of 260
	296 spikes detected
	2569 spikes detected
	359 spikes detected
	50 spikes detected
	31 spikes detected
	1665 spikes detected
	3459 spikes detected
	21466 spikes detected
	508 spikes detected
	325 spikes detected
Processing spike 70 out of 260
	4017 spikes detected
	1366 spikes detected
	2624 spikes detected
	7948 spikes detected
	385 spikes detected
	11181 spikes detected
	4899 spikes detected
	8633 spikes detected
	999 spikes detected
	3403 spikes detected
Processing spike 80 out of 260
	5042 spikes detected
	5700 spikes detected
	5144 spikes detected
	2345 spikes detected
	5277 spikes detected
	3915 spikes detected
	9036 spikes detected
	9340 spikes detected
	7952 spikes detected
	10337 spikes detected
Processing spike 90 out of 260
	8003 spikes detected
	7063 spikes detected
	2940 spikes detected
	7550 spikes detected
	3594 spikes detected
	6109 spikes detected
	2763 spikes detected
	6032 spikes detected
	1810 spikes detected
	7998 spikes detected
Processing spike 100 out of 260
	11356 spikes detected
	5395 spikes detected
	5961 spikes detected
	5081 spikes detected
	8026 spikes detected
	2094 spikes detected
	2918 spikes detected
	1489 spikes detected
	1783 spikes detected
	2101 spikes detected
Processing spike 110 out of 260
	2169 spikes detected
	2895 spikes detected
	3714 spikes detected
	4856 spikes detected
	3138 spikes detected
	2275 spikes detected
	5791 spikes detected
	3968 spikes detected
	6116 spikes detected
	12360 spikes detected
Processing spike 120 out of 260
	3671 spikes detected
	311 spikes detected
	277 spikes detected
	2764 spikes detected
	6102 spikes detected
	1340 spikes detected
	7219 spikes detected
	734 spikes detected
	1017 spikes detected
	1560 spikes detected
Processing spike 130 out of 260
	4811 spikes detected
	1361 spikes detected
	2725 spikes detected
	1717 spikes detected
	157 spikes detected
	167 spikes detected
	1634 spikes detected
	3337 spikes detected
	697 spikes detected
	7254 spikes detected
Processing spike 140 out of 260
	735 spikes detected
	388 spikes detected
	214 spikes detected
	3896 spikes detected
	4394 spikes detected
	5870 spikes detected
	381 spikes detected
	1865 spikes detected
	3603 spikes detected
	6142 spikes detected
Processing spike 150 out of 260
	5135 spikes detected
	5599 spikes detected
	132 spikes detected
	5631 spikes detected
	7611 spikes detected
	7442 spikes detected
	762 spikes detected
	1822 spikes detected
	3810 spikes detected
	89 spikes detected
Processing spike 160 out of 260
	1686 spikes detected
	2666 spikes detected
	1388 spikes detected
	2345 spikes detected
	3082 spikes detected
	347 spikes detected
	2983 spikes detected
	2096 spikes detected
	2329 spikes detected
	127 spikes detected
Processing spike 170 out of 260
	2662 spikes detected
	13818 spikes detected
	2280 spikes detected
	135 spikes detected
	184 spikes detected
	3624 spikes detected
	5747 spikes detected
	789 spikes detected
	7002 spikes detected
	593 spikes detected
Processing spike 180 out of 260
	1038 spikes detected
	763 spikes detected
	4219 spikes detected
	275 spikes detected
	245 spikes detected
	175 spikes detected
	217 spikes detected
	218 spikes detected
	100 spikes detected
	268 spikes detected
Processing spike 190 out of 260
	148 spikes detected
	13 spikes detected
	154 spikes detected
	168 spikes detected
	267 spikes detected
	268 spikes detected
	3241 spikes detected
	12228 spikes detected
	191 spikes detected
	1720 spikes detected
Processing spike 200 out of 260
	3682 spikes detected
	5051 spikes detected
	4245 spikes detected
	9975 spikes detected
	3142 spikes detected
	7367 spikes detected
	6501 spikes detected
	6023 spikes detected
	882 spikes detected
	2500 spikes detected
Processing spike 210 out of 260
	9075 spikes detected
	3028 spikes detected
	2646 spikes detected
	2127 spikes detected
	6215 spikes detected
	9952 spikes detected
	3471 spikes detected
	5575 spikes detected
	5054 spikes detected
	7490 spikes detected
Processing spike 220 out of 260
	3980 spikes detected
	5002 spikes detected
	634 spikes detected
	995 spikes detected
	229 spikes detected
	92 spikes detected
	101 spikes detected
	856 spikes detected
	786 spikes detected
	46 spikes detected
Processing spike 230 out of 260
	513 spikes detected
	78 spikes detected
	64 spikes detected
	45 spikes detected
	487 spikes detected
	1451 spikes detected
	4384 spikes detected
	1529 spikes detected
	2615 spikes detected
	2901 spikes detected
Processing spike 240 out of 260
	3486 spikes detected
	2432 spikes detected
	5706 spikes detected
	4015 spikes detected
	7070 spikes detected
	3002 spikes detected
	3693 spikes detected
	2859 spikes detected
	4123 spikes detected
	6120 spikes detected
Processing spike 250 out of 260
	106 spikes detected
	616 spikes detected
	1556 spikes detected
	645 spikes detected
	1366 spikes detected
	987 spikes detected
	152 spikes detected
	2752 spikes detected
	956 spikes detected
	2177 spikes detected
Processing spike 260 out of 260
	345 spikes detected
Writing spike count file to: /mnt/lustre1/CompBio/data/tcrseq/dhaarini/DNA150624LC/redux/peared_fastqs/assembled/DNA150624LC_22_S2.assembled.spike.counts.25bp.txt
Writing list of reads to remove to: /mnt/lustre1/CompBio/data/tcrseq/dhaarini/DNA150624LC/redux/peared_fastqs/assembled/DNA150624LC_22_S2.assembled.reads.to.remove.txt
Writing QC summary to: /mnt/lustre1/CompBio/data/tcrseq/dhaarini/DNA150624LC/redux/peared_fastqs/assembled/DNA150624LC_22_S2.assembled.qc.txt
25bp,fwd processed:  /mnt/lustre1/CompBio/data/tcrseq/dhaarini/DNA150624LC/redux/peared_fastqs/assembled/DNA150624LC_22_S2.assembled.fastq 
