2591196 fastq reads to process
	1339 spikes detected
	4532 spikes detected
	82 spikes detected
	1365 spikes detected
	3141 spikes detected
	1278 spikes detected
	2621 spikes detected
	2607 spikes detected
	319 spikes detected
Processing spike 10 out of 260
	0 spikes detected
	3166 spikes detected
	741 spikes detected
	117 spikes detected
	335 spikes detected
	1981 spikes detected
	27 spikes detected
	535 spikes detected
	466 spikes detected
	1071 spikes detected
Processing spike 20 out of 260
	674 spikes detected
	989 spikes detected
	217 spikes detected
	658 spikes detected
	683 spikes detected
	617 spikes detected
	136 spikes detected
	538 spikes detected
	1464 spikes detected
	353 spikes detected
Processing spike 30 out of 260
	60 spikes detected
	79 spikes detected
	737 spikes detected
	732 spikes detected
	108 spikes detected
	665 spikes detected
	64 spikes detected
	46 spikes detected
	65 spikes detected
	677 spikes detected
Processing spike 40 out of 260
	395 spikes detected
	560 spikes detected
	146 spikes detected
	39 spikes detected
	50 spikes detected
	271 spikes detected
	511 spikes detected
	28 spikes detected
	530 spikes detected
	44 spikes detected
Processing spike 50 out of 260
	38 spikes detected
	23 spikes detected
	70 spikes detected
	683 spikes detected
	485 spikes detected
	534 spikes detected
	64 spikes detected
	50 spikes detected
	886 spikes detected
	2844 spikes detected
Processing spike 60 out of 260
	116 spikes detected
	629 spikes detected
	112 spikes detected
	19 spikes detected
	17 spikes detected
	431 spikes detected
	792 spikes detected
	5870 spikes detected
	117 spikes detected
	79 spikes detected
Processing spike 70 out of 260
	1073 spikes detected
	300 spikes detected
	667 spikes detected
	2283 spikes detected
	77 spikes detected
	3000 spikes detected
	1368 spikes detected
	2752 spikes detected
	207 spikes detected
	817 spikes detected
Processing spike 80 out of 260
	1111 spikes detected
	1339 spikes detected
	1583 spikes detected
	595 spikes detected
	1420 spikes detected
	869 spikes detected
	2439 spikes detected
	2403 spikes detected
	2250 spikes detected
	2514 spikes detected
Processing spike 90 out of 260
	1858 spikes detected
	1818 spikes detected
	653 spikes detected
	1054 spikes detected
	713 spikes detected
	1592 spikes detected
	597 spikes detected
	1637 spikes detected
	344 spikes detected
	1889 spikes detected
Processing spike 100 out of 260
	2621 spikes detected
	1327 spikes detected
	1284 spikes detected
	1246 spikes detected
	2046 spikes detected
	507 spikes detected
	619 spikes detected
	385 spikes detected
	516 spikes detected
	548 spikes detected
Processing spike 110 out of 260
	523 spikes detected
	642 spikes detected
	1096 spikes detected
	1325 spikes detected
	1103 spikes detected
	524 spikes detected
	1487 spikes detected
	1079 spikes detected
	1943 spikes detected
	3460 spikes detected
Processing spike 120 out of 260
	998 spikes detected
	73 spikes detected
	65 spikes detected
	640 spikes detected
	1714 spikes detected
	323 spikes detected
	2099 spikes detected
	153 spikes detected
	302 spikes detected
	394 spikes detected
Processing spike 130 out of 260
	1453 spikes detected
	367 spikes detected
	679 spikes detected
	484 spikes detected
	50 spikes detected
	47 spikes detected
	375 spikes detected
	1016 spikes detected
	192 spikes detected
	2367 spikes detected
Processing spike 140 out of 260
	208 spikes detected
	93 spikes detected
	53 spikes detected
	1073 spikes detected
	1130 spikes detected
	1174 spikes detected
	63 spikes detected
	393 spikes detected
	798 spikes detected
	1786 spikes detected
Processing spike 150 out of 260
	1078 spikes detected
	1362 spikes detected
	32 spikes detected
	863 spikes detected
	1883 spikes detected
	1899 spikes detected
	166 spikes detected
	560 spikes detected
	1123 spikes detected
	26 spikes detected
Processing spike 160 out of 260
	558 spikes detected
	860 spikes detected
	424 spikes detected
	656 spikes detected
	1009 spikes detected
	97 spikes detected
	860 spikes detected
	634 spikes detected
	627 spikes detected
	55 spikes detected
Processing spike 170 out of 260
	831 spikes detected
	5021 spikes detected
	695 spikes detected
	44 spikes detected
	71 spikes detected
	1137 spikes detected
	1781 spikes detected
	222 spikes detected
	2340 spikes detected
	149 spikes detected
Processing spike 180 out of 260
	272 spikes detected
	221 spikes detected
	1419 spikes detected
	81 spikes detected
	57 spikes detected
	39 spikes detected
	57 spikes detected
	57 spikes detected
	22 spikes detected
	66 spikes detected
Processing spike 190 out of 260
	33 spikes detected
	1 spikes detected
	36 spikes detected
	45 spikes detected
	62 spikes detected
	48 spikes detected
	810 spikes detected
	2888 spikes detected
	27 spikes detected
	445 spikes detected
Processing spike 200 out of 260
	1021 spikes detected
	1264 spikes detected
	781 spikes detected
	2439 spikes detected
	625 spikes detected
	1507 spikes detected
	1811 spikes detected
	1285 spikes detected
	175 spikes detected
	843 spikes detected
Processing spike 210 out of 260
	2307 spikes detected
	685 spikes detected
	653 spikes detected
	485 spikes detected
	1844 spikes detected
	2621 spikes detected
	660 spikes detected
	1311 spikes detected
	1240 spikes detected
	1877 spikes detected
Processing spike 220 out of 260
	1032 spikes detected
	1136 spikes detected
	218 spikes detected
	249 spikes detected
	61 spikes detected
	18 spikes detected
	23 spikes detected
	188 spikes detected
	253 spikes detected
	12 spikes detected
Processing spike 230 out of 260
	143 spikes detected
	12 spikes detected
	20 spikes detected
	10 spikes detected
	155 spikes detected
	429 spikes detected
	1198 spikes detected
	478 spikes detected
	840 spikes detected
	981 spikes detected
Processing spike 240 out of 260
	1338 spikes detected
	673 spikes detected
	1789 spikes detected
	1291 spikes detected
	2366 spikes detected
	895 spikes detected
	1067 spikes detected
	813 spikes detected
	1523 spikes detected
	1923 spikes detected
Processing spike 250 out of 260
	32 spikes detected
	195 spikes detected
	532 spikes detected
	210 spikes detected
	402 spikes detected
	271 spikes detected
	50 spikes detected
	834 spikes detected
	192 spikes detected
	664 spikes detected
Processing spike 260 out of 260
	107 spikes detected
Writing spike count file to: /mnt/lustre1/CompBio/data/tcrseq/dhaarini/DNA150624LC/redux/peared_fastqs/assembled/DNA150624LC_1_S9.assembled.spike.counts.25bp.txt
Writing list of reads to remove to: /mnt/lustre1/CompBio/data/tcrseq/dhaarini/DNA150624LC/redux/peared_fastqs/assembled/DNA150624LC_1_S9.assembled.reads.to.remove.txt
Writing QC summary to: /mnt/lustre1/CompBio/data/tcrseq/dhaarini/DNA150624LC/redux/peared_fastqs/assembled/DNA150624LC_1_S9.assembled.qc.txt
25bp,fwd processed:  /mnt/lustre1/CompBio/data/tcrseq/dhaarini/DNA150624LC/redux/peared_fastqs/assembled/DNA150624LC_1_S9.assembled.fastq 
