2158915 fastq reads to process
	3875 spikes detected
	14056 spikes detected
	333 spikes detected
	3508 spikes detected
	7575 spikes detected
	3918 spikes detected
	8787 spikes detected
	7709 spikes detected
	1140 spikes detected
Processing spike 10 out of 260
	2 spikes detected
	8455 spikes detected
	2777 spikes detected
	357 spikes detected
	911 spikes detected
	4910 spikes detected
	59 spikes detected
	1235 spikes detected
	1102 spikes detected
	2251 spikes detected
Processing spike 20 out of 260
	1659 spikes detected
	2248 spikes detected
	634 spikes detected
	1545 spikes detected
	1727 spikes detected
	1828 spikes detected
	296 spikes detected
	1268 spikes detected
	4489 spikes detected
	1229 spikes detected
Processing spike 30 out of 260
	216 spikes detected
	310 spikes detected
	1865 spikes detected
	2129 spikes detected
	360 spikes detected
	2108 spikes detected
	208 spikes detected
	145 spikes detected
	210 spikes detected
	1728 spikes detected
Processing spike 40 out of 260
	1038 spikes detected
	2132 spikes detected
	465 spikes detected
	120 spikes detected
	203 spikes detected
	849 spikes detected
	1616 spikes detected
	112 spikes detected
	1425 spikes detected
	125 spikes detected
Processing spike 50 out of 260
	89 spikes detected
	107 spikes detected
	314 spikes detected
	1348 spikes detected
	1559 spikes detected
	1174 spikes detected
	175 spikes detected
	98 spikes detected
	911 spikes detected
	2209 spikes detected
Processing spike 60 out of 260
	244 spikes detected
	1798 spikes detected
	276 spikes detected
	45 spikes detected
	27 spikes detected
	1223 spikes detected
	2276 spikes detected
	15690 spikes detected
	360 spikes detected
	235 spikes detected
Processing spike 70 out of 260
	2779 spikes detected
	879 spikes detected
	1828 spikes detected
	5440 spikes detected
	247 spikes detected
	7809 spikes detected
	3457 spikes detected
	5600 spikes detected
	733 spikes detected
	2481 spikes detected
Processing spike 80 out of 260
	3657 spikes detected
	3932 spikes detected
	3579 spikes detected
	1632 spikes detected
	3786 spikes detected
	2776 spikes detected
	6411 spikes detected
	6429 spikes detected
	5706 spikes detected
	7597 spikes detected
Processing spike 90 out of 260
	5765 spikes detected
	4712 spikes detected
	2035 spikes detected
	4323 spikes detected
	2560 spikes detected
	4154 spikes detected
	1906 spikes detected
	4430 spikes detected
	1317 spikes detected
	5458 spikes detected
Processing spike 100 out of 260
	8007 spikes detected
	4073 spikes detected
	4021 spikes detected
	3571 spikes detected
	5677 spikes detected
	1512 spikes detected
	2248 spikes detected
	1144 spikes detected
	1247 spikes detected
	1491 spikes detected
Processing spike 110 out of 260
	1436 spikes detected
	2127 spikes detected
	2641 spikes detected
	3282 spikes detected
	2435 spikes detected
	1676 spikes detected
	4317 spikes detected
	2774 spikes detected
	4073 spikes detected
	8822 spikes detected
Processing spike 120 out of 260
	2357 spikes detected
	223 spikes detected
	252 spikes detected
	2013 spikes detected
	4105 spikes detected
	1058 spikes detected
	5283 spikes detected
	519 spikes detected
	778 spikes detected
	1169 spikes detected
Processing spike 130 out of 260
	3366 spikes detected
	1020 spikes detected
	2180 spikes detected
	1272 spikes detected
	124 spikes detected
	122 spikes detected
	1216 spikes detected
	2538 spikes detected
	553 spikes detected
	5579 spikes detected
Processing spike 140 out of 260
	565 spikes detected
	328 spikes detected
	220 spikes detected
	2853 spikes detected
	3046 spikes detected
	4378 spikes detected
	280 spikes detected
	1329 spikes detected
	2452 spikes detected
	4153 spikes detected
Processing spike 150 out of 260
	3801 spikes detected
	3801 spikes detected
	107 spikes detected
	2622 spikes detected
	5247 spikes detected
	4932 spikes detected
	545 spikes detected
	1231 spikes detected
	2723 spikes detected
	77 spikes detected
Processing spike 160 out of 260
	1084 spikes detected
	1869 spikes detected
	1035 spikes detected
	1717 spikes detected
	2126 spikes detected
	293 spikes detected
	2054 spikes detected
	1509 spikes detected
	1549 spikes detected
	109 spikes detected
Processing spike 170 out of 260
	1921 spikes detected
	9733 spikes detected
	1529 spikes detected
	99 spikes detected
	135 spikes detected
	2527 spikes detected
	3997 spikes detected
	610 spikes detected
	4926 spikes detected
	447 spikes detected
Processing spike 180 out of 260
	770 spikes detected
	609 spikes detected
	2851 spikes detected
	222 spikes detected
	185 spikes detected
	107 spikes detected
	163 spikes detected
	133 spikes detected
	65 spikes detected
	200 spikes detected
Processing spike 190 out of 260
	99 spikes detected
	12 spikes detected
	106 spikes detected
	132 spikes detected
	170 spikes detected
	184 spikes detected
	2389 spikes detected
	8762 spikes detected
	132 spikes detected
	1223 spikes detected
Processing spike 200 out of 260
	2590 spikes detected
	3469 spikes detected
	3016 spikes detected
	7310 spikes detected
	2486 spikes detected
	5149 spikes detected
	4769 spikes detected
	4243 spikes detected
	586 spikes detected
	1819 spikes detected
Processing spike 210 out of 260
	6522 spikes detected
	2095 spikes detected
	1785 spikes detected
	1542 spikes detected
	4509 spikes detected
	7121 spikes detected
	2584 spikes detected
	4070 spikes detected
	3801 spikes detected
	5083 spikes detected
Processing spike 220 out of 260
	3008 spikes detected
	3527 spikes detected
	444 spikes detected
	670 spikes detected
	149 spikes detected
	48 spikes detected
	60 spikes detected
	503 spikes detected
	577 spikes detected
	32 spikes detected
Processing spike 230 out of 260
	399 spikes detected
	48 spikes detected
	59 spikes detected
	43 spikes detected
	337 spikes detected
	986 spikes detected
	3190 spikes detected
	1028 spikes detected
	1957 spikes detected
	2102 spikes detected
Processing spike 240 out of 260
	2418 spikes detected
	1767 spikes detected
	4433 spikes detected
	2858 spikes detected
	5211 spikes detected
	2083 spikes detected
	2591 spikes detected
	1874 spikes detected
	2924 spikes detected
	4530 spikes detected
Processing spike 250 out of 260
	62 spikes detected
	452 spikes detected
	1244 spikes detected
	438 spikes detected
	1006 spikes detected
	754 spikes detected
	126 spikes detected
	1998 spikes detected
	630 spikes detected
	1633 spikes detected
Processing spike 260 out of 260
	244 spikes detected
Writing spike count file to: /mnt/lustre1/CompBio/data/tcrseq/dhaarini/DNA150624LC/redux/peared_fastqs/assembled/DNA150624LC_31_S19.assembled.spike.counts.25bp.txt
Writing list of reads to remove to: /mnt/lustre1/CompBio/data/tcrseq/dhaarini/DNA150624LC/redux/peared_fastqs/assembled/DNA150624LC_31_S19.assembled.reads.to.remove.txt
Writing QC summary to: /mnt/lustre1/CompBio/data/tcrseq/dhaarini/DNA150624LC/redux/peared_fastqs/assembled/DNA150624LC_31_S19.assembled.qc.txt
25bp,fwd processed:  /mnt/lustre1/CompBio/data/tcrseq/dhaarini/DNA150624LC/redux/peared_fastqs/assembled/DNA150624LC_31_S19.assembled.fastq 
