3069786 fastq reads to process
	11295 spikes detected
	40783 spikes detected
	926 spikes detected
	9945 spikes detected
	22733 spikes detected
	11664 spikes detected
	25306 spikes detected
	23296 spikes detected
	2872 spikes detected
Processing spike 10 out of 260
	6 spikes detected
	25187 spikes detected
	7499 spikes detected
	858 spikes detected
	2957 spikes detected
	16410 spikes detected
	183 spikes detected
	3986 spikes detected
	3475 spikes detected
	7690 spikes detected
Processing spike 20 out of 260
	5493 spikes detected
	6960 spikes detected
	1873 spikes detected
	5092 spikes detected
	5753 spikes detected
	6082 spikes detected
	897 spikes detected
	3414 spikes detected
	12097 spikes detected
	3644 spikes detected
Processing spike 30 out of 260
	463 spikes detected
	717 spikes detected
	5405 spikes detected
	6223 spikes detected
	889 spikes detected
	5599 spikes detected
	641 spikes detected
	380 spikes detected
	629 spikes detected
	5073 spikes detected
Processing spike 40 out of 260
	2836 spikes detected
	5761 spikes detected
	1414 spikes detected
	276 spikes detected
	531 spikes detected
	2433 spikes detected
	4149 spikes detected
	252 spikes detected
	4301 spikes detected
	322 spikes detected
Processing spike 50 out of 260
	244 spikes detected
	259 spikes detected
	825 spikes detected
	4240 spikes detected
	4520 spikes detected
	4045 spikes detected
	389 spikes detected
	198 spikes detected
	2838 spikes detected
	6534 spikes detected
Processing spike 60 out of 260
	590 spikes detected
	5778 spikes detected
	745 spikes detected
	128 spikes detected
	60 spikes detected
	3580 spikes detected
	6916 spikes detected
	47873 spikes detected
	1046 spikes detected
	701 spikes detected
Processing spike 70 out of 260
	8594 spikes detected
	2973 spikes detected
	5863 spikes detected
	16945 spikes detected
	844 spikes detected
	24976 spikes detected
	11173 spikes detected
	18572 spikes detected
	2103 spikes detected
	7203 spikes detected
Processing spike 80 out of 260
	10979 spikes detected
	12482 spikes detected
	10618 spikes detected
	4897 spikes detected
	12379 spikes detected
	8829 spikes detected
	19296 spikes detected
	21403 spikes detected
	17396 spikes detected
	22693 spikes detected
Processing spike 90 out of 260
	17402 spikes detected
	15026 spikes detected
	6297 spikes detected
	13053 spikes detected
	8574 spikes detected
	13249 spikes detected
	6164 spikes detected
	14522 spikes detected
	4337 spikes detected
	17848 spikes detected
Processing spike 100 out of 260
	26932 spikes detected
	12565 spikes detected
	13124 spikes detected
	11512 spikes detected
	18636 spikes detected
	4379 spikes detected
	6618 spikes detected
	3545 spikes detected
	3671 spikes detected
	4562 spikes detected
Processing spike 110 out of 260
	4727 spikes detected
	6406 spikes detected
	7680 spikes detected
	10907 spikes detected
	7575 spikes detected
	5021 spikes detected
	13240 spikes detected
	9185 spikes detected
	12821 spikes detected
	26748 spikes detected
Processing spike 120 out of 260
	8172 spikes detected
	642 spikes detected
	588 spikes detected
	6248 spikes detected
	12830 spikes detected
	2779 spikes detected
	16674 spikes detected
	1519 spikes detected
	2303 spikes detected
	3391 spikes detected
Processing spike 130 out of 260
	10647 spikes detected
	2723 spikes detected
	5678 spikes detected
	3666 spikes detected
	329 spikes detected
	326 spikes detected
	3564 spikes detected
	7356 spikes detected
	1402 spikes detected
	15902 spikes detected
Processing spike 140 out of 260
	1529 spikes detected
	892 spikes detected
	436 spikes detected
	8411 spikes detected
	9338 spikes detected
	13127 spikes detected
	865 spikes detected
	3857 spikes detected
	7600 spikes detected
	14411 spikes detected
Processing spike 150 out of 260
	11895 spikes detected
	12131 spikes detected
	282 spikes detected
	8964 spikes detected
	16608 spikes detected
	16448 spikes detected
	1575 spikes detected
	3500 spikes detected
	7720 spikes detected
	163 spikes detected
Processing spike 160 out of 260
	3044 spikes detected
	5328 spikes detected
	3153 spikes detected
	4827 spikes detected
	6238 spikes detected
	785 spikes detected
	6120 spikes detected
	4491 spikes detected
	4695 spikes detected
	249 spikes detected
Processing spike 170 out of 260
	5264 spikes detected
	27919 spikes detected
	4546 spikes detected
	245 spikes detected
	359 spikes detected
	7489 spikes detected
	11467 spikes detected
	1579 spikes detected
	14522 spikes detected
	1162 spikes detected
Processing spike 180 out of 260
	1958 spikes detected
	1520 spikes detected
	8616 spikes detected
	497 spikes detected
	519 spikes detected
	338 spikes detected
	414 spikes detected
	335 spikes detected
	191 spikes detected
	508 spikes detected
Processing spike 190 out of 260
	278 spikes detected
	33 spikes detected
	263 spikes detected
	358 spikes detected
	496 spikes detected
	490 spikes detected
	7330 spikes detected
	29010 spikes detected
	425 spikes detected
	3830 spikes detected
Processing spike 200 out of 260
	8348 spikes detected
	11889 spikes detected
	9379 spikes detected
	23039 spikes detected
	6846 spikes detected
	17303 spikes detected
	15370 spikes detected
	13482 spikes detected
	1803 spikes detected
	5021 spikes detected
Processing spike 210 out of 260
	19097 spikes detected
	6711 spikes detected
	5153 spikes detected
	4460 spikes detected
	13916 spikes detected
	20918 spikes detected
	7185 spikes detected
	12752 spikes detected
	10338 spikes detected
	15801 spikes detected
Processing spike 220 out of 260
	9166 spikes detected
	10825 spikes detected
	979 spikes detected
	1663 spikes detected
	403 spikes detected
	78 spikes detected
	168 spikes detected
	999 spikes detected
	1329 spikes detected
	105 spikes detected
Processing spike 230 out of 260
	904 spikes detected
	169 spikes detected
	141 spikes detected
	96 spikes detected
	801 spikes detected
	2675 spikes detected
	8754 spikes detected
	3056 spikes detected
	4814 spikes detected
	5712 spikes detected
Processing spike 240 out of 260
	7461 spikes detected
	4890 spikes detected
	10305 spikes detected
	8236 spikes detected
	14419 spikes detected
	5927 spikes detected
	7599 spikes detected
	5239 spikes detected
	7593 spikes detected
	11865 spikes detected
Processing spike 250 out of 260
	185 spikes detected
	1204 spikes detected
	3183 spikes detected
	1358 spikes detected
	2667 spikes detected
	1982 spikes detected
	323 spikes detected
	5366 spikes detected
	1668 spikes detected
	4261 spikes detected
Processing spike 260 out of 260
	637 spikes detected
Writing spike count file to: /mnt/lustre1/CompBio/data/tcrseq/dhaarini/DNA150624LC/redux/peared_fastqs/assembled/DNA150624LC_36_S10.assembled.spike.counts.25bp.txt
Writing list of reads to remove to: /mnt/lustre1/CompBio/data/tcrseq/dhaarini/DNA150624LC/redux/peared_fastqs/assembled/DNA150624LC_36_S10.assembled.reads.to.remove.txt
Writing QC summary to: /mnt/lustre1/CompBio/data/tcrseq/dhaarini/DNA150624LC/redux/peared_fastqs/assembled/DNA150624LC_36_S10.assembled.qc.txt
25bp,fwd processed:  /mnt/lustre1/CompBio/data/tcrseq/dhaarini/DNA150624LC/redux/peared_fastqs/assembled/DNA150624LC_36_S10.assembled.fastq 
