1871251 fastq reads to process
	1050 spikes detected
	3457 spikes detected
	80 spikes detected
	938 spikes detected
	2244 spikes detected
	934 spikes detected
	2195 spikes detected
	2087 spikes detected
	246 spikes detected
Processing spike 10 out of 260
	1 spikes detected
	2220 spikes detected
	552 spikes detected
	88 spikes detected
	393 spikes detected
	1678 spikes detected
	24 spikes detected
	614 spikes detected
	388 spikes detected
	933 spikes detected
Processing spike 20 out of 260
	605 spikes detected
	816 spikes detected
	175 spikes detected
	548 spikes detected
	734 spikes detected
	628 spikes detected
	101 spikes detected
	518 spikes detected
	1484 spikes detected
	389 spikes detected
Processing spike 30 out of 260
	73 spikes detected
	93 spikes detected
	653 spikes detected
	781 spikes detected
	119 spikes detected
	640 spikes detected
	72 spikes detected
	46 spikes detected
	72 spikes detected
	674 spikes detected
Processing spike 40 out of 260
	421 spikes detected
	615 spikes detected
	165 spikes detected
	48 spikes detected
	62 spikes detected
	265 spikes detected
	512 spikes detected
	39 spikes detected
	546 spikes detected
	32 spikes detected
Processing spike 50 out of 260
	23 spikes detected
	36 spikes detected
	80 spikes detected
	641 spikes detected
	512 spikes detected
	521 spikes detected
	45 spikes detected
	38 spikes detected
	309 spikes detected
	850 spikes detected
Processing spike 60 out of 260
	115 spikes detected
	614 spikes detected
	111 spikes detected
	21 spikes detected
	11 spikes detected
	450 spikes detected
	837 spikes detected
	5299 spikes detected
	129 spikes detected
	87 spikes detected
Processing spike 70 out of 260
	1005 spikes detected
	329 spikes detected
	635 spikes detected
	2264 spikes detected
	92 spikes detected
	2682 spikes detected
	1284 spikes detected
	2262 spikes detected
	249 spikes detected
	845 spikes detected
Processing spike 80 out of 260
	1081 spikes detected
	1369 spikes detected
	1414 spikes detected
	557 spikes detected
	1297 spikes detected
	904 spikes detected
	2114 spikes detected
	1980 spikes detected
	1749 spikes detected
	2300 spikes detected
Processing spike 90 out of 260
	1738 spikes detected
	1749 spikes detected
	615 spikes detected
	984 spikes detected
	796 spikes detected
	1533 spikes detected
	587 spikes detected
	1279 spikes detected
	322 spikes detected
	1807 spikes detected
Processing spike 100 out of 260
	2284 spikes detected
	1112 spikes detected
	1205 spikes detected
	1011 spikes detected
	1812 spikes detected
	561 spikes detected
	630 spikes detected
	398 spikes detected
	478 spikes detected
	585 spikes detected
Processing spike 110 out of 260
	481 spikes detected
	663 spikes detected
	913 spikes detected
	1124 spikes detected
	704 spikes detected
	514 spikes detected
	1322 spikes detected
	976 spikes detected
	1899 spikes detected
	2972 spikes detected
Processing spike 120 out of 260
	1050 spikes detected
	103 spikes detected
	95 spikes detected
	667 spikes detected
	1597 spikes detected
	357 spikes detected
	1711 spikes detected
	150 spikes detected
	238 spikes detected
	377 spikes detected
Processing spike 130 out of 260
	1258 spikes detected
	411 spikes detected
	758 spikes detected
	560 spikes detected
	58 spikes detected
	62 spikes detected
	498 spikes detected
	1093 spikes detected
	214 spikes detected
	2208 spikes detected
Processing spike 140 out of 260
	205 spikes detected
	120 spikes detected
	74 spikes detected
	1251 spikes detected
	1085 spikes detected
	1075 spikes detected
	89 spikes detected
	388 spikes detected
	788 spikes detected
	1534 spikes detected
Processing spike 150 out of 260
	1097 spikes detected
	1418 spikes detected
	36 spikes detected
	793 spikes detected
	1710 spikes detected
	1668 spikes detected
	159 spikes detected
	580 spikes detected
	1044 spikes detected
	36 spikes detected
Processing spike 160 out of 260
	547 spikes detected
	893 spikes detected
	398 spikes detected
	693 spikes detected
	1035 spikes detected
	106 spikes detected
	906 spikes detected
	680 spikes detected
	652 spikes detected
	49 spikes detected
Processing spike 170 out of 260
	952 spikes detected
	4616 spikes detected
	677 spikes detected
	45 spikes detected
	54 spikes detected
	1043 spikes detected
	1776 spikes detected
	210 spikes detected
	2233 spikes detected
	147 spikes detected
Processing spike 180 out of 260
	303 spikes detected
	249 spikes detected
	1307 spikes detected
	99 spikes detected
	75 spikes detected
	38 spikes detected
	64 spikes detected
	60 spikes detected
	34 spikes detected
	102 spikes detected
Processing spike 190 out of 260
	49 spikes detected
	3 spikes detected
	53 spikes detected
	53 spikes detected
	73 spikes detected
	77 spikes detected
	716 spikes detected
	2619 spikes detected
	47 spikes detected
	401 spikes detected
Processing spike 200 out of 260
	727 spikes detected
	1059 spikes detected
	692 spikes detected
	2123 spikes detected
	544 spikes detected
	1466 spikes detected
	1252 spikes detected
	1166 spikes detected
	166 spikes detected
	580 spikes detected
Processing spike 210 out of 260
	1944 spikes detected
	749 spikes detected
	677 spikes detected
	509 spikes detected
	1635 spikes detected
	2436 spikes detected
	703 spikes detected
	1109 spikes detected
	1023 spikes detected
	1689 spikes detected
Processing spike 220 out of 260
	807 spikes detected
	1161 spikes detected
	277 spikes detected
	361 spikes detected
	72 spikes detected
	23 spikes detected
	27 spikes detected
	213 spikes detected
	339 spikes detected
	28 spikes detected
Processing spike 230 out of 260
	215 spikes detected
	9 spikes detected
	24 spikes detected
	17 spikes detected
	212 spikes detected
	463 spikes detected
	1207 spikes detected
	533 spikes detected
	910 spikes detected
	899 spikes detected
Processing spike 240 out of 260
	1180 spikes detected
	730 spikes detected
	1669 spikes detected
	1151 spikes detected
	2234 spikes detected
	927 spikes detected
	1072 spikes detected
	804 spikes detected
	1565 spikes detected
	1896 spikes detected
Processing spike 250 out of 260
	27 spikes detected
	246 spikes detected
	503 spikes detected
	163 spikes detected
	397 spikes detected
	297 spikes detected
	40 spikes detected
	899 spikes detected
	233 spikes detected
	580 spikes detected
Processing spike 260 out of 260
	99 spikes detected
Writing spike count file to: /mnt/lustre1/CompBio/data/tcrseq/dhaarini/DNA150624LC/redux/peared_fastqs/assembled/DNA150624LC_17_S7.assembled.spike.counts.25bp.txt
Writing list of reads to remove to: /mnt/lustre1/CompBio/data/tcrseq/dhaarini/DNA150624LC/redux/peared_fastqs/assembled/DNA150624LC_17_S7.assembled.reads.to.remove.txt
Writing QC summary to: /mnt/lustre1/CompBio/data/tcrseq/dhaarini/DNA150624LC/redux/peared_fastqs/assembled/DNA150624LC_17_S7.assembled.qc.txt
25bp,fwd processed:  /mnt/lustre1/CompBio/data/tcrseq/dhaarini/DNA150624LC/redux/peared_fastqs/assembled/DNA150624LC_17_S7.assembled.fastq 
