2164685 fastq reads to process
	1711 spikes detected
	5777 spikes detected
	115 spikes detected
	1576 spikes detected
	3648 spikes detected
	1654 spikes detected
	3847 spikes detected
	3332 spikes detected
	439 spikes detected
Processing spike 10 out of 260
	0 spikes detected
	3546 spikes detected
	955 spikes detected
	137 spikes detected
	546 spikes detected
	2688 spikes detected
	32 spikes detected
	830 spikes detected
	656 spikes detected
	1435 spikes detected
Processing spike 20 out of 260
	969 spikes detected
	1241 spikes detected
	295 spikes detected
	839 spikes detected
	1066 spikes detected
	1019 spikes detected
	157 spikes detected
	791 spikes detected
	2306 spikes detected
	587 spikes detected
Processing spike 30 out of 260
	114 spikes detected
	158 spikes detected
	1124 spikes detected
	1238 spikes detected
	198 spikes detected
	1007 spikes detected
	108 spikes detected
	75 spikes detected
	103 spikes detected
	1000 spikes detected
Processing spike 40 out of 260
	638 spikes detected
	961 spikes detected
	229 spikes detected
	74 spikes detected
	87 spikes detected
	382 spikes detected
	794 spikes detected
	44 spikes detected
	758 spikes detected
	60 spikes detected
Processing spike 50 out of 260
	40 spikes detected
	45 spikes detected
	150 spikes detected
	906 spikes detected
	731 spikes detected
	780 spikes detected
	95 spikes detected
	55 spikes detected
	465 spikes detected
	1270 spikes detected
Processing spike 60 out of 260
	152 spikes detected
	838 spikes detected
	166 spikes detected
	25 spikes detected
	22 spikes detected
	636 spikes detected
	1256 spikes detected
	8826 spikes detected
	172 spikes detected
	141 spikes detected
Processing spike 70 out of 260
	1630 spikes detected
	521 spikes detected
	973 spikes detected
	3449 spikes detected
	149 spikes detected
	7828 spikes detected
	1946 spikes detected
	3333 spikes detected
	378 spikes detected
	1313 spikes detected
Processing spike 80 out of 260
	1767 spikes detected
	2124 spikes detected
	2181 spikes detected
	916 spikes detected
	2172 spikes detected
	1398 spikes detected
	3546 spikes detected
	3177 spikes detected
	2814 spikes detected
	3754 spikes detected
Processing spike 90 out of 260
	2841 spikes detected
	2741 spikes detected
	1009 spikes detected
	1669 spikes detected
	1236 spikes detected
	2386 spikes detected
	925 spikes detected
	2167 spikes detected
	522 spikes detected
	2902 spikes detected
Processing spike 100 out of 260
	3809 spikes detected
	1781 spikes detected
	1893 spikes detected
	1560 spikes detected
	2931 spikes detected
	831 spikes detected
	941 spikes detected
	602 spikes detected
	770 spikes detected
	766 spikes detected
Processing spike 110 out of 260
	806 spikes detected
	1093 spikes detected
	1410 spikes detected
	1689 spikes detected
	1154 spikes detected
	812 spikes detected
	2140 spikes detected
	1558 spikes detected
	2944 spikes detected
	5415 spikes detected
Processing spike 120 out of 260
	1616 spikes detected
	125 spikes detected
	127 spikes detected
	1068 spikes detected
	2597 spikes detected
	574 spikes detected
	2890 spikes detected
	241 spikes detected
	409 spikes detected
	624 spikes detected
Processing spike 130 out of 260
	2119 spikes detected
	609 spikes detected
	1076 spikes detected
	843 spikes detected
	108 spikes detected
	85 spikes detected
	707 spikes detected
	1655 spikes detected
	320 spikes detected
	3547 spikes detected
Processing spike 140 out of 260
	356 spikes detected
	198 spikes detected
	99 spikes detected
	1883 spikes detected
	1724 spikes detected
	1872 spikes detected
	114 spikes detected
	699 spikes detected
	1236 spikes detected
	2547 spikes detected
Processing spike 150 out of 260
	1883 spikes detected
	2170 spikes detected
	60 spikes detected
	1280 spikes detected
	2941 spikes detected
	2710 spikes detected
	280 spikes detected
	950 spikes detected
	1730 spikes detected
	44 spikes detected
Processing spike 160 out of 260
	856 spikes detected
	1356 spikes detected
	646 spikes detected
	1139 spikes detected
	1653 spikes detected
	162 spikes detected
	1527 spikes detected
	1038 spikes detected
	1032 spikes detected
	71 spikes detected
Processing spike 170 out of 260
	1438 spikes detected
	7092 spikes detected
	1020 spikes detected
	68 spikes detected
	83 spikes detected
	1687 spikes detected
	2711 spikes detected
	381 spikes detected
	3452 spikes detected
	256 spikes detected
Processing spike 180 out of 260
	484 spikes detected
	367 spikes detected
	2032 spikes detected
	139 spikes detected
	105 spikes detected
	86 spikes detected
	110 spikes detected
	85 spikes detected
	40 spikes detected
	114 spikes detected
Processing spike 190 out of 260
	49 spikes detected
	7 spikes detected
	74 spikes detected
	81 spikes detected
	109 spikes detected
	100 spikes detected
	1182 spikes detected
	4252 spikes detected
	63 spikes detected
	595 spikes detected
Processing spike 200 out of 260
	1242 spikes detected
	1722 spikes detected
	1176 spikes detected
	3418 spikes detected
	928 spikes detected
	2387 spikes detected
	2198 spikes detected
	1834 spikes detected
	290 spikes detected
	962 spikes detected
Processing spike 210 out of 260
	3211 spikes detected
	1169 spikes detected
	1009 spikes detected
	791 spikes detected
	2615 spikes detected
	3806 spikes detected
	945 spikes detected
	1760 spikes detected
	1656 spikes detected
	2655 spikes detected
Processing spike 220 out of 260
	1284 spikes detected
	1793 spikes detected
	394 spikes detected
	579 spikes detected
	150 spikes detected
	26 spikes detected
	52 spikes detected
	331 spikes detected
	511 spikes detected
	27 spikes detected
Processing spike 230 out of 260
	281 spikes detected
	30 spikes detected
	28 spikes detected
	25 spikes detected
	317 spikes detected
	694 spikes detected
	1879 spikes detected
	682 spikes detected
	1294 spikes detected
	1376 spikes detected
Processing spike 240 out of 260
	1810 spikes detected
	1173 spikes detected
	2597 spikes detected
	1835 spikes detected
	3458 spikes detected
	1326 spikes detected
	1656 spikes detected
	1242 spikes detected
	2385 spikes detected
	2880 spikes detected
Processing spike 250 out of 260
	41 spikes detected
	305 spikes detected
	693 spikes detected
	283 spikes detected
	633 spikes detected
	429 spikes detected
	78 spikes detected
	1323 spikes detected
	316 spikes detected
	879 spikes detected
Processing spike 260 out of 260
	171 spikes detected
Writing spike count file to: /mnt/lustre1/CompBio/data/tcrseq/dhaarini/DNA150624LC/redux/peared_fastqs/assembled/DNA150624LC_9_S20.assembled.spike.counts.25bp.txt
Writing list of reads to remove to: /mnt/lustre1/CompBio/data/tcrseq/dhaarini/DNA150624LC/redux/peared_fastqs/assembled/DNA150624LC_9_S20.assembled.reads.to.remove.txt
Writing QC summary to: /mnt/lustre1/CompBio/data/tcrseq/dhaarini/DNA150624LC/redux/peared_fastqs/assembled/DNA150624LC_9_S20.assembled.qc.txt
25bp,fwd processed:  /mnt/lustre1/CompBio/data/tcrseq/dhaarini/DNA150624LC/redux/peared_fastqs/assembled/DNA150624LC_9_S20.assembled.fastq 
