3360069 fastq reads to process
	1000 spikes detected
	3298 spikes detected
	65 spikes detected
	905 spikes detected
	2098 spikes detected
	939 spikes detected
	2185 spikes detected
	2005 spikes detected
	217 spikes detected
Processing spike 10 out of 260
	0 spikes detected
	2085 spikes detected
	528 spikes detected
	77 spikes detected
	329 spikes detected
	1501 spikes detected
	10 spikes detected
	532 spikes detected
	367 spikes detected
	842 spikes detected
Processing spike 20 out of 260
	563 spikes detected
	718 spikes detected
	169 spikes detected
	448 spikes detected
	645 spikes detected
	525 spikes detected
	88 spikes detected
	396 spikes detected
	1199 spikes detected
	334 spikes detected
Processing spike 30 out of 260
	65 spikes detected
	102 spikes detected
	565 spikes detected
	699 spikes detected
	98 spikes detected
	513 spikes detected
	64 spikes detected
	45 spikes detected
	70 spikes detected
	568 spikes detected
Processing spike 40 out of 260
	329 spikes detected
	522 spikes detected
	136 spikes detected
	54 spikes detected
	63 spikes detected
	225 spikes detected
	421 spikes detected
	29 spikes detected
	418 spikes detected
	36 spikes detected
Processing spike 50 out of 260
	28 spikes detected
	17 spikes detected
	83 spikes detected
	526 spikes detected
	366 spikes detected
	461 spikes detected
	49 spikes detected
	29 spikes detected
	277 spikes detected
	743 spikes detected
Processing spike 60 out of 260
	71 spikes detected
	550 spikes detected
	77 spikes detected
	14 spikes detected
	6 spikes detected
	354 spikes detected
	714 spikes detected
	5009 spikes detected
	112 spikes detected
	88 spikes detected
Processing spike 70 out of 260
	830 spikes detected
	246 spikes detected
	490 spikes detected
	1973 spikes detected
	85 spikes detected
	2447 spikes detected
	1106 spikes detected
	1887 spikes detected
	194 spikes detected
	775 spikes detected
Processing spike 80 out of 260
	906 spikes detected
	1338 spikes detected
	1302 spikes detected
	522 spikes detected
	1252 spikes detected
	775 spikes detected
	1978 spikes detected
	1910 spikes detected
	1609 spikes detected
	2163 spikes detected
Processing spike 90 out of 260
	1626 spikes detected
	1645 spikes detected
	577 spikes detected
	978 spikes detected
	717 spikes detected
	1410 spikes detected
	544 spikes detected
	1278 spikes detected
	324 spikes detected
	1681 spikes detected
Processing spike 100 out of 260
	2217 spikes detected
	1028 spikes detected
	1127 spikes detected
	881 spikes detected
	1759 spikes detected
	487 spikes detected
	563 spikes detected
	346 spikes detected
	476 spikes detected
	493 spikes detected
Processing spike 110 out of 260
	440 spikes detected
	601 spikes detected
	815 spikes detected
	1010 spikes detected
	655 spikes detected
	496 spikes detected
	1259 spikes detected
	903 spikes detected
	1655 spikes detected
	2740 spikes detected
Processing spike 120 out of 260
	956 spikes detected
	76 spikes detected
	52 spikes detected
	571 spikes detected
	1458 spikes detected
	314 spikes detected
	1655 spikes detected
	126 spikes detected
	231 spikes detected
	372 spikes detected
Processing spike 130 out of 260
	1143 spikes detected
	345 spikes detected
	581 spikes detected
	507 spikes detected
	54 spikes detected
	42 spikes detected
	420 spikes detected
	927 spikes detected
	191 spikes detected
	1967 spikes detected
Processing spike 140 out of 260
	178 spikes detected
	126 spikes detected
	50 spikes detected
	1001 spikes detected
	888 spikes detected
	891 spikes detected
	70 spikes detected
	366 spikes detected
	702 spikes detected
	1440 spikes detected
Processing spike 150 out of 260
	942 spikes detected
	1183 spikes detected
	30 spikes detected
	672 spikes detected
	1568 spikes detected
	1473 spikes detected
	128 spikes detected
	518 spikes detected
	928 spikes detected
	28 spikes detected
Processing spike 160 out of 260
	480 spikes detected
	775 spikes detected
	340 spikes detected
	602 spikes detected
	886 spikes detected
	93 spikes detected
	824 spikes detected
	534 spikes detected
	535 spikes detected
	42 spikes detected
Processing spike 170 out of 260
	719 spikes detected
	4060 spikes detected
	569 spikes detected
	41 spikes detected
	42 spikes detected
	956 spikes detected
	1502 spikes detected
	207 spikes detected
	1957 spikes detected
	148 spikes detected
Processing spike 180 out of 260
	233 spikes detected
	181 spikes detected
	1095 spikes detected
	79 spikes detected
	51 spikes detected
	36 spikes detected
	59 spikes detected
	43 spikes detected
	22 spikes detected
	68 spikes detected
Processing spike 190 out of 260
	28 spikes detected
	2 spikes detected
	38 spikes detected
	39 spikes detected
	68 spikes detected
	75 spikes detected
	606 spikes detected
	2307 spikes detected
	42 spikes detected
	336 spikes detected
Processing spike 200 out of 260
	716 spikes detected
	902 spikes detected
	662 spikes detected
	2030 spikes detected
	438 spikes detected
	1340 spikes detected
	1226 spikes detected
	1059 spikes detected
	164 spikes detected
	544 spikes detected
Processing spike 210 out of 260
	1900 spikes detected
	668 spikes detected
	557 spikes detected
	419 spikes detected
	1454 spikes detected
	2199 spikes detected
	599 spikes detected
	985 spikes detected
	976 spikes detected
	1432 spikes detected
Processing spike 220 out of 260
	751 spikes detected
	996 spikes detected
	216 spikes detected
	255 spikes detected
	60 spikes detected
	15 spikes detected
	28 spikes detected
	158 spikes detected
	259 spikes detected
	16 spikes detected
Processing spike 230 out of 260
	145 spikes detected
	22 spikes detected
	19 spikes detected
	7 spikes detected
	149 spikes detected
	362 spikes detected
	958 spikes detected
	407 spikes detected
	706 spikes detected
	779 spikes detected
Processing spike 240 out of 260
	993 spikes detected
	596 spikes detected
	1494 spikes detected
	1097 spikes detected
	2013 spikes detected
	802 spikes detected
	960 spikes detected
	740 spikes detected
	1416 spikes detected
	1581 spikes detected
Processing spike 250 out of 260
	18 spikes detected
	172 spikes detected
	407 spikes detected
	139 spikes detected
	321 spikes detected
	242 spikes detected
	36 spikes detected
	749 spikes detected
	186 spikes detected
	514 spikes detected
Processing spike 260 out of 260
	83 spikes detected
Writing spike count file to: /mnt/lustre1/CompBio/data/tcrseq/dhaarini/DNA150624LC/redux/peared_fastqs/assembled/DNA150624LC_26_S34.assembled.spike.counts.25bp.txt
Writing list of reads to remove to: /mnt/lustre1/CompBio/data/tcrseq/dhaarini/DNA150624LC/redux/peared_fastqs/assembled/DNA150624LC_26_S34.assembled.reads.to.remove.txt
Writing QC summary to: /mnt/lustre1/CompBio/data/tcrseq/dhaarini/DNA150624LC/redux/peared_fastqs/assembled/DNA150624LC_26_S34.assembled.qc.txt
25bp,fwd processed:  /mnt/lustre1/CompBio/data/tcrseq/dhaarini/DNA150624LC/redux/peared_fastqs/assembled/DNA150624LC_26_S34.assembled.fastq 
