2152210 fastq reads to process
	1659 spikes detected
	5487 spikes detected
	129 spikes detected
	1362 spikes detected
	3022 spikes detected
	1488 spikes detected
	3389 spikes detected
	3310 spikes detected
	423 spikes detected
Processing spike 10 out of 260
	1 spikes detected
	3384 spikes detected
	947 spikes detected
	139 spikes detected
	424 spikes detected
	2293 spikes detected
	15 spikes detected
	564 spikes detected
	429 spikes detected
	966 spikes detected
Processing spike 20 out of 260
	735 spikes detected
	993 spikes detected
	222 spikes detected
	668 spikes detected
	749 spikes detected
	791 spikes detected
	135 spikes detected
	475 spikes detected
	1631 spikes detected
	519 spikes detected
Processing spike 30 out of 260
	75 spikes detected
	94 spikes detected
	739 spikes detected
	820 spikes detected
	133 spikes detected
	773 spikes detected
	95 spikes detected
	69 spikes detected
	66 spikes detected
	697 spikes detected
Processing spike 40 out of 260
	439 spikes detected
	803 spikes detected
	180 spikes detected
	42 spikes detected
	58 spikes detected
	288 spikes detected
	853 spikes detected
	34 spikes detected
	582 spikes detected
	44 spikes detected
Processing spike 50 out of 260
	49 spikes detected
	40 spikes detected
	94 spikes detected
	678 spikes detected
	623 spikes detected
	547 spikes detected
	55 spikes detected
	38 spikes detected
	419 spikes detected
	1101 spikes detected
Processing spike 60 out of 260
	103 spikes detected
	691 spikes detected
	110 spikes detected
	16 spikes detected
	7 spikes detected
	516 spikes detected
	918 spikes detected
	5882 spikes detected
	121 spikes detected
	115 spikes detected
Processing spike 70 out of 260
	1048 spikes detected
	374 spikes detected
	701 spikes detected
	2363 spikes detected
	95 spikes detected
	3062 spikes detected
	1317 spikes detected
	2400 spikes detected
	242 spikes detected
	924 spikes detected
Processing spike 80 out of 260
	1352 spikes detected
	1475 spikes detected
	1471 spikes detected
	666 spikes detected
	1439 spikes detected
	1056 spikes detected
	2420 spikes detected
	2498 spikes detected
	2108 spikes detected
	2832 spikes detected
Processing spike 90 out of 260
	2166 spikes detected
	1886 spikes detected
	805 spikes detected
	1556 spikes detected
	905 spikes detected
	1537 spikes detected
	696 spikes detected
	1673 spikes detected
	447 spikes detected
	2169 spikes detected
Processing spike 100 out of 260
	3063 spikes detected
	1405 spikes detected
	1536 spikes detected
	1319 spikes detected
	2238 spikes detected
	609 spikes detected
	862 spikes detected
	445 spikes detected
	463 spikes detected
	521 spikes detected
Processing spike 110 out of 260
	591 spikes detected
	828 spikes detected
	1118 spikes detected
	1375 spikes detected
	869 spikes detected
	578 spikes detected
	1661 spikes detected
	1131 spikes detected
	1740 spikes detected
	3505 spikes detected
Processing spike 120 out of 260
	987 spikes detected
	103 spikes detected
	83 spikes detected
	724 spikes detected
	1656 spikes detected
	350 spikes detected
	2004 spikes detected
	197 spikes detected
	294 spikes detected
	405 spikes detected
Processing spike 130 out of 260
	1402 spikes detected
	420 spikes detected
	743 spikes detected
	511 spikes detected
	56 spikes detected
	48 spikes detected
	493 spikes detected
	1001 spikes detected
	227 spikes detected
	2128 spikes detected
Processing spike 140 out of 260
	209 spikes detected
	113 spikes detected
	63 spikes detected
	1184 spikes detected
	1221 spikes detected
	1560 spikes detected
	106 spikes detected
	513 spikes detected
	948 spikes detected
	1721 spikes detected
Processing spike 150 out of 260
	1436 spikes detected
	1436 spikes detected
	37 spikes detected
	1008 spikes detected
	1969 spikes detected
	1959 spikes detected
	221 spikes detected
	554 spikes detected
	1095 spikes detected
	28 spikes detected
Processing spike 160 out of 260
	468 spikes detected
	823 spikes detected
	425 spikes detected
	773 spikes detected
	969 spikes detected
	100 spikes detected
	792 spikes detected
	628 spikes detected
	656 spikes detected
	36 spikes detected
Processing spike 170 out of 260
	888 spikes detected
	4424 spikes detected
	715 spikes detected
	29 spikes detected
	65 spikes detected
	1082 spikes detected
	1685 spikes detected
	293 spikes detected
	2279 spikes detected
	181 spikes detected
Processing spike 180 out of 260
	333 spikes detected
	247 spikes detected
	1352 spikes detected
	97 spikes detected
	72 spikes detected
	54 spikes detected
	72 spikes detected
	48 spikes detected
	25 spikes detected
	67 spikes detected
Processing spike 190 out of 260
	44 spikes detected
	7 spikes detected
	33 spikes detected
	56 spikes detected
	68 spikes detected
	74 spikes detected
	849 spikes detected
	3231 spikes detected
	59 spikes detected
	475 spikes detected
Processing spike 200 out of 260
	972 spikes detected
	1314 spikes detected
	977 spikes detected
	2753 spikes detected
	849 spikes detected
	1854 spikes detected
	1735 spikes detected
	1586 spikes detected
	207 spikes detected
	763 spikes detected
Processing spike 210 out of 260
	2584 spikes detected
	887 spikes detected
	715 spikes detected
	580 spikes detected
	1848 spikes detected
	2829 spikes detected
	895 spikes detected
	1556 spikes detected
	1486 spikes detected
	2120 spikes detected
Processing spike 220 out of 260
	1101 spikes detected
	1363 spikes detected
	212 spikes detected
	286 spikes detected
	75 spikes detected
	26 spikes detected
	26 spikes detected
	236 spikes detected
	260 spikes detected
	15 spikes detected
Processing spike 230 out of 260
	156 spikes detected
	24 spikes detected
	25 spikes detected
	10 spikes detected
	182 spikes detected
	429 spikes detected
	1276 spikes detected
	475 spikes detected
	769 spikes detected
	906 spikes detected
Processing spike 240 out of 260
	1001 spikes detected
	696 spikes detected
	1743 spikes detected
	1202 spikes detected
	2173 spikes detected
	829 spikes detected
	1069 spikes detected
	861 spikes detected
	1279 spikes detected
	1808 spikes detected
Processing spike 250 out of 260
	31 spikes detected
	202 spikes detected
	455 spikes detected
	167 spikes detected
	365 spikes detected
	342 spikes detected
	43 spikes detected
	860 spikes detected
	253 spikes detected
	674 spikes detected
Processing spike 260 out of 260
	101 spikes detected
Writing spike count file to: /mnt/lustre1/CompBio/data/tcrseq/dhaarini/DNA150624LC/redux/peared_fastqs/assembled/DNA150624LC_20_S4.assembled.spike.counts.25bp.txt
Writing list of reads to remove to: /mnt/lustre1/CompBio/data/tcrseq/dhaarini/DNA150624LC/redux/peared_fastqs/assembled/DNA150624LC_20_S4.assembled.reads.to.remove.txt
Writing QC summary to: /mnt/lustre1/CompBio/data/tcrseq/dhaarini/DNA150624LC/redux/peared_fastqs/assembled/DNA150624LC_20_S4.assembled.qc.txt
25bp,fwd processed:  /mnt/lustre1/CompBio/data/tcrseq/dhaarini/DNA150624LC/redux/peared_fastqs/assembled/DNA150624LC_20_S4.assembled.fastq 
