2613148 fastq reads to process
	5475 spikes detected
	18777 spikes detected
	461 spikes detected
	4637 spikes detected
	10539 spikes detected
	5035 spikes detected
	11662 spikes detected
	10904 spikes detected
	1399 spikes detected
Processing spike 10 out of 260
	1 spikes detected
	11364 spikes detected
	3555 spikes detected
	446 spikes detected
	1399 spikes detected
	7459 spikes detected
	111 spikes detected
	1646 spikes detected
	1415 spikes detected
	3083 spikes detected
Processing spike 20 out of 260
	2374 spikes detected
	2999 spikes detected
	796 spikes detected
	2221 spikes detected
	2489 spikes detected
	2623 spikes detected
	409 spikes detected
	1646 spikes detected
	5609 spikes detected
	1763 spikes detected
Processing spike 30 out of 260
	208 spikes detected
	352 spikes detected
	2507 spikes detected
	2740 spikes detected
	420 spikes detected
	2501 spikes detected
	316 spikes detected
	182 spikes detected
	280 spikes detected
	2245 spikes detected
Processing spike 40 out of 260
	1295 spikes detected
	2780 spikes detected
	646 spikes detected
	164 spikes detected
	256 spikes detected
	1081 spikes detected
	2225 spikes detected
	121 spikes detected
	1954 spikes detected
	166 spikes detected
Processing spike 50 out of 260
	120 spikes detected
	104 spikes detected
	398 spikes detected
	2023 spikes detected
	2089 spikes detected
	1696 spikes detected
	194 spikes detected
	115 spikes detected
	1441 spikes detected
	2976 spikes detected
Processing spike 60 out of 260
	286 spikes detected
	2391 spikes detected
	384 spikes detected
	52 spikes detected
	30 spikes detected
	1708 spikes detected
	3240 spikes detected
	20634 spikes detected
	453 spikes detected
	314 spikes detected
Processing spike 70 out of 260
	3736 spikes detected
	1184 spikes detected
	2462 spikes detected
	7368 spikes detected
	336 spikes detected
	10509 spikes detected
	4620 spikes detected
	7797 spikes detected
	926 spikes detected
	3201 spikes detected
Processing spike 80 out of 260
	4755 spikes detected
	5188 spikes detected
	4813 spikes detected
	2127 spikes detected
	5195 spikes detected
	3676 spikes detected
	8614 spikes detected
	8765 spikes detected
	7853 spikes detected
	10057 spikes detected
Processing spike 90 out of 260
	7640 spikes detected
	6669 spikes detected
	2815 spikes detected
	7118 spikes detected
	3505 spikes detected
	5606 spikes detected
	2577 spikes detected
	5991 spikes detected
	1742 spikes detected
	7562 spikes detected
Processing spike 100 out of 260
	11036 spikes detected
	5418 spikes detected
	5797 spikes detected
	4844 spikes detected
	7738 spikes detected
	1966 spikes detected
	2838 spikes detected
	1551 spikes detected
	1624 spikes detected
	2046 spikes detected
Processing spike 110 out of 260
	2105 spikes detected
	2752 spikes detected
	3420 spikes detected
	4369 spikes detected
	3223 spikes detected
	2147 spikes detected
	5513 spikes detected
	3697 spikes detected
	5639 spikes detected
	12221 spikes detected
Processing spike 120 out of 260
	3513 spikes detected
	285 spikes detected
	251 spikes detected
	2672 spikes detected
	5431 spikes detected
	1252 spikes detected
	6754 spikes detected
	664 spikes detected
	992 spikes detected
	1487 spikes detected
Processing spike 130 out of 260
	4501 spikes detected
	1250 spikes detected
	2508 spikes detected
	1677 spikes detected
	162 spikes detected
	151 spikes detected
	1561 spikes detected
	3206 spikes detected
	669 spikes detected
	6967 spikes detected
Processing spike 140 out of 260
	679 spikes detected
	347 spikes detected
	210 spikes detected
	3662 spikes detected
	3961 spikes detected
	5685 spikes detected
	340 spikes detected
	1786 spikes detected
	3248 spikes detected
	5948 spikes detected
Processing spike 150 out of 260
	4996 spikes detected
	5408 spikes detected
	126 spikes detected
	5250 spikes detected
	7350 spikes detected
	6888 spikes detected
	719 spikes detected
	1707 spikes detected
	3541 spikes detected
	95 spikes detected
Processing spike 160 out of 260
	1419 spikes detected
	2562 spikes detected
	1387 spikes detected
	2164 spikes detected
	2804 spikes detected
	321 spikes detected
	2755 spikes detected
	1936 spikes detected
	2151 spikes detected
	109 spikes detected
Processing spike 170 out of 260
	2535 spikes detected
	12888 spikes detected
	1994 spikes detected
	128 spikes detected
	194 spikes detected
	3287 spikes detected
	5228 spikes detected
	812 spikes detected
	6625 spikes detected
	549 spikes detected
Processing spike 180 out of 260
	960 spikes detected
	782 spikes detected
	4045 spikes detected
	296 spikes detected
	247 spikes detected
	158 spikes detected
	198 spikes detected
	159 spikes detected
	107 spikes detected
	233 spikes detected
Processing spike 190 out of 260
	129 spikes detected
	23 spikes detected
	123 spikes detected
	161 spikes detected
	213 spikes detected
	232 spikes detected
	3107 spikes detected
	11733 spikes detected
	206 spikes detected
	1713 spikes detected
Processing spike 200 out of 260
	3423 spikes detected
	4715 spikes detected
	4104 spikes detected
	9809 spikes detected
	3081 spikes detected
	7005 spikes detected
	6216 spikes detected
	5681 spikes detected
	834 spikes detected
	2419 spikes detected
Processing spike 210 out of 260
	8605 spikes detected
	2891 spikes detected
	2458 spikes detected
	2021 spikes detected
	6138 spikes detected
	9361 spikes detected
	3230 spikes detected
	5577 spikes detected
	5205 spikes detected
	7017 spikes detected
Processing spike 220 out of 260
	3794 spikes detected
	4726 spikes detected
	579 spikes detected
	887 spikes detected
	230 spikes detected
	72 spikes detected
	94 spikes detected
	739 spikes detected
	729 spikes detected
	33 spikes detected
Processing spike 230 out of 260
	484 spikes detected
	80 spikes detected
	82 spikes detected
	39 spikes detected
	500 spikes detected
	1296 spikes detected
	4094 spikes detected
	1399 spikes detected
	2353 spikes detected
	2776 spikes detected
Processing spike 240 out of 260
	3423 spikes detected
	2199 spikes detected
	5269 spikes detected
	3874 spikes detected
	6882 spikes detected
	2818 spikes detected
	3496 spikes detected
	2813 spikes detected
	3862 spikes detected
	5868 spikes detected
Processing spike 250 out of 260
	81 spikes detected
	611 spikes detected
	1519 spikes detected
	665 spikes detected
	1277 spikes detected
	1046 spikes detected
	143 spikes detected
	2637 spikes detected
	916 spikes detected
	2018 spikes detected
Processing spike 260 out of 260
	304 spikes detected
Writing spike count file to: /mnt/lustre1/CompBio/data/tcrseq/dhaarini/DNA150624LC/redux/peared_fastqs/assembled/DNA150624LC_21_S3.assembled.spike.counts.25bp.txt
Writing list of reads to remove to: /mnt/lustre1/CompBio/data/tcrseq/dhaarini/DNA150624LC/redux/peared_fastqs/assembled/DNA150624LC_21_S3.assembled.reads.to.remove.txt
Writing QC summary to: /mnt/lustre1/CompBio/data/tcrseq/dhaarini/DNA150624LC/redux/peared_fastqs/assembled/DNA150624LC_21_S3.assembled.qc.txt
25bp,fwd processed:  /mnt/lustre1/CompBio/data/tcrseq/dhaarini/DNA150624LC/redux/peared_fastqs/assembled/DNA150624LC_21_S3.assembled.fastq 
