2912386 fastq reads to process
	10227 spikes detected
	36667 spikes detected
	881 spikes detected
	8948 spikes detected
	20065 spikes detected
	10547 spikes detected
	23156 spikes detected
	21074 spikes detected
	2698 spikes detected
Processing spike 10 out of 260
	8 spikes detected
	22019 spikes detected
	6949 spikes detected
	866 spikes detected
	2644 spikes detected
	13850 spikes detected
	152 spikes detected
	3442 spikes detected
	2912 spikes detected
	6262 spikes detected
Processing spike 20 out of 260
	4753 spikes detected
	5817 spikes detected
	1582 spikes detected
	4220 spikes detected
	4671 spikes detected
	4886 spikes detected
	733 spikes detected
	3384 spikes detected
	11002 spikes detected
	3430 spikes detected
Processing spike 30 out of 260
	475 spikes detected
	720 spikes detected
	4961 spikes detected
	5516 spikes detected
	846 spikes detected
	4937 spikes detected
	581 spikes detected
	344 spikes detected
	574 spikes detected
	4647 spikes detected
Processing spike 40 out of 260
	2681 spikes detected
	5246 spikes detected
	1175 spikes detected
	298 spikes detected
	490 spikes detected
	2218 spikes detected
	3722 spikes detected
	239 spikes detected
	3759 spikes detected
	284 spikes detected
Processing spike 50 out of 260
	236 spikes detected
	207 spikes detected
	786 spikes detected
	3610 spikes detected
	3833 spikes detected
	3156 spikes detected
	362 spikes detected
	176 spikes detected
	2481 spikes detected
	5368 spikes detected
Processing spike 60 out of 260
	566 spikes detected
	4531 spikes detected
	670 spikes detected
	115 spikes detected
	62 spikes detected
	3083 spikes detected
	6123 spikes detected
	41872 spikes detected
	866 spikes detected
	630 spikes detected
Processing spike 70 out of 260
	7700 spikes detected
	2700 spikes detected
	5060 spikes detected
	14585 spikes detected
	728 spikes detected
	21237 spikes detected
	9455 spikes detected
	15923 spikes detected
	1875 spikes detected
	6550 spikes detected
Processing spike 80 out of 260
	9621 spikes detected
	10623 spikes detected
	9579 spikes detected
	4324 spikes detected
	10736 spikes detected
	7755 spikes detected
	17041 spikes detected
	17329 spikes detected
	15498 spikes detected
	19876 spikes detected
Processing spike 90 out of 260
	14759 spikes detected
	12853 spikes detected
	5357 spikes detected
	11239 spikes detected
	6730 spikes detected
	11261 spikes detected
	5257 spikes detected
	12368 spikes detected
	3507 spikes detected
	15024 spikes detected
Processing spike 100 out of 260
	22168 spikes detected
	10597 spikes detected
	10905 spikes detected
	9352 spikes detected
	15315 spikes detected
	3962 spikes detected
	5831 spikes detected
	2983 spikes detected
	3382 spikes detected
	3999 spikes detected
Processing spike 110 out of 260
	4377 spikes detected
	5578 spikes detected
	7013 spikes detected
	9147 spikes detected
	6523 spikes detected
	4384 spikes detected
	11151 spikes detected
	7676 spikes detected
	10891 spikes detected
	23459 spikes detected
Processing spike 120 out of 260
	6571 spikes detected
	547 spikes detected
	533 spikes detected
	5621 spikes detected
	10998 spikes detected
	2456 spikes detected
	14157 spikes detected
	1353 spikes detected
	2098 spikes detected
	3099 spikes detected
Processing spike 130 out of 260
	8955 spikes detected
	2410 spikes detected
	5104 spikes detected
	3318 spikes detected
	331 spikes detected
	302 spikes detected
	3079 spikes detected
	6477 spikes detected
	1388 spikes detected
	13915 spikes detected
Processing spike 140 out of 260
	1470 spikes detected
	784 spikes detected
	449 spikes detected
	7291 spikes detected
	7958 spikes detected
	11500 spikes detected
	669 spikes detected
	3435 spikes detected
	6409 spikes detected
	11769 spikes detected
Processing spike 150 out of 260
	9852 spikes detected
	10277 spikes detected
	270 spikes detected
	7006 spikes detected
	14095 spikes detected
	13199 spikes detected
	1375 spikes detected
	3264 spikes detected
	7084 spikes detected
	192 spikes detected
Processing spike 160 out of 260
	2810 spikes detected
	4688 spikes detected
	2795 spikes detected
	4587 spikes detected
	5512 spikes detected
	667 spikes detected
	5332 spikes detected
	4081 spikes detected
	4196 spikes detected
	287 spikes detected
Processing spike 170 out of 260
	4825 spikes detected
	23899 spikes detected
	3836 spikes detected
	239 spikes detected
	349 spikes detected
	6553 spikes detected
	9862 spikes detected
	1491 spikes detected
	12593 spikes detected
	1056 spikes detected
Processing spike 180 out of 260
	1799 spikes detected
	1414 spikes detected
	7361 spikes detected
	533 spikes detected
	440 spikes detected
	274 spikes detected
	370 spikes detected
	294 spikes detected
	213 spikes detected
	491 spikes detected
Processing spike 190 out of 260
	235 spikes detected
	24 spikes detected
	261 spikes detected
	321 spikes detected
	432 spikes detected
	386 spikes detected
	6410 spikes detected
	24334 spikes detected
	413 spikes detected
	3386 spikes detected
Processing spike 200 out of 260
	7052 spikes detected
	10124 spikes detected
	8019 spikes detected
	19833 spikes detected
	6264 spikes detected
	14446 spikes detected
	13123 spikes detected
	11723 spikes detected
	1651 spikes detected
	4407 spikes detected
Processing spike 210 out of 260
	16540 spikes detected
	5314 spikes detected
	4652 spikes detected
	3822 spikes detected
	11908 spikes detected
	17928 spikes detected
	6142 spikes detected
	10931 spikes detected
	9679 spikes detected
	13654 spikes detected
Processing spike 220 out of 260
	7241 spikes detected
	9019 spikes detected
	975 spikes detected
	1659 spikes detected
	385 spikes detected
	75 spikes detected
	160 spikes detected
	1033 spikes detected
	1395 spikes detected
	94 spikes detected
Processing spike 230 out of 260
	913 spikes detected
	144 spikes detected
	159 spikes detected
	83 spikes detected
	825 spikes detected
	2588 spikes detected
	8253 spikes detected
	2686 spikes detected
	4427 spikes detected
	5343 spikes detected
Processing spike 240 out of 260
	6610 spikes detected
	4655 spikes detected
	9689 spikes detected
	7540 spikes detected
	13040 spikes detected
	5380 spikes detected
	6692 spikes detected
	4826 spikes detected
	7148 spikes detected
	10918 spikes detected
Processing spike 250 out of 260
	178 spikes detected
	1043 spikes detected
	2974 spikes detected
	1291 spikes detected
	2365 spikes detected
	1874 spikes detected
	270 spikes detected
	4891 spikes detected
	1532 spikes detected
	3901 spikes detected
Processing spike 260 out of 260
	571 spikes detected
Writing spike count file to: /mnt/lustre1/CompBio/data/tcrseq/dhaarini/DNA150624LC/redux/peared_fastqs/assembled/DNA150624LC_34_S14.assembled.spike.counts.25bp.txt
Writing list of reads to remove to: /mnt/lustre1/CompBio/data/tcrseq/dhaarini/DNA150624LC/redux/peared_fastqs/assembled/DNA150624LC_34_S14.assembled.reads.to.remove.txt
Writing QC summary to: /mnt/lustre1/CompBio/data/tcrseq/dhaarini/DNA150624LC/redux/peared_fastqs/assembled/DNA150624LC_34_S14.assembled.qc.txt
25bp,fwd processed:  /mnt/lustre1/CompBio/data/tcrseq/dhaarini/DNA150624LC/redux/peared_fastqs/assembled/DNA150624LC_34_S14.assembled.fastq 
