2684961 fastq reads to process
	1052 spikes detected
	3473 spikes detected
	68 spikes detected
	918 spikes detected
	2223 spikes detected
	954 spikes detected
	2312 spikes detected
	2086 spikes detected
	228 spikes detected
Processing spike 10 out of 260
	2 spikes detected
	2301 spikes detected
	580 spikes detected
	79 spikes detected
	354 spikes detected
	1568 spikes detected
	17 spikes detected
	507 spikes detected
	382 spikes detected
	910 spikes detected
Processing spike 20 out of 260
	584 spikes detected
	794 spikes detected
	173 spikes detected
	472 spikes detected
	697 spikes detected
	627 spikes detected
	94 spikes detected
	438 spikes detected
	1366 spikes detected
	360 spikes detected
Processing spike 30 out of 260
	59 spikes detected
	95 spikes detected
	638 spikes detected
	772 spikes detected
	103 spikes detected
	606 spikes detected
	64 spikes detected
	34 spikes detected
	49 spikes detected
	560 spikes detected
Processing spike 40 out of 260
	378 spikes detected
	597 spikes detected
	118 spikes detected
	39 spikes detected
	73 spikes detected
	230 spikes detected
	447 spikes detected
	24 spikes detected
	484 spikes detected
	31 spikes detected
Processing spike 50 out of 260
	24 spikes detected
	26 spikes detected
	77 spikes detected
	568 spikes detected
	456 spikes detected
	483 spikes detected
	58 spikes detected
	41 spikes detected
	280 spikes detected
	800 spikes detected
Processing spike 60 out of 260
	84 spikes detected
	544 spikes detected
	89 spikes detected
	21 spikes detected
	14 spikes detected
	379 spikes detected
	739 spikes detected
	5655 spikes detected
	111 spikes detected
	73 spikes detected
Processing spike 70 out of 260
	1005 spikes detected
	293 spikes detected
	602 spikes detected
	2062 spikes detected
	74 spikes detected
	2700 spikes detected
	1256 spikes detected
	2102 spikes detected
	211 spikes detected
	770 spikes detected
Processing spike 80 out of 260
	1047 spikes detected
	1274 spikes detected
	1319 spikes detected
	509 spikes detected
	1267 spikes detected
	835 spikes detected
	2136 spikes detected
	1949 spikes detected
	1732 spikes detected
	2305 spikes detected
Processing spike 90 out of 260
	1710 spikes detected
	1693 spikes detected
	588 spikes detected
	945 spikes detected
	767 spikes detected
	1534 spikes detected
	560 spikes detected
	1246 spikes detected
	354 spikes detected
	1762 spikes detected
Processing spike 100 out of 260
	2399 spikes detected
	1084 spikes detected
	1158 spikes detected
	1007 spikes detected
	1845 spikes detected
	457 spikes detected
	605 spikes detected
	368 spikes detected
	504 spikes detected
	475 spikes detected
Processing spike 110 out of 260
	506 spikes detected
	676 spikes detected
	898 spikes detected
	1138 spikes detected
	709 spikes detected
	498 spikes detected
	1365 spikes detected
	946 spikes detected
	1777 spikes detected
	2923 spikes detected
Processing spike 120 out of 260
	1015 spikes detected
	75 spikes detected
	72 spikes detected
	596 spikes detected
	1619 spikes detected
	346 spikes detected
	1788 spikes detected
	157 spikes detected
	235 spikes detected
	381 spikes detected
Processing spike 130 out of 260
	1220 spikes detected
	335 spikes detected
	627 spikes detected
	521 spikes detected
	38 spikes detected
	46 spikes detected
	418 spikes detected
	971 spikes detected
	217 spikes detected
	2194 spikes detected
Processing spike 140 out of 260
	196 spikes detected
	90 spikes detected
	61 spikes detected
	1097 spikes detected
	1045 spikes detected
	1092 spikes detected
	69 spikes detected
	414 spikes detected
	801 spikes detected
	1536 spikes detected
Processing spike 150 out of 260
	1156 spikes detected
	1334 spikes detected
	24 spikes detected
	724 spikes detected
	1715 spikes detected
	1703 spikes detected
	162 spikes detected
	558 spikes detected
	1054 spikes detected
	27 spikes detected
Processing spike 160 out of 260
	531 spikes detected
	857 spikes detected
	379 spikes detected
	702 spikes detected
	987 spikes detected
	114 spikes detected
	914 spikes detected
	635 spikes detected
	619 spikes detected
	48 spikes detected
Processing spike 170 out of 260
	835 spikes detected
	4563 spikes detected
	597 spikes detected
	41 spikes detected
	58 spikes detected
	990 spikes detected
	1702 spikes detected
	213 spikes detected
	2120 spikes detected
	151 spikes detected
Processing spike 180 out of 260
	254 spikes detected
	185 spikes detected
	1288 spikes detected
	87 spikes detected
	71 spikes detected
	28 spikes detected
	57 spikes detected
	46 spikes detected
	25 spikes detected
	65 spikes detected
Processing spike 190 out of 260
	38 spikes detected
	4 spikes detected
	36 spikes detected
	38 spikes detected
	56 spikes detected
	70 spikes detected
	723 spikes detected
	2728 spikes detected
	32 spikes detected
	397 spikes detected
Processing spike 200 out of 260
	744 spikes detected
	1064 spikes detected
	730 spikes detected
	2144 spikes detected
	553 spikes detected
	1473 spikes detected
	1358 spikes detected
	1145 spikes detected
	153 spikes detected
	591 spikes detected
Processing spike 210 out of 260
	2049 spikes detected
	690 spikes detected
	652 spikes detected
	448 spikes detected
	1592 spikes detected
	2460 spikes detected
	628 spikes detected
	1066 spikes detected
	1010 spikes detected
	1627 spikes detected
Processing spike 220 out of 260
	829 spikes detected
	1114 spikes detected
	232 spikes detected
	310 spikes detected
	71 spikes detected
	19 spikes detected
	33 spikes detected
	168 spikes detected
	302 spikes detected
	10 spikes detected
Processing spike 230 out of 260
	152 spikes detected
	16 spikes detected
	15 spikes detected
	14 spikes detected
	173 spikes detected
	377 spikes detected
	1149 spikes detected
	454 spikes detected
	741 spikes detected
	845 spikes detected
Processing spike 240 out of 260
	1100 spikes detected
	645 spikes detected
	1546 spikes detected
	1094 spikes detected
	2200 spikes detected
	819 spikes detected
	1002 spikes detected
	736 spikes detected
	1400 spikes detected
	1844 spikes detected
Processing spike 250 out of 260
	25 spikes detected
	198 spikes detected
	444 spikes detected
	170 spikes detected
	408 spikes detected
	281 spikes detected
	44 spikes detected
	835 spikes detected
	194 spikes detected
	579 spikes detected
Processing spike 260 out of 260
	85 spikes detected
Writing spike count file to: /mnt/lustre1/CompBio/data/tcrseq/dhaarini/DNA150624LC/redux/peared_fastqs/assembled/DNA150624LC_16_S16.assembled.spike.counts.25bp.txt
Writing list of reads to remove to: /mnt/lustre1/CompBio/data/tcrseq/dhaarini/DNA150624LC/redux/peared_fastqs/assembled/DNA150624LC_16_S16.assembled.reads.to.remove.txt
Writing QC summary to: /mnt/lustre1/CompBio/data/tcrseq/dhaarini/DNA150624LC/redux/peared_fastqs/assembled/DNA150624LC_16_S16.assembled.qc.txt
25bp,fwd processed:  /mnt/lustre1/CompBio/data/tcrseq/dhaarini/DNA150624LC/redux/peared_fastqs/assembled/DNA150624LC_16_S16.assembled.fastq 
