2679233 fastq reads to process
	2899 spikes detected
	9694 spikes detected
	231 spikes detected
	2446 spikes detected
	5404 spikes detected
	2542 spikes detected
	5726 spikes detected
	5712 spikes detected
	738 spikes detected
Processing spike 10 out of 260
	1 spikes detected
	5705 spikes detected
	1701 spikes detected
	232 spikes detected
	750 spikes detected
	4070 spikes detected
	50 spikes detected
	1087 spikes detected
	914 spikes detected
	1739 spikes detected
Processing spike 20 out of 260
	1327 spikes detected
	1753 spikes detected
	440 spikes detected
	1275 spikes detected
	1433 spikes detected
	1488 spikes detected
	215 spikes detected
	977 spikes detected
	3133 spikes detected
	937 spikes detected
Processing spike 30 out of 260
	147 spikes detected
	210 spikes detected
	1411 spikes detected
	1577 spikes detected
	239 spikes detected
	1414 spikes detected
	183 spikes detected
	104 spikes detected
	145 spikes detected
	1374 spikes detected
Processing spike 40 out of 260
	846 spikes detected
	1510 spikes detected
	379 spikes detected
	114 spikes detected
	146 spikes detected
	578 spikes detected
	2377 spikes detected
	75 spikes detected
	1157 spikes detected
	98 spikes detected
Processing spike 50 out of 260
	85 spikes detected
	65 spikes detected
	247 spikes detected
	1156 spikes detected
	1235 spikes detected
	985 spikes detected
	131 spikes detected
	61 spikes detected
	817 spikes detected
	1841 spikes detected
Processing spike 60 out of 260
	181 spikes detected
	1335 spikes detected
	203 spikes detected
	25 spikes detected
	21 spikes detected
	918 spikes detected
	1672 spikes detected
	10745 spikes detected
	265 spikes detected
	185 spikes detected
Processing spike 70 out of 260
	2078 spikes detected
	716 spikes detected
	1313 spikes detected
	4133 spikes detected
	169 spikes detected
	5679 spikes detected
	2503 spikes detected
	4337 spikes detected
	520 spikes detected
	1789 spikes detected
Processing spike 80 out of 260
	2555 spikes detected
	2838 spikes detected
	2695 spikes detected
	1175 spikes detected
	2623 spikes detected
	1932 spikes detected
	4628 spikes detected
	4495 spikes detected
	3937 spikes detected
	5046 spikes detected
Processing spike 90 out of 260
	4056 spikes detected
	3540 spikes detected
	1463 spikes detected
	3136 spikes detected
	1779 spikes detected
	3231 spikes detected
	1349 spikes detected
	3048 spikes detected
	816 spikes detected
	4024 spikes detected
Processing spike 100 out of 260
	5465 spikes detected
	2688 spikes detected
	2898 spikes detected
	2428 spikes detected
	4004 spikes detected
	1138 spikes detected
	1546 spikes detected
	814 spikes detected
	949 spikes detected
	1049 spikes detected
Processing spike 110 out of 260
	1049 spikes detected
	1439 spikes detected
	2006 spikes detected
	2380 spikes detected
	1717 spikes detected
	1191 spikes detected
	2829 spikes detected
	2018 spikes detected
	3269 spikes detected
	6226 spikes detected
Processing spike 120 out of 260
	1916 spikes detected
	163 spikes detected
	140 spikes detected
	1455 spikes detected
	3054 spikes detected
	765 spikes detected
	3545 spikes detected
	401 spikes detected
	569 spikes detected
	804 spikes detected
Processing spike 130 out of 260
	2580 spikes detected
	762 spikes detected
	1398 spikes detected
	949 spikes detected
	96 spikes detected
	109 spikes detected
	868 spikes detected
	1897 spikes detected
	390 spikes detected
	3826 spikes detected
Processing spike 140 out of 260
	434 spikes detected
	241 spikes detected
	119 spikes detected
	2106 spikes detected
	2180 spikes detected
	2832 spikes detected
	202 spikes detected
	1028 spikes detected
	1769 spikes detected
	2959 spikes detected
Processing spike 150 out of 260
	2457 spikes detected
	2833 spikes detected
	81 spikes detected
	2198 spikes detected
	3771 spikes detected
	3666 spikes detected
	407 spikes detected
	981 spikes detected
	2074 spikes detected
	53 spikes detected
Processing spike 160 out of 260
	922 spikes detected
	1418 spikes detected
	787 spikes detected
	1149 spikes detected
	1785 spikes detected
	220 spikes detected
	1571 spikes detected
	1152 spikes detected
	1167 spikes detected
	83 spikes detected
Processing spike 170 out of 260
	1574 spikes detected
	7803 spikes detected
	1223 spikes detected
	65 spikes detected
	96 spikes detected
	1959 spikes detected
	3244 spikes detected
	493 spikes detected
	3851 spikes detected
	351 spikes detected
Processing spike 180 out of 260
	602 spikes detected
	472 spikes detected
	2314 spikes detected
	189 spikes detected
	141 spikes detected
	93 spikes detected
	148 spikes detected
	93 spikes detected
	58 spikes detected
	149 spikes detected
Processing spike 190 out of 260
	83 spikes detected
	10 spikes detected
	97 spikes detected
	115 spikes detected
	124 spikes detected
	135 spikes detected
	1583 spikes detected
	5896 spikes detected
	106 spikes detected
	906 spikes detected
Processing spike 200 out of 260
	1781 spikes detected
	2405 spikes detected
	1906 spikes detected
	4976 spikes detected
	1479 spikes detected
	3623 spikes detected
	3130 spikes detected
	2838 spikes detected
	460 spikes detected
	1438 spikes detected
Processing spike 210 out of 260
	4675 spikes detected
	1732 spikes detected
	1442 spikes detected
	1075 spikes detected
	3097 spikes detected
	5060 spikes detected
	1834 spikes detected
	2904 spikes detected
	2634 spikes detected
	3765 spikes detected
Processing spike 220 out of 260
	2144 spikes detected
	2524 spikes detected
	428 spikes detected
	640 spikes detected
	145 spikes detected
	55 spikes detected
	78 spikes detected
	428 spikes detected
	532 spikes detected
	33 spikes detected
Processing spike 230 out of 260
	352 spikes detected
	35 spikes detected
	45 spikes detected
	25 spikes detected
	377 spikes detected
	804 spikes detected
	2380 spikes detected
	851 spikes detected
	1528 spikes detected
	1596 spikes detected
Processing spike 240 out of 260
	2024 spikes detected
	1332 spikes detected
	3087 spikes detected
	2163 spikes detected
	3990 spikes detected
	1751 spikes detected
	2018 spikes detected
	1521 spikes detected
	2475 spikes detected
	3222 spikes detected
Processing spike 250 out of 260
	65 spikes detected
	364 spikes detected
	896 spikes detected
	306 spikes detected
	646 spikes detected
	561 spikes detected
	90 spikes detected
	1622 spikes detected
	473 spikes detected
	1204 spikes detected
Processing spike 260 out of 260
	178 spikes detected
Writing spike count file to: /mnt/lustre1/CompBio/data/tcrseq/dhaarini/DNA150624LC/redux/peared_fastqs/assembled/DNA150624LC_24_S36.assembled.spike.counts.25bp.txt
Writing list of reads to remove to: /mnt/lustre1/CompBio/data/tcrseq/dhaarini/DNA150624LC/redux/peared_fastqs/assembled/DNA150624LC_24_S36.assembled.reads.to.remove.txt
Writing QC summary to: /mnt/lustre1/CompBio/data/tcrseq/dhaarini/DNA150624LC/redux/peared_fastqs/assembled/DNA150624LC_24_S36.assembled.qc.txt
25bp,fwd processed:  /mnt/lustre1/CompBio/data/tcrseq/dhaarini/DNA150624LC/redux/peared_fastqs/assembled/DNA150624LC_24_S36.assembled.fastq 
