2394224 fastq reads to process
	2067 spikes detected
	7459 spikes detected
	139 spikes detected
	1908 spikes detected
	4299 spikes detected
	2036 spikes detected
	4470 spikes detected
	4641 spikes detected
	581 spikes detected
Processing spike 10 out of 260
	0 spikes detected
	4539 spikes detected
	1253 spikes detected
	141 spikes detected
	608 spikes detected
	3063 spikes detected
	34 spikes detected
	935 spikes detected
	683 spikes detected
	1552 spikes detected
Processing spike 20 out of 260
	1089 spikes detected
	1407 spikes detected
	349 spikes detected
	869 spikes detected
	1121 spikes detected
	1083 spikes detected
	179 spikes detected
	805 spikes detected
	2644 spikes detected
	675 spikes detected
Processing spike 30 out of 260
	109 spikes detected
	155 spikes detected
	1219 spikes detected
	1356 spikes detected
	188 spikes detected
	1107 spikes detected
	156 spikes detected
	75 spikes detected
	127 spikes detected
	1063 spikes detected
Processing spike 40 out of 260
	693 spikes detected
	1165 spikes detected
	223 spikes detected
	76 spikes detected
	92 spikes detected
	453 spikes detected
	814 spikes detected
	61 spikes detected
	795 spikes detected
	66 spikes detected
Processing spike 50 out of 260
	43 spikes detected
	40 spikes detected
	158 spikes detected
	943 spikes detected
	767 spikes detected
	845 spikes detected
	83 spikes detected
	54 spikes detected
	642 spikes detected
	1539 spikes detected
Processing spike 60 out of 260
	143 spikes detected
	1006 spikes detected
	176 spikes detected
	45 spikes detected
	20 spikes detected
	645 spikes detected
	1351 spikes detected
	10005 spikes detected
	193 spikes detected
	163 spikes detected
Processing spike 70 out of 260
	1679 spikes detected
	506 spikes detected
	1254 spikes detected
	3712 spikes detected
	181 spikes detected
	4697 spikes detected
	2195 spikes detected
	3709 spikes detected
	391 spikes detected
	1491 spikes detected
Processing spike 80 out of 260
	2072 spikes detected
	2343 spikes detected
	2480 spikes detected
	1002 spikes detected
	2580 spikes detected
	1610 spikes detected
	4174 spikes detected
	3817 spikes detected
	3300 spikes detected
	4417 spikes detected
Processing spike 90 out of 260
	3324 spikes detected
	3056 spikes detected
	1220 spikes detected
	2118 spikes detected
	1371 spikes detected
	2683 spikes detected
	1095 spikes detected
	2683 spikes detected
	578 spikes detected
	3545 spikes detected
Processing spike 100 out of 260
	4592 spikes detected
	2176 spikes detected
	2175 spikes detected
	1934 spikes detected
	3462 spikes detected
	895 spikes detected
	1206 spikes detected
	643 spikes detected
	848 spikes detected
	908 spikes detected
Processing spike 110 out of 260
	1036 spikes detected
	1270 spikes detected
	1598 spikes detected
	1969 spikes detected
	1731 spikes detected
	987 spikes detected
	2390 spikes detected
	1910 spikes detected
	3068 spikes detected
	5601 spikes detected
Processing spike 120 out of 260
	1769 spikes detected
	132 spikes detected
	137 spikes detected
	1103 spikes detected
	2790 spikes detected
	549 spikes detected
	3250 spikes detected
	296 spikes detected
	453 spikes detected
	657 spikes detected
Processing spike 130 out of 260
	2166 spikes detected
	637 spikes detected
	1141 spikes detected
	870 spikes detected
	95 spikes detected
	69 spikes detected
	742 spikes detected
	1739 spikes detected
	381 spikes detected
	3793 spikes detected
Processing spike 140 out of 260
	331 spikes detected
	200 spikes detected
	101 spikes detected
	1911 spikes detected
	1920 spikes detected
	2066 spikes detected
	129 spikes detected
	703 spikes detected
	1322 spikes detected
	2747 spikes detected
Processing spike 150 out of 260
	1937 spikes detected
	2261 spikes detected
	53 spikes detected
	1251 spikes detected
	3013 spikes detected
	2870 spikes detected
	279 spikes detected
	970 spikes detected
	1662 spikes detected
	39 spikes detected
Processing spike 160 out of 260
	805 spikes detected
	1390 spikes detected
	711 spikes detected
	1115 spikes detected
	1578 spikes detected
	176 spikes detected
	1438 spikes detected
	1067 spikes detected
	1055 spikes detected
	82 spikes detected
Processing spike 170 out of 260
	1466 spikes detected
	7654 spikes detected
	1058 spikes detected
	62 spikes detected
	90 spikes detected
	1675 spikes detected
	2806 spikes detected
	393 spikes detected
	3536 spikes detected
	262 spikes detected
Processing spike 180 out of 260
	443 spikes detected
	372 spikes detected
	2191 spikes detected
	126 spikes detected
	95 spikes detected
	74 spikes detected
	103 spikes detected
	70 spikes detected
	33 spikes detected
	115 spikes detected
Processing spike 190 out of 260
	61 spikes detected
	6 spikes detected
	53 spikes detected
	79 spikes detected
	85 spikes detected
	96 spikes detected
	1215 spikes detected
	4934 spikes detected
	67 spikes detected
	648 spikes detected
Processing spike 200 out of 260
	1399 spikes detected
	2928 spikes detected
	1324 spikes detected
	3970 spikes detected
	1163 spikes detected
	2884 spikes detected
	2507 spikes detected
	2157 spikes detected
	342 spikes detected
	1113 spikes detected
Processing spike 210 out of 260
	3622 spikes detected
	1237 spikes detected
	1091 spikes detected
	817 spikes detected
	2854 spikes detected
	4172 spikes detected
	1104 spikes detected
	2197 spikes detected
	1921 spikes detected
	2830 spikes detected
Processing spike 220 out of 260
	1443 spikes detected
	1932 spikes detected
	381 spikes detected
	579 spikes detected
	113 spikes detected
	34 spikes detected
	69 spikes detected
	281 spikes detected
	484 spikes detected
	20 spikes detected
Processing spike 230 out of 260
	309 spikes detected
	25 spikes detected
	53 spikes detected
	26 spikes detected
	288 spikes detected
	708 spikes detected
	2102 spikes detected
	743 spikes detected
	1267 spikes detected
	1514 spikes detected
Processing spike 240 out of 260
	1945 spikes detected
	1266 spikes detected
	2749 spikes detected
	1896 spikes detected
	3884 spikes detected
	1451 spikes detected
	1749 spikes detected
	1332 spikes detected
	2300 spikes detected
	2853 spikes detected
Processing spike 250 out of 260
	41 spikes detected
	298 spikes detected
	727 spikes detected
	326 spikes detected
	591 spikes detected
	464 spikes detected
	41 spikes detected
	1338 spikes detected
	370 spikes detected
	1164 spikes detected
Processing spike 260 out of 260
	165 spikes detected
Writing spike count file to: /mnt/lustre1/CompBio/data/tcrseq/dhaarini/DNA150624LC/redux/peared_fastqs/assembled/DNA150624LC_6_S21.assembled.spike.counts.25bp.txt
Writing list of reads to remove to: /mnt/lustre1/CompBio/data/tcrseq/dhaarini/DNA150624LC/redux/peared_fastqs/assembled/DNA150624LC_6_S21.assembled.reads.to.remove.txt
Writing QC summary to: /mnt/lustre1/CompBio/data/tcrseq/dhaarini/DNA150624LC/redux/peared_fastqs/assembled/DNA150624LC_6_S21.assembled.qc.txt
25bp,fwd processed:  /mnt/lustre1/CompBio/data/tcrseq/dhaarini/DNA150624LC/redux/peared_fastqs/assembled/DNA150624LC_6_S21.assembled.fastq 
