2635547 fastq reads to process
	1484 spikes detected
	5060 spikes detected
	106 spikes detected
	1375 spikes detected
	3090 spikes detected
	1384 spikes detected
	2976 spikes detected
	2992 spikes detected
	332 spikes detected
Processing spike 10 out of 260
	0 spikes detected
	2865 spikes detected
	806 spikes detected
	139 spikes detected
	519 spikes detected
	2380 spikes detected
	28 spikes detected
	784 spikes detected
	581 spikes detected
	1224 spikes detected
Processing spike 20 out of 260
	893 spikes detected
	1157 spikes detected
	254 spikes detected
	741 spikes detected
	992 spikes detected
	890 spikes detected
	151 spikes detected
	698 spikes detected
	2090 spikes detected
	535 spikes detected
Processing spike 30 out of 260
	87 spikes detected
	144 spikes detected
	950 spikes detected
	1087 spikes detected
	160 spikes detected
	883 spikes detected
	117 spikes detected
	64 spikes detected
	92 spikes detected
	883 spikes detected
Processing spike 40 out of 260
	543 spikes detected
	949 spikes detected
	226 spikes detected
	58 spikes detected
	81 spikes detected
	349 spikes detected
	658 spikes detected
	53 spikes detected
	625 spikes detected
	59 spikes detected
Processing spike 50 out of 260
	40 spikes detected
	29 spikes detected
	117 spikes detected
	851 spikes detected
	699 spikes detected
	702 spikes detected
	83 spikes detected
	35 spikes detected
	671 spikes detected
	1148 spikes detected
Processing spike 60 out of 260
	124 spikes detected
	801 spikes detected
	128 spikes detected
	24 spikes detected
	11 spikes detected
	551 spikes detected
	1272 spikes detected
	7059 spikes detected
	184 spikes detected
	129 spikes detected
Processing spike 70 out of 260
	1257 spikes detected
	449 spikes detected
	904 spikes detected
	3010 spikes detected
	138 spikes detected
	3797 spikes detected
	1659 spikes detected
	3044 spikes detected
	334 spikes detected
	1092 spikes detected
Processing spike 80 out of 260
	1483 spikes detected
	1704 spikes detected
	1902 spikes detected
	773 spikes detected
	1785 spikes detected
	1227 spikes detected
	3026 spikes detected
	2710 spikes detected
	2454 spikes detected
	3064 spikes detected
Processing spike 90 out of 260
	2458 spikes detected
	2545 spikes detected
	852 spikes detected
	4438 spikes detected
	1020 spikes detected
	2009 spikes detected
	882 spikes detected
	1822 spikes detected
	514 spikes detected
	2502 spikes detected
Processing spike 100 out of 260
	3109 spikes detected
	1490 spikes detected
	1778 spikes detected
	1346 spikes detected
	2477 spikes detected
	676 spikes detected
	819 spikes detected
	542 spikes detected
	633 spikes detected
	684 spikes detected
Processing spike 110 out of 260
	645 spikes detected
	935 spikes detected
	1263 spikes detected
	1541 spikes detected
	1015 spikes detected
	693 spikes detected
	1873 spikes detected
	1369 spikes detected
	2424 spikes detected
	4082 spikes detected
Processing spike 120 out of 260
	1413 spikes detected
	105 spikes detected
	125 spikes detected
	911 spikes detected
	2222 spikes detected
	469 spikes detected
	2296 spikes detected
	214 spikes detected
	338 spikes detected
	513 spikes detected
Processing spike 130 out of 260
	1759 spikes detected
	561 spikes detected
	971 spikes detected
	749 spikes detected
	90 spikes detected
	94 spikes detected
	636 spikes detected
	1467 spikes detected
	297 spikes detected
	2997 spikes detected
Processing spike 140 out of 260
	313 spikes detected
	173 spikes detected
	102 spikes detected
	1643 spikes detected
	1547 spikes detected
	1576 spikes detected
	115 spikes detected
	570 spikes detected
	1100 spikes detected
	2024 spikes detected
Processing spike 150 out of 260
	1528 spikes detected
	1900 spikes detected
	52 spikes detected
	2521 spikes detected
	2376 spikes detected
	2284 spikes detected
	234 spikes detected
	842 spikes detected
	1486 spikes detected
	38 spikes detected
Processing spike 160 out of 260
	781 spikes detected
	1223 spikes detected
	591 spikes detected
	944 spikes detected
	1414 spikes detected
	130 spikes detected
	1231 spikes detected
	920 spikes detected
	900 spikes detected
	71 spikes detected
Processing spike 170 out of 260
	1256 spikes detected
	6221 spikes detected
	974 spikes detected
	56 spikes detected
	88 spikes detected
	1414 spikes detected
	2462 spikes detected
	343 spikes detected
	2962 spikes detected
	208 spikes detected
Processing spike 180 out of 260
	372 spikes detected
	316 spikes detected
	1784 spikes detected
	141 spikes detected
	85 spikes detected
	64 spikes detected
	126 spikes detected
	75 spikes detected
	34 spikes detected
	135 spikes detected
Processing spike 190 out of 260
	54 spikes detected
	7 spikes detected
	71 spikes detected
	61 spikes detected
	85 spikes detected
	120 spikes detected
	1036 spikes detected
	3509 spikes detected
	61 spikes detected
	517 spikes detected
Processing spike 200 out of 260
	1125 spikes detected
	1381 spikes detected
	1211 spikes detected
	3152 spikes detected
	710 spikes detected
	2052 spikes detected
	1868 spikes detected
	1713 spikes detected
	244 spikes detected
	838 spikes detected
Processing spike 210 out of 260
	2780 spikes detected
	1073 spikes detected
	892 spikes detected
	642 spikes detected
	2197 spikes detected
	3172 spikes detected
	994 spikes detected
	1544 spikes detected
	1409 spikes detected
	2149 spikes detected
Processing spike 220 out of 260
	1154 spikes detected
	1575 spikes detected
	381 spikes detected
	533 spikes detected
	124 spikes detected
	29 spikes detected
	37 spikes detected
	348 spikes detected
	467 spikes detected
	27 spikes detected
Processing spike 230 out of 260
	276 spikes detected
	32 spikes detected
	37 spikes detected
	25 spikes detected
	280 spikes detected
	589 spikes detected
	1631 spikes detected
	631 spikes detected
	1106 spikes detected
	1211 spikes detected
Processing spike 240 out of 260
	1545 spikes detected
	1026 spikes detected
	2335 spikes detected
	1552 spikes detected
	3016 spikes detected
	1162 spikes detected
	1448 spikes detected
	1117 spikes detected
	2148 spikes detected
	2475 spikes detected
Processing spike 250 out of 260
	43 spikes detected
	254 spikes detected
	690 spikes detected
	244 spikes detected
	527 spikes detected
	396 spikes detected
	44 spikes detected
	1152 spikes detected
	319 spikes detected
	831 spikes detected
Processing spike 260 out of 260
	125 spikes detected
Writing spike count file to: /mnt/lustre1/CompBio/data/tcrseq/dhaarini/DNA150624LC/redux/peared_fastqs/assembled/DNA150624LC_8_S6.assembled.spike.counts.25bp.txt
Writing list of reads to remove to: /mnt/lustre1/CompBio/data/tcrseq/dhaarini/DNA150624LC/redux/peared_fastqs/assembled/DNA150624LC_8_S6.assembled.reads.to.remove.txt
Writing QC summary to: /mnt/lustre1/CompBio/data/tcrseq/dhaarini/DNA150624LC/redux/peared_fastqs/assembled/DNA150624LC_8_S6.assembled.qc.txt
25bp,fwd processed:  /mnt/lustre1/CompBio/data/tcrseq/dhaarini/DNA150624LC/redux/peared_fastqs/assembled/DNA150624LC_8_S6.assembled.fastq 
