2652522 fastq reads to process
	2189 spikes detected
	7381 spikes detected
	200 spikes detected
	2039 spikes detected
	4212 spikes detected
	1930 spikes detected
	4582 spikes detected
	4415 spikes detected
	585 spikes detected
Processing spike 10 out of 260
	2 spikes detected
	4524 spikes detected
	1356 spikes detected
	220 spikes detected
	668 spikes detected
	3211 spikes detected
	32 spikes detected
	911 spikes detected
	733 spikes detected
	1390 spikes detected
Processing spike 20 out of 260
	1085 spikes detected
	1465 spikes detected
	414 spikes detected
	1048 spikes detected
	1161 spikes detected
	1212 spikes detected
	165 spikes detected
	834 spikes detected
	2505 spikes detected
	736 spikes detected
Processing spike 30 out of 260
	139 spikes detected
	184 spikes detected
	1101 spikes detected
	1325 spikes detected
	188 spikes detected
	1109 spikes detected
	115 spikes detected
	92 spikes detected
	113 spikes detected
	1117 spikes detected
Processing spike 40 out of 260
	617 spikes detected
	1141 spikes detected
	309 spikes detected
	71 spikes detected
	111 spikes detected
	432 spikes detected
	1268 spikes detected
	53 spikes detected
	844 spikes detected
	71 spikes detected
Processing spike 50 out of 260
	65 spikes detected
	47 spikes detected
	158 spikes detected
	1053 spikes detected
	951 spikes detected
	831 spikes detected
	108 spikes detected
	64 spikes detected
	611 spikes detected
	1624 spikes detected
Processing spike 60 out of 260
	169 spikes detected
	1141 spikes detected
	198 spikes detected
	24 spikes detected
	11 spikes detected
	813 spikes detected
	1408 spikes detected
	8444 spikes detected
	168 spikes detected
	151 spikes detected
Processing spike 70 out of 260
	1563 spikes detected
	545 spikes detected
	1084 spikes detected
	3494 spikes detected
	159 spikes detected
	4375 spikes detected
	1944 spikes detected
	3533 spikes detected
	375 spikes detected
	1410 spikes detected
Processing spike 80 out of 260
	1959 spikes detected
	2129 spikes detected
	2169 spikes detected
	850 spikes detected
	2066 spikes detected
	1485 spikes detected
	3515 spikes detected
	3490 spikes detected
	3047 spikes detected
	3877 spikes detected
Processing spike 90 out of 260
	2892 spikes detected
	2846 spikes detected
	1090 spikes detected
	2103 spikes detected
	1285 spikes detected
	2556 spikes detected
	1021 spikes detected
	2224 spikes detected
	735 spikes detected
	3114 spikes detected
Processing spike 100 out of 260
	4027 spikes detected
	2079 spikes detected
	2069 spikes detected
	1870 spikes detected
	3153 spikes detected
	876 spikes detected
	1140 spikes detected
	655 spikes detected
	777 spikes detected
	876 spikes detected
Processing spike 110 out of 260
	836 spikes detected
	1238 spikes detected
	1497 spikes detected
	1834 spikes detected
	1286 spikes detected
	908 spikes detected
	2308 spikes detected
	1627 spikes detected
	2728 spikes detected
	5132 spikes detected
Processing spike 120 out of 260
	1654 spikes detected
	136 spikes detected
	120 spikes detected
	1092 spikes detected
	2446 spikes detected
	593 spikes detected
	2949 spikes detected
	325 spikes detected
	475 spikes detected
	677 spikes detected
Processing spike 130 out of 260
	2051 spikes detected
	676 spikes detected
	1144 spikes detected
	783 spikes detected
	95 spikes detected
	83 spikes detected
	723 spikes detected
	1523 spikes detected
	326 spikes detected
	3124 spikes detected
Processing spike 140 out of 260
	344 spikes detected
	175 spikes detected
	132 spikes detected
	1730 spikes detected
	1739 spikes detected
	2185 spikes detected
	162 spikes detected
	732 spikes detected
	1348 spikes detected
	2420 spikes detected
Processing spike 150 out of 260
	1891 spikes detected
	2223 spikes detected
	64 spikes detected
	1439 spikes detected
	2983 spikes detected
	2780 spikes detected
	278 spikes detected
	805 spikes detected
	1635 spikes detected
	54 spikes detected
Processing spike 160 out of 260
	757 spikes detected
	1231 spikes detected
	620 spikes detected
	1019 spikes detected
	1454 spikes detected
	175 spikes detected
	1330 spikes detected
	937 spikes detected
	974 spikes detected
	61 spikes detected
Processing spike 170 out of 260
	1393 spikes detected
	6945 spikes detected
	1096 spikes detected
	68 spikes detected
	112 spikes detected
	1737 spikes detected
	2770 spikes detected
	396 spikes detected
	3424 spikes detected
	273 spikes detected
Processing spike 180 out of 260
	468 spikes detected
	395 spikes detected
	2178 spikes detected
	138 spikes detected
	111 spikes detected
	73 spikes detected
	119 spikes detected
	101 spikes detected
	60 spikes detected
	128 spikes detected
Processing spike 190 out of 260
	54 spikes detected
	4 spikes detected
	75 spikes detected
	71 spikes detected
	122 spikes detected
	118 spikes detected
	1311 spikes detected
	4649 spikes detected
	94 spikes detected
	721 spikes detected
Processing spike 200 out of 260
	1396 spikes detected
	1735 spikes detected
	1391 spikes detected
	3765 spikes detected
	1140 spikes detected
	2678 spikes detected
	2408 spikes detected
	2194 spikes detected
	375 spikes detected
	1088 spikes detected
Processing spike 210 out of 260
	3737 spikes detected
	1351 spikes detected
	1090 spikes detected
	900 spikes detected
	2570 spikes detected
	4077 spikes detected
	1357 spikes detected
	2184 spikes detected
	1984 spikes detected
	3033 spikes detected
Processing spike 220 out of 260
	1710 spikes detected
	2052 spikes detected
	367 spikes detected
	557 spikes detected
	112 spikes detected
	36 spikes detected
	56 spikes detected
	334 spikes detected
	504 spikes detected
	22 spikes detected
Processing spike 230 out of 260
	313 spikes detected
	31 spikes detected
	38 spikes detected
	28 spikes detected
	269 spikes detected
	662 spikes detected
	1863 spikes detected
	692 spikes detected
	1273 spikes detected
	1351 spikes detected
Processing spike 240 out of 260
	1681 spikes detected
	1098 spikes detected
	2633 spikes detected
	1847 spikes detected
	3368 spikes detected
	1433 spikes detected
	1715 spikes detected
	1244 spikes detected
	2150 spikes detected
	2751 spikes detected
Processing spike 250 out of 260
	59 spikes detected
	330 spikes detected
	724 spikes detected
	279 spikes detected
	560 spikes detected
	466 spikes detected
	70 spikes detected
	1331 spikes detected
	378 spikes detected
	955 spikes detected
Processing spike 260 out of 260
	163 spikes detected
Writing spike count file to: /mnt/lustre1/CompBio/data/tcrseq/dhaarini/DNA150624LC/redux/peared_fastqs/assembled/DNA150624LC_19_S1.assembled.spike.counts.25bp.txt
Writing list of reads to remove to: /mnt/lustre1/CompBio/data/tcrseq/dhaarini/DNA150624LC/redux/peared_fastqs/assembled/DNA150624LC_19_S1.assembled.reads.to.remove.txt
Writing QC summary to: /mnt/lustre1/CompBio/data/tcrseq/dhaarini/DNA150624LC/redux/peared_fastqs/assembled/DNA150624LC_19_S1.assembled.qc.txt
25bp,fwd processed:  /mnt/lustre1/CompBio/data/tcrseq/dhaarini/DNA150624LC/redux/peared_fastqs/assembled/DNA150624LC_19_S1.assembled.fastq 
