3326963 fastq reads to process
	1810 spikes detected
	5353 spikes detected
	93 spikes detected
	1404 spikes detected
	3035 spikes detected
	1577 spikes detected
	3277 spikes detected
	3272 spikes detected
	541 spikes detected
Processing spike 10 out of 260
	1 spikes detected
	3581 spikes detected
	950 spikes detected
	141 spikes detected
	451 spikes detected
	2597 spikes detected
	22 spikes detected
	703 spikes detected
	519 spikes detected
	1247 spikes detected
Processing spike 20 out of 260
	766 spikes detected
	1092 spikes detected
	284 spikes detected
	676 spikes detected
	801 spikes detected
	790 spikes detected
	123 spikes detected
	591 spikes detected
	1939 spikes detected
	543 spikes detected
Processing spike 30 out of 260
	96 spikes detected
	151 spikes detected
	875 spikes detected
	845 spikes detected
	197 spikes detected
	874 spikes detected
	152 spikes detected
	68 spikes detected
	82 spikes detected
	880 spikes detected
Processing spike 40 out of 260
	502 spikes detected
	858 spikes detected
	209 spikes detected
	56 spikes detected
	78 spikes detected
	312 spikes detected
	604 spikes detected
	40 spikes detected
	649 spikes detected
	39 spikes detected
Processing spike 50 out of 260
	33 spikes detected
	35 spikes detected
	107 spikes detected
	696 spikes detected
	638 spikes detected
	585 spikes detected
	61 spikes detected
	30 spikes detected
	521 spikes detected
	1324 spikes detected
Processing spike 60 out of 260
	124 spikes detected
	861 spikes detected
	134 spikes detected
	14 spikes detected
	14 spikes detected
	593 spikes detected
	1045 spikes detected
	7117 spikes detected
	123 spikes detected
	120 spikes detected
Processing spike 70 out of 260
	1144 spikes detected
	368 spikes detected
	828 spikes detected
	2768 spikes detected
	98 spikes detected
	3373 spikes detected
	1689 spikes detected
	2971 spikes detected
	286 spikes detected
	1017 spikes detected
Processing spike 80 out of 260
	1573 spikes detected
	1805 spikes detected
	1825 spikes detected
	855 spikes detected
	1947 spikes detected
	1286 spikes detected
	3089 spikes detected
	3554 spikes detected
	2415 spikes detected
	3070 spikes detected
Processing spike 90 out of 260
	2408 spikes detected
	2301 spikes detected
	925 spikes detected
	1551 spikes detected
	1058 spikes detected
	2177 spikes detected
	888 spikes detected
	1844 spikes detected
	540 spikes detected
	2350 spikes detected
Processing spike 100 out of 260
	3793 spikes detected
	1491 spikes detected
	1605 spikes detected
	1494 spikes detected
	2577 spikes detected
	757 spikes detected
	887 spikes detected
	488 spikes detected
	605 spikes detected
	698 spikes detected
Processing spike 110 out of 260
	694 spikes detected
	874 spikes detected
	1244 spikes detected
	1567 spikes detected
	2025 spikes detected
	650 spikes detected
	1832 spikes detected
	1352 spikes detected
	2270 spikes detected
	4245 spikes detected
Processing spike 120 out of 260
	1223 spikes detected
	98 spikes detected
	83 spikes detected
	1024 spikes detected
	2100 spikes detected
	453 spikes detected
	2646 spikes detected
	222 spikes detected
	317 spikes detected
	487 spikes detected
Processing spike 130 out of 260
	1500 spikes detected
	458 spikes detected
	854 spikes detected
	639 spikes detected
	61 spikes detected
	48 spikes detected
	578 spikes detected
	1366 spikes detected
	345 spikes detected
	3063 spikes detected
Processing spike 140 out of 260
	243 spikes detected
	138 spikes detected
	82 spikes detected
	1486 spikes detected
	1447 spikes detected
	1496 spikes detected
	98 spikes detected
	576 spikes detected
	932 spikes detected
	1993 spikes detected
Processing spike 150 out of 260
	1435 spikes detected
	1680 spikes detected
	45 spikes detected
	983 spikes detected
	2201 spikes detected
	2277 spikes detected
	208 spikes detected
	636 spikes detected
	1283 spikes detected
	30 spikes detected
Processing spike 160 out of 260
	627 spikes detected
	975 spikes detected
	502 spikes detected
	809 spikes detected
	1463 spikes detected
	130 spikes detected
	1080 spikes detected
	708 spikes detected
	808 spikes detected
	71 spikes detected
Processing spike 170 out of 260
	1073 spikes detected
	5075 spikes detected
	832 spikes detected
	51 spikes detected
	73 spikes detected
	1412 spikes detected
	1971 spikes detected
	290 spikes detected
	2848 spikes detected
	188 spikes detected
Processing spike 180 out of 260
	332 spikes detected
	238 spikes detected
	1532 spikes detected
	114 spikes detected
	78 spikes detected
	38 spikes detected
	76 spikes detected
	68 spikes detected
	25 spikes detected
	94 spikes detected
Processing spike 190 out of 260
	33 spikes detected
	7 spikes detected
	38 spikes detected
	60 spikes detected
	59 spikes detected
	72 spikes detected
	898 spikes detected
	3593 spikes detected
	46 spikes detected
	517 spikes detected
Processing spike 200 out of 260
	996 spikes detected
	1493 spikes detected
	898 spikes detected
	2764 spikes detected
	833 spikes detected
	1945 spikes detected
	1751 spikes detected
	1711 spikes detected
	268 spikes detected
	775 spikes detected
Processing spike 210 out of 260
	3115 spikes detected
	946 spikes detected
	818 spikes detected
	673 spikes detected
	2399 spikes detected
	3053 spikes detected
	1062 spikes detected
	1664 spikes detected
	1622 spikes detected
	2118 spikes detected
Processing spike 220 out of 260
	1144 spikes detected
	1470 spikes detected
	299 spikes detected
	399 spikes detected
	90 spikes detected
	17 spikes detected
	29 spikes detected
	211 spikes detected
	340 spikes detected
	25 spikes detected
Processing spike 230 out of 260
	210 spikes detected
	17 spikes detected
	27 spikes detected
	17 spikes detected
	235 spikes detected
	516 spikes detected
	1488 spikes detected
	558 spikes detected
	1012 spikes detected
	1090 spikes detected
Processing spike 240 out of 260
	1266 spikes detected
	922 spikes detected
	2013 spikes detected
	1492 spikes detected
	2773 spikes detected
	990 spikes detected
	1273 spikes detected
	936 spikes detected
	1713 spikes detected
	2161 spikes detected
Processing spike 250 out of 260
	31 spikes detected
	248 spikes detected
	603 spikes detected
	268 spikes detected
	446 spikes detected
	341 spikes detected
	61 spikes detected
	1107 spikes detected
	276 spikes detected
	677 spikes detected
Processing spike 260 out of 260
	118 spikes detected
Writing spike count file to: /mnt/lustre1/CompBio/data/tcrseq/dhaarini/DNA150624LC/redux/peared_fastqs/assembled/DNA150624LC_29_S25.assembled.spike.counts.25bp.txt
Writing list of reads to remove to: /mnt/lustre1/CompBio/data/tcrseq/dhaarini/DNA150624LC/redux/peared_fastqs/assembled/DNA150624LC_29_S25.assembled.reads.to.remove.txt
Writing QC summary to: /mnt/lustre1/CompBio/data/tcrseq/dhaarini/DNA150624LC/redux/peared_fastqs/assembled/DNA150624LC_29_S25.assembled.qc.txt
25bp,fwd processed:  /mnt/lustre1/CompBio/data/tcrseq/dhaarini/DNA150624LC/redux/peared_fastqs/assembled/DNA150624LC_29_S25.assembled.fastq 
