2153828 fastq reads to process
	912 spikes detected
	3098 spikes detected
	66 spikes detected
	792 spikes detected
	1887 spikes detected
	898 spikes detected
	1942 spikes detected
	1734 spikes detected
	207 spikes detected
Processing spike 10 out of 260
	1 spikes detected
	1886 spikes detected
	460 spikes detected
	73 spikes detected
	305 spikes detected
	1427 spikes detected
	13 spikes detected
	413 spikes detected
	285 spikes detected
	787 spikes detected
Processing spike 20 out of 260
	557 spikes detected
	662 spikes detected
	147 spikes detected
	461 spikes detected
	587 spikes detected
	481 spikes detected
	63 spikes detected
	361 spikes detected
	1152 spikes detected
	294 spikes detected
Processing spike 30 out of 260
	51 spikes detected
	82 spikes detected
	551 spikes detected
	643 spikes detected
	90 spikes detected
	509 spikes detected
	57 spikes detected
	36 spikes detected
	47 spikes detected
	488 spikes detected
Processing spike 40 out of 260
	314 spikes detected
	470 spikes detected
	125 spikes detected
	33 spikes detected
	50 spikes detected
	196 spikes detected
	397 spikes detected
	26 spikes detected
	373 spikes detected
	25 spikes detected
Processing spike 50 out of 260
	20 spikes detected
	15 spikes detected
	68 spikes detected
	459 spikes detected
	437 spikes detected
	424 spikes detected
	47 spikes detected
	23 spikes detected
	228 spikes detected
	695 spikes detected
Processing spike 60 out of 260
	69 spikes detected
	490 spikes detected
	72 spikes detected
	10 spikes detected
	5 spikes detected
	331 spikes detected
	641 spikes detected
	4809 spikes detected
	97 spikes detected
	81 spikes detected
Processing spike 70 out of 260
	823 spikes detected
	273 spikes detected
	501 spikes detected
	1827 spikes detected
	72 spikes detected
	2283 spikes detected
	1014 spikes detected
	1768 spikes detected
	213 spikes detected
	685 spikes detected
Processing spike 80 out of 260
	863 spikes detected
	1110 spikes detected
	1145 spikes detected
	443 spikes detected
	1127 spikes detected
	673 spikes detected
	1829 spikes detected
	1711 spikes detected
	1463 spikes detected
	1969 spikes detected
Processing spike 90 out of 260
	1518 spikes detected
	1448 spikes detected
	507 spikes detected
	813 spikes detected
	660 spikes detected
	1170 spikes detected
	457 spikes detected
	1120 spikes detected
	272 spikes detected
	1573 spikes detected
Processing spike 100 out of 260
	2110 spikes detected
	936 spikes detected
	994 spikes detected
	799 spikes detected
	1543 spikes detected
	451 spikes detected
	537 spikes detected
	315 spikes detected
	354 spikes detected
	374 spikes detected
Processing spike 110 out of 260
	458 spikes detected
	546 spikes detected
	726 spikes detected
	907 spikes detected
	541 spikes detected
	445 spikes detected
	1156 spikes detected
	806 spikes detected
	1557 spikes detected
	2613 spikes detected
Processing spike 120 out of 260
	814 spikes detected
	62 spikes detected
	67 spikes detected
	546 spikes detected
	1364 spikes detected
	299 spikes detected
	1528 spikes detected
	145 spikes detected
	193 spikes detected
	277 spikes detected
Processing spike 130 out of 260
	1106 spikes detected
	279 spikes detected
	531 spikes detected
	429 spikes detected
	35 spikes detected
	43 spikes detected
	347 spikes detected
	899 spikes detected
	151 spikes detected
	1804 spikes detected
Processing spike 140 out of 260
	176 spikes detected
	81 spikes detected
	52 spikes detected
	997 spikes detected
	936 spikes detected
	1001 spikes detected
	80 spikes detected
	347 spikes detected
	619 spikes detected
	1346 spikes detected
Processing spike 150 out of 260
	952 spikes detected
	1142 spikes detected
	25 spikes detected
	646 spikes detected
	1465 spikes detected
	1405 spikes detected
	121 spikes detected
	475 spikes detected
	838 spikes detected
	21 spikes detected
Processing spike 160 out of 260
	467 spikes detected
	676 spikes detected
	377 spikes detected
	610 spikes detected
	816 spikes detected
	99 spikes detected
	746 spikes detected
	549 spikes detected
	520 spikes detected
	39 spikes detected
Processing spike 170 out of 260
	709 spikes detected
	3942 spikes detected
	534 spikes detected
	28 spikes detected
	49 spikes detected
	821 spikes detected
	1405 spikes detected
	200 spikes detected
	1876 spikes detected
	135 spikes detected
Processing spike 180 out of 260
	230 spikes detected
	156 spikes detected
	1077 spikes detected
	81 spikes detected
	54 spikes detected
	51 spikes detected
	67 spikes detected
	49 spikes detected
	22 spikes detected
	64 spikes detected
Processing spike 190 out of 260
	31 spikes detected
	1 spikes detected
	36 spikes detected
	26 spikes detected
	59 spikes detected
	60 spikes detected
	624 spikes detected
	2283 spikes detected
	37 spikes detected
	326 spikes detected
Processing spike 200 out of 260
	660 spikes detected
	914 spikes detected
	615 spikes detected
	1778 spikes detected
	454 spikes detected
	1215 spikes detected
	1145 spikes detected
	984 spikes detected
	165 spikes detected
	507 spikes detected
Processing spike 210 out of 260
	1695 spikes detected
	618 spikes detected
	520 spikes detected
	359 spikes detected
	1314 spikes detected
	1982 spikes detected
	482 spikes detected
	850 spikes detected
	832 spikes detected
	1484 spikes detected
Processing spike 220 out of 260
	727 spikes detected
	901 spikes detected
	178 spikes detected
	281 spikes detected
	72 spikes detected
	14 spikes detected
	26 spikes detected
	162 spikes detected
	264 spikes detected
	16 spikes detected
Processing spike 230 out of 260
	142 spikes detected
	14 spikes detected
	13 spikes detected
	15 spikes detected
	140 spikes detected
	350 spikes detected
	982 spikes detected
	356 spikes detected
	606 spikes detected
	752 spikes detected
Processing spike 240 out of 260
	906 spikes detected
	585 spikes detected
	1308 spikes detected
	913 spikes detected
	1822 spikes detected
	715 spikes detected
	896 spikes detected
	667 spikes detected
	1255 spikes detected
	1598 spikes detected
Processing spike 250 out of 260
	29 spikes detected
	144 spikes detected
	390 spikes detected
	144 spikes detected
	277 spikes detected
	207 spikes detected
	38 spikes detected
	683 spikes detected
	167 spikes detected
	467 spikes detected
Processing spike 260 out of 260
	71 spikes detected
Writing spike count file to: /mnt/lustre1/CompBio/data/tcrseq/dhaarini/DNA150624LC/redux/peared_fastqs/assembled/DNA150624LC_14_S30.assembled.spike.counts.25bp.txt
Writing list of reads to remove to: /mnt/lustre1/CompBio/data/tcrseq/dhaarini/DNA150624LC/redux/peared_fastqs/assembled/DNA150624LC_14_S30.assembled.reads.to.remove.txt
Writing QC summary to: /mnt/lustre1/CompBio/data/tcrseq/dhaarini/DNA150624LC/redux/peared_fastqs/assembled/DNA150624LC_14_S30.assembled.qc.txt
25bp,fwd processed:  /mnt/lustre1/CompBio/data/tcrseq/dhaarini/DNA150624LC/redux/peared_fastqs/assembled/DNA150624LC_14_S30.assembled.fastq 
