2858576 fastq reads to process
	1480 spikes detected
	4654 spikes detected
	112 spikes detected
	1243 spikes detected
	2931 spikes detected
	1233 spikes detected
	2833 spikes detected
	2842 spikes detected
	331 spikes detected
Processing spike 10 out of 260
	0 spikes detected
	2854 spikes detected
	724 spikes detected
	110 spikes detected
	446 spikes detected
	2273 spikes detected
	37 spikes detected
	744 spikes detected
	519 spikes detected
	1179 spikes detected
Processing spike 20 out of 260
	750 spikes detected
	1041 spikes detected
	249 spikes detected
	680 spikes detected
	806 spikes detected
	813 spikes detected
	120 spikes detected
	646 spikes detected
	1962 spikes detected
	475 spikes detected
Processing spike 30 out of 260
	89 spikes detected
	124 spikes detected
	939 spikes detected
	1026 spikes detected
	137 spikes detected
	925 spikes detected
	78 spikes detected
	56 spikes detected
	66 spikes detected
	802 spikes detected
Processing spike 40 out of 260
	596 spikes detected
	859 spikes detected
	235 spikes detected
	60 spikes detected
	84 spikes detected
	331 spikes detected
	617 spikes detected
	46 spikes detected
	687 spikes detected
	48 spikes detected
Processing spike 50 out of 260
	41 spikes detected
	31 spikes detected
	112 spikes detected
	771 spikes detected
	630 spikes detected
	613 spikes detected
	75 spikes detected
	40 spikes detected
	406 spikes detected
	1053 spikes detected
Processing spike 60 out of 260
	110 spikes detected
	830 spikes detected
	142 spikes detected
	13 spikes detected
	7 spikes detected
	538 spikes detected
	1070 spikes detected
	6894 spikes detected
	135 spikes detected
	111 spikes detected
Processing spike 70 out of 260
	1247 spikes detected
	393 spikes detected
	802 spikes detected
	2906 spikes detected
	105 spikes detected
	3549 spikes detected
	1576 spikes detected
	2763 spikes detected
	282 spikes detected
	1086 spikes detected
Processing spike 80 out of 260
	1435 spikes detected
	1772 spikes detected
	1845 spikes detected
	746 spikes detected
	1708 spikes detected
	1125 spikes detected
	2826 spikes detected
	2990 spikes detected
	2230 spikes detected
	2981 spikes detected
Processing spike 90 out of 260
	2272 spikes detected
	2264 spikes detected
	795 spikes detected
	1384 spikes detected
	1037 spikes detected
	1963 spikes detected
	819 spikes detected
	1811 spikes detected
	450 spikes detected
	2331 spikes detected
Processing spike 100 out of 260
	3464 spikes detected
	1444 spikes detected
	1550 spikes detected
	1343 spikes detected
	2398 spikes detected
	723 spikes detected
	830 spikes detected
	519 spikes detected
	593 spikes detected
	716 spikes detected
Processing spike 110 out of 260
	730 spikes detected
	840 spikes detected
	1141 spikes detected
	1653 spikes detected
	955 spikes detected
	714 spikes detected
	1775 spikes detected
	1307 spikes detected
	2444 spikes detected
	3919 spikes detected
Processing spike 120 out of 260
	1319 spikes detected
	96 spikes detected
	97 spikes detected
	853 spikes detected
	1986 spikes detected
	428 spikes detected
	2574 spikes detected
	219 spikes detected
	302 spikes detected
	482 spikes detected
Processing spike 130 out of 260
	1724 spikes detected
	535 spikes detected
	988 spikes detected
	729 spikes detected
	75 spikes detected
	74 spikes detected
	650 spikes detected
	1426 spikes detected
	295 spikes detected
	3282 spikes detected
Processing spike 140 out of 260
	268 spikes detected
	159 spikes detected
	90 spikes detected
	1632 spikes detected
	1430 spikes detected
	1463 spikes detected
	98 spikes detected
	518 spikes detected
	940 spikes detected
	1943 spikes detected
Processing spike 150 out of 260
	1407 spikes detected
	1784 spikes detected
	47 spikes detected
	986 spikes detected
	2230 spikes detected
	2229 spikes detected
	199 spikes detected
	709 spikes detected
	1302 spikes detected
	36 spikes detected
Processing spike 160 out of 260
	677 spikes detected
	1087 spikes detected
	510 spikes detected
	886 spikes detected
	1242 spikes detected
	129 spikes detected
	1104 spikes detected
	831 spikes detected
	851 spikes detected
	59 spikes detected
Processing spike 170 out of 260
	1054 spikes detected
	5695 spikes detected
	833 spikes detected
	45 spikes detected
	77 spikes detected
	1310 spikes detected
	2097 spikes detected
	294 spikes detected
	3091 spikes detected
	211 spikes detected
Processing spike 180 out of 260
	330 spikes detected
	231 spikes detected
	1684 spikes detected
	123 spikes detected
	78 spikes detected
	71 spikes detected
	96 spikes detected
	77 spikes detected
	26 spikes detected
	102 spikes detected
Processing spike 190 out of 260
	52 spikes detected
	7 spikes detected
	64 spikes detected
	58 spikes detected
	82 spikes detected
	92 spikes detected
	890 spikes detected
	3433 spikes detected
	55 spikes detected
	530 spikes detected
Processing spike 200 out of 260
	1004 spikes detected
	1287 spikes detected
	886 spikes detected
	2908 spikes detected
	661 spikes detected
	1856 spikes detected
	1730 spikes detected
	1556 spikes detected
	214 spikes detected
	762 spikes detected
Processing spike 210 out of 260
	2559 spikes detected
	1058 spikes detected
	846 spikes detected
	605 spikes detected
	2141 spikes detected
	3130 spikes detected
	848 spikes detected
	1465 spikes detected
	1310 spikes detected
	2064 spikes detected
Processing spike 220 out of 260
	1079 spikes detected
	1458 spikes detected
	316 spikes detected
	401 spikes detected
	109 spikes detected
	26 spikes detected
	31 spikes detected
	237 spikes detected
	380 spikes detected
	24 spikes detected
Processing spike 230 out of 260
	285 spikes detected
	19 spikes detected
	20 spikes detected
	13 spikes detected
	230 spikes detected
	598 spikes detected
	1563 spikes detected
	572 spikes detected
	1098 spikes detected
	1167 spikes detected
Processing spike 240 out of 260
	1573 spikes detected
	925 spikes detected
	2168 spikes detected
	1639 spikes detected
	2890 spikes detected
	1173 spikes detected
	1373 spikes detected
	1017 spikes detected
	1921 spikes detected
	2428 spikes detected
Processing spike 250 out of 260
	41 spikes detected
	269 spikes detected
	607 spikes detected
	251 spikes detected
	542 spikes detected
	355 spikes detected
	55 spikes detected
	1058 spikes detected
	309 spikes detected
	717 spikes detected
Processing spike 260 out of 260
	119 spikes detected
Writing spike count file to: /mnt/lustre1/CompBio/data/tcrseq/dhaarini/DNA150624LC/redux/peared_fastqs/assembled/DNA150624LC_4_S31.assembled.spike.counts.25bp.txt
Writing list of reads to remove to: /mnt/lustre1/CompBio/data/tcrseq/dhaarini/DNA150624LC/redux/peared_fastqs/assembled/DNA150624LC_4_S31.assembled.reads.to.remove.txt
Writing QC summary to: /mnt/lustre1/CompBio/data/tcrseq/dhaarini/DNA150624LC/redux/peared_fastqs/assembled/DNA150624LC_4_S31.assembled.qc.txt
25bp,fwd processed:  /mnt/lustre1/CompBio/data/tcrseq/dhaarini/DNA150624LC/redux/peared_fastqs/assembled/DNA150624LC_4_S31.assembled.fastq 
