2631938 fastq reads to process
	1138 spikes detected
	3656 spikes detected
	98 spikes detected
	1079 spikes detected
	2231 spikes detected
	981 spikes detected
	2389 spikes detected
	2299 spikes detected
	268 spikes detected
Processing spike 10 out of 260
	2 spikes detected
	2314 spikes detected
	590 spikes detected
	93 spikes detected
	359 spikes detected
	1745 spikes detected
	31 spikes detected
	627 spikes detected
	438 spikes detected
	975 spikes detected
Processing spike 20 out of 260
	678 spikes detected
	905 spikes detected
	215 spikes detected
	588 spikes detected
	775 spikes detected
	667 spikes detected
	85 spikes detected
	532 spikes detected
	1660 spikes detected
	445 spikes detected
Processing spike 30 out of 260
	71 spikes detected
	94 spikes detected
	778 spikes detected
	880 spikes detected
	123 spikes detected
	669 spikes detected
	77 spikes detected
	50 spikes detected
	65 spikes detected
	702 spikes detected
Processing spike 40 out of 260
	418 spikes detected
	680 spikes detected
	171 spikes detected
	57 spikes detected
	72 spikes detected
	268 spikes detected
	502 spikes detected
	39 spikes detected
	515 spikes detected
	38 spikes detected
Processing spike 50 out of 260
	35 spikes detected
	30 spikes detected
	108 spikes detected
	661 spikes detected
	487 spikes detected
	564 spikes detected
	66 spikes detected
	39 spikes detected
	335 spikes detected
	937 spikes detected
Processing spike 60 out of 260
	97 spikes detected
	548 spikes detected
	102 spikes detected
	13 spikes detected
	7 spikes detected
	402 spikes detected
	868 spikes detected
	5900 spikes detected
	131 spikes detected
	95 spikes detected
Processing spike 70 out of 260
	1009 spikes detected
	345 spikes detected
	688 spikes detected
	2300 spikes detected
	89 spikes detected
	2878 spikes detected
	1317 spikes detected
	2377 spikes detected
	247 spikes detected
	785 spikes detected
Processing spike 80 out of 260
	1131 spikes detected
	1404 spikes detected
	1528 spikes detected
	559 spikes detected
	1380 spikes detected
	932 spikes detected
	2228 spikes detected
	2122 spikes detected
	1828 spikes detected
	2318 spikes detected
Processing spike 90 out of 260
	1806 spikes detected
	1700 spikes detected
	682 spikes detected
	1124 spikes detected
	793 spikes detected
	1626 spikes detected
	573 spikes detected
	1425 spikes detected
	369 spikes detected
	1859 spikes detected
Processing spike 100 out of 260
	2450 spikes detected
	1121 spikes detected
	1297 spikes detected
	1083 spikes detected
	1901 spikes detected
	553 spikes detected
	622 spikes detected
	435 spikes detected
	494 spikes detected
	503 spikes detected
Processing spike 110 out of 260
	542 spikes detected
	672 spikes detected
	977 spikes detected
	1171 spikes detected
	765 spikes detected
	530 spikes detected
	1464 spikes detected
	998 spikes detected
	1928 spikes detected
	3240 spikes detected
Processing spike 120 out of 260
	1154 spikes detected
	83 spikes detected
	80 spikes detected
	648 spikes detected
	1703 spikes detected
	358 spikes detected
	1928 spikes detected
	185 spikes detected
	277 spikes detected
	364 spikes detected
Processing spike 130 out of 260
	1417 spikes detected
	427 spikes detected
	742 spikes detected
	585 spikes detected
	61 spikes detected
	58 spikes detected
	500 spikes detected
	1186 spikes detected
	266 spikes detected
	2453 spikes detected
Processing spike 140 out of 260
	249 spikes detected
	137 spikes detected
	84 spikes detected
	1295 spikes detected
	1194 spikes detected
	1242 spikes detected
	95 spikes detected
	423 spikes detected
	813 spikes detected
	1550 spikes detected
Processing spike 150 out of 260
	1229 spikes detected
	1430 spikes detected
	24 spikes detected
	810 spikes detected
	1735 spikes detected
	1760 spikes detected
	188 spikes detected
	623 spikes detected
	1183 spikes detected
	24 spikes detected
Processing spike 160 out of 260
	659 spikes detected
	945 spikes detected
	424 spikes detected
	711 spikes detected
	1122 spikes detected
	127 spikes detected
	1058 spikes detected
	673 spikes detected
	677 spikes detected
	62 spikes detected
Processing spike 170 out of 260
	1059 spikes detected
	4897 spikes detected
	735 spikes detected
	41 spikes detected
	57 spikes detected
	1119 spikes detected
	1931 spikes detected
	278 spikes detected
	2409 spikes detected
	198 spikes detected
Processing spike 180 out of 260
	327 spikes detected
	211 spikes detected
	1372 spikes detected
	97 spikes detected
	78 spikes detected
	67 spikes detected
	103 spikes detected
	54 spikes detected
	33 spikes detected
	99 spikes detected
Processing spike 190 out of 260
	40 spikes detected
	5 spikes detected
	54 spikes detected
	49 spikes detected
	84 spikes detected
	78 spikes detected
	744 spikes detected
	2730 spikes detected
	38 spikes detected
	474 spikes detected
Processing spike 200 out of 260
	816 spikes detected
	1092 spikes detected
	739 spikes detected
	2134 spikes detected
	548 spikes detected
	1529 spikes detected
	1383 spikes detected
	1238 spikes detected
	191 spikes detected
	654 spikes detected
Processing spike 210 out of 260
	2101 spikes detected
	800 spikes detected
	673 spikes detected
	484 spikes detected
	1663 spikes detected
	2458 spikes detected
	687 spikes detected
	1133 spikes detected
	1067 spikes detected
	1750 spikes detected
Processing spike 220 out of 260
	937 spikes detected
	1161 spikes detected
	330 spikes detected
	411 spikes detected
	95 spikes detected
	17 spikes detected
	38 spikes detected
	208 spikes detected
	364 spikes detected
	17 spikes detected
Processing spike 230 out of 260
	216 spikes detected
	9 spikes detected
	30 spikes detected
	19 spikes detected
	238 spikes detected
	497 spikes detected
	1318 spikes detected
	560 spikes detected
	911 spikes detected
	956 spikes detected
Processing spike 240 out of 260
	1304 spikes detected
	773 spikes detected
	1788 spikes detected
	1218 spikes detected
	2455 spikes detected
	968 spikes detected
	1209 spikes detected
	900 spikes detected
	1720 spikes detected
	2017 spikes detected
Processing spike 250 out of 260
	29 spikes detected
	247 spikes detected
	499 spikes detected
	182 spikes detected
	391 spikes detected
	307 spikes detected
	43 spikes detected
	929 spikes detected
	223 spikes detected
	647 spikes detected
Processing spike 260 out of 260
	99 spikes detected
Writing spike count file to: /mnt/lustre1/CompBio/data/tcrseq/dhaarini/DNA150624LC/redux/peared_fastqs/assembled/DNA150624LC_13_S8.assembled.spike.counts.25bp.txt
Writing list of reads to remove to: /mnt/lustre1/CompBio/data/tcrseq/dhaarini/DNA150624LC/redux/peared_fastqs/assembled/DNA150624LC_13_S8.assembled.reads.to.remove.txt
Writing QC summary to: /mnt/lustre1/CompBio/data/tcrseq/dhaarini/DNA150624LC/redux/peared_fastqs/assembled/DNA150624LC_13_S8.assembled.qc.txt
25bp,fwd processed:  /mnt/lustre1/CompBio/data/tcrseq/dhaarini/DNA150624LC/redux/peared_fastqs/assembled/DNA150624LC_13_S8.assembled.fastq 
