2602645 fastq reads to process
	2691 spikes detected
	9351 spikes detected
	217 spikes detected
	2344 spikes detected
	5025 spikes detected
	2396 spikes detected
	5570 spikes detected
	5290 spikes detected
	693 spikes detected
Processing spike 10 out of 260
	2 spikes detected
	5549 spikes detected
	1749 spikes detected
	238 spikes detected
	694 spikes detected
	3900 spikes detected
	35 spikes detected
	981 spikes detected
	768 spikes detected
	1473 spikes detected
Processing spike 20 out of 260
	1171 spikes detected
	1561 spikes detected
	384 spikes detected
	1084 spikes detected
	1297 spikes detected
	1352 spikes detected
	201 spikes detected
	821 spikes detected
	2777 spikes detected
	943 spikes detected
Processing spike 30 out of 260
	136 spikes detected
	185 spikes detected
	1209 spikes detected
	1435 spikes detected
	212 spikes detected
	1276 spikes detected
	155 spikes detected
	92 spikes detected
	153 spikes detected
	1182 spikes detected
Processing spike 40 out of 260
	774 spikes detected
	1428 spikes detected
	322 spikes detected
	110 spikes detected
	139 spikes detected
	541 spikes detected
	2228 spikes detected
	73 spikes detected
	1075 spikes detected
	86 spikes detected
Processing spike 50 out of 260
	61 spikes detected
	56 spikes detected
	187 spikes detected
	1015 spikes detected
	1072 spikes detected
	924 spikes detected
	131 spikes detected
	57 spikes detected
	761 spikes detected
	1709 spikes detected
Processing spike 60 out of 260
	153 spikes detected
	1227 spikes detected
	204 spikes detected
	24 spikes detected
	23 spikes detected
	839 spikes detected
	1528 spikes detected
	9868 spikes detected
	195 spikes detected
	152 spikes detected
Processing spike 70 out of 260
	1741 spikes detected
	608 spikes detected
	1202 spikes detected
	3783 spikes detected
	182 spikes detected
	5464 spikes detected
	2242 spikes detected
	3899 spikes detected
	504 spikes detected
	1691 spikes detected
Processing spike 80 out of 260
	2395 spikes detected
	2516 spikes detected
	2500 spikes detected
	1088 spikes detected
	2509 spikes detected
	1820 spikes detected
	4327 spikes detected
	4312 spikes detected
	3594 spikes detected
	4878 spikes detected
Processing spike 90 out of 260
	3629 spikes detected
	3381 spikes detected
	1414 spikes detected
	3136 spikes detected
	1703 spikes detected
	2970 spikes detected
	1312 spikes detected
	2829 spikes detected
	835 spikes detected
	3673 spikes detected
Processing spike 100 out of 260
	5300 spikes detected
	2636 spikes detected
	2765 spikes detected
	2423 spikes detected
	3804 spikes detected
	976 spikes detected
	1432 spikes detected
	715 spikes detected
	885 spikes detected
	1007 spikes detected
Processing spike 110 out of 260
	962 spikes detected
	1371 spikes detected
	1702 spikes detected
	2234 spikes detected
	1599 spikes detected
	1122 spikes detected
	2763 spikes detected
	1916 spikes detected
	3008 spikes detected
	5821 spikes detected
Processing spike 120 out of 260
	1808 spikes detected
	135 spikes detected
	140 spikes detected
	1301 spikes detected
	2767 spikes detected
	649 spikes detected
	3381 spikes detected
	334 spikes detected
	515 spikes detected
	721 spikes detected
Processing spike 130 out of 260
	2299 spikes detected
	641 spikes detected
	1326 spikes detected
	870 spikes detected
	87 spikes detected
	94 spikes detected
	722 spikes detected
	1652 spikes detected
	375 spikes detected
	3442 spikes detected
Processing spike 140 out of 260
	361 spikes detected
	222 spikes detected
	112 spikes detected
	1912 spikes detected
	2050 spikes detected
	2691 spikes detected
	164 spikes detected
	872 spikes detected
	1591 spikes detected
	2755 spikes detected
Processing spike 150 out of 260
	2261 spikes detected
	2514 spikes detected
	62 spikes detected
	2127 spikes detected
	3498 spikes detected
	3315 spikes detected
	329 spikes detected
	817 spikes detected
	1770 spikes detected
	47 spikes detected
Processing spike 160 out of 260
	807 spikes detected
	1259 spikes detected
	658 spikes detected
	1057 spikes detected
	1531 spikes detected
	184 spikes detected
	1393 spikes detected
	1006 spikes detected
	1053 spikes detected
	65 spikes detected
Processing spike 170 out of 260
	1455 spikes detected
	6994 spikes detected
	1090 spikes detected
	70 spikes detected
	81 spikes detected
	1730 spikes detected
	2666 spikes detected
	432 spikes detected
	3684 spikes detected
	290 spikes detected
Processing spike 180 out of 260
	484 spikes detected
	373 spikes detected
	2151 spikes detected
	150 spikes detected
	140 spikes detected
	78 spikes detected
	108 spikes detected
	94 spikes detected
	45 spikes detected
	143 spikes detected
Processing spike 190 out of 260
	79 spikes detected
	6 spikes detected
	71 spikes detected
	81 spikes detected
	108 spikes detected
	127 spikes detected
	1502 spikes detected
	5548 spikes detected
	88 spikes detected
	801 spikes detected
Processing spike 200 out of 260
	1686 spikes detected
	2232 spikes detected
	1789 spikes detected
	4642 spikes detected
	1429 spikes detected
	3308 spikes detected
	3024 spikes detected
	2691 spikes detected
	388 spikes detected
	1278 spikes detected
Processing spike 210 out of 260
	4414 spikes detected
	1505 spikes detected
	1340 spikes detected
	1083 spikes detected
	2964 spikes detected
	4863 spikes detected
	1666 spikes detected
	2836 spikes detected
	2468 spikes detected
	3587 spikes detected
Processing spike 220 out of 260
	1929 spikes detected
	2470 spikes detected
	340 spikes detected
	532 spikes detected
	112 spikes detected
	53 spikes detected
	59 spikes detected
	406 spikes detected
	421 spikes detected
	18 spikes detected
Processing spike 230 out of 260
	299 spikes detected
	35 spikes detected
	36 spikes detected
	31 spikes detected
	272 spikes detected
	661 spikes detected
	2203 spikes detected
	727 spikes detected
	1324 spikes detected
	1489 spikes detected
Processing spike 240 out of 260
	1750 spikes detected
	1161 spikes detected
	2818 spikes detected
	2061 spikes detected
	3552 spikes detected
	1494 spikes detected
	1863 spikes detected
	1321 spikes detected
	2238 spikes detected
	2986 spikes detected
Processing spike 250 out of 260
	55 spikes detected
	306 spikes detected
	807 spikes detected
	310 spikes detected
	652 spikes detected
	560 spikes detected
	79 spikes detected
	1448 spikes detected
	459 spikes detected
	1089 spikes detected
Processing spike 260 out of 260
	178 spikes detected
Writing spike count file to: /mnt/lustre1/CompBio/data/tcrseq/dhaarini/DNA150624LC/redux/peared_fastqs/assembled/DNA150624LC_23_S32.assembled.spike.counts.25bp.txt
Writing list of reads to remove to: /mnt/lustre1/CompBio/data/tcrseq/dhaarini/DNA150624LC/redux/peared_fastqs/assembled/DNA150624LC_23_S32.assembled.reads.to.remove.txt
Writing QC summary to: /mnt/lustre1/CompBio/data/tcrseq/dhaarini/DNA150624LC/redux/peared_fastqs/assembled/DNA150624LC_23_S32.assembled.qc.txt
25bp,fwd processed:  /mnt/lustre1/CompBio/data/tcrseq/dhaarini/DNA150624LC/redux/peared_fastqs/assembled/DNA150624LC_23_S32.assembled.fastq 
