2297754 fastq reads to process
	1413 spikes detected
	4837 spikes detected
	100 spikes detected
	1338 spikes detected
	2889 spikes detected
	1342 spikes detected
	2790 spikes detected
	2842 spikes detected
	332 spikes detected
Processing spike 10 out of 260
	0 spikes detected
	2809 spikes detected
	847 spikes detected
	108 spikes detected
	491 spikes detected
	2302 spikes detected
	36 spikes detected
	814 spikes detected
	560 spikes detected
	1220 spikes detected
Processing spike 20 out of 260
	887 spikes detected
	1212 spikes detected
	242 spikes detected
	761 spikes detected
	881 spikes detected
	850 spikes detected
	152 spikes detected
	689 spikes detected
	2154 spikes detected
	512 spikes detected
Processing spike 30 out of 260
	94 spikes detected
	143 spikes detected
	1007 spikes detected
	1067 spikes detected
	163 spikes detected
	874 spikes detected
	110 spikes detected
	51 spikes detected
	99 spikes detected
	891 spikes detected
Processing spike 40 out of 260
	634 spikes detected
	897 spikes detected
	234 spikes detected
	70 spikes detected
	92 spikes detected
	362 spikes detected
	620 spikes detected
	45 spikes detected
	673 spikes detected
	54 spikes detected
Processing spike 50 out of 260
	44 spikes detected
	36 spikes detected
	137 spikes detected
	765 spikes detected
	672 spikes detected
	669 spikes detected
	77 spikes detected
	43 spikes detected
	821 spikes detected
	1041 spikes detected
Processing spike 60 out of 260
	110 spikes detected
	706 spikes detected
	125 spikes detected
	24 spikes detected
	10 spikes detected
	520 spikes detected
	1198 spikes detected
	6650 spikes detected
	156 spikes detected
	131 spikes detected
Processing spike 70 out of 260
	1210 spikes detected
	414 spikes detected
	792 spikes detected
	3153 spikes detected
	115 spikes detected
	3555 spikes detected
	1607 spikes detected
	2904 spikes detected
	334 spikes detected
	1076 spikes detected
Processing spike 80 out of 260
	1431 spikes detected
	1709 spikes detected
	1941 spikes detected
	747 spikes detected
	1817 spikes detected
	1251 spikes detected
	2971 spikes detected
	2684 spikes detected
	2365 spikes detected
	3037 spikes detected
Processing spike 90 out of 260
	2321 spikes detected
	2525 spikes detected
	839 spikes detected
	3596 spikes detected
	974 spikes detected
	2061 spikes detected
	813 spikes detected
	1800 spikes detected
	493 spikes detected
	2455 spikes detected
Processing spike 100 out of 260
	2981 spikes detected
	1433 spikes detected
	1760 spikes detected
	1376 spikes detected
	2384 spikes detected
	698 spikes detected
	861 spikes detected
	519 spikes detected
	695 spikes detected
	711 spikes detected
Processing spike 110 out of 260
	721 spikes detected
	958 spikes detected
	1198 spikes detected
	1466 spikes detected
	1000 spikes detected
	699 spikes detected
	1865 spikes detected
	1433 spikes detected
	2386 spikes detected
	3961 spikes detected
Processing spike 120 out of 260
	1366 spikes detected
	119 spikes detected
	98 spikes detected
	838 spikes detected
	2097 spikes detected
	451 spikes detected
	2282 spikes detected
	203 spikes detected
	300 spikes detected
	458 spikes detected
Processing spike 130 out of 260
	1639 spikes detected
	588 spikes detected
	1030 spikes detected
	720 spikes detected
	63 spikes detected
	59 spikes detected
	694 spikes detected
	1414 spikes detected
	316 spikes detected
	2881 spikes detected
Processing spike 140 out of 260
	310 spikes detected
	163 spikes detected
	109 spikes detected
	1619 spikes detected
	1426 spikes detected
	1458 spikes detected
	119 spikes detected
	560 spikes detected
	1036 spikes detected
	2087 spikes detected
Processing spike 150 out of 260
	1414 spikes detected
	1914 spikes detected
	42 spikes detected
	2386 spikes detected
	2258 spikes detected
	2224 spikes detected
	232 spikes detected
	756 spikes detected
	1454 spikes detected
	34 spikes detected
Processing spike 160 out of 260
	771 spikes detected
	1136 spikes detected
	520 spikes detected
	888 spikes detected
	1445 spikes detected
	130 spikes detected
	1182 spikes detected
	866 spikes detected
	861 spikes detected
	57 spikes detected
Processing spike 170 out of 260
	1168 spikes detected
	5984 spikes detected
	895 spikes detected
	67 spikes detected
	59 spikes detected
	1480 spikes detected
	2161 spikes detected
	335 spikes detected
	2826 spikes detected
	211 spikes detected
Processing spike 180 out of 260
	374 spikes detected
	287 spikes detected
	1689 spikes detected
	111 spikes detected
	105 spikes detected
	84 spikes detected
	129 spikes detected
	88 spikes detected
	39 spikes detected
	133 spikes detected
Processing spike 190 out of 260
	63 spikes detected
	8 spikes detected
	61 spikes detected
	71 spikes detected
	81 spikes detected
	109 spikes detected
	867 spikes detected
	3165 spikes detected
	56 spikes detected
	556 spikes detected
Processing spike 200 out of 260
	959 spikes detected
	1255 spikes detected
	1055 spikes detected
	2823 spikes detected
	572 spikes detected
	1772 spikes detected
	1669 spikes detected
	1434 spikes detected
	206 spikes detected
	823 spikes detected
Processing spike 210 out of 260
	2499 spikes detected
	995 spikes detected
	948 spikes detected
	690 spikes detected
	2268 spikes detected
	2961 spikes detected
	1020 spikes detected
	1443 spikes detected
	1374 spikes detected
	2129 spikes detected
Processing spike 220 out of 260
	1113 spikes detected
	1403 spikes detected
	422 spikes detected
	569 spikes detected
	122 spikes detected
	37 spikes detected
	39 spikes detected
	425 spikes detected
	445 spikes detected
	26 spikes detected
Processing spike 230 out of 260
	257 spikes detected
	21 spikes detected
	35 spikes detected
	14 spikes detected
	317 spikes detected
	599 spikes detected
	1565 spikes detected
	694 spikes detected
	1104 spikes detected
	1181 spikes detected
Processing spike 240 out of 260
	1619 spikes detected
	958 spikes detected
	2376 spikes detected
	1449 spikes detected
	2909 spikes detected
	1182 spikes detected
	1411 spikes detected
	1134 spikes detected
	2001 spikes detected
	2432 spikes detected
Processing spike 250 out of 260
	50 spikes detected
	303 spikes detected
	578 spikes detected
	273 spikes detected
	514 spikes detected
	416 spikes detected
	54 spikes detected
	1069 spikes detected
	338 spikes detected
	771 spikes detected
Processing spike 260 out of 260
	113 spikes detected
Writing spike count file to: /mnt/lustre1/CompBio/data/tcrseq/dhaarini/DNA150624LC/redux/peared_fastqs/assembled/DNA150624LC_7_S11.assembled.spike.counts.25bp.txt
Writing list of reads to remove to: /mnt/lustre1/CompBio/data/tcrseq/dhaarini/DNA150624LC/redux/peared_fastqs/assembled/DNA150624LC_7_S11.assembled.reads.to.remove.txt
Writing QC summary to: /mnt/lustre1/CompBio/data/tcrseq/dhaarini/DNA150624LC/redux/peared_fastqs/assembled/DNA150624LC_7_S11.assembled.qc.txt
25bp,fwd processed:  /mnt/lustre1/CompBio/data/tcrseq/dhaarini/DNA150624LC/redux/peared_fastqs/assembled/DNA150624LC_7_S11.assembled.fastq 
