1823702 fastq reads to process
	1187 spikes detected
	3791 spikes detected
	95 spikes detected
	1144 spikes detected
	2312 spikes detected
	1035 spikes detected
	2385 spikes detected
	2255 spikes detected
	223 spikes detected
Processing spike 10 out of 260
	0 spikes detected
	2305 spikes detected
	609 spikes detected
	79 spikes detected
	391 spikes detected
	1715 spikes detected
	21 spikes detected
	619 spikes detected
	417 spikes detected
	996 spikes detected
Processing spike 20 out of 260
	702 spikes detected
	855 spikes detected
	205 spikes detected
	576 spikes detected
	757 spikes detected
	653 spikes detected
	91 spikes detected
	513 spikes detected
	1501 spikes detected
	349 spikes detected
Processing spike 30 out of 260
	60 spikes detected
	103 spikes detected
	715 spikes detected
	805 spikes detected
	125 spikes detected
	657 spikes detected
	68 spikes detected
	46 spikes detected
	86 spikes detected
	693 spikes detected
Processing spike 40 out of 260
	406 spikes detected
	641 spikes detected
	161 spikes detected
	42 spikes detected
	65 spikes detected
	263 spikes detected
	525 spikes detected
	42 spikes detected
	544 spikes detected
	29 spikes detected
Processing spike 50 out of 260
	32 spikes detected
	23 spikes detected
	84 spikes detected
	594 spikes detected
	450 spikes detected
	497 spikes detected
	66 spikes detected
	34 spikes detected
	347 spikes detected
	804 spikes detected
Processing spike 60 out of 260
	72 spikes detected
	560 spikes detected
	90 spikes detected
	12 spikes detected
	13 spikes detected
	376 spikes detected
	786 spikes detected
	5825 spikes detected
	106 spikes detected
	110 spikes detected
Processing spike 70 out of 260
	1019 spikes detected
	311 spikes detected
	673 spikes detected
	2320 spikes detected
	89 spikes detected
	2756 spikes detected
	1220 spikes detected
	2241 spikes detected
	247 spikes detected
	809 spikes detected
Processing spike 80 out of 260
	1066 spikes detected
	1401 spikes detected
	1524 spikes detected
	584 spikes detected
	1348 spikes detected
	861 spikes detected
	2292 spikes detected
	2233 spikes detected
	1866 spikes detected
	2434 spikes detected
Processing spike 90 out of 260
	1878 spikes detected
	1814 spikes detected
	631 spikes detected
	1079 spikes detected
	798 spikes detected
	1562 spikes detected
	605 spikes detected
	1382 spikes detected
	390 spikes detected
	1978 spikes detected
Processing spike 100 out of 260
	2452 spikes detected
	1150 spikes detected
	1249 spikes detected
	1030 spikes detected
	1885 spikes detected
	514 spikes detected
	606 spikes detected
	415 spikes detected
	453 spikes detected
	523 spikes detected
Processing spike 110 out of 260
	548 spikes detected
	685 spikes detected
	874 spikes detected
	1155 spikes detected
	766 spikes detected
	548 spikes detected
	1438 spikes detected
	993 spikes detected
	1891 spikes detected
	3334 spikes detected
Processing spike 120 out of 260
	1007 spikes detected
	87 spikes detected
	84 spikes detected
	631 spikes detected
	1616 spikes detected
	327 spikes detected
	1820 spikes detected
	169 spikes detected
	257 spikes detected
	378 spikes detected
Processing spike 130 out of 260
	1393 spikes detected
	405 spikes detected
	690 spikes detected
	556 spikes detected
	75 spikes detected
	52 spikes detected
	475 spikes detected
	1043 spikes detected
	231 spikes detected
	2312 spikes detected
Processing spike 140 out of 260
	176 spikes detected
	141 spikes detected
	72 spikes detected
	1179 spikes detected
	1079 spikes detected
	1191 spikes detected
	82 spikes detected
	419 spikes detected
	893 spikes detected
	1572 spikes detected
Processing spike 150 out of 260
	1215 spikes detected
	1492 spikes detected
	35 spikes detected
	806 spikes detected
	1803 spikes detected
	1796 spikes detected
	161 spikes detected
	561 spikes detected
	1092 spikes detected
	34 spikes detected
Processing spike 160 out of 260
	569 spikes detected
	952 spikes detected
	484 spikes detected
	738 spikes detected
	1070 spikes detected
	109 spikes detected
	967 spikes detected
	690 spikes detected
	665 spikes detected
	42 spikes detected
Processing spike 170 out of 260
	942 spikes detected
	4719 spikes detected
	714 spikes detected
	39 spikes detected
	66 spikes detected
	1102 spikes detected
	1816 spikes detected
	227 spikes detected
	2335 spikes detected
	138 spikes detected
Processing spike 180 out of 260
	273 spikes detected
	212 spikes detected
	1381 spikes detected
	121 spikes detected
	65 spikes detected
	60 spikes detected
	74 spikes detected
	58 spikes detected
	31 spikes detected
	81 spikes detected
Processing spike 190 out of 260
	39 spikes detected
	5 spikes detected
	47 spikes detected
	44 spikes detected
	76 spikes detected
	74 spikes detected
	758 spikes detected
	2753 spikes detected
	42 spikes detected
	413 spikes detected
Processing spike 200 out of 260
	796 spikes detected
	1105 spikes detected
	769 spikes detected
	2185 spikes detected
	556 spikes detected
	1580 spikes detected
	1382 spikes detected
	1240 spikes detected
	179 spikes detected
	634 spikes detected
Processing spike 210 out of 260
	2053 spikes detected
	776 spikes detected
	689 spikes detected
	500 spikes detected
	1703 spikes detected
	2537 spikes detected
	667 spikes detected
	1164 spikes detected
	1153 spikes detected
	1683 spikes detected
Processing spike 220 out of 260
	893 spikes detected
	1110 spikes detected
	304 spikes detected
	371 spikes detected
	75 spikes detected
	8 spikes detected
	30 spikes detected
	190 spikes detected
	313 spikes detected
	20 spikes detected
Processing spike 230 out of 260
	177 spikes detected
	18 spikes detected
	15 spikes detected
	11 spikes detected
	181 spikes detected
	412 spikes detected
	1176 spikes detected
	455 spikes detected
	758 spikes detected
	898 spikes detected
Processing spike 240 out of 260
	1178 spikes detected
	735 spikes detected
	1608 spikes detected
	1160 spikes detected
	2309 spikes detected
	890 spikes detected
	1021 spikes detected
	829 spikes detected
	1567 spikes detected
	1863 spikes detected
Processing spike 250 out of 260
	27 spikes detected
	198 spikes detected
	476 spikes detected
	211 spikes detected
	384 spikes detected
	294 spikes detected
	32 spikes detected
	868 spikes detected
	210 spikes detected
	572 spikes detected
Processing spike 260 out of 260
	100 spikes detected
Writing spike count file to: /mnt/lustre1/CompBio/data/tcrseq/dhaarini/DNA150624LC/redux/peared_fastqs/assembled/DNA150624LC_11_S24.assembled.spike.counts.25bp.txt
Writing list of reads to remove to: /mnt/lustre1/CompBio/data/tcrseq/dhaarini/DNA150624LC/redux/peared_fastqs/assembled/DNA150624LC_11_S24.assembled.reads.to.remove.txt
Writing QC summary to: /mnt/lustre1/CompBio/data/tcrseq/dhaarini/DNA150624LC/redux/peared_fastqs/assembled/DNA150624LC_11_S24.assembled.qc.txt
25bp,fwd processed:  /mnt/lustre1/CompBio/data/tcrseq/dhaarini/DNA150624LC/redux/peared_fastqs/assembled/DNA150624LC_11_S24.assembled.fastq 
