Loading required package: BiocGenerics
Loading required package: methods
Loading required package: parallel

Attaching package: 'BiocGenerics'

The following objects are masked from 'package:parallel':

    clusterApply, clusterApplyLB, clusterCall, clusterEvalQ,
    clusterExport, clusterMap, parApply, parCapply, parLapply,
    parLapplyLB, parRapply, parSapply, parSapplyLB

The following objects are masked from 'package:stats':

    IQR, mad, xtabs

The following objects are masked from 'package:base':

    anyDuplicated, append, as.data.frame, as.vector, cbind, colnames,
    do.call, duplicated, eval, evalq, Filter, Find, get, grep, grepl,
    intersect, is.unsorted, lapply, lengths, Map, mapply, match, mget,
    order, paste, pmax, pmax.int, pmin, pmin.int, Position, rank,
    rbind, Reduce, rownames, sapply, setdiff, sort, table, tapply,
    union, unique, unlist, unsplit

Loading required package: BiocParallel
Loading required package: Biostrings
Loading required package: S4Vectors
Loading required package: stats4
Loading required package: IRanges
Loading required package: XVector
Loading required package: Rsamtools
Loading required package: GenomeInfoDb
Loading required package: GenomicRanges
Loading required package: GenomicAlignments
Loading required package: SummarizedExperiment
Loading required package: Biobase
Welcome to Bioconductor

    Vignettes contain introductory material; view with
    'browseVignettes()'. To cite Bioconductor, see
    'citation("Biobase")', and for packages 'citation("pkgname")'.

974907 fastq reads to process
Processing spike 10 out of 260
Processing spike 20 out of 260
Processing spike 30 out of 260
Processing spike 40 out of 260
Processing spike 50 out of 260
Processing spike 60 out of 260
Processing spike 70 out of 260
Processing spike 80 out of 260
Processing spike 90 out of 260
Processing spike 100 out of 260
Processing spike 110 out of 260
Processing spike 120 out of 260
Processing spike 130 out of 260
Processing spike 140 out of 260
Processing spike 150 out of 260
Processing spike 160 out of 260
Processing spike 170 out of 260
Processing spike 180 out of 260
Processing spike 190 out of 260
Processing spike 200 out of 260
Processing spike 210 out of 260
Processing spike 220 out of 260
Processing spike 230 out of 260
Processing spike 240 out of 260
Processing spike 250 out of 260
Processing spike 260 out of 260
Writing spike count file to: /home/exacloud/lustre1/CompBio/data/tcrseq/dhaarini/DNA150826LC/150924_NS500681_0014_AH3NTVAFXX/fwd_1/DNA150826LC_2_S2_R1_001.fastq.counts.25bp.txt
Writing list of reads to remove to: /home/exacloud/lustre1/CompBio/data/tcrseq/dhaarini/DNA150826LC/150924_NS500681_0014_AH3NTVAFXX/fwd_1/DNA150826LC_2_S2_R1_001.fastq.reads.to.remove.txt
Processed: DNA150826LC_2_S2_R1_001.fastq (1 of 87)
920091 fastq reads to process
Processing spike 10 out of 260
Processing spike 20 out of 260
Processing spike 30 out of 260
Processing spike 40 out of 260
Processing spike 50 out of 260
Processing spike 60 out of 260
Processing spike 70 out of 260
Processing spike 80 out of 260
Processing spike 90 out of 260
Processing spike 100 out of 260
Processing spike 110 out of 260
Processing spike 120 out of 260
Processing spike 130 out of 260
Processing spike 140 out of 260
Processing spike 150 out of 260
Processing spike 160 out of 260
Processing spike 170 out of 260
Processing spike 180 out of 260
Processing spike 190 out of 260
Processing spike 200 out of 260
Processing spike 210 out of 260
Processing spike 220 out of 260
Processing spike 230 out of 260
Processing spike 240 out of 260
Processing spike 250 out of 260
Processing spike 260 out of 260
Writing spike count file to: /home/exacloud/lustre1/CompBio/data/tcrseq/dhaarini/DNA150826LC/150924_NS500681_0014_AH3NTVAFXX/fwd_1/DNA150826LC_20_S20_R1_001.fastq.counts.25bp.txt
Writing list of reads to remove to: /home/exacloud/lustre1/CompBio/data/tcrseq/dhaarini/DNA150826LC/150924_NS500681_0014_AH3NTVAFXX/fwd_1/DNA150826LC_20_S20_R1_001.fastq.reads.to.remove.txt
Processed: DNA150826LC_20_S20_R1_001.fastq (2 of 87)
620767 fastq reads to process
Processing spike 10 out of 260
Processing spike 20 out of 260
Processing spike 30 out of 260
Processing spike 40 out of 260
Processing spike 50 out of 260
Processing spike 60 out of 260
Processing spike 70 out of 260
Processing spike 80 out of 260
Processing spike 90 out of 260
Processing spike 100 out of 260
Processing spike 110 out of 260
Processing spike 120 out of 260
Processing spike 130 out of 260
Processing spike 140 out of 260
Processing spike 150 out of 260
Processing spike 160 out of 260
Processing spike 170 out of 260
Processing spike 180 out of 260
Processing spike 190 out of 260
Processing spike 200 out of 260
Processing spike 210 out of 260
Processing spike 220 out of 260
Processing spike 230 out of 260
Processing spike 240 out of 260
Processing spike 250 out of 260
Processing spike 260 out of 260
Writing spike count file to: /home/exacloud/lustre1/CompBio/data/tcrseq/dhaarini/DNA150826LC/150924_NS500681_0014_AH3NTVAFXX/fwd_1/DNA150826LC_21_S21_R1_001.fastq.counts.25bp.txt
Writing list of reads to remove to: /home/exacloud/lustre1/CompBio/data/tcrseq/dhaarini/DNA150826LC/150924_NS500681_0014_AH3NTVAFXX/fwd_1/DNA150826LC_21_S21_R1_001.fastq.reads.to.remove.txt
Processed: DNA150826LC_21_S21_R1_001.fastq (3 of 87)
584358 fastq reads to process
Processing spike 10 out of 260
Processing spike 20 out of 260
Processing spike 30 out of 260
Processing spike 40 out of 260
Processing spike 50 out of 260
Processing spike 60 out of 260
Processing spike 70 out of 260
Processing spike 80 out of 260
Processing spike 90 out of 260
Processing spike 100 out of 260
Processing spike 110 out of 260
Processing spike 120 out of 260
Processing spike 130 out of 260
Processing spike 140 out of 260
Processing spike 150 out of 260
Processing spike 160 out of 260
Processing spike 170 out of 260
Processing spike 180 out of 260
Processing spike 190 out of 260
Processing spike 200 out of 260
Processing spike 210 out of 260
Processing spike 220 out of 260
Processing spike 230 out of 260
Processing spike 240 out of 260
Processing spike 250 out of 260
Processing spike 260 out of 260
Writing spike count file to: /home/exacloud/lustre1/CompBio/data/tcrseq/dhaarini/DNA150826LC/150924_NS500681_0014_AH3NTVAFXX/fwd_1/DNA150826LC_22_S22_R1_001.fastq.counts.25bp.txt
Writing list of reads to remove to: /home/exacloud/lustre1/CompBio/data/tcrseq/dhaarini/DNA150826LC/150924_NS500681_0014_AH3NTVAFXX/fwd_1/DNA150826LC_22_S22_R1_001.fastq.reads.to.remove.txt
Processed: DNA150826LC_22_S22_R1_001.fastq (4 of 87)
630085 fastq reads to process
Processing spike 10 out of 260
Processing spike 20 out of 260
Processing spike 30 out of 260
Processing spike 40 out of 260
Processing spike 50 out of 260
Processing spike 60 out of 260
Processing spike 70 out of 260
Processing spike 80 out of 260
Processing spike 90 out of 260
Processing spike 100 out of 260
Processing spike 110 out of 260
Processing spike 120 out of 260
Processing spike 130 out of 260
Processing spike 140 out of 260
Processing spike 150 out of 260
Processing spike 160 out of 260
Processing spike 170 out of 260
Processing spike 180 out of 260
Processing spike 190 out of 260
Processing spike 200 out of 260
Processing spike 210 out of 260
Processing spike 220 out of 260
Processing spike 230 out of 260
Processing spike 240 out of 260
Processing spike 250 out of 260
Processing spike 260 out of 260
Writing spike count file to: /home/exacloud/lustre1/CompBio/data/tcrseq/dhaarini/DNA150826LC/150924_NS500681_0014_AH3NTVAFXX/fwd_1/DNA150826LC_23_S23_R1_001.fastq.counts.25bp.txt
Writing list of reads to remove to: /home/exacloud/lustre1/CompBio/data/tcrseq/dhaarini/DNA150826LC/150924_NS500681_0014_AH3NTVAFXX/fwd_1/DNA150826LC_23_S23_R1_001.fastq.reads.to.remove.txt
Processed: DNA150826LC_23_S23_R1_001.fastq (5 of 87)
582966 fastq reads to process
Processing spike 10 out of 260
Processing spike 20 out of 260
Processing spike 30 out of 260
Processing spike 40 out of 260
Processing spike 50 out of 260
Processing spike 60 out of 260
Processing spike 70 out of 260
Processing spike 80 out of 260
Processing spike 90 out of 260
Processing spike 100 out of 260
Processing spike 110 out of 260
Processing spike 120 out of 260
Processing spike 130 out of 260
Processing spike 140 out of 260
Processing spike 150 out of 260
Processing spike 160 out of 260
Processing spike 170 out of 260
Processing spike 180 out of 260
Processing spike 190 out of 260
Processing spike 200 out of 260
Processing spike 210 out of 260
Processing spike 220 out of 260
Processing spike 230 out of 260
Processing spike 240 out of 260
Processing spike 250 out of 260
Processing spike 260 out of 260
Writing spike count file to: /home/exacloud/lustre1/CompBio/data/tcrseq/dhaarini/DNA150826LC/150924_NS500681_0014_AH3NTVAFXX/fwd_1/DNA150826LC_24_S24_R1_001.fastq.counts.25bp.txt
Writing list of reads to remove to: /home/exacloud/lustre1/CompBio/data/tcrseq/dhaarini/DNA150826LC/150924_NS500681_0014_AH3NTVAFXX/fwd_1/DNA150826LC_24_S24_R1_001.fastq.reads.to.remove.txt
Processed: DNA150826LC_24_S24_R1_001.fastq (6 of 87)
527862 fastq reads to process
Processing spike 10 out of 260
Processing spike 20 out of 260
Processing spike 30 out of 260
Processing spike 40 out of 260
Processing spike 50 out of 260
Processing spike 60 out of 260
Processing spike 70 out of 260
Processing spike 80 out of 260
Processing spike 90 out of 260
Processing spike 100 out of 260
Processing spike 110 out of 260
Processing spike 120 out of 260
Processing spike 130 out of 260
Processing spike 140 out of 260
Processing spike 150 out of 260
Processing spike 160 out of 260
Processing spike 170 out of 260
Processing spike 180 out of 260
Processing spike 190 out of 260
Processing spike 200 out of 260
Processing spike 210 out of 260
Processing spike 220 out of 260
Processing spike 230 out of 260
Processing spike 240 out of 260
Processing spike 250 out of 260
Processing spike 260 out of 260
Writing spike count file to: /home/exacloud/lustre1/CompBio/data/tcrseq/dhaarini/DNA150826LC/150924_NS500681_0014_AH3NTVAFXX/fwd_1/DNA150826LC_25_S25_R1_001.fastq.counts.25bp.txt
Writing list of reads to remove to: /home/exacloud/lustre1/CompBio/data/tcrseq/dhaarini/DNA150826LC/150924_NS500681_0014_AH3NTVAFXX/fwd_1/DNA150826LC_25_S25_R1_001.fastq.reads.to.remove.txt
Processed: DNA150826LC_25_S25_R1_001.fastq (7 of 87)
571980 fastq reads to process
Processing spike 10 out of 260
Processing spike 20 out of 260
Processing spike 30 out of 260
Processing spike 40 out of 260
Processing spike 50 out of 260
Processing spike 60 out of 260
Processing spike 70 out of 260
Processing spike 80 out of 260
Processing spike 90 out of 260
Processing spike 100 out of 260
Processing spike 110 out of 260
Processing spike 120 out of 260
Processing spike 130 out of 260
Processing spike 140 out of 260
Processing spike 150 out of 260
Processing spike 160 out of 260
Processing spike 170 out of 260
Processing spike 180 out of 260
Processing spike 190 out of 260
Processing spike 200 out of 260
Processing spike 210 out of 260
Processing spike 220 out of 260
Processing spike 230 out of 260
Processing spike 240 out of 260
Processing spike 250 out of 260
Processing spike 260 out of 260
Writing spike count file to: /home/exacloud/lustre1/CompBio/data/tcrseq/dhaarini/DNA150826LC/150924_NS500681_0014_AH3NTVAFXX/fwd_1/DNA150826LC_26_S26_R1_001.fastq.counts.25bp.txt
Writing list of reads to remove to: /home/exacloud/lustre1/CompBio/data/tcrseq/dhaarini/DNA150826LC/150924_NS500681_0014_AH3NTVAFXX/fwd_1/DNA150826LC_26_S26_R1_001.fastq.reads.to.remove.txt
Processed: DNA150826LC_26_S26_R1_001.fastq (8 of 87)
529989 fastq reads to process
Processing spike 10 out of 260
Processing spike 20 out of 260
Processing spike 30 out of 260
Processing spike 40 out of 260
Processing spike 50 out of 260
Processing spike 60 out of 260
Processing spike 70 out of 260
Processing spike 80 out of 260
Processing spike 90 out of 260
Processing spike 100 out of 260
Processing spike 110 out of 260
Processing spike 120 out of 260
Processing spike 130 out of 260
Processing spike 140 out of 260
Processing spike 150 out of 260
Processing spike 160 out of 260
Processing spike 170 out of 260
Processing spike 180 out of 260
Processing spike 190 out of 260
Processing spike 200 out of 260
Processing spike 210 out of 260
Processing spike 220 out of 260
Processing spike 230 out of 260
Processing spike 240 out of 260
Processing spike 250 out of 260
Processing spike 260 out of 260
Writing spike count file to: /home/exacloud/lustre1/CompBio/data/tcrseq/dhaarini/DNA150826LC/150924_NS500681_0014_AH3NTVAFXX/fwd_1/DNA150826LC_27_S27_R1_001.fastq.counts.25bp.txt
Writing list of reads to remove to: /home/exacloud/lustre1/CompBio/data/tcrseq/dhaarini/DNA150826LC/150924_NS500681_0014_AH3NTVAFXX/fwd_1/DNA150826LC_27_S27_R1_001.fastq.reads.to.remove.txt
Processed: DNA150826LC_27_S27_R1_001.fastq (9 of 87)
584838 fastq reads to process
Processing spike 10 out of 260
Processing spike 20 out of 260
Processing spike 30 out of 260
Processing spike 40 out of 260
Processing spike 50 out of 260
Processing spike 60 out of 260
Processing spike 70 out of 260
Processing spike 80 out of 260
Processing spike 90 out of 260
Processing spike 100 out of 260
Processing spike 110 out of 260
Processing spike 120 out of 260
Processing spike 130 out of 260
Processing spike 140 out of 260
Processing spike 150 out of 260
Processing spike 160 out of 260
Processing spike 170 out of 260
Processing spike 180 out of 260
Processing spike 190 out of 260
Processing spike 200 out of 260
Processing spike 210 out of 260
Processing spike 220 out of 260
Processing spike 230 out of 260
Processing spike 240 out of 260
Processing spike 250 out of 260
Processing spike 260 out of 260
Writing spike count file to: /home/exacloud/lustre1/CompBio/data/tcrseq/dhaarini/DNA150826LC/150924_NS500681_0014_AH3NTVAFXX/fwd_1/DNA150826LC_28_S28_R1_001.fastq.counts.25bp.txt
Writing list of reads to remove to: /home/exacloud/lustre1/CompBio/data/tcrseq/dhaarini/DNA150826LC/150924_NS500681_0014_AH3NTVAFXX/fwd_1/DNA150826LC_28_S28_R1_001.fastq.reads.to.remove.txt
Processed: DNA150826LC_28_S28_R1_001.fastq (10 of 87)
383938 fastq reads to process
Processing spike 10 out of 260
Processing spike 20 out of 260
Processing spike 30 out of 260
Processing spike 40 out of 260
Processing spike 50 out of 260
Processing spike 60 out of 260
Processing spike 70 out of 260
Processing spike 80 out of 260
Processing spike 90 out of 260
Processing spike 100 out of 260
Processing spike 110 out of 260
Processing spike 120 out of 260
Processing spike 130 out of 260
Processing spike 140 out of 260
Processing spike 150 out of 260
Processing spike 160 out of 260
Processing spike 170 out of 260
Processing spike 180 out of 260
Processing spike 190 out of 260
Processing spike 200 out of 260
Processing spike 210 out of 260
Processing spike 220 out of 260
Processing spike 230 out of 260
Processing spike 240 out of 260
Processing spike 250 out of 260
Processing spike 260 out of 260
Writing spike count file to: /home/exacloud/lustre1/CompBio/data/tcrseq/dhaarini/DNA150826LC/150924_NS500681_0014_AH3NTVAFXX/fwd_1/DNA150826LC_29_S29_R1_001.fastq.counts.25bp.txt
Writing list of reads to remove to: /home/exacloud/lustre1/CompBio/data/tcrseq/dhaarini/DNA150826LC/150924_NS500681_0014_AH3NTVAFXX/fwd_1/DNA150826LC_29_S29_R1_001.fastq.reads.to.remove.txt
Processed: DNA150826LC_29_S29_R1_001.fastq (11 of 87)
570369 fastq reads to process
Processing spike 10 out of 260
Processing spike 20 out of 260
Processing spike 30 out of 260
Processing spike 40 out of 260
Processing spike 50 out of 260
Processing spike 60 out of 260
Processing spike 70 out of 260
Processing spike 80 out of 260
Processing spike 90 out of 260
Processing spike 100 out of 260
Processing spike 110 out of 260
Processing spike 120 out of 260
Processing spike 130 out of 260
Processing spike 140 out of 260
Processing spike 150 out of 260
Processing spike 160 out of 260
Processing spike 170 out of 260
Processing spike 180 out of 260
Processing spike 190 out of 260
Processing spike 200 out of 260
Processing spike 210 out of 260
Processing spike 220 out of 260
Processing spike 230 out of 260
Processing spike 240 out of 260
Processing spike 250 out of 260
Processing spike 260 out of 260
Writing spike count file to: /home/exacloud/lustre1/CompBio/data/tcrseq/dhaarini/DNA150826LC/150924_NS500681_0014_AH3NTVAFXX/fwd_1/DNA150826LC_3_S3_R1_001.fastq.counts.25bp.txt
Writing list of reads to remove to: /home/exacloud/lustre1/CompBio/data/tcrseq/dhaarini/DNA150826LC/150924_NS500681_0014_AH3NTVAFXX/fwd_1/DNA150826LC_3_S3_R1_001.fastq.reads.to.remove.txt
Processed: DNA150826LC_3_S3_R1_001.fastq (12 of 87)
391765 fastq reads to process
Processing spike 10 out of 260
Processing spike 20 out of 260
Processing spike 30 out of 260
Processing spike 40 out of 260
Processing spike 50 out of 260
Processing spike 60 out of 260
Processing spike 70 out of 260
Processing spike 80 out of 260
Processing spike 90 out of 260
Processing spike 100 out of 260
Processing spike 110 out of 260
Processing spike 120 out of 260
Processing spike 130 out of 260
Processing spike 140 out of 260
Processing spike 150 out of 260
Processing spike 160 out of 260
Processing spike 170 out of 260
Processing spike 180 out of 260
Processing spike 190 out of 260
Processing spike 200 out of 260
Processing spike 210 out of 260
Processing spike 220 out of 260
Processing spike 230 out of 260
Processing spike 240 out of 260
Processing spike 250 out of 260
Processing spike 260 out of 260
Writing spike count file to: /home/exacloud/lustre1/CompBio/data/tcrseq/dhaarini/DNA150826LC/150924_NS500681_0014_AH3NTVAFXX/fwd_1/DNA150826LC_30_S30_R1_001.fastq.counts.25bp.txt
Writing list of reads to remove to: /home/exacloud/lustre1/CompBio/data/tcrseq/dhaarini/DNA150826LC/150924_NS500681_0014_AH3NTVAFXX/fwd_1/DNA150826LC_30_S30_R1_001.fastq.reads.to.remove.txt
Processed: DNA150826LC_30_S30_R1_001.fastq (13 of 87)
425277 fastq reads to process
Processing spike 10 out of 260
Processing spike 20 out of 260
Processing spike 30 out of 260
Processing spike 40 out of 260
Processing spike 50 out of 260
Processing spike 60 out of 260
Processing spike 70 out of 260
Processing spike 80 out of 260
Processing spike 90 out of 260
Processing spike 100 out of 260
Processing spike 110 out of 260
Processing spike 120 out of 260
Processing spike 130 out of 260
Processing spike 140 out of 260
Processing spike 150 out of 260
Processing spike 160 out of 260
Processing spike 170 out of 260
Processing spike 180 out of 260
Processing spike 190 out of 260
Processing spike 200 out of 260
Processing spike 210 out of 260
Processing spike 220 out of 260
Processing spike 230 out of 260
Processing spike 240 out of 260
Processing spike 250 out of 260
Processing spike 260 out of 260
Writing spike count file to: /home/exacloud/lustre1/CompBio/data/tcrseq/dhaarini/DNA150826LC/150924_NS500681_0014_AH3NTVAFXX/fwd_1/DNA150826LC_31_S31_R1_001.fastq.counts.25bp.txt
Writing list of reads to remove to: /home/exacloud/lustre1/CompBio/data/tcrseq/dhaarini/DNA150826LC/150924_NS500681_0014_AH3NTVAFXX/fwd_1/DNA150826LC_31_S31_R1_001.fastq.reads.to.remove.txt
Processed: DNA150826LC_31_S31_R1_001.fastq (14 of 87)
567570 fastq reads to process
Processing spike 10 out of 260
Processing spike 20 out of 260
Processing spike 30 out of 260
Processing spike 40 out of 260
Processing spike 50 out of 260
Processing spike 60 out of 260
Processing spike 70 out of 260
Processing spike 80 out of 260
Processing spike 90 out of 260
Processing spike 100 out of 260
Processing spike 110 out of 260
Processing spike 120 out of 260
Processing spike 130 out of 260
Processing spike 140 out of 260
Processing spike 150 out of 260
Processing spike 160 out of 260
Processing spike 170 out of 260
Processing spike 180 out of 260
Processing spike 190 out of 260
Processing spike 200 out of 260
Processing spike 210 out of 260
Processing spike 220 out of 260
Processing spike 230 out of 260
Processing spike 240 out of 260
Processing spike 250 out of 260
Processing spike 260 out of 260
Writing spike count file to: /home/exacloud/lustre1/CompBio/data/tcrseq/dhaarini/DNA150826LC/150924_NS500681_0014_AH3NTVAFXX/fwd_1/DNA150826LC_32_S32_R1_001.fastq.counts.25bp.txt
Writing list of reads to remove to: /home/exacloud/lustre1/CompBio/data/tcrseq/dhaarini/DNA150826LC/150924_NS500681_0014_AH3NTVAFXX/fwd_1/DNA150826LC_32_S32_R1_001.fastq.reads.to.remove.txt
Processed: DNA150826LC_32_S32_R1_001.fastq (15 of 87)
630530 fastq reads to process
Processing spike 10 out of 260
Processing spike 20 out of 260
Processing spike 30 out of 260
Processing spike 40 out of 260
Processing spike 50 out of 260
Processing spike 60 out of 260
Processing spike 70 out of 260
Processing spike 80 out of 260
Processing spike 90 out of 260
Processing spike 100 out of 260
Processing spike 110 out of 260
Processing spike 120 out of 260
Processing spike 130 out of 260
Processing spike 140 out of 260
Processing spike 150 out of 260
Processing spike 160 out of 260
Processing spike 170 out of 260
Processing spike 180 out of 260
Processing spike 190 out of 260
Processing spike 200 out of 260
Processing spike 210 out of 260
Processing spike 220 out of 260
Processing spike 230 out of 260
Processing spike 240 out of 260
Processing spike 250 out of 260
Processing spike 260 out of 260
Writing spike count file to: /home/exacloud/lustre1/CompBio/data/tcrseq/dhaarini/DNA150826LC/150924_NS500681_0014_AH3NTVAFXX/fwd_1/DNA150826LC_33_S33_R1_001.fastq.counts.25bp.txt
Writing list of reads to remove to: /home/exacloud/lustre1/CompBio/data/tcrseq/dhaarini/DNA150826LC/150924_NS500681_0014_AH3NTVAFXX/fwd_1/DNA150826LC_33_S33_R1_001.fastq.reads.to.remove.txt
Processed: DNA150826LC_33_S33_R1_001.fastq (16 of 87)
467456 fastq reads to process
Processing spike 10 out of 260
Processing spike 20 out of 260
Processing spike 30 out of 260
Processing spike 40 out of 260
Processing spike 50 out of 260
Processing spike 60 out of 260
Processing spike 70 out of 260
Processing spike 80 out of 260
Processing spike 90 out of 260
Processing spike 100 out of 260
Processing spike 110 out of 260
Processing spike 120 out of 260
Processing spike 130 out of 260
Processing spike 140 out of 260
Processing spike 150 out of 260
Processing spike 160 out of 260
Processing spike 170 out of 260
Processing spike 180 out of 260
Processing spike 190 out of 260
Processing spike 200 out of 260
Processing spike 210 out of 260
Processing spike 220 out of 260
Processing spike 230 out of 260
Processing spike 240 out of 260
Processing spike 250 out of 260
Processing spike 260 out of 260
Writing spike count file to: /home/exacloud/lustre1/CompBio/data/tcrseq/dhaarini/DNA150826LC/150924_NS500681_0014_AH3NTVAFXX/fwd_1/DNA150826LC_34_S34_R1_001.fastq.counts.25bp.txt
Writing list of reads to remove to: /home/exacloud/lustre1/CompBio/data/tcrseq/dhaarini/DNA150826LC/150924_NS500681_0014_AH3NTVAFXX/fwd_1/DNA150826LC_34_S34_R1_001.fastq.reads.to.remove.txt
Processed: DNA150826LC_34_S34_R1_001.fastq (17 of 87)
815792 fastq reads to process
Processing spike 10 out of 260
Processing spike 20 out of 260
Processing spike 30 out of 260
Processing spike 40 out of 260
Processing spike 50 out of 260
Processing spike 60 out of 260
Processing spike 70 out of 260
Processing spike 80 out of 260
Processing spike 90 out of 260
Processing spike 100 out of 260
Processing spike 110 out of 260
Processing spike 120 out of 260
Processing spike 130 out of 260
Processing spike 140 out of 260
Processing spike 150 out of 260
Processing spike 160 out of 260
Processing spike 170 out of 260
Processing spike 180 out of 260
Processing spike 190 out of 260
Processing spike 200 out of 260
Processing spike 210 out of 260
Processing spike 220 out of 260
Processing spike 230 out of 260
Processing spike 240 out of 260
Processing spike 250 out of 260
Processing spike 260 out of 260
Writing spike count file to: /home/exacloud/lustre1/CompBio/data/tcrseq/dhaarini/DNA150826LC/150924_NS500681_0014_AH3NTVAFXX/fwd_1/DNA150826LC_35_S35_R1_001.fastq.counts.25bp.txt
Writing list of reads to remove to: /home/exacloud/lustre1/CompBio/data/tcrseq/dhaarini/DNA150826LC/150924_NS500681_0014_AH3NTVAFXX/fwd_1/DNA150826LC_35_S35_R1_001.fastq.reads.to.remove.txt
Processed: DNA150826LC_35_S35_R1_001.fastq (18 of 87)
465313 fastq reads to process
Processing spike 10 out of 260
Processing spike 20 out of 260
Processing spike 30 out of 260
Processing spike 40 out of 260
Processing spike 50 out of 260
Processing spike 60 out of 260
Processing spike 70 out of 260
Processing spike 80 out of 260
Processing spike 90 out of 260
Processing spike 100 out of 260
Processing spike 110 out of 260
Processing spike 120 out of 260
Processing spike 130 out of 260
Processing spike 140 out of 260
Processing spike 150 out of 260
Processing spike 160 out of 260
Processing spike 170 out of 260
Processing spike 180 out of 260
Processing spike 190 out of 260
Processing spike 200 out of 260
Processing spike 210 out of 260
Processing spike 220 out of 260
Processing spike 230 out of 260
Processing spike 240 out of 260
Processing spike 250 out of 260
Processing spike 260 out of 260
Writing spike count file to: /home/exacloud/lustre1/CompBio/data/tcrseq/dhaarini/DNA150826LC/150924_NS500681_0014_AH3NTVAFXX/fwd_1/DNA150826LC_36_S36_R1_001.fastq.counts.25bp.txt
Writing list of reads to remove to: /home/exacloud/lustre1/CompBio/data/tcrseq/dhaarini/DNA150826LC/150924_NS500681_0014_AH3NTVAFXX/fwd_1/DNA150826LC_36_S36_R1_001.fastq.reads.to.remove.txt
Processed: DNA150826LC_36_S36_R1_001.fastq (19 of 87)
503299 fastq reads to process
Processing spike 10 out of 260
Processing spike 20 out of 260
