000 (110704.000.000) 10/25 19:12:14 Job submitted from host: <172.20.12.20:49198>
...
001 (110704.000.000) 10/25 19:12:30 Job executing on host: <172.20.15.54:41898?noUDP>
...
006 (110704.000.000) 10/25 19:12:39 Image size of job updated: 234336
	228  -  MemoryUsage of job (MB)
	232472  -  ResidentSetSize of job (KB)
...
006 (110704.000.000) 10/25 19:17:40 Image size of job updated: 725536
	707  -  MemoryUsage of job (MB)
	723544  -  ResidentSetSize of job (KB)
...
006 (110704.000.000) 10/25 19:22:40 Image size of job updated: 1004676
	980  -  MemoryUsage of job (MB)
	1002684  -  ResidentSetSize of job (KB)
...
006 (110704.000.000) 10/25 19:27:41 Image size of job updated: 1009448
	984  -  MemoryUsage of job (MB)
	1007456  -  ResidentSetSize of job (KB)
...
006 (110704.000.000) 10/25 19:37:42 Image size of job updated: 1018992
	994  -  MemoryUsage of job (MB)
	1017000  -  ResidentSetSize of job (KB)
...
006 (110704.000.000) 10/25 19:52:43 Image size of job updated: 1026272
	1001  -  MemoryUsage of job (MB)
	1024280  -  ResidentSetSize of job (KB)
...
006 (110704.000.000) 10/25 19:57:43 Image size of job updated: 1037824
	1012  -  MemoryUsage of job (MB)
	1035832  -  ResidentSetSize of job (KB)
...
006 (110704.000.000) 10/25 20:02:44 Image size of job updated: 1040592
	1015  -  MemoryUsage of job (MB)
	1038600  -  ResidentSetSize of job (KB)
...
006 (110704.000.000) 10/25 20:07:45 Image size of job updated: 1045968
	1020  -  MemoryUsage of job (MB)
	1043976  -  ResidentSetSize of job (KB)
...
006 (110704.000.000) 10/25 20:12:45 Image size of job updated: 1117180
	1090  -  MemoryUsage of job (MB)
	1115188  -  ResidentSetSize of job (KB)
...
006 (110704.000.000) 10/25 20:32:47 Image size of job updated: 1125300
	1097  -  MemoryUsage of job (MB)
	1123308  -  ResidentSetSize of job (KB)
...
006 (110704.000.000) 10/25 21:17:52 Image size of job updated: 1254752
	1224  -  MemoryUsage of job (MB)
	1252760  -  ResidentSetSize of job (KB)
...
006 (110704.000.000) 10/25 22:58:03 Image size of job updated: 1320224
	1288  -  MemoryUsage of job (MB)
	1318232  -  ResidentSetSize of job (KB)
...
006 (110704.000.000) 10/25 23:43:08 Image size of job updated: 1778916
	1736  -  MemoryUsage of job (MB)
	1776924  -  ResidentSetSize of job (KB)
...
006 (110704.000.000) 10/25 23:53:09 Image size of job updated: 1788012
	1745  -  MemoryUsage of job (MB)
	1786020  -  ResidentSetSize of job (KB)
...
005 (110704.000.000) 10/26 02:39:44 Job terminated.
	(1) Normal termination (return value 0)
		Usr 0 07:26:34, Sys 0 00:00:14  -  Run Remote Usage
		Usr 0 00:00:00, Sys 0 00:00:00  -  Run Local Usage
		Usr 0 07:26:34, Sys 0 00:00:14  -  Total Remote Usage
		Usr 0 00:00:00, Sys 0 00:00:00  -  Total Local Usage
	0  -  Run Bytes Sent By Job
	0  -  Run Bytes Received By Job
	0  -  Total Bytes Sent By Job
	0  -  Total Bytes Received By Job
	Partitionable Resources :    Usage  Request Allocated
	   Cpus                 :                 1         1
	   Disk (KB)            :       15       15   2522481
	   Memory (MB)          :     1745     4096      4096
	   Multinode            :                           1
...
