000 (110703.000.000) 10/25 19:12:09 Job submitted from host: <172.20.12.20:49198>
...
001 (110703.000.000) 10/25 19:12:10 Job executing on host: <172.20.15.172:44380?noUDP>
...
006 (110703.000.000) 10/25 19:12:18 Image size of job updated: 228512
	224  -  MemoryUsage of job (MB)
	228512  -  ResidentSetSize of job (KB)
...
006 (110703.000.000) 10/25 19:17:18 Image size of job updated: 426756
	417  -  MemoryUsage of job (MB)
	426756  -  ResidentSetSize of job (KB)
...
006 (110703.000.000) 10/25 19:22:19 Image size of job updated: 474884
	464  -  MemoryUsage of job (MB)
	474884  -  ResidentSetSize of job (KB)
...
006 (110703.000.000) 10/25 19:27:19 Image size of job updated: 535412
	523  -  MemoryUsage of job (MB)
	535412  -  ResidentSetSize of job (KB)
...
006 (110703.000.000) 10/25 19:32:19 Image size of job updated: 600508
	587  -  MemoryUsage of job (MB)
	600508  -  ResidentSetSize of job (KB)
...
006 (110703.000.000) 10/25 19:37:20 Image size of job updated: 618348
	604  -  MemoryUsage of job (MB)
	618348  -  ResidentSetSize of job (KB)
...
006 (110703.000.000) 10/25 19:42:21 Image size of job updated: 788744
	771  -  MemoryUsage of job (MB)
	788744  -  ResidentSetSize of job (KB)
...
006 (110703.000.000) 10/25 19:47:21 Image size of job updated: 796744
	779  -  MemoryUsage of job (MB)
	796744  -  ResidentSetSize of job (KB)
...
006 (110703.000.000) 10/25 19:52:21 Image size of job updated: 800744
	782  -  MemoryUsage of job (MB)
	800744  -  ResidentSetSize of job (KB)
...
006 (110703.000.000) 10/25 20:07:22 Image size of job updated: 844884
	826  -  MemoryUsage of job (MB)
	844884  -  ResidentSetSize of job (KB)
...
006 (110703.000.000) 10/25 20:12:23 Image size of job updated: 940168
	919  -  MemoryUsage of job (MB)
	940168  -  ResidentSetSize of job (KB)
...
006 (110703.000.000) 10/25 20:42:26 Image size of job updated: 1095252
	1070  -  MemoryUsage of job (MB)
	1095252  -  ResidentSetSize of job (KB)
...
006 (110703.000.000) 10/25 20:47:27 Image size of job updated: 1438736
	1406  -  MemoryUsage of job (MB)
	1438736  -  ResidentSetSize of job (KB)
...
006 (110703.000.000) 10/25 20:52:28 Image size of job updated: 1463272
	1429  -  MemoryUsage of job (MB)
	1463272  -  ResidentSetSize of job (KB)
...
006 (110703.000.000) 10/25 21:17:30 Image size of job updated: 1479636
	1445  -  MemoryUsage of job (MB)
	1479636  -  ResidentSetSize of job (KB)
...
006 (110703.000.000) 10/25 22:12:37 Image size of job updated: 1706744
	1667  -  MemoryUsage of job (MB)
	1706744  -  ResidentSetSize of job (KB)
...
005 (110703.000.000) 10/26 05:36:40 Job terminated.
	(1) Normal termination (return value 0)
		Usr 0 10:23:42, Sys 0 00:00:15  -  Run Remote Usage
		Usr 0 00:00:00, Sys 0 00:00:00  -  Run Local Usage
		Usr 0 10:23:42, Sys 0 00:00:15  -  Total Remote Usage
		Usr 0 00:00:00, Sys 0 00:00:00  -  Total Local Usage
	0  -  Run Bytes Sent By Job
	0  -  Run Bytes Received By Job
	0  -  Total Bytes Sent By Job
	0  -  Total Bytes Received By Job
	Partitionable Resources :    Usage  Request Allocated
	   Cpus                 :                 1         1
	   Disk (KB)            :       15       15   2533262
	   Memory (MB)          :     1667     4096      4096
	   Multinode            :                           1
...
