000 (110702.000.000) 10/25 18:50:40 Job submitted from host: <172.20.12.20:49198>
...
001 (110702.000.000) 10/25 18:50:41 Job executing on host: <172.20.15.174:43358?noUDP>
...
006 (110702.000.000) 10/25 18:50:50 Image size of job updated: 255216
	250  -  MemoryUsage of job (MB)
	255216  -  ResidentSetSize of job (KB)
...
006 (110702.000.000) 10/25 18:55:51 Image size of job updated: 676776
	661  -  MemoryUsage of job (MB)
	676776  -  ResidentSetSize of job (KB)
...
006 (110702.000.000) 10/25 19:00:52 Image size of job updated: 683312
	668  -  MemoryUsage of job (MB)
	683312  -  ResidentSetSize of job (KB)
...
006 (110702.000.000) 10/25 19:05:52 Image size of job updated: 686112
	671  -  MemoryUsage of job (MB)
	686112  -  ResidentSetSize of job (KB)
...
006 (110702.000.000) 10/25 19:10:53 Image size of job updated: 688916
	673  -  MemoryUsage of job (MB)
	688916  -  ResidentSetSize of job (KB)
...
006 (110702.000.000) 10/25 19:15:54 Image size of job updated: 703824
	688  -  MemoryUsage of job (MB)
	703824  -  ResidentSetSize of job (KB)
...
006 (110702.000.000) 10/25 19:20:54 Image size of job updated: 784472
	767  -  MemoryUsage of job (MB)
	784472  -  ResidentSetSize of job (KB)
...
006 (110702.000.000) 10/25 19:25:54 Image size of job updated: 785292
	767  -  MemoryUsage of job (MB)
	785292  -  ResidentSetSize of job (KB)
...
006 (110702.000.000) 10/25 19:30:55 Image size of job updated: 791524
	773  -  MemoryUsage of job (MB)
	791524  -  ResidentSetSize of job (KB)
...
006 (110702.000.000) 10/25 19:40:55 Image size of job updated: 860244
	841  -  MemoryUsage of job (MB)
	860244  -  ResidentSetSize of job (KB)
...
006 (110702.000.000) 10/25 21:21:06 Image size of job updated: 1070144
	1046  -  MemoryUsage of job (MB)
	1070144  -  ResidentSetSize of job (KB)
...
006 (110702.000.000) 10/25 21:46:08 Image size of job updated: 1070148
	1046  -  MemoryUsage of job (MB)
	1070148  -  ResidentSetSize of job (KB)
...
006 (110702.000.000) 10/25 21:56:09 Image size of job updated: 1247232
	1218  -  MemoryUsage of job (MB)
	1247232  -  ResidentSetSize of job (KB)
...
006 (110702.000.000) 10/25 22:06:10 Image size of job updated: 1551048
	1515  -  MemoryUsage of job (MB)
	1551048  -  ResidentSetSize of job (KB)
...
006 (110702.000.000) 10/25 22:11:11 Image size of job updated: 1613376
	1576  -  MemoryUsage of job (MB)
	1613376  -  ResidentSetSize of job (KB)
...
006 (110702.000.000) 10/25 22:16:12 Image size of job updated: 1667272
	1629  -  MemoryUsage of job (MB)
	1667272  -  ResidentSetSize of job (KB)
...
006 (110702.000.000) 10/25 22:21:12 Image size of job updated: 1676372
	1638  -  MemoryUsage of job (MB)
	1676372  -  ResidentSetSize of job (KB)
...
006 (110702.000.000) 10/25 22:26:12 Image size of job updated: 1685460
	1646  -  MemoryUsage of job (MB)
	1685460  -  ResidentSetSize of job (KB)
...
006 (110702.000.000) 10/25 22:41:13 Image size of job updated: 1712756
	1673  -  MemoryUsage of job (MB)
	1712756  -  ResidentSetSize of job (KB)
...
006 (110702.000.000) 10/25 22:46:14 Image size of job updated: 1721988
	1682  -  MemoryUsage of job (MB)
	1721988  -  ResidentSetSize of job (KB)
...
006 (110702.000.000) 10/25 22:51:15 Image size of job updated: 2112792
	2064  -  MemoryUsage of job (MB)
	2112792  -  ResidentSetSize of job (KB)
...
006 (110702.000.000) 10/25 22:56:15 Image size of job updated: 2130992
	2082  -  MemoryUsage of job (MB)
	2130992  -  ResidentSetSize of job (KB)
...
006 (110702.000.000) 10/25 23:01:16 Image size of job updated: 2141800
	2092  -  MemoryUsage of job (MB)
	2141800  -  ResidentSetSize of job (KB)
...
006 (110702.000.000) 10/26 00:21:24 Image size of job updated: 2217528
	2166  -  MemoryUsage of job (MB)
	2217528  -  ResidentSetSize of job (KB)
...
005 (110702.000.000) 10/26 01:03:14 Job terminated.
	(1) Normal termination (return value 0)
		Usr 0 06:12:04, Sys 0 00:00:12  -  Run Remote Usage
		Usr 0 00:00:00, Sys 0 00:00:00  -  Run Local Usage
		Usr 0 06:12:04, Sys 0 00:00:12  -  Total Remote Usage
		Usr 0 00:00:00, Sys 0 00:00:00  -  Total Local Usage
	0  -  Run Bytes Sent By Job
	0  -  Run Bytes Received By Job
	0  -  Total Bytes Sent By Job
	0  -  Total Bytes Received By Job
	Partitionable Resources :    Usage  Request Allocated
	   Cpus                 :                 1         1
	   Disk (KB)            :       15       15   2478993
	   Memory (MB)          :     2166     4096      4096
	   Multinode            :                           1
...
